2024-01-23 15:55:40,750 [INFO] Activator:176 - 


2024-01-23 15:55:40,755 [INFO] Activator:177 - !SESSION log4j initialized
2024-01-23 15:55:46,370 [INFO] LogOutputStream:77 - [STDOUT_REDIRECT] 
2024-01-23 15:55:52,946 [INFO] ApplicationProperties:184 - Using Application install path: G:\stm32cubeide\stm32cubeide114\STM32CubeIDE_1.14.0\STM32CubeIDE\plugins\com.st.stm32cube.common.mx_6.10.0.202311202037
2024-01-23 15:55:52,966 [INFO] DbMcusXml:78 - Set database path to: G:\stm32cubeide\stm32cubeide114\STM32CubeIDE_1.14.0\STM32CubeIDE\plugins\com.st.stm32cube.common.mx_6.10.0.202311202037\\db\/mcu/
2024-01-23 15:55:52,966 [INFO] ApiDb:274 - Set plugin database path to: G:\stm32cubeide\stm32cubeide114\STM32CubeIDE_1.14.0\STM32CubeIDE\plugins\com.st.stm32cube.common.mx_6.10.0.202311202037\\db\/plugins/boardmanager/
2024-01-23 15:55:52,967 [WARN] ApiDb:259 - Overriding images path with different value:  => G:\stm32cubeide\stm32cubeide114\STM32CubeIDE_1.14.0\STM32CubeIDE\plugins\com.st.stm32cube.common.mx_6.10.0.202311202037\\db\/plugins/mcufinder/images/
2024-01-23 15:55:52,980 [INFO] ApiDb:250 - Set database path to: C:\Users\Nghia\.stmcufinder\plugins\mcufinder//mcu/
2024-01-23 15:55:52,981 [INFO] DbMcusAds:125 - Set database path to: C:\Users\Nghia\.stmcufinder\plugins\mcufinder//mcu/
2024-01-23 15:55:52,983 [INFO] CrossReferenceDbSqlite:203 - Set database path to: C:\Users\Nghia\.stmcufinder\plugins\mcufinder//mcu/cs/
2024-01-23 15:55:53,118 [INFO] RulesReader:64 - Compatibility file has been processed (297 Rules)
2024-01-23 15:55:53,240 [INFO] DbMcusXml:78 - Set database path to: G:\stm32cubeide\stm32cubeide114\STM32CubeIDE_1.14.0\STM32CubeIDE\plugins\com.st.stm32cube.common.mx_6.10.0.202311202037\\db\/mcu/
2024-01-23 15:55:53,240 [INFO] ApiDb:274 - Set plugin database path to: G:\stm32cubeide\stm32cubeide114\STM32CubeIDE_1.14.0\STM32CubeIDE\plugins\com.st.stm32cube.common.mx_6.10.0.202311202037\\db\/plugins/boardmanager/
2024-01-23 15:55:53,241 [INFO] ApiDb:261 - Set plugin images path to: G:\stm32cubeide\stm32cubeide114\STM32CubeIDE_1.14.0\STM32CubeIDE\plugins\com.st.stm32cube.common.mx_6.10.0.202311202037\\db\/plugins/mcufinder/images/
2024-01-23 15:55:53,241 [WARN] DbFile:41 - Overriding database path with different value: C:\Users\Nghia\.stmcufinder\plugins\mcufinder/ => C:\Users\Nghia\.stmcufinder\plugins\mcufinder
2024-01-23 15:55:53,241 [INFO] ApiDb:250 - Set database path to: C:\Users\Nghia\.stmcufinder\plugins\mcufinder//mcu/
2024-01-23 15:55:53,249 [WARN] DbFile:41 - Overriding database path with different value: C:\Users\Nghia\.stmcufinder\plugins\mcufinder/ => C:\Users\Nghia\.stmcufinder\plugins\mcufinder
2024-01-23 15:55:53,250 [INFO] DbMcusAds:125 - Set database path to: C:\Users\Nghia\.stmcufinder\plugins\mcufinder//mcu/
2024-01-23 15:55:53,250 [WARN] DbFile:41 - Overriding database path with different value: C:\Users\Nghia\.stmcufinder\plugins\mcufinder/ => C:\Users\Nghia\.stmcufinder\plugins\mcufinder
2024-01-23 15:55:53,250 [WARN] DbFile:41 - Overriding database path with different value: C:\Users\Nghia\.stmcufinder\plugins\mcufinder/ => C:\Users\Nghia\.stmcufinder\plugins\mcufinder
2024-01-23 15:55:53,250 [INFO] CrossReferenceDbSqlite:203 - Set database path to: C:\Users\Nghia\.stmcufinder\plugins\mcufinder//mcu/cs/
2024-01-23 15:55:53,338 [INFO] MainPanel:264 - HeapMemory: 268435456
2024-01-23 15:55:53,427 [INFO] DbMcusXml:78 - Set database path to: G:\stm32cubeide\stm32cubeide114\STM32CubeIDE_1.14.0\STM32CubeIDE\plugins\com.st.stm32cube.common.mx_6.10.0.202311202037\\db\/mcu/
2024-01-23 15:55:53,427 [INFO] ApiDb:274 - Set plugin database path to: G:\stm32cubeide\stm32cubeide114\STM32CubeIDE_1.14.0\STM32CubeIDE\plugins\com.st.stm32cube.common.mx_6.10.0.202311202037\\db\/plugins/boardmanager/
2024-01-23 15:55:53,427 [INFO] ApiDb:261 - Set plugin images path to: G:\stm32cubeide\stm32cubeide114\STM32CubeIDE_1.14.0\STM32CubeIDE\plugins\com.st.stm32cube.common.mx_6.10.0.202311202037\\db\/plugins/mcufinder/images/
2024-01-23 15:55:53,428 [WARN] DbFile:41 - Overriding database path with different value: C:\Users\Nghia\.stmcufinder\plugins\mcufinder/ => C:\Users\Nghia\.stmcufinder\plugins\mcufinder
2024-01-23 15:55:53,428 [INFO] ApiDb:250 - Set database path to: C:\Users\Nghia\.stmcufinder\plugins\mcufinder//mcu/
2024-01-23 15:55:53,428 [WARN] DbFile:41 - Overriding database path with different value: C:\Users\Nghia\.stmcufinder\plugins\mcufinder/ => C:\Users\Nghia\.stmcufinder\plugins\mcufinder
2024-01-23 15:55:53,428 [INFO] DbMcusAds:125 - Set database path to: C:\Users\Nghia\.stmcufinder\plugins\mcufinder//mcu/
2024-01-23 15:55:53,428 [WARN] DbFile:41 - Overriding database path with different value: C:\Users\Nghia\.stmcufinder\plugins\mcufinder/ => C:\Users\Nghia\.stmcufinder\plugins\mcufinder
2024-01-23 15:55:53,428 [WARN] DbFile:41 - Overriding database path with different value: C:\Users\Nghia\.stmcufinder\plugins\mcufinder/ => C:\Users\Nghia\.stmcufinder\plugins\mcufinder
2024-01-23 15:55:53,428 [INFO] CrossReferenceDbSqlite:203 - Set database path to: C:\Users\Nghia\.stmcufinder\plugins\mcufinder//mcu/cs/
2024-01-23 15:55:53,447 [INFO] ApplicationProperties:184 - Using Application install path: G:\stm32cubeide\stm32cubeide114\STM32CubeIDE_1.14.0\STM32CubeIDE\plugins\com.st.stm32cube.common.mx_6.10.0.202311202037
2024-01-23 15:55:53,449 [INFO] PluginManage:196 - Search for loadable plugins [exclusion list=, ]
2024-01-23 15:55:53,451 [INFO] PluginManage:310 - Check plugin analytics
2024-01-23 15:55:58,604 [INFO] AnalyticsPlugin:253 - Accepted Software Licenses: STM32CubeMX.6.8.0,STM32CubeMX.6.1.1
2024-01-23 15:55:58,604 [INFO] AnalyticsPlugin:255 - Accepted CMSIS Pack Licenses: 
2024-01-23 15:55:58,605 [INFO] AnalyticsPlugin:257 - Accepted Firmware Licenses: FW.F4.1.27.0,FW.F4.1.28.0
2024-01-23 15:55:58,607 [INFO] PluginManage:359 - Loaded plugin analytics (category:tool,tabindex:-1)
2024-01-23 15:55:58,607 [INFO] PluginManage:310 - Check plugin cadmodel
2024-01-23 15:55:58,619 [INFO] CADModel:105 - Init CAD model plugin
2024-01-23 15:55:58,620 [INFO] PluginManage:359 - Loaded plugin cadmodel (category:power,tabindex:5)
2024-01-23 15:55:58,620 [INFO] PluginManage:310 - Check plugin clock
2024-01-23 15:55:58,637 [INFO] PluginManage:359 - Loaded plugin clock (category:base,tabindex:2)
2024-01-23 15:55:58,637 [INFO] PluginManage:310 - Check plugin ddr
2024-01-23 15:55:58,639 [INFO] PluginManage:359 - Loaded plugin ddr (category:tool,tabindex:6)
2024-01-23 15:55:58,639 [INFO] PluginManage:310 - Check plugin filemanager
2024-01-23 15:55:58,754 [INFO] PluginManage:359 - Loaded plugin filemanager (category:base,tabindex:10)
2024-01-23 15:55:58,754 [INFO] PluginManage:310 - Check plugin ipmanager
2024-01-23 15:55:58,762 [INFO] PluginManage:359 - Loaded plugin ipmanager (category:base,tabindex:5)
2024-01-23 15:55:58,762 [INFO] PluginManage:310 - Check plugin lpbam
2024-01-23 15:55:58,776 [INFO] PluginManage:359 - Loaded plugin lpbam (category:base,tabindex:0)
2024-01-23 15:55:58,777 [INFO] PluginManage:310 - Check plugin memorymap
2024-01-23 15:55:58,797 [INFO] PluginManage:359 - Loaded plugin memorymap (category:base,tabindex:4)
2024-01-23 15:55:58,797 [INFO] PluginManage:310 - Check plugin pinoutandconfiguration
2024-01-23 15:55:58,810 [INFO] PluginManage:359 - Loaded plugin pinoutandconfiguration (category:base,tabindex:1)
2024-01-23 15:55:58,810 [INFO] PluginManage:310 - Check plugin pinoutconfig
2024-01-23 15:55:58,892 [WARN] SupportedApi:132 - Cannot load RTOS API schema: s4s-elt-must-match.1: The content of 'definitions' must match (annotation?, (simpleType | complexType)?, (unique | key | keyref)*)). A problem was found starting at: attribute.
2024-01-23 15:55:59,027 [INFO] PluginManage:359 - Loaded plugin pinoutconfig (category:base,tabindex:0)
2024-01-23 15:55:59,027 [INFO] PluginManage:310 - Check plugin power
2024-01-23 15:55:59,062 [INFO] PluginManage:359 - Loaded plugin power (category:power,tabindex:4)
2024-01-23 15:55:59,062 [INFO] PluginManage:310 - Check plugin projectmanager
2024-01-23 15:55:59,079 [INFO] PluginManage:359 - Loaded plugin projectmanager (category:projectmanager,tabindex:3)
2024-01-23 15:55:59,080 [INFO] PluginManage:310 - Check plugin thirdparty
2024-01-23 15:55:59,348 [INFO] PluginManage:359 - Loaded plugin thirdparty (category:base,tabindex:-1)
2024-01-23 15:55:59,348 [INFO] PluginManage:310 - Check plugin tools
2024-01-23 15:55:59,348 [WARN] IntegrityCheckThread:84 - waiting for thirdparty lock release [integrity check]
2024-01-23 15:55:59,348 [INFO] IntegrityCheckThread:86 - entering critical section [integrity check]
2024-01-23 15:55:59,349 [INFO] ThirdPartyUpdaterWithRetryManager:70 - Updater plugin not ready yet. [1/15]
2024-01-23 15:55:59,385 [INFO] PluginManage:359 - Loaded plugin tools (category:base,tabindex:7)
2024-01-23 15:55:59,385 [INFO] PluginManage:310 - Check plugin tutovideos
2024-01-23 15:55:59,594 [INFO] PluginManage:359 - Loaded plugin tutovideos (category:base,tabindex:-1)
2024-01-23 15:55:59,595 [INFO] PluginManage:310 - Check plugin updater
2024-01-23 15:55:59,617 [INFO] PluginManage:359 - Loaded plugin updater (category:base,tabindex:12)
2024-01-23 15:55:59,617 [INFO] PluginManage:310 - Check plugin userauth
2024-01-23 15:55:59,624 [INFO] UserAuth:114 - Init User Auth plugin
2024-01-23 15:55:59,624 [INFO] PluginManage:359 - Loaded plugin userauth (category:base,tabindex:14)
2024-01-23 15:55:59,625 [INFO] PluginManage:283 - PluginManage : Loaded plugins [17]
2024-01-23 15:55:59,867 [INFO] PinOutPanel:1499 - setPackage(No Configuration,No Configuration)
2024-01-23 15:55:59,950 [INFO] CADModel:165 - CPN selected for project level
2024-01-23 15:55:59,950 [INFO] CADModel:114 - Register for checkConnection events
2024-01-23 15:55:59,981 [INFO] IPUIPlugin:80 - create IPUIPlugin
2024-01-23 15:55:59,981 [INFO] PluginManager:220 - loadIPPluginJar : add adc
2024-01-23 15:56:00,029 [INFO] IPUIPlugin:80 - create IPUIPlugin
2024-01-23 15:56:00,029 [INFO] PluginManager:220 - loadIPPluginJar : add aes
2024-01-23 15:56:00,074 [INFO] IPUIPlugin:80 - create IPUIPlugin
2024-01-23 15:56:00,074 [INFO] PluginManager:220 - loadIPPluginJar : add can
2024-01-23 15:56:00,098 [INFO] IPUIPlugin:80 - create IPUIPlugin
2024-01-23 15:56:00,098 [INFO] PluginManager:220 - loadIPPluginJar : add comp
2024-01-23 15:56:00,132 [INFO] IPUIPlugin:80 - create IPUIPlugin
2024-01-23 15:56:00,132 [INFO] PluginManager:220 - loadIPPluginJar : add cryp
2024-01-23 15:56:00,164 [INFO] IPUIPlugin:80 - create IPUIPlugin
2024-01-23 15:56:00,164 [INFO] PluginManager:220 - loadIPPluginJar : add dfsdm
2024-01-23 15:56:00,179 [INFO] IPUIPlugin:80 - create IPUIPlugin
2024-01-23 15:56:00,180 [INFO] PluginManager:220 - loadIPPluginJar : add dma
2024-01-23 15:56:00,230 [INFO] IPUIPlugin:80 - create IPUIPlugin
2024-01-23 15:56:00,231 [INFO] PluginManager:220 - loadIPPluginJar : add dma3
2024-01-23 15:56:00,253 [INFO] IPUIPlugin:80 - create IPUIPlugin
2024-01-23 15:56:00,253 [INFO] PluginManager:220 - loadIPPluginJar : add fatfs
2024-01-23 15:56:00,307 [INFO] IPUIPlugin:80 - create IPUIPlugin
2024-01-23 15:56:00,307 [INFO] PluginManager:220 - loadIPPluginJar : add fmc
2024-01-23 15:56:00,322 [INFO] IPUIPlugin:80 - create IPUIPlugin
2024-01-23 15:56:00,322 [INFO] PluginManager:220 - loadIPPluginJar : add freertos
2024-01-23 15:56:00,343 [INFO] IPUIPlugin:80 - create IPUIPlugin
2024-01-23 15:56:00,343 [INFO] PluginManager:220 - loadIPPluginJar : add genericplugin
2024-01-23 15:56:00,465 [INFO] IPUIPlugin:80 - create IPUIPlugin
2024-01-23 15:56:00,465 [INFO] PluginManager:220 - loadIPPluginJar : add gfxmmu
2024-01-23 15:56:00,650 [INFO] IPUIPlugin:80 - create IPUIPlugin
2024-01-23 15:56:00,650 [INFO] PluginManager:220 - loadIPPluginJar : add gic
2024-01-23 15:56:00,664 [INFO] IPUIPlugin:80 - create IPUIPlugin
2024-01-23 15:56:00,664 [INFO] PluginManager:220 - loadIPPluginJar : add gpio
2024-01-23 15:56:00,761 [INFO] IPUIPlugin:80 - create IPUIPlugin
2024-01-23 15:56:00,761 [INFO] PluginManager:220 - loadIPPluginJar : add gtzc
2024-01-23 15:56:00,795 [INFO] IPUIPlugin:80 - create IPUIPlugin
2024-01-23 15:56:00,795 [INFO] PluginManager:220 - loadIPPluginJar : add hash
2024-01-23 15:56:00,849 [INFO] IPUIPlugin:80 - create IPUIPlugin
2024-01-23 15:56:00,850 [INFO] PluginManager:220 - loadIPPluginJar : add i2c
2024-01-23 15:56:00,891 [INFO] IPUIPlugin:80 - create IPUIPlugin
2024-01-23 15:56:00,891 [INFO] PluginManager:220 - loadIPPluginJar : add i2s
2024-01-23 15:56:00,937 [INFO] IPUIPlugin:80 - create IPUIPlugin
2024-01-23 15:56:00,937 [INFO] PluginManager:220 - loadIPPluginJar : add i3c
2024-01-23 15:56:01,041 [INFO] IPUIPlugin:80 - create IPUIPlugin
2024-01-23 15:56:01,041 [INFO] PluginManager:220 - loadIPPluginJar : add ipddr
2024-01-23 15:56:01,161 [INFO] IPUIPlugin:80 - create IPUIPlugin
2024-01-23 15:56:01,161 [INFO] PluginManager:220 - loadIPPluginJar : add linkedlist
2024-01-23 15:56:01,211 [INFO] IPUIPlugin:80 - create IPUIPlugin
2024-01-23 15:56:01,211 [INFO] PluginManager:220 - loadIPPluginJar : add lorawan
2024-01-23 15:56:01,263 [INFO] IPUIPlugin:80 - create IPUIPlugin
2024-01-23 15:56:01,263 [INFO] PluginManager:220 - loadIPPluginJar : add ltdc
2024-01-23 15:56:01,293 [INFO] IPUIPlugin:80 - create IPUIPlugin
2024-01-23 15:56:01,293 [INFO] PluginManager:220 - loadIPPluginJar : add mdma
2024-01-23 15:56:01,307 [INFO] IPUIPlugin:80 - create IPUIPlugin
2024-01-23 15:56:01,307 [INFO] PluginManager:220 - loadIPPluginJar : add nvic
2024-01-23 15:56:01,354 [INFO] IPUIPlugin:80 - create IPUIPlugin
2024-01-23 15:56:01,354 [INFO] PluginManager:220 - loadIPPluginJar : add opamp
2024-01-23 15:56:01,425 [INFO] IPUIPlugin:80 - create IPUIPlugin
2024-01-23 15:56:01,425 [INFO] PluginManager:220 - loadIPPluginJar : add openamp
2024-01-23 15:56:01,470 [INFO] IPUIPlugin:80 - create IPUIPlugin
2024-01-23 15:56:01,470 [INFO] PluginManager:220 - loadIPPluginJar : add pdm2pcm
2024-01-23 15:56:01,485 [INFO] IPUIPlugin:80 - create IPUIPlugin
2024-01-23 15:56:01,488 [INFO] PluginManager:220 - loadIPPluginJar : add plateformsettings
2024-01-23 15:56:01,521 [INFO] IPUIPlugin:80 - create IPUIPlugin
2024-01-23 15:56:01,521 [INFO] PluginManager:220 - loadIPPluginJar : add quadspi
2024-01-23 15:56:01,537 [INFO] IPUIPlugin:80 - create IPUIPlugin
2024-01-23 15:56:01,537 [INFO] PluginManager:220 - loadIPPluginJar : add resmgrutility
2024-01-23 15:56:01,597 [INFO] IPUIPlugin:80 - create IPUIPlugin
2024-01-23 15:56:01,597 [INFO] PluginManager:220 - loadIPPluginJar : add sai
2024-01-23 15:56:01,639 [INFO] IPUIPlugin:80 - create IPUIPlugin
2024-01-23 15:56:01,639 [INFO] PluginManager:220 - loadIPPluginJar : add spi
2024-01-23 15:56:01,722 [INFO] IPUIPlugin:80 - create IPUIPlugin
2024-01-23 15:56:01,722 [INFO] PluginManager:220 - loadIPPluginJar : add stm32_wpan
2024-01-23 15:56:01,752 [INFO] IPUIPlugin:80 - create IPUIPlugin
2024-01-23 15:56:01,753 [INFO] PluginManager:220 - loadIPPluginJar : add tim
2024-01-23 15:56:01,813 [INFO] IPUIPlugin:80 - create IPUIPlugin
2024-01-23 15:56:01,813 [INFO] PluginManager:220 - loadIPPluginJar : add touchsensing
2024-01-23 15:56:01,834 [INFO] IPUIPlugin:80 - create IPUIPlugin
2024-01-23 15:56:01,834 [INFO] PluginManager:220 - loadIPPluginJar : add tracer_emb
2024-01-23 15:56:01,856 [INFO] IPUIPlugin:80 - create IPUIPlugin
2024-01-23 15:56:01,856 [INFO] PluginManager:220 - loadIPPluginJar : add ts
2024-01-23 15:56:01,874 [INFO] IPUIPlugin:80 - create IPUIPlugin
2024-01-23 15:56:01,874 [INFO] PluginManager:220 - loadIPPluginJar : add tsc
2024-01-23 15:56:01,893 [INFO] IPUIPlugin:80 - create IPUIPlugin
2024-01-23 15:56:01,893 [INFO] PluginManager:220 - loadIPPluginJar : add ucpd
2024-01-23 15:56:01,931 [INFO] IPUIPlugin:80 - create IPUIPlugin
2024-01-23 15:56:01,931 [INFO] PluginManager:220 - loadIPPluginJar : add usart
2024-01-23 15:56:01,968 [INFO] IPUIPlugin:80 - create IPUIPlugin
2024-01-23 15:56:01,968 [INFO] PluginManager:220 - loadIPPluginJar : add usbx
2024-01-23 15:56:02,096 [INFO] CADModel:165 - CPN selected for project level
2024-01-23 15:56:02,096 [INFO] CADModel:114 - Register for checkConnection events
2024-01-23 15:56:02,096 [FATAL] Updater:308 - Updater called before beeing initialized
2024-01-23 15:56:02,097 [ERROR] CADModel:125 - Updater not yet initialized, retry later 
2024-01-23 15:56:02,231 [INFO] CADModel:165 - CPN selected for project level
2024-01-23 15:56:02,231 [INFO] CADModel:114 - Register for checkConnection events
2024-01-23 15:56:02,231 [FATAL] Updater:308 - Updater called before beeing initialized
2024-01-23 15:56:02,231 [ERROR] CADModel:125 - Updater not yet initialized, retry later 
2024-01-23 15:56:02,234 [FATAL] Updater:308 - Updater called before beeing initialized
2024-01-23 15:56:02,332 [FATAL] Updater:308 - Updater called before beeing initialized
2024-01-23 15:56:02,339 [INFO] DbMcusAds:53 - JSON generation date=Wed Nov 29 17:52:27 ICT 2023 (1701255147349)
2024-01-23 15:56:02,339 [FATAL] Updater:308 - Updater called before beeing initialized
2024-01-23 15:56:02,351 [INFO] ThirdPartyUpdaterWithRetryManager:70 - Updater plugin not ready yet. [2/15]
2024-01-23 15:56:02,412 [WARN] DetailPanel:346 - Failed to get advertising image, set to default
2024-01-23 15:56:02,528 [FATAL] Updater:308 - Updater called before beeing initialized
2024-01-23 15:56:02,530 [FATAL] Updater:308 - Updater called before beeing initialized
2024-01-23 15:56:02,530 [FATAL] Updater:308 - Updater called before beeing initialized
2024-01-23 15:56:02,531 [WARN] DetailPanel:346 - Failed to get advertising image, set to default
2024-01-23 15:56:02,532 [FATAL] Updater:308 - Updater called before beeing initialized
2024-01-23 15:56:02,598 [ERROR] Updater:1120 - MainUpdater not yet initialized. External WinMGr cannot be set.
2024-01-23 15:56:02,607 [INFO] Updater:1056 - Updater Version found : 6.10.0
2024-01-23 15:56:02,624 [INFO] ApplicationProperties:184 - Using Application install path: G:\stm32cubeide\stm32cubeide114\STM32CubeIDE_1.14.0\STM32CubeIDE\plugins\com.st.stm32cube.common.mx_6.10.0.202311202037
2024-01-23 15:56:02,995 [INFO] MainUpdater:2873 - connection check result : 10
2024-01-23 15:56:02,996 [INFO] MainUpdater:290 - Updater Check For Update Now.
2024-01-23 15:56:02,996 [INFO] MicroXplorer:498 - Change Database Version : DB.6.0.100
2024-01-23 15:56:03,009 [INFO] McuFinderGlobals:63 - Set McuFinder mode to 2 (CubeIDE integrated)
2024-01-23 15:56:03,146 [INFO] UserAuth:404 - Internet connection configuration mode: 1
2024-01-23 15:56:03,165 [INFO] JxBrowserEngine:152 - Initiate JxBrowser Engine with user profile folder
2024-01-23 15:56:03,178 [INFO] CheckServerUpdateThread:120 - End of CheckServer Thread
2024-01-23 15:56:05,728 [WARN] PackLoader:240 - Cannot read IP mode file for STMicroelectronics.X-CUBE-SMBUS.2.1.0
2024-01-23 15:56:05,744 [WARN] PackLoader:240 - Cannot read IP mode file for STMicroelectronics.X-CUBE-TOUCHGFX.4.23.0
2024-01-23 15:56:05,796 [WARN] PackLoader:240 - Cannot read IP mode file for STMicroelectronics.X-CUBE-AZRTOS-F7.1.1.0
2024-01-23 15:56:05,815 [WARN] PackLoader:240 - Cannot read IP mode file for STMicroelectronics.FP-SNS-MOTENV1.4.3.2
2024-01-23 15:56:05,830 [WARN] PackLoader:240 - Cannot read IP mode file for STMicroelectronics.FP-SNS-FLIGHT1.5.0.2
2024-01-23 15:56:05,847 [WARN] PackLoader:240 - Cannot read IP mode file for STMicroelectronics.X-CUBE-DISPLAY.3.0.0
2024-01-23 15:56:05,869 [WARN] PackLoader:240 - Cannot read IP mode file for STMicroelectronics.X-CUBE-BLE1.7.0.0
2024-01-23 15:56:05,884 [WARN] PackLoader:240 - Cannot read IP mode file for emotas.I-CUBE-CANOPEN.1.3.0
2024-01-23 15:56:05,895 [WARN] PackLoader:240 - Cannot read IP mode file for STMicroelectronics.X-CUBE-TOUCHGFX.4.22.1
2024-01-23 15:56:05,907 [WARN] PackLoader:240 - Cannot read IP mode file for STMicroelectronics.FP-SNS-SMARTAG2.1.2.0
2024-01-23 15:56:05,932 [INFO] LogOutputStream:77 - [STDOUT_REDIRECT] 1 : Invalid condition id : UX_CORESTACK_Condition cause : null
2024-01-23 15:56:05,932 [INFO] LogOutputStream:77 - [STDOUT_REDIRECT] 1 : Invalid condition id : UX_CORESTACK_Condition cause : null
2024-01-23 15:56:05,933 [INFO] LogOutputStream:77 - [STDOUT_REDIRECT] 1 : Invalid condition id : UX_CORESTACK_Condition cause : null
2024-01-23 15:56:05,935 [INFO] LogOutputStream:77 - [STDOUT_REDIRECT] 1 : Invalid condition id : UX_CORESTACK_Condition cause : null
2024-01-23 15:56:05,936 [INFO] LogOutputStream:77 - [STDOUT_REDIRECT] 1 : Invalid condition id : UX_CORESTACK_Condition cause : null
2024-01-23 15:56:05,939 [WARN] PackLoader:240 - Cannot read IP mode file for STMicroelectronics.X-CUBE-AZRTOS-WL.2.0.0
2024-01-23 15:56:06,033 [WARN] PackLoader:240 - Cannot read IP mode file for WES.I-CUBE-Cesium.1.3.0
2024-01-23 15:56:06,050 [WARN] PackLoader:240 - Cannot read IP mode file for STMicroelectronics.X-CUBE-BLE2.3.3.0
2024-01-23 15:56:06,080 [WARN] PackLoader:240 - Cannot read IP mode file for STMicroelectronics.X-CUBE-ALGOBUILD.1.3.0
2024-01-23 15:56:06,153 [WARN] PackLoader:240 - Cannot read IP mode file for STMicroelectronics.X-CUBE-AZRTOS-G0.1.1.0
2024-01-23 15:56:06,230 [WARN] PackLoader:240 - Cannot read IP mode file for STMicroelectronics.X-CUBE-NFC4.3.0.0
2024-01-23 15:56:06,257 [WARN] PackLoader:240 - Cannot read IP mode file for STMicroelectronics.X-CUBE-BLEMGR.3.0.0
2024-01-23 15:56:06,275 [WARN] PackLoader:240 - Cannot read IP mode file for STMicroelectronics.FP-ATR-SIGFOX1.3.2.0
2024-01-23 15:56:06,310 [WARN] PackLoader:240 - Cannot read IP mode file for SEGGER.I-CUBE-embOS.1.3.1
2024-01-23 15:56:06,359 [WARN] PackLoader:240 - Cannot read IP mode file for STMicroelectronics.X-CUBE-GNSS1.6.0.0
2024-01-23 15:56:06,395 [WARN] PackLoader:240 - Cannot read IP mode file for STMicroelectronics.X-CUBE-AZRTOS-F4.1.1.0
2024-01-23 15:56:06,401 [INFO] WebApp:161 - Instantiating new browser for Auth
2024-01-23 15:56:06,412 [WARN] PackLoader:240 - Cannot read IP mode file for wolfSSL.I-CUBE-wolfSSL.5.6.3
2024-01-23 15:56:06,447 [WARN] PackLoader:240 - Cannot read IP mode file for STMicroelectronics.X-CUBE-AZRTOS-L5.2.0.0
2024-01-23 15:56:06,510 [WARN] PackLoader:240 - Cannot read IP mode file for STMicroelectronics.X-CUBE-MEMS1.9.6.0
2024-01-23 15:56:06,809 [WARN] PackLoader:240 - Cannot read IP mode file for STMicroelectronics.X-CUBE-EEPRMA1.4.2.0
2024-01-23 15:56:06,836 [WARN] PackLoader:240 - Cannot read IP mode file for ITTIA_DB.I-CUBE-ITTIADB.8.8.0
2024-01-23 15:56:06,858 [WARN] PackLoader:240 - Cannot read IP mode file for STMicroelectronics.X-CUBE-BLEMGR.2.0.0
2024-01-23 15:56:06,893 [WARN] ConditionMgr:438 - getConditionDescription Invalid condition id : UX DEVICE CLASS RTOS Condition cause : null
2024-01-23 15:56:06,893 [WARN] ConditionMgr:438 - getConditionDescription Invalid condition id : UX DEVICE CLASS RTOS Condition cause : null
2024-01-23 15:56:06,895 [WARN] PackLoader:240 - Cannot read IP mode file for STMicroelectronics.X-CUBE-AZRTOS-H7.3.1.0
2024-01-23 15:56:06,896 [WARN] ConditionMgr:1039 - genDependencies : Invalid condition id : UX DEVICE CLASS RTOS Condition cause : null
2024-01-23 15:56:06,896 [WARN] ConditionMgr:1039 - genDependencies : Invalid condition id : UX DEVICE CLASS RTOS Condition cause : null
2024-01-23 15:56:06,896 [WARN] ConditionMgr:1039 - genDependencies : Invalid condition id : UX DEVICE CLASS RTOS Condition cause : null
2024-01-23 15:56:06,897 [WARN] ConditionMgr:1039 - genDependencies : Invalid condition id : UX DEVICE CLASS RTOS Condition cause : null
2024-01-23 15:56:06,897 [WARN] ConditionMgr:1039 - genDependencies : Invalid condition id : UX DEVICE CLASS RTOS Condition cause : null
2024-01-23 15:56:06,920 [WARN] PackLoader:240 - Cannot read IP mode file for STMicroelectronics.X-CUBE-NFC7.1.0.1
2024-01-23 15:56:06,936 [WARN] PackLoader:240 - Cannot read IP mode file for STMicroelectronics.X-CUBE-NFC6.3.0.0
2024-01-23 15:56:06,951 [WARN] PackLoader:240 - Cannot read IP mode file for STMicroelectronics.X-CUBE-EEPRMA1.4.1.0
2024-01-23 15:56:06,964 [WARN] PackLoader:240 - Cannot read IP mode file for STMicroelectronics.X-CUBE-AI.8.1.0
2024-01-23 15:56:06,988 [WARN] ConditionMgr:438 - getConditionDescription Invalid condition id : LAN8742 Phy interface Condition cause : null
2024-01-23 15:56:06,989 [WARN] PackLoader:240 - Cannot read IP mode file for STMicroelectronics.X-CUBE-AZRTOS-L4.2.0.0
2024-01-23 15:56:06,990 [WARN] ConditionMgr:1039 - genDependencies : Invalid condition id : LAN8742 Phy interface Condition cause : null
2024-01-23 15:56:06,990 [WARN] ConditionMgr:1039 - genDependencies : Invalid condition id : LAN8742 Phy interface Condition cause : null
2024-01-23 15:56:06,991 [WARN] ConditionMgr:1039 - genDependencies : Invalid condition id : LAN8742 Phy interface Condition cause : null
2024-01-23 15:56:07,005 [WARN] PackLoader:240 - Cannot read IP mode file for STMicroelectronics.X-CUBE-SFXS2LP1.4.0.0
2024-01-23 15:56:07,016 [WARN] PackLoader:240 - Cannot read IP mode file for STMicroelectronics.X-CUBE-ISPU.1.1.0
2024-01-23 15:56:07,036 [WARN] ConditionMgr:438 - getConditionDescription Invalid condition id : UX DEVICE CLASS RTOS Condition cause : null
2024-01-23 15:56:07,036 [WARN] ConditionMgr:438 - getConditionDescription Invalid condition id : UX DEVICE CLASS RTOS Condition cause : null
2024-01-23 15:56:07,038 [WARN] PackLoader:240 - Cannot read IP mode file for STMicroelectronics.X-CUBE-AZRTOS-WB.2.0.0
2024-01-23 15:56:07,039 [WARN] ConditionMgr:1039 - genDependencies : Invalid condition id : UX DEVICE CLASS RTOS Condition cause : null
2024-01-23 15:56:07,039 [WARN] ConditionMgr:1039 - genDependencies : Invalid condition id : UX DEVICE CLASS RTOS Condition cause : null
2024-01-23 15:56:07,039 [WARN] ConditionMgr:1039 - genDependencies : Invalid condition id : UX DEVICE CLASS RTOS Condition cause : null
2024-01-23 15:56:07,040 [WARN] ConditionMgr:1039 - genDependencies : Invalid condition id : UX DEVICE CLASS RTOS Condition cause : null
2024-01-23 15:56:07,040 [WARN] ConditionMgr:1039 - genDependencies : Invalid condition id : UX DEVICE CLASS RTOS Condition cause : null
2024-01-23 15:56:07,057 [WARN] PackLoader:240 - Cannot read IP mode file for STMicroelectronics.X-CUBE-SUBG2.5.0.0
2024-01-23 15:56:07,079 [WARN] PackLoader:240 - Cannot read IP mode file for STMicroelectronics.X-CUBE-TOF1.3.3.1
2024-01-23 15:56:07,130 [WARN] PackLoader:240 - Cannot read IP mode file for STMicroelectronics.X-CUBE-AZRTOS-G4.2.0.0
2024-01-23 15:56:07,211 [WARN] PackLoader:240 - Cannot read IP mode file for Infineon.AIROC-Wi-Fi-Bluetooth-STM32.1.5.1
2024-01-23 15:56:07,228 [WARN] PackLoader:240 - Cannot read IP mode file for STMicroelectronics.FP-SNS-MOTENVWB1.1.3.0
2024-01-23 15:56:07,237 [WARN] PackLoader:240 - Cannot read IP mode file for STMicroelectronics.FP-SNS-MOTENVWB1.1.3.1
2024-01-23 15:56:07,247 [WARN] PackLoader:240 - Cannot read IP mode file for STMicroelectronics.X-CUBE-ISPU.2.0.0
2024-01-23 15:56:07,291 [WARN] PackLoader:240 - Cannot read IP mode file for STMicroelectronics.X-CUBE-MEMS1.10.0.0
2024-01-23 15:56:07,466 [WARN] PackLoader:240 - Cannot read IP mode file for STMicroelectronics.X-CUBE-FREERTOS.1.1.0
2024-01-23 15:56:07,482 [WARN] PackLoader:240 - Cannot read IP mode file for portGmbH.I-Cube-SoM-uGOAL.1.1.0
2024-01-23 15:56:07,493 [WARN] PackLoader:240 - Cannot read IP mode file for STMicroelectronics.X-CUBE-ALS.1.0.1
2024-01-23 15:56:07,505 [WARN] PackLoader:240 - Cannot read IP mode file for STMicroelectronics.FP-ATR-ASTRA1.2.0.0
2024-01-23 15:56:07,526 [WARN] PackLoader:240 - Cannot read IP mode file for STMicroelectronics.X-CUBE-TOF1.3.4.0
2024-01-23 15:56:07,587 [WARN] PackLoader:240 - Cannot read IP mode file for STMicroelectronics.X-CUBE-AZRTOS-H7.3.2.0
2024-01-23 15:56:07,593 [INFO] WebApp:780 - Register for checkConnection events
2024-01-23 15:56:07,593 [INFO] ThirdParty:978 - Integrity check success = true
2024-01-23 15:56:07,593 [INFO] WebApp:414 - Apply proxy settings
2024-01-23 15:56:07,593 [INFO] IntegrityCheckThread:100 - exiting critical section [integrity check]
2024-01-23 15:56:07,593 [INFO] IntegrityCheckThread:103 - End integrity checks thread
2024-01-23 15:56:07,594 [INFO] WebApp:499 - Chromium requires no authentication
2024-01-23 15:56:07,610 [INFO] WebApp:442 - Direct internet connection detected
2024-01-23 15:56:07,833 [INFO] WebApp:192 - Starting web application
2024-01-23 15:56:07,833 [INFO] WebApp:544 - Web application path used G:\stm32cubeide\stm32cubeide114\STM32CubeIDE_1.14.0\STM32CubeIDE\plugins\com.st.stm32cube.common.mx_6.10.0.202311202037\db\plugins\mcufinder\reactClient1\index.html
2024-01-23 15:56:28,882 [ERROR] LogOutputStream:75 - [STDERR_REDIRECT] SLF4J: Failed to load class "org.slf4j.impl.StaticLoggerBinder".
2024-01-23 15:56:28,884 [ERROR] LogOutputStream:75 - [STDERR_REDIRECT] SLF4J: Defaulting to no-operation (NOP) logger implementation
2024-01-23 15:56:28,885 [ERROR] LogOutputStream:75 - [STDERR_REDIRECT] SLF4J: See http://www.slf4j.org/codes.html#StaticLoggerBinder for further details.
2024-01-23 17:48:40,091 [INFO] Activator:176 - 


2024-01-23 17:48:40,093 [INFO] Activator:177 - !SESSION log4j initialized
2024-01-23 17:48:45,124 [INFO] LogOutputStream:77 - [STDOUT_REDIRECT] 
2024-01-23 17:48:50,875 [INFO] ApplicationProperties:184 - Using Application install path: G:\stm32cubeide\stm32cubeide114\STM32CubeIDE_1.14.0\STM32CubeIDE\plugins\com.st.stm32cube.common.mx_6.10.0.202311202037
2024-01-23 17:48:50,893 [INFO] DbMcusXml:78 - Set database path to: G:\stm32cubeide\stm32cubeide114\STM32CubeIDE_1.14.0\STM32CubeIDE\plugins\com.st.stm32cube.common.mx_6.10.0.202311202037\\db\/mcu/
2024-01-23 17:48:50,893 [INFO] ApiDb:274 - Set plugin database path to: G:\stm32cubeide\stm32cubeide114\STM32CubeIDE_1.14.0\STM32CubeIDE\plugins\com.st.stm32cube.common.mx_6.10.0.202311202037\\db\/plugins/boardmanager/
2024-01-23 17:48:50,893 [WARN] ApiDb:259 - Overriding images path with different value:  => G:\stm32cubeide\stm32cubeide114\STM32CubeIDE_1.14.0\STM32CubeIDE\plugins\com.st.stm32cube.common.mx_6.10.0.202311202037\\db\/plugins/mcufinder/images/
2024-01-23 17:48:50,900 [INFO] ApiDb:250 - Set database path to: C:\Users\Nghia\.stmcufinder\plugins\mcufinder//mcu/
2024-01-23 17:48:50,901 [INFO] DbMcusAds:125 - Set database path to: C:\Users\Nghia\.stmcufinder\plugins\mcufinder//mcu/
2024-01-23 17:48:50,903 [INFO] CrossReferenceDbSqlite:203 - Set database path to: C:\Users\Nghia\.stmcufinder\plugins\mcufinder//mcu/cs/
2024-01-23 17:48:51,010 [INFO] RulesReader:64 - Compatibility file has been processed (297 Rules)
2024-01-23 17:48:51,089 [INFO] DbMcusXml:78 - Set database path to: G:\stm32cubeide\stm32cubeide114\STM32CubeIDE_1.14.0\STM32CubeIDE\plugins\com.st.stm32cube.common.mx_6.10.0.202311202037\\db\/mcu/
2024-01-23 17:48:51,089 [INFO] ApiDb:274 - Set plugin database path to: G:\stm32cubeide\stm32cubeide114\STM32CubeIDE_1.14.0\STM32CubeIDE\plugins\com.st.stm32cube.common.mx_6.10.0.202311202037\\db\/plugins/boardmanager/
2024-01-23 17:48:51,089 [INFO] ApiDb:261 - Set plugin images path to: G:\stm32cubeide\stm32cubeide114\STM32CubeIDE_1.14.0\STM32CubeIDE\plugins\com.st.stm32cube.common.mx_6.10.0.202311202037\\db\/plugins/mcufinder/images/
2024-01-23 17:48:51,089 [WARN] DbFile:41 - Overriding database path with different value: C:\Users\Nghia\.stmcufinder\plugins\mcufinder/ => C:\Users\Nghia\.stmcufinder\plugins\mcufinder
2024-01-23 17:48:51,089 [INFO] ApiDb:250 - Set database path to: C:\Users\Nghia\.stmcufinder\plugins\mcufinder//mcu/
2024-01-23 17:48:51,089 [WARN] DbFile:41 - Overriding database path with different value: C:\Users\Nghia\.stmcufinder\plugins\mcufinder/ => C:\Users\Nghia\.stmcufinder\plugins\mcufinder
2024-01-23 17:48:51,089 [INFO] DbMcusAds:125 - Set database path to: C:\Users\Nghia\.stmcufinder\plugins\mcufinder//mcu/
2024-01-23 17:48:51,090 [WARN] DbFile:41 - Overriding database path with different value: C:\Users\Nghia\.stmcufinder\plugins\mcufinder/ => C:\Users\Nghia\.stmcufinder\plugins\mcufinder
2024-01-23 17:48:51,090 [WARN] DbFile:41 - Overriding database path with different value: C:\Users\Nghia\.stmcufinder\plugins\mcufinder/ => C:\Users\Nghia\.stmcufinder\plugins\mcufinder
2024-01-23 17:48:51,090 [INFO] CrossReferenceDbSqlite:203 - Set database path to: C:\Users\Nghia\.stmcufinder\plugins\mcufinder//mcu/cs/
2024-01-23 17:48:51,176 [INFO] MainPanel:264 - HeapMemory: 268435456
2024-01-23 17:48:51,264 [INFO] DbMcusXml:78 - Set database path to: G:\stm32cubeide\stm32cubeide114\STM32CubeIDE_1.14.0\STM32CubeIDE\plugins\com.st.stm32cube.common.mx_6.10.0.202311202037\\db\/mcu/
2024-01-23 17:48:51,264 [INFO] ApiDb:274 - Set plugin database path to: G:\stm32cubeide\stm32cubeide114\STM32CubeIDE_1.14.0\STM32CubeIDE\plugins\com.st.stm32cube.common.mx_6.10.0.202311202037\\db\/plugins/boardmanager/
2024-01-23 17:48:51,264 [INFO] ApiDb:261 - Set plugin images path to: G:\stm32cubeide\stm32cubeide114\STM32CubeIDE_1.14.0\STM32CubeIDE\plugins\com.st.stm32cube.common.mx_6.10.0.202311202037\\db\/plugins/mcufinder/images/
2024-01-23 17:48:51,264 [WARN] DbFile:41 - Overriding database path with different value: C:\Users\Nghia\.stmcufinder\plugins\mcufinder/ => C:\Users\Nghia\.stmcufinder\plugins\mcufinder
2024-01-23 17:48:51,265 [INFO] ApiDb:250 - Set database path to: C:\Users\Nghia\.stmcufinder\plugins\mcufinder//mcu/
2024-01-23 17:48:51,265 [WARN] DbFile:41 - Overriding database path with different value: C:\Users\Nghia\.stmcufinder\plugins\mcufinder/ => C:\Users\Nghia\.stmcufinder\plugins\mcufinder
2024-01-23 17:48:51,265 [INFO] DbMcusAds:125 - Set database path to: C:\Users\Nghia\.stmcufinder\plugins\mcufinder//mcu/
2024-01-23 17:48:51,265 [WARN] DbFile:41 - Overriding database path with different value: C:\Users\Nghia\.stmcufinder\plugins\mcufinder/ => C:\Users\Nghia\.stmcufinder\plugins\mcufinder
2024-01-23 17:48:51,265 [WARN] DbFile:41 - Overriding database path with different value: C:\Users\Nghia\.stmcufinder\plugins\mcufinder/ => C:\Users\Nghia\.stmcufinder\plugins\mcufinder
2024-01-23 17:48:51,265 [INFO] CrossReferenceDbSqlite:203 - Set database path to: C:\Users\Nghia\.stmcufinder\plugins\mcufinder//mcu/cs/
2024-01-23 17:48:51,281 [INFO] ApplicationProperties:184 - Using Application install path: G:\stm32cubeide\stm32cubeide114\STM32CubeIDE_1.14.0\STM32CubeIDE\plugins\com.st.stm32cube.common.mx_6.10.0.202311202037
2024-01-23 17:48:51,283 [INFO] PluginManage:196 - Search for loadable plugins [exclusion list=, ]
2024-01-23 17:48:51,284 [INFO] PluginManage:310 - Check plugin analytics
2024-01-23 17:48:56,355 [INFO] AnalyticsPlugin:253 - Accepted Software Licenses: STM32CubeMX.6.8.0,STM32CubeMX.6.1.1
2024-01-23 17:48:56,355 [INFO] AnalyticsPlugin:255 - Accepted CMSIS Pack Licenses: 
2024-01-23 17:48:56,355 [INFO] AnalyticsPlugin:257 - Accepted Firmware Licenses: FW.F4.1.27.0,FW.F4.1.28.0
2024-01-23 17:48:56,357 [INFO] PluginManage:359 - Loaded plugin analytics (category:tool,tabindex:-1)
2024-01-23 17:48:56,357 [INFO] PluginManage:310 - Check plugin cadmodel
2024-01-23 17:48:56,362 [INFO] CADModel:105 - Init CAD model plugin
2024-01-23 17:48:56,362 [INFO] PluginManage:359 - Loaded plugin cadmodel (category:power,tabindex:5)
2024-01-23 17:48:56,362 [INFO] PluginManage:310 - Check plugin clock
2024-01-23 17:48:56,371 [INFO] PluginManage:359 - Loaded plugin clock (category:base,tabindex:2)
2024-01-23 17:48:56,371 [INFO] PluginManage:310 - Check plugin ddr
2024-01-23 17:48:56,373 [INFO] PluginManage:359 - Loaded plugin ddr (category:tool,tabindex:6)
2024-01-23 17:48:56,373 [INFO] PluginManage:310 - Check plugin filemanager
2024-01-23 17:48:56,491 [INFO] PluginManage:359 - Loaded plugin filemanager (category:base,tabindex:10)
2024-01-23 17:48:56,491 [INFO] PluginManage:310 - Check plugin ipmanager
2024-01-23 17:48:56,497 [INFO] PluginManage:359 - Loaded plugin ipmanager (category:base,tabindex:5)
2024-01-23 17:48:56,498 [INFO] PluginManage:310 - Check plugin lpbam
2024-01-23 17:48:56,505 [INFO] PluginManage:359 - Loaded plugin lpbam (category:base,tabindex:0)
2024-01-23 17:48:56,505 [INFO] PluginManage:310 - Check plugin memorymap
2024-01-23 17:48:56,518 [INFO] PluginManage:359 - Loaded plugin memorymap (category:base,tabindex:4)
2024-01-23 17:48:56,518 [INFO] PluginManage:310 - Check plugin pinoutandconfiguration
2024-01-23 17:48:56,525 [INFO] PluginManage:359 - Loaded plugin pinoutandconfiguration (category:base,tabindex:1)
2024-01-23 17:48:56,525 [INFO] PluginManage:310 - Check plugin pinoutconfig
2024-01-23 17:48:56,597 [WARN] SupportedApi:132 - Cannot load RTOS API schema: s4s-elt-must-match.1: The content of 'definitions' must match (annotation?, (simpleType | complexType)?, (unique | key | keyref)*)). A problem was found starting at: attribute.
2024-01-23 17:48:56,708 [INFO] PluginManage:359 - Loaded plugin pinoutconfig (category:base,tabindex:0)
2024-01-23 17:48:56,708 [INFO] PluginManage:310 - Check plugin power
2024-01-23 17:48:56,718 [INFO] PluginManage:359 - Loaded plugin power (category:power,tabindex:4)
2024-01-23 17:48:56,718 [INFO] PluginManage:310 - Check plugin projectmanager
2024-01-23 17:48:56,732 [INFO] PluginManage:359 - Loaded plugin projectmanager (category:projectmanager,tabindex:3)
2024-01-23 17:48:56,732 [INFO] PluginManage:310 - Check plugin thirdparty
2024-01-23 17:48:56,843 [INFO] PluginManage:359 - Loaded plugin thirdparty (category:base,tabindex:-1)
2024-01-23 17:48:56,843 [WARN] IntegrityCheckThread:84 - waiting for thirdparty lock release [integrity check]
2024-01-23 17:48:56,843 [INFO] PluginManage:310 - Check plugin tools
2024-01-23 17:48:56,843 [INFO] IntegrityCheckThread:86 - entering critical section [integrity check]
2024-01-23 17:48:56,844 [INFO] ThirdPartyUpdaterWithRetryManager:70 - Updater plugin not ready yet. [1/15]
2024-01-23 17:48:56,846 [INFO] PluginManage:359 - Loaded plugin tools (category:base,tabindex:7)
2024-01-23 17:48:56,846 [INFO] PluginManage:310 - Check plugin tutovideos
2024-01-23 17:48:56,991 [INFO] PluginManage:359 - Loaded plugin tutovideos (category:base,tabindex:-1)
2024-01-23 17:48:56,991 [INFO] PluginManage:310 - Check plugin updater
2024-01-23 17:48:57,001 [INFO] PluginManage:359 - Loaded plugin updater (category:base,tabindex:12)
2024-01-23 17:48:57,001 [INFO] PluginManage:310 - Check plugin userauth
2024-01-23 17:48:57,006 [INFO] UserAuth:114 - Init User Auth plugin
2024-01-23 17:48:57,006 [INFO] PluginManage:359 - Loaded plugin userauth (category:base,tabindex:14)
2024-01-23 17:48:57,006 [INFO] PluginManage:283 - PluginManage : Loaded plugins [17]
2024-01-23 17:48:57,191 [INFO] PinOutPanel:1499 - setPackage(No Configuration,No Configuration)
2024-01-23 17:48:57,257 [INFO] CADModel:165 - CPN selected for project level
2024-01-23 17:48:57,258 [INFO] CADModel:114 - Register for checkConnection events
2024-01-23 17:48:57,271 [INFO] IPUIPlugin:80 - create IPUIPlugin
2024-01-23 17:48:57,271 [INFO] PluginManager:220 - loadIPPluginJar : add adc
2024-01-23 17:48:57,273 [INFO] IPUIPlugin:80 - create IPUIPlugin
2024-01-23 17:48:57,274 [INFO] PluginManager:220 - loadIPPluginJar : add aes
2024-01-23 17:48:57,276 [INFO] IPUIPlugin:80 - create IPUIPlugin
2024-01-23 17:48:57,276 [INFO] PluginManager:220 - loadIPPluginJar : add can
2024-01-23 17:48:57,277 [INFO] IPUIPlugin:80 - create IPUIPlugin
2024-01-23 17:48:57,277 [INFO] PluginManager:220 - loadIPPluginJar : add comp
2024-01-23 17:48:57,279 [INFO] IPUIPlugin:80 - create IPUIPlugin
2024-01-23 17:48:57,279 [INFO] PluginManager:220 - loadIPPluginJar : add cryp
2024-01-23 17:48:57,280 [INFO] IPUIPlugin:80 - create IPUIPlugin
2024-01-23 17:48:57,280 [INFO] PluginManager:220 - loadIPPluginJar : add dfsdm
2024-01-23 17:48:57,285 [INFO] IPUIPlugin:80 - create IPUIPlugin
2024-01-23 17:48:57,285 [INFO] PluginManager:220 - loadIPPluginJar : add dma
2024-01-23 17:48:57,287 [INFO] IPUIPlugin:80 - create IPUIPlugin
2024-01-23 17:48:57,287 [INFO] PluginManager:220 - loadIPPluginJar : add dma3
2024-01-23 17:48:57,289 [INFO] IPUIPlugin:80 - create IPUIPlugin
2024-01-23 17:48:57,289 [INFO] PluginManager:220 - loadIPPluginJar : add fatfs
2024-01-23 17:48:57,292 [INFO] IPUIPlugin:80 - create IPUIPlugin
2024-01-23 17:48:57,292 [INFO] PluginManager:220 - loadIPPluginJar : add fmc
2024-01-23 17:48:57,297 [INFO] IPUIPlugin:80 - create IPUIPlugin
2024-01-23 17:48:57,297 [INFO] PluginManager:220 - loadIPPluginJar : add freertos
2024-01-23 17:48:57,298 [INFO] IPUIPlugin:80 - create IPUIPlugin
2024-01-23 17:48:57,298 [INFO] PluginManager:220 - loadIPPluginJar : add genericplugin
2024-01-23 17:48:57,300 [INFO] IPUIPlugin:80 - create IPUIPlugin
2024-01-23 17:48:57,301 [INFO] PluginManager:220 - loadIPPluginJar : add gfxmmu
2024-01-23 17:48:57,305 [INFO] IPUIPlugin:80 - create IPUIPlugin
2024-01-23 17:48:57,305 [INFO] PluginManager:220 - loadIPPluginJar : add gic
2024-01-23 17:48:57,308 [INFO] IPUIPlugin:80 - create IPUIPlugin
2024-01-23 17:48:57,308 [INFO] PluginManager:220 - loadIPPluginJar : add gpio
2024-01-23 17:48:57,311 [INFO] IPUIPlugin:80 - create IPUIPlugin
2024-01-23 17:48:57,311 [INFO] PluginManager:220 - loadIPPluginJar : add gtzc
2024-01-23 17:48:57,313 [INFO] IPUIPlugin:80 - create IPUIPlugin
2024-01-23 17:48:57,313 [INFO] PluginManager:220 - loadIPPluginJar : add hash
2024-01-23 17:48:57,315 [INFO] IPUIPlugin:80 - create IPUIPlugin
2024-01-23 17:48:57,315 [INFO] PluginManager:220 - loadIPPluginJar : add i2c
2024-01-23 17:48:57,318 [INFO] IPUIPlugin:80 - create IPUIPlugin
2024-01-23 17:48:57,318 [INFO] PluginManager:220 - loadIPPluginJar : add i2s
2024-01-23 17:48:57,320 [INFO] IPUIPlugin:80 - create IPUIPlugin
2024-01-23 17:48:57,320 [INFO] PluginManager:220 - loadIPPluginJar : add i3c
2024-01-23 17:48:57,323 [INFO] IPUIPlugin:80 - create IPUIPlugin
2024-01-23 17:48:57,323 [INFO] PluginManager:220 - loadIPPluginJar : add ipddr
2024-01-23 17:48:57,330 [INFO] IPUIPlugin:80 - create IPUIPlugin
2024-01-23 17:48:57,331 [INFO] PluginManager:220 - loadIPPluginJar : add linkedlist
2024-01-23 17:48:57,333 [INFO] IPUIPlugin:80 - create IPUIPlugin
2024-01-23 17:48:57,333 [INFO] PluginManager:220 - loadIPPluginJar : add lorawan
2024-01-23 17:48:57,335 [INFO] IPUIPlugin:80 - create IPUIPlugin
2024-01-23 17:48:57,335 [INFO] PluginManager:220 - loadIPPluginJar : add ltdc
2024-01-23 17:48:57,341 [INFO] IPUIPlugin:80 - create IPUIPlugin
2024-01-23 17:48:57,341 [INFO] PluginManager:220 - loadIPPluginJar : add mdma
2024-01-23 17:48:57,344 [INFO] IPUIPlugin:80 - create IPUIPlugin
2024-01-23 17:48:57,345 [INFO] PluginManager:220 - loadIPPluginJar : add nvic
2024-01-23 17:48:57,347 [INFO] IPUIPlugin:80 - create IPUIPlugin
2024-01-23 17:48:57,347 [INFO] PluginManager:220 - loadIPPluginJar : add opamp
2024-01-23 17:48:57,350 [INFO] IPUIPlugin:80 - create IPUIPlugin
2024-01-23 17:48:57,350 [INFO] PluginManager:220 - loadIPPluginJar : add openamp
2024-01-23 17:48:57,353 [INFO] IPUIPlugin:80 - create IPUIPlugin
2024-01-23 17:48:57,354 [INFO] PluginManager:220 - loadIPPluginJar : add pdm2pcm
2024-01-23 17:48:57,360 [INFO] IPUIPlugin:80 - create IPUIPlugin
2024-01-23 17:48:57,364 [INFO] PluginManager:220 - loadIPPluginJar : add plateformsettings
2024-01-23 17:48:57,366 [INFO] IPUIPlugin:80 - create IPUIPlugin
2024-01-23 17:48:57,366 [INFO] PluginManager:220 - loadIPPluginJar : add quadspi
2024-01-23 17:48:57,369 [INFO] IPUIPlugin:80 - create IPUIPlugin
2024-01-23 17:48:57,369 [INFO] PluginManager:220 - loadIPPluginJar : add resmgrutility
2024-01-23 17:48:57,372 [INFO] IPUIPlugin:80 - create IPUIPlugin
2024-01-23 17:48:57,372 [INFO] PluginManager:220 - loadIPPluginJar : add sai
2024-01-23 17:48:57,375 [INFO] IPUIPlugin:80 - create IPUIPlugin
2024-01-23 17:48:57,375 [INFO] PluginManager:220 - loadIPPluginJar : add spi
2024-01-23 17:48:57,380 [INFO] IPUIPlugin:80 - create IPUIPlugin
2024-01-23 17:48:57,380 [INFO] PluginManager:220 - loadIPPluginJar : add stm32_wpan
2024-01-23 17:48:57,382 [INFO] IPUIPlugin:80 - create IPUIPlugin
2024-01-23 17:48:57,382 [INFO] PluginManager:220 - loadIPPluginJar : add tim
2024-01-23 17:48:57,387 [INFO] IPUIPlugin:80 - create IPUIPlugin
2024-01-23 17:48:57,387 [INFO] PluginManager:220 - loadIPPluginJar : add touchsensing
2024-01-23 17:48:57,388 [INFO] IPUIPlugin:80 - create IPUIPlugin
2024-01-23 17:48:57,388 [INFO] PluginManager:220 - loadIPPluginJar : add tracer_emb
2024-01-23 17:48:57,390 [INFO] IPUIPlugin:80 - create IPUIPlugin
2024-01-23 17:48:57,405 [INFO] PluginManager:220 - loadIPPluginJar : add ts
2024-01-23 17:48:57,408 [INFO] IPUIPlugin:80 - create IPUIPlugin
2024-01-23 17:48:57,408 [INFO] PluginManager:220 - loadIPPluginJar : add tsc
2024-01-23 17:48:57,410 [INFO] IPUIPlugin:80 - create IPUIPlugin
2024-01-23 17:48:57,410 [INFO] PluginManager:220 - loadIPPluginJar : add ucpd
2024-01-23 17:48:57,412 [INFO] IPUIPlugin:80 - create IPUIPlugin
2024-01-23 17:48:57,412 [INFO] PluginManager:220 - loadIPPluginJar : add usart
2024-01-23 17:48:57,415 [INFO] IPUIPlugin:80 - create IPUIPlugin
2024-01-23 17:48:57,415 [INFO] PluginManager:220 - loadIPPluginJar : add usbx
2024-01-23 17:48:57,554 [INFO] CADModel:165 - CPN selected for project level
2024-01-23 17:48:57,554 [INFO] CADModel:114 - Register for checkConnection events
2024-01-23 17:48:57,554 [FATAL] Updater:308 - Updater called before beeing initialized
2024-01-23 17:48:57,554 [ERROR] CADModel:125 - Updater not yet initialized, retry later 
2024-01-23 17:48:57,679 [INFO] CADModel:165 - CPN selected for project level
2024-01-23 17:48:57,680 [INFO] CADModel:114 - Register for checkConnection events
2024-01-23 17:48:57,680 [FATAL] Updater:308 - Updater called before beeing initialized
2024-01-23 17:48:57,680 [ERROR] CADModel:125 - Updater not yet initialized, retry later 
2024-01-23 17:48:57,683 [FATAL] Updater:308 - Updater called before beeing initialized
2024-01-23 17:48:57,793 [FATAL] Updater:308 - Updater called before beeing initialized
2024-01-23 17:48:57,798 [INFO] DbMcusAds:53 - JSON generation date=Wed Nov 29 17:52:27 ICT 2023 (1701255147349)
2024-01-23 17:48:57,798 [FATAL] Updater:308 - Updater called before beeing initialized
2024-01-23 17:48:57,835 [WARN] DetailPanel:346 - Failed to get advertising image, set to default
2024-01-23 17:48:57,915 [FATAL] Updater:308 - Updater called before beeing initialized
2024-01-23 17:48:57,916 [FATAL] Updater:308 - Updater called before beeing initialized
2024-01-23 17:48:57,916 [FATAL] Updater:308 - Updater called before beeing initialized
2024-01-23 17:48:57,917 [WARN] DetailPanel:346 - Failed to get advertising image, set to default
2024-01-23 17:48:57,917 [FATAL] Updater:308 - Updater called before beeing initialized
2024-01-23 17:48:57,955 [ERROR] Updater:1120 - MainUpdater not yet initialized. External WinMGr cannot be set.
2024-01-23 17:48:57,956 [INFO] Updater:1056 - Updater Version found : 6.10.0
2024-01-23 17:48:57,974 [INFO] ApplicationProperties:184 - Using Application install path: G:\stm32cubeide\stm32cubeide114\STM32CubeIDE_1.14.0\STM32CubeIDE\plugins\com.st.stm32cube.common.mx_6.10.0.202311202037
2024-01-23 17:48:58,486 [INFO] MainUpdater:2873 - connection check result : 10
2024-01-23 17:48:58,487 [INFO] MainUpdater:290 - Updater Check For Update Now.
2024-01-23 17:48:58,487 [INFO] MicroXplorer:498 - Change Database Version : DB.6.0.100
2024-01-23 17:48:58,495 [INFO] McuFinderGlobals:63 - Set McuFinder mode to 2 (CubeIDE integrated)
2024-01-23 17:48:58,660 [INFO] CheckServerUpdateThread:120 - End of CheckServer Thread
2024-01-23 17:48:58,992 [INFO] UserAuth:404 - Internet connection configuration mode: 1
2024-01-23 17:48:59,005 [INFO] JxBrowserEngine:152 - Initiate JxBrowser Engine with user profile folder
2024-01-23 17:48:59,634 [INFO] WebApp:161 - Instantiating new browser for Auth
2024-01-23 17:49:00,048 [WARN] PackLoader:240 - Cannot read IP mode file for STMicroelectronics.X-CUBE-SMBUS.2.1.0
2024-01-23 17:49:00,057 [WARN] PackLoader:240 - Cannot read IP mode file for STMicroelectronics.X-CUBE-TOUCHGFX.4.23.0
2024-01-23 17:49:00,096 [WARN] PackLoader:240 - Cannot read IP mode file for STMicroelectronics.X-CUBE-AZRTOS-F7.1.1.0
2024-01-23 17:49:00,116 [WARN] PackLoader:240 - Cannot read IP mode file for STMicroelectronics.FP-SNS-MOTENV1.4.3.2
2024-01-23 17:49:00,127 [WARN] PackLoader:240 - Cannot read IP mode file for STMicroelectronics.FP-SNS-FLIGHT1.5.0.2
2024-01-23 17:49:00,139 [WARN] PackLoader:240 - Cannot read IP mode file for STMicroelectronics.X-CUBE-DISPLAY.3.0.0
2024-01-23 17:49:00,158 [WARN] PackLoader:240 - Cannot read IP mode file for STMicroelectronics.X-CUBE-BLE1.7.0.0
2024-01-23 17:49:00,182 [WARN] PackLoader:240 - Cannot read IP mode file for emotas.I-CUBE-CANOPEN.1.3.0
2024-01-23 17:49:00,189 [WARN] PackLoader:240 - Cannot read IP mode file for STMicroelectronics.X-CUBE-TOUCHGFX.4.22.1
2024-01-23 17:49:00,196 [WARN] PackLoader:240 - Cannot read IP mode file for STMicroelectronics.FP-SNS-SMARTAG2.1.2.0
2024-01-23 17:49:00,214 [INFO] LogOutputStream:77 - [STDOUT_REDIRECT] 1 : Invalid condition id : UX_CORESTACK_Condition cause : null
2024-01-23 17:49:00,215 [INFO] LogOutputStream:77 - [STDOUT_REDIRECT] 1 : Invalid condition id : UX_CORESTACK_Condition cause : null
2024-01-23 17:49:00,217 [INFO] LogOutputStream:77 - [STDOUT_REDIRECT] 1 : Invalid condition id : UX_CORESTACK_Condition cause : null
2024-01-23 17:49:00,220 [INFO] LogOutputStream:77 - [STDOUT_REDIRECT] 1 : Invalid condition id : UX_CORESTACK_Condition cause : null
2024-01-23 17:49:00,221 [INFO] LogOutputStream:77 - [STDOUT_REDIRECT] 1 : Invalid condition id : UX_CORESTACK_Condition cause : null
2024-01-23 17:49:00,227 [WARN] PackLoader:240 - Cannot read IP mode file for STMicroelectronics.X-CUBE-AZRTOS-WL.2.0.0
2024-01-23 17:49:00,242 [WARN] PackLoader:240 - Cannot read IP mode file for WES.I-CUBE-Cesium.1.3.0
2024-01-23 17:49:00,250 [WARN] PackLoader:240 - Cannot read IP mode file for STMicroelectronics.X-CUBE-BLE2.3.3.0
2024-01-23 17:49:00,260 [WARN] PackLoader:240 - Cannot read IP mode file for STMicroelectronics.X-CUBE-ALGOBUILD.1.3.0
2024-01-23 17:49:00,305 [WARN] PackLoader:240 - Cannot read IP mode file for STMicroelectronics.X-CUBE-AZRTOS-G0.1.1.0
2024-01-23 17:49:00,330 [WARN] PackLoader:240 - Cannot read IP mode file for STMicroelectronics.X-CUBE-NFC4.3.0.0
2024-01-23 17:49:00,344 [WARN] PackLoader:240 - Cannot read IP mode file for STMicroelectronics.X-CUBE-BLEMGR.3.0.0
2024-01-23 17:49:00,354 [WARN] PackLoader:240 - Cannot read IP mode file for STMicroelectronics.FP-ATR-SIGFOX1.3.2.0
2024-01-23 17:49:00,387 [WARN] PackLoader:240 - Cannot read IP mode file for SEGGER.I-CUBE-embOS.1.3.1
2024-01-23 17:49:00,406 [INFO] WebApp:780 - Register for checkConnection events
2024-01-23 17:49:00,407 [INFO] WebApp:414 - Apply proxy settings
2024-01-23 17:49:00,407 [INFO] WebApp:499 - Chromium requires no authentication
2024-01-23 17:49:00,418 [INFO] WebApp:442 - Direct internet connection detected
2024-01-23 17:49:00,428 [WARN] PackLoader:240 - Cannot read IP mode file for STMicroelectronics.X-CUBE-GNSS1.6.0.0
2024-01-23 17:49:00,449 [WARN] PackLoader:240 - Cannot read IP mode file for STMicroelectronics.X-CUBE-AZRTOS-F4.1.1.0
2024-01-23 17:49:00,457 [WARN] PackLoader:240 - Cannot read IP mode file for wolfSSL.I-CUBE-wolfSSL.5.6.3
2024-01-23 17:49:00,482 [WARN] PackLoader:240 - Cannot read IP mode file for STMicroelectronics.X-CUBE-AZRTOS-L5.2.0.0
2024-01-23 17:49:00,529 [WARN] PackLoader:240 - Cannot read IP mode file for STMicroelectronics.X-CUBE-MEMS1.9.6.0
2024-01-23 17:49:00,658 [WARN] PackLoader:240 - Cannot read IP mode file for STMicroelectronics.X-CUBE-EEPRMA1.4.2.0
2024-01-23 17:49:00,664 [WARN] PackLoader:240 - Cannot read IP mode file for ITTIA_DB.I-CUBE-ITTIADB.8.8.0
2024-01-23 17:49:00,669 [WARN] PackLoader:240 - Cannot read IP mode file for STMicroelectronics.X-CUBE-BLEMGR.2.0.0
2024-01-23 17:49:00,686 [WARN] ConditionMgr:438 - getConditionDescription Invalid condition id : UX DEVICE CLASS RTOS Condition cause : null
2024-01-23 17:49:00,687 [WARN] ConditionMgr:438 - getConditionDescription Invalid condition id : UX DEVICE CLASS RTOS Condition cause : null
2024-01-23 17:49:00,702 [WARN] PackLoader:240 - Cannot read IP mode file for STMicroelectronics.X-CUBE-AZRTOS-H7.3.1.0
2024-01-23 17:49:00,706 [WARN] ConditionMgr:1039 - genDependencies : Invalid condition id : UX DEVICE CLASS RTOS Condition cause : null
2024-01-23 17:49:00,706 [WARN] ConditionMgr:1039 - genDependencies : Invalid condition id : UX DEVICE CLASS RTOS Condition cause : null
2024-01-23 17:49:00,707 [WARN] ConditionMgr:1039 - genDependencies : Invalid condition id : UX DEVICE CLASS RTOS Condition cause : null
2024-01-23 17:49:00,707 [WARN] ConditionMgr:1039 - genDependencies : Invalid condition id : UX DEVICE CLASS RTOS Condition cause : null
2024-01-23 17:49:00,708 [WARN] ConditionMgr:1039 - genDependencies : Invalid condition id : UX DEVICE CLASS RTOS Condition cause : null
2024-01-23 17:49:00,718 [WARN] PackLoader:240 - Cannot read IP mode file for STMicroelectronics.X-CUBE-NFC7.1.0.1
2024-01-23 17:49:00,729 [WARN] PackLoader:240 - Cannot read IP mode file for STMicroelectronics.X-CUBE-NFC6.3.0.0
2024-01-23 17:49:00,737 [WARN] PackLoader:240 - Cannot read IP mode file for STMicroelectronics.X-CUBE-EEPRMA1.4.1.0
2024-01-23 17:49:00,744 [WARN] PackLoader:240 - Cannot read IP mode file for STMicroelectronics.X-CUBE-AI.8.1.0
2024-01-23 17:49:00,747 [INFO] WebApp:192 - Starting web application
2024-01-23 17:49:00,747 [INFO] WebApp:544 - Web application path used G:\stm32cubeide\stm32cubeide114\STM32CubeIDE_1.14.0\STM32CubeIDE\plugins\com.st.stm32cube.common.mx_6.10.0.202311202037\db\plugins\mcufinder\reactClient1\index.html
2024-01-23 17:49:00,775 [WARN] ConditionMgr:438 - getConditionDescription Invalid condition id : LAN8742 Phy interface Condition cause : null
2024-01-23 17:49:00,776 [WARN] PackLoader:240 - Cannot read IP mode file for STMicroelectronics.X-CUBE-AZRTOS-L4.2.0.0
2024-01-23 17:49:00,778 [WARN] ConditionMgr:1039 - genDependencies : Invalid condition id : LAN8742 Phy interface Condition cause : null
2024-01-23 17:49:00,778 [WARN] ConditionMgr:1039 - genDependencies : Invalid condition id : LAN8742 Phy interface Condition cause : null
2024-01-23 17:49:00,779 [WARN] ConditionMgr:1039 - genDependencies : Invalid condition id : LAN8742 Phy interface Condition cause : null
2024-01-23 17:49:00,791 [WARN] PackLoader:240 - Cannot read IP mode file for STMicroelectronics.X-CUBE-SFXS2LP1.4.0.0
2024-01-23 17:49:00,798 [WARN] PackLoader:240 - Cannot read IP mode file for STMicroelectronics.X-CUBE-ISPU.1.1.0
2024-01-23 17:49:00,821 [WARN] ConditionMgr:438 - getConditionDescription Invalid condition id : UX DEVICE CLASS RTOS Condition cause : null
2024-01-23 17:49:00,821 [WARN] ConditionMgr:438 - getConditionDescription Invalid condition id : UX DEVICE CLASS RTOS Condition cause : null
2024-01-23 17:49:00,826 [WARN] PackLoader:240 - Cannot read IP mode file for STMicroelectronics.X-CUBE-AZRTOS-WB.2.0.0
2024-01-23 17:49:00,827 [WARN] ConditionMgr:1039 - genDependencies : Invalid condition id : UX DEVICE CLASS RTOS Condition cause : null
2024-01-23 17:49:00,828 [WARN] ConditionMgr:1039 - genDependencies : Invalid condition id : UX DEVICE CLASS RTOS Condition cause : null
2024-01-23 17:49:00,829 [WARN] ConditionMgr:1039 - genDependencies : Invalid condition id : UX DEVICE CLASS RTOS Condition cause : null
2024-01-23 17:49:00,829 [WARN] ConditionMgr:1039 - genDependencies : Invalid condition id : UX DEVICE CLASS RTOS Condition cause : null
2024-01-23 17:49:00,829 [WARN] ConditionMgr:1039 - genDependencies : Invalid condition id : UX DEVICE CLASS RTOS Condition cause : null
2024-01-23 17:49:00,846 [WARN] PackLoader:240 - Cannot read IP mode file for STMicroelectronics.X-CUBE-SUBG2.5.0.0
2024-01-23 17:49:00,873 [WARN] PackLoader:240 - Cannot read IP mode file for STMicroelectronics.X-CUBE-TOF1.3.3.1
2024-01-23 17:49:00,896 [WARN] PackLoader:240 - Cannot read IP mode file for STMicroelectronics.X-CUBE-AZRTOS-G4.2.0.0
2024-01-23 17:49:00,911 [WARN] PackLoader:240 - Cannot read IP mode file for Infineon.AIROC-Wi-Fi-Bluetooth-STM32.1.5.1
2024-01-23 17:49:00,924 [WARN] PackLoader:240 - Cannot read IP mode file for STMicroelectronics.FP-SNS-MOTENVWB1.1.3.0
2024-01-23 17:49:00,929 [WARN] PackLoader:240 - Cannot read IP mode file for STMicroelectronics.FP-SNS-MOTENVWB1.1.3.1
2024-01-23 17:49:00,935 [WARN] PackLoader:240 - Cannot read IP mode file for STMicroelectronics.X-CUBE-ISPU.2.0.0
2024-01-23 17:49:01,023 [WARN] PackLoader:240 - Cannot read IP mode file for STMicroelectronics.X-CUBE-MEMS1.10.0.0
2024-01-23 17:49:01,208 [WARN] PackLoader:240 - Cannot read IP mode file for STMicroelectronics.X-CUBE-FREERTOS.1.1.0
2024-01-23 17:49:01,216 [WARN] PackLoader:240 - Cannot read IP mode file for portGmbH.I-Cube-SoM-uGOAL.1.1.0
2024-01-23 17:49:01,222 [WARN] PackLoader:240 - Cannot read IP mode file for STMicroelectronics.X-CUBE-ALS.1.0.1
2024-01-23 17:49:01,227 [WARN] PackLoader:240 - Cannot read IP mode file for STMicroelectronics.FP-ATR-ASTRA1.2.0.0
2024-01-23 17:49:01,240 [WARN] PackLoader:240 - Cannot read IP mode file for STMicroelectronics.X-CUBE-TOF1.3.4.0
2024-01-23 17:49:01,277 [WARN] PackLoader:240 - Cannot read IP mode file for STMicroelectronics.X-CUBE-AZRTOS-H7.3.2.0
2024-01-23 17:49:01,281 [INFO] ThirdParty:978 - Integrity check success = true
2024-01-23 17:49:01,281 [INFO] IntegrityCheckThread:100 - exiting critical section [integrity check]
2024-01-23 17:49:01,282 [INFO] IntegrityCheckThread:103 - End integrity checks thread
2024-01-23 17:49:21,625 [ERROR] LogOutputStream:75 - [STDERR_REDIRECT] SLF4J: Failed to load class "org.slf4j.impl.StaticLoggerBinder".
2024-01-23 17:49:21,626 [ERROR] LogOutputStream:75 - [STDERR_REDIRECT] SLF4J: Defaulting to no-operation (NOP) logger implementation
2024-01-23 17:49:21,627 [ERROR] LogOutputStream:75 - [STDERR_REDIRECT] SLF4J: See http://www.slf4j.org/codes.html#StaticLoggerBinder for further details.
