2024-02-29 16:17:02,242 [INFO] Activator:176 - 


2024-02-29 16:17:02,248 [INFO] Activator:177 - !SESSION log4j initialized
2024-02-29 16:17:08,553 [INFO] LogOutputStream:77 - [STDOUT_REDIRECT] 
2024-02-29 16:17:15,016 [INFO] ApplicationProperties:184 - Using Application install path: G:\stm32cubeide\stm32cubeide114\STM32CubeIDE_1.14.0\STM32CubeIDE\plugins\com.st.stm32cube.common.mx_6.10.0.202311202037
2024-02-29 16:17:15,045 [INFO] DbMcusXml:78 - Set database path to: G:\stm32cubeide\stm32cubeide114\STM32CubeIDE_1.14.0\STM32CubeIDE\plugins\com.st.stm32cube.common.mx_6.10.0.202311202037\\db\/mcu/
2024-02-29 16:17:15,045 [INFO] ApiDb:274 - Set plugin database path to: G:\stm32cubeide\stm32cubeide114\STM32CubeIDE_1.14.0\STM32CubeIDE\plugins\com.st.stm32cube.common.mx_6.10.0.202311202037\\db\/plugins/boardmanager/
2024-02-29 16:17:15,046 [WARN] ApiDb:259 - Overriding images path with different value:  => G:\stm32cubeide\stm32cubeide114\STM32CubeIDE_1.14.0\STM32CubeIDE\plugins\com.st.stm32cube.common.mx_6.10.0.202311202037\\db\/plugins/mcufinder/images/
2024-02-29 16:17:15,062 [INFO] ApiDb:250 - Set database path to: C:\Users\Nghia\.stmcufinder\plugins\mcufinder//mcu/
2024-02-29 16:17:15,064 [INFO] DbMcusAds:125 - Set database path to: C:\Users\Nghia\.stmcufinder\plugins\mcufinder//mcu/
2024-02-29 16:17:15,066 [INFO] CrossReferenceDbSqlite:203 - Set database path to: C:\Users\Nghia\.stmcufinder\plugins\mcufinder//mcu/cs/
2024-02-29 16:17:15,173 [INFO] RulesReader:64 - Compatibility file has been processed (297 Rules)
2024-02-29 16:17:15,260 [INFO] DbMcusXml:78 - Set database path to: G:\stm32cubeide\stm32cubeide114\STM32CubeIDE_1.14.0\STM32CubeIDE\plugins\com.st.stm32cube.common.mx_6.10.0.202311202037\\db\/mcu/
2024-02-29 16:17:15,260 [INFO] ApiDb:274 - Set plugin database path to: G:\stm32cubeide\stm32cubeide114\STM32CubeIDE_1.14.0\STM32CubeIDE\plugins\com.st.stm32cube.common.mx_6.10.0.202311202037\\db\/plugins/boardmanager/
2024-02-29 16:17:15,260 [INFO] ApiDb:261 - Set plugin images path to: G:\stm32cubeide\stm32cubeide114\STM32CubeIDE_1.14.0\STM32CubeIDE\plugins\com.st.stm32cube.common.mx_6.10.0.202311202037\\db\/plugins/mcufinder/images/
2024-02-29 16:17:15,260 [WARN] DbFile:41 - Overriding database path with different value: C:\Users\Nghia\.stmcufinder\plugins\mcufinder/ => C:\Users\Nghia\.stmcufinder\plugins\mcufinder
2024-02-29 16:17:15,260 [INFO] ApiDb:250 - Set database path to: C:\Users\Nghia\.stmcufinder\plugins\mcufinder//mcu/
2024-02-29 16:17:15,260 [WARN] DbFile:41 - Overriding database path with different value: C:\Users\Nghia\.stmcufinder\plugins\mcufinder/ => C:\Users\Nghia\.stmcufinder\plugins\mcufinder
2024-02-29 16:17:15,260 [INFO] DbMcusAds:125 - Set database path to: C:\Users\Nghia\.stmcufinder\plugins\mcufinder//mcu/
2024-02-29 16:17:15,261 [WARN] DbFile:41 - Overriding database path with different value: C:\Users\Nghia\.stmcufinder\plugins\mcufinder/ => C:\Users\Nghia\.stmcufinder\plugins\mcufinder
2024-02-29 16:17:15,261 [WARN] DbFile:41 - Overriding database path with different value: C:\Users\Nghia\.stmcufinder\plugins\mcufinder/ => C:\Users\Nghia\.stmcufinder\plugins\mcufinder
2024-02-29 16:17:15,261 [INFO] CrossReferenceDbSqlite:203 - Set database path to: C:\Users\Nghia\.stmcufinder\plugins\mcufinder//mcu/cs/
2024-02-29 16:17:15,343 [INFO] MainPanel:264 - HeapMemory: 268435456
2024-02-29 16:17:15,427 [INFO] DbMcusXml:78 - Set database path to: G:\stm32cubeide\stm32cubeide114\STM32CubeIDE_1.14.0\STM32CubeIDE\plugins\com.st.stm32cube.common.mx_6.10.0.202311202037\\db\/mcu/
2024-02-29 16:17:15,427 [INFO] ApiDb:274 - Set plugin database path to: G:\stm32cubeide\stm32cubeide114\STM32CubeIDE_1.14.0\STM32CubeIDE\plugins\com.st.stm32cube.common.mx_6.10.0.202311202037\\db\/plugins/boardmanager/
2024-02-29 16:17:15,427 [INFO] ApiDb:261 - Set plugin images path to: G:\stm32cubeide\stm32cubeide114\STM32CubeIDE_1.14.0\STM32CubeIDE\plugins\com.st.stm32cube.common.mx_6.10.0.202311202037\\db\/plugins/mcufinder/images/
2024-02-29 16:17:15,427 [WARN] DbFile:41 - Overriding database path with different value: C:\Users\Nghia\.stmcufinder\plugins\mcufinder/ => C:\Users\Nghia\.stmcufinder\plugins\mcufinder
2024-02-29 16:17:15,427 [INFO] ApiDb:250 - Set database path to: C:\Users\Nghia\.stmcufinder\plugins\mcufinder//mcu/
2024-02-29 16:17:15,427 [WARN] DbFile:41 - Overriding database path with different value: C:\Users\Nghia\.stmcufinder\plugins\mcufinder/ => C:\Users\Nghia\.stmcufinder\plugins\mcufinder
2024-02-29 16:17:15,427 [INFO] DbMcusAds:125 - Set database path to: C:\Users\Nghia\.stmcufinder\plugins\mcufinder//mcu/
2024-02-29 16:17:15,428 [WARN] DbFile:41 - Overriding database path with different value: C:\Users\Nghia\.stmcufinder\plugins\mcufinder/ => C:\Users\Nghia\.stmcufinder\plugins\mcufinder
2024-02-29 16:17:15,428 [WARN] DbFile:41 - Overriding database path with different value: C:\Users\Nghia\.stmcufinder\plugins\mcufinder/ => C:\Users\Nghia\.stmcufinder\plugins\mcufinder
2024-02-29 16:17:15,428 [INFO] CrossReferenceDbSqlite:203 - Set database path to: C:\Users\Nghia\.stmcufinder\plugins\mcufinder//mcu/cs/
2024-02-29 16:17:15,444 [INFO] ApplicationProperties:184 - Using Application install path: G:\stm32cubeide\stm32cubeide114\STM32CubeIDE_1.14.0\STM32CubeIDE\plugins\com.st.stm32cube.common.mx_6.10.0.202311202037
2024-02-29 16:17:15,446 [INFO] PluginManage:196 - Search for loadable plugins [exclusion list=, ]
2024-02-29 16:17:15,448 [INFO] PluginManage:310 - Check plugin analytics
2024-02-29 16:17:20,705 [INFO] AnalyticsPlugin:253 - Accepted Software Licenses: STM32CubeMX.6.8.0,STM32CubeMX.6.1.1
2024-02-29 16:17:20,705 [INFO] AnalyticsPlugin:255 - Accepted CMSIS Pack Licenses: 
2024-02-29 16:17:20,705 [INFO] AnalyticsPlugin:257 - Accepted Firmware Licenses: FW.F4.1.27.0,FW.F4.1.28.0
2024-02-29 16:17:20,708 [INFO] PluginManage:359 - Loaded plugin analytics (category:tool,tabindex:-1)
2024-02-29 16:17:20,708 [INFO] PluginManage:310 - Check plugin cadmodel
2024-02-29 16:17:20,721 [INFO] CADModel:105 - Init CAD model plugin
2024-02-29 16:17:20,721 [INFO] PluginManage:359 - Loaded plugin cadmodel (category:power,tabindex:5)
2024-02-29 16:17:20,721 [INFO] PluginManage:310 - Check plugin clock
2024-02-29 16:17:20,738 [INFO] PluginManage:359 - Loaded plugin clock (category:base,tabindex:2)
2024-02-29 16:17:20,738 [INFO] PluginManage:310 - Check plugin ddr
2024-02-29 16:17:20,740 [INFO] PluginManage:359 - Loaded plugin ddr (category:tool,tabindex:6)
2024-02-29 16:17:20,740 [INFO] PluginManage:310 - Check plugin filemanager
2024-02-29 16:17:20,867 [INFO] PluginManage:359 - Loaded plugin filemanager (category:base,tabindex:10)
2024-02-29 16:17:20,867 [INFO] PluginManage:310 - Check plugin ipmanager
2024-02-29 16:17:20,873 [INFO] PluginManage:359 - Loaded plugin ipmanager (category:base,tabindex:5)
2024-02-29 16:17:20,873 [INFO] PluginManage:310 - Check plugin lpbam
2024-02-29 16:17:20,887 [INFO] PluginManage:359 - Loaded plugin lpbam (category:base,tabindex:0)
2024-02-29 16:17:20,887 [INFO] PluginManage:310 - Check plugin memorymap
2024-02-29 16:17:20,908 [INFO] PluginManage:359 - Loaded plugin memorymap (category:base,tabindex:4)
2024-02-29 16:17:20,908 [INFO] PluginManage:310 - Check plugin pinoutandconfiguration
2024-02-29 16:17:20,923 [INFO] PluginManage:359 - Loaded plugin pinoutandconfiguration (category:base,tabindex:1)
2024-02-29 16:17:20,923 [INFO] PluginManage:310 - Check plugin pinoutconfig
2024-02-29 16:17:21,005 [WARN] SupportedApi:132 - Cannot load RTOS API schema: s4s-elt-must-match.1: The content of 'definitions' must match (annotation?, (simpleType | complexType)?, (unique | key | keyref)*)). A problem was found starting at: attribute.
2024-02-29 16:17:21,135 [INFO] PluginManage:359 - Loaded plugin pinoutconfig (category:base,tabindex:0)
2024-02-29 16:17:21,135 [INFO] PluginManage:310 - Check plugin power
2024-02-29 16:17:21,151 [INFO] PluginManage:359 - Loaded plugin power (category:power,tabindex:4)
2024-02-29 16:17:21,151 [INFO] PluginManage:310 - Check plugin projectmanager
2024-02-29 16:17:21,166 [INFO] PluginManage:359 - Loaded plugin projectmanager (category:projectmanager,tabindex:3)
2024-02-29 16:17:21,167 [INFO] PluginManage:310 - Check plugin thirdparty
2024-02-29 16:17:21,394 [INFO] PluginManage:359 - Loaded plugin thirdparty (category:base,tabindex:-1)
2024-02-29 16:17:21,394 [WARN] IntegrityCheckThread:84 - waiting for thirdparty lock release [integrity check]
2024-02-29 16:17:21,394 [INFO] PluginManage:310 - Check plugin tools
2024-02-29 16:17:21,394 [INFO] IntegrityCheckThread:86 - entering critical section [integrity check]
2024-02-29 16:17:21,395 [INFO] ThirdPartyUpdaterWithRetryManager:70 - Updater plugin not ready yet. [1/15]
2024-02-29 16:17:21,425 [INFO] PluginManage:359 - Loaded plugin tools (category:base,tabindex:7)
2024-02-29 16:17:21,425 [INFO] PluginManage:310 - Check plugin tutovideos
2024-02-29 16:17:21,608 [INFO] PluginManage:359 - Loaded plugin tutovideos (category:base,tabindex:-1)
2024-02-29 16:17:21,608 [INFO] PluginManage:310 - Check plugin updater
2024-02-29 16:17:21,619 [INFO] PluginManage:359 - Loaded plugin updater (category:base,tabindex:12)
2024-02-29 16:17:21,619 [INFO] PluginManage:310 - Check plugin userauth
2024-02-29 16:17:21,625 [INFO] UserAuth:114 - Init User Auth plugin
2024-02-29 16:17:21,625 [INFO] PluginManage:359 - Loaded plugin userauth (category:base,tabindex:14)
2024-02-29 16:17:21,625 [INFO] PluginManage:283 - PluginManage : Loaded plugins [17]
2024-02-29 16:17:21,852 [INFO] PinOutPanel:1499 - setPackage(No Configuration,No Configuration)
2024-02-29 16:17:21,930 [INFO] CADModel:165 - CPN selected for project level
2024-02-29 16:17:21,930 [INFO] CADModel:114 - Register for checkConnection events
2024-02-29 16:17:21,955 [INFO] IPUIPlugin:80 - create IPUIPlugin
2024-02-29 16:17:21,955 [INFO] PluginManager:220 - loadIPPluginJar : add adc
2024-02-29 16:17:21,988 [INFO] IPUIPlugin:80 - create IPUIPlugin
2024-02-29 16:17:21,988 [INFO] PluginManager:220 - loadIPPluginJar : add aes
2024-02-29 16:17:22,024 [INFO] IPUIPlugin:80 - create IPUIPlugin
2024-02-29 16:17:22,024 [INFO] PluginManager:220 - loadIPPluginJar : add can
2024-02-29 16:17:22,043 [INFO] IPUIPlugin:80 - create IPUIPlugin
2024-02-29 16:17:22,044 [INFO] PluginManager:220 - loadIPPluginJar : add comp
2024-02-29 16:17:22,074 [INFO] IPUIPlugin:80 - create IPUIPlugin
2024-02-29 16:17:22,074 [INFO] PluginManager:220 - loadIPPluginJar : add cryp
2024-02-29 16:17:22,097 [INFO] IPUIPlugin:80 - create IPUIPlugin
2024-02-29 16:17:22,098 [INFO] PluginManager:220 - loadIPPluginJar : add dfsdm
2024-02-29 16:17:22,109 [INFO] IPUIPlugin:80 - create IPUIPlugin
2024-02-29 16:17:22,109 [INFO] PluginManager:220 - loadIPPluginJar : add dma
2024-02-29 16:17:22,143 [INFO] IPUIPlugin:80 - create IPUIPlugin
2024-02-29 16:17:22,143 [INFO] PluginManager:220 - loadIPPluginJar : add dma3
2024-02-29 16:17:22,159 [INFO] IPUIPlugin:80 - create IPUIPlugin
2024-02-29 16:17:22,160 [INFO] PluginManager:220 - loadIPPluginJar : add fatfs
2024-02-29 16:17:22,198 [INFO] IPUIPlugin:80 - create IPUIPlugin
2024-02-29 16:17:22,198 [INFO] PluginManager:220 - loadIPPluginJar : add fmc
2024-02-29 16:17:22,210 [INFO] IPUIPlugin:80 - create IPUIPlugin
2024-02-29 16:17:22,210 [INFO] PluginManager:220 - loadIPPluginJar : add freertos
2024-02-29 16:17:22,226 [INFO] IPUIPlugin:80 - create IPUIPlugin
2024-02-29 16:17:22,226 [INFO] PluginManager:220 - loadIPPluginJar : add genericplugin
2024-02-29 16:17:22,303 [INFO] IPUIPlugin:80 - create IPUIPlugin
2024-02-29 16:17:22,303 [INFO] PluginManager:220 - loadIPPluginJar : add gfxmmu
2024-02-29 16:17:22,453 [INFO] IPUIPlugin:80 - create IPUIPlugin
2024-02-29 16:17:22,453 [INFO] PluginManager:220 - loadIPPluginJar : add gic
2024-02-29 16:17:22,464 [INFO] IPUIPlugin:80 - create IPUIPlugin
2024-02-29 16:17:22,464 [INFO] PluginManager:220 - loadIPPluginJar : add gpio
2024-02-29 16:17:22,540 [INFO] IPUIPlugin:80 - create IPUIPlugin
2024-02-29 16:17:22,540 [INFO] PluginManager:220 - loadIPPluginJar : add gtzc
2024-02-29 16:17:22,566 [INFO] IPUIPlugin:80 - create IPUIPlugin
2024-02-29 16:17:22,566 [INFO] PluginManager:220 - loadIPPluginJar : add hash
2024-02-29 16:17:22,606 [INFO] IPUIPlugin:80 - create IPUIPlugin
2024-02-29 16:17:22,607 [INFO] PluginManager:220 - loadIPPluginJar : add i2c
2024-02-29 16:17:22,637 [INFO] IPUIPlugin:80 - create IPUIPlugin
2024-02-29 16:17:22,638 [INFO] PluginManager:220 - loadIPPluginJar : add i2s
2024-02-29 16:17:22,670 [INFO] IPUIPlugin:80 - create IPUIPlugin
2024-02-29 16:17:22,670 [INFO] PluginManager:220 - loadIPPluginJar : add i3c
2024-02-29 16:17:22,756 [INFO] IPUIPlugin:80 - create IPUIPlugin
2024-02-29 16:17:22,756 [INFO] PluginManager:220 - loadIPPluginJar : add ipddr
2024-02-29 16:17:22,832 [INFO] IPUIPlugin:80 - create IPUIPlugin
2024-02-29 16:17:22,832 [INFO] PluginManager:220 - loadIPPluginJar : add linkedlist
2024-02-29 16:17:22,859 [INFO] IPUIPlugin:80 - create IPUIPlugin
2024-02-29 16:17:22,859 [INFO] PluginManager:220 - loadIPPluginJar : add lorawan
2024-02-29 16:17:22,888 [INFO] IPUIPlugin:80 - create IPUIPlugin
2024-02-29 16:17:22,888 [INFO] PluginManager:220 - loadIPPluginJar : add ltdc
2024-02-29 16:17:22,900 [INFO] IPUIPlugin:80 - create IPUIPlugin
2024-02-29 16:17:22,900 [INFO] PluginManager:220 - loadIPPluginJar : add mdma
2024-02-29 16:17:22,909 [INFO] IPUIPlugin:80 - create IPUIPlugin
2024-02-29 16:17:22,910 [INFO] PluginManager:220 - loadIPPluginJar : add nvic
2024-02-29 16:17:22,941 [INFO] IPUIPlugin:80 - create IPUIPlugin
2024-02-29 16:17:22,941 [INFO] PluginManager:220 - loadIPPluginJar : add opamp
2024-02-29 16:17:22,988 [INFO] IPUIPlugin:80 - create IPUIPlugin
2024-02-29 16:17:22,988 [INFO] PluginManager:220 - loadIPPluginJar : add openamp
2024-02-29 16:17:23,025 [INFO] IPUIPlugin:80 - create IPUIPlugin
2024-02-29 16:17:23,026 [INFO] PluginManager:220 - loadIPPluginJar : add pdm2pcm
2024-02-29 16:17:23,040 [INFO] IPUIPlugin:80 - create IPUIPlugin
2024-02-29 16:17:23,041 [INFO] PluginManager:220 - loadIPPluginJar : add plateformsettings
2024-02-29 16:17:23,060 [INFO] IPUIPlugin:80 - create IPUIPlugin
2024-02-29 16:17:23,060 [INFO] PluginManager:220 - loadIPPluginJar : add quadspi
2024-02-29 16:17:23,072 [INFO] IPUIPlugin:80 - create IPUIPlugin
2024-02-29 16:17:23,072 [INFO] PluginManager:220 - loadIPPluginJar : add resmgrutility
2024-02-29 16:17:23,112 [INFO] IPUIPlugin:80 - create IPUIPlugin
2024-02-29 16:17:23,112 [INFO] PluginManager:220 - loadIPPluginJar : add sai
2024-02-29 16:17:23,144 [INFO] IPUIPlugin:80 - create IPUIPlugin
2024-02-29 16:17:23,144 [INFO] PluginManager:220 - loadIPPluginJar : add spi
2024-02-29 16:17:23,208 [INFO] IPUIPlugin:80 - create IPUIPlugin
2024-02-29 16:17:23,209 [INFO] PluginManager:220 - loadIPPluginJar : add stm32_wpan
2024-02-29 16:17:23,227 [INFO] IPUIPlugin:80 - create IPUIPlugin
2024-02-29 16:17:23,227 [INFO] PluginManager:220 - loadIPPluginJar : add tim
2024-02-29 16:17:23,271 [INFO] IPUIPlugin:80 - create IPUIPlugin
2024-02-29 16:17:23,271 [INFO] PluginManager:220 - loadIPPluginJar : add touchsensing
2024-02-29 16:17:23,290 [INFO] IPUIPlugin:80 - create IPUIPlugin
2024-02-29 16:17:23,290 [INFO] PluginManager:220 - loadIPPluginJar : add tracer_emb
2024-02-29 16:17:23,308 [INFO] IPUIPlugin:80 - create IPUIPlugin
2024-02-29 16:17:23,308 [INFO] PluginManager:220 - loadIPPluginJar : add ts
2024-02-29 16:17:23,325 [INFO] IPUIPlugin:80 - create IPUIPlugin
2024-02-29 16:17:23,325 [INFO] PluginManager:220 - loadIPPluginJar : add tsc
2024-02-29 16:17:23,343 [INFO] IPUIPlugin:80 - create IPUIPlugin
2024-02-29 16:17:23,343 [INFO] PluginManager:220 - loadIPPluginJar : add ucpd
2024-02-29 16:17:23,378 [INFO] IPUIPlugin:80 - create IPUIPlugin
2024-02-29 16:17:23,378 [INFO] PluginManager:220 - loadIPPluginJar : add usart
2024-02-29 16:17:23,412 [INFO] IPUIPlugin:80 - create IPUIPlugin
2024-02-29 16:17:23,412 [INFO] PluginManager:220 - loadIPPluginJar : add usbx
2024-02-29 16:17:23,551 [INFO] CADModel:165 - CPN selected for project level
2024-02-29 16:17:23,551 [INFO] CADModel:114 - Register for checkConnection events
2024-02-29 16:17:23,551 [FATAL] Updater:308 - Updater called before beeing initialized
2024-02-29 16:17:23,551 [ERROR] CADModel:125 - Updater not yet initialized, retry later 
2024-02-29 16:17:23,675 [INFO] CADModel:165 - CPN selected for project level
2024-02-29 16:17:23,675 [INFO] CADModel:114 - Register for checkConnection events
2024-02-29 16:17:23,675 [FATAL] Updater:308 - Updater called before beeing initialized
2024-02-29 16:17:23,675 [ERROR] CADModel:125 - Updater not yet initialized, retry later 
2024-02-29 16:17:23,678 [FATAL] Updater:308 - Updater called before beeing initialized
2024-02-29 16:17:23,782 [FATAL] Updater:308 - Updater called before beeing initialized
2024-02-29 16:17:23,791 [INFO] DbMcusAds:53 - JSON generation date=Wed Nov 29 17:52:27 ICT 2023 (1701255147349)
2024-02-29 16:17:23,791 [FATAL] Updater:308 - Updater called before beeing initialized
2024-02-29 16:17:23,859 [WARN] DetailPanel:346 - Failed to get advertising image, set to default
2024-02-29 16:17:23,943 [FATAL] Updater:308 - Updater called before beeing initialized
2024-02-29 16:17:23,945 [FATAL] Updater:308 - Updater called before beeing initialized
2024-02-29 16:17:23,945 [FATAL] Updater:308 - Updater called before beeing initialized
2024-02-29 16:17:23,945 [WARN] DetailPanel:346 - Failed to get advertising image, set to default
2024-02-29 16:17:23,947 [FATAL] Updater:308 - Updater called before beeing initialized
2024-02-29 16:17:24,006 [ERROR] Updater:1120 - MainUpdater not yet initialized. External WinMGr cannot be set.
2024-02-29 16:17:24,015 [INFO] Updater:1056 - Updater Version found : 6.10.0
2024-02-29 16:17:24,034 [INFO] ApplicationProperties:184 - Using Application install path: G:\stm32cubeide\stm32cubeide114\STM32CubeIDE_1.14.0\STM32CubeIDE\plugins\com.st.stm32cube.common.mx_6.10.0.202311202037
2024-02-29 16:17:24,395 [INFO] ThirdPartyUpdaterWithRetryManager:70 - Updater plugin not ready yet. [2/15]
2024-02-29 16:17:24,676 [INFO] MainUpdater:2873 - connection check result : 10
2024-02-29 16:17:24,676 [INFO] MainUpdater:3567 - Updater definition file requires update
2024-02-29 16:17:24,677 [INFO] MainUpdater:290 - Updater Check For Update Now.
2024-02-29 16:17:24,678 [INFO] MicroXplorer:498 - Change Database Version : DB.6.0.100
2024-02-29 16:17:24,690 [INFO] McuFinderGlobals:63 - Set McuFinder mode to 2 (CubeIDE integrated)
2024-02-29 16:17:25,049 [INFO] ServerAccessManage:473 - Download File updaters.zip
2024-02-29 16:17:26,012 [INFO] UserAuth:404 - Internet connection configuration mode: 1
2024-02-29 16:17:26,037 [INFO] JxBrowserEngine:152 - Initiate JxBrowser Engine with user profile folder
2024-02-29 16:17:26,347 [INFO] FileExtend:240 - Unzip File : updaters.zip
2024-02-29 16:17:26,347 [INFO] FileExtend:255 - Standard Zip Deflate
2024-02-29 16:17:26,772 [INFO] ServerAccessManage:473 - Download File PacksControlFlags.xml
2024-02-29 16:17:26,875 [INFO] ServerAccessManage:473 - Download File cubemx.pidx
2024-02-29 16:17:27,396 [WARN] MainUpdater:1194 - Updater busy. Cannot search thirdparties
2024-02-29 16:17:27,396 [INFO] ThirdPartyUpdaterWithRetryManager:96 - Updater plugin is busy. [1/15]
2024-02-29 16:17:27,641 [INFO] ServerAccessManage:473 - Download File STMicroelectronics.X-CUBE-BLEMGR.pdsc
2024-02-29 16:17:29,720 [INFO] WebApp:161 - Instantiating new browser for Auth
2024-02-29 16:17:30,220 [ERROR] ServerAccessManage:1096 - Problem, Http access forbiden
2024-02-29 16:17:30,220 [ERROR] ServerAccessManage:651 - Problem, Http access forbiden : RoweBots.I-CUBE-UNISONRTOS.pdsc.
2024-02-29 16:17:30,357 [INFO] WebApp:780 - Register for checkConnection events
2024-02-29 16:17:30,357 [INFO] WebApp:414 - Apply proxy settings
2024-02-29 16:17:30,357 [INFO] WebApp:499 - Chromium requires no authentication
2024-02-29 16:17:30,369 [INFO] WebApp:442 - Direct internet connection detected
2024-02-29 16:17:30,399 [WARN] MainUpdater:1194 - Updater busy. Cannot search thirdparties
2024-02-29 16:17:30,399 [INFO] ThirdPartyUpdaterWithRetryManager:96 - Updater plugin is busy. [2/15]
2024-02-29 16:17:30,432 [WARN] PackLoader:240 - Cannot read IP mode file for STMicroelectronics.X-CUBE-BLEMGR.3.1.0
2024-02-29 16:17:30,440 [INFO] PopulateThirdPartyThread:66 - Ending populate Thread
2024-02-29 16:17:30,441 [INFO] ThirdParty:1030 - CMSIS Pack Vendor :STMicroelectronics X-CUBE-BLEMGR 3.1.0
2024-02-29 16:17:30,442 [INFO] LoadServerUpdatesThread:375 - End of LoadServerUpdate Thread
2024-02-29 16:17:30,555 [INFO] CheckServerUpdateThread:120 - End of CheckServer Thread
2024-02-29 16:17:30,611 [INFO] WebApp:192 - Starting web application
2024-02-29 16:17:30,611 [INFO] WebApp:544 - Web application path used G:\stm32cubeide\stm32cubeide114\STM32CubeIDE_1.14.0\STM32CubeIDE\plugins\com.st.stm32cube.common.mx_6.10.0.202311202037\db\plugins\mcufinder\reactClient1\index.html
2024-02-29 16:17:33,571 [WARN] PackLoader:240 - Cannot read IP mode file for STMicroelectronics.X-CUBE-SMBUS.2.1.0
2024-02-29 16:17:33,582 [WARN] PackLoader:240 - Cannot read IP mode file for STMicroelectronics.X-CUBE-TOUCHGFX.4.23.0
2024-02-29 16:17:33,618 [WARN] PackLoader:240 - Cannot read IP mode file for STMicroelectronics.X-CUBE-AZRTOS-F7.1.1.0
2024-02-29 16:17:33,636 [WARN] PackLoader:240 - Cannot read IP mode file for STMicroelectronics.FP-SNS-MOTENV1.4.3.2
2024-02-29 16:17:33,651 [WARN] PackLoader:240 - Cannot read IP mode file for STMicroelectronics.FP-SNS-FLIGHT1.5.0.2
2024-02-29 16:17:33,668 [WARN] PackLoader:240 - Cannot read IP mode file for STMicroelectronics.X-CUBE-DISPLAY.3.0.0
2024-02-29 16:17:33,688 [WARN] PackLoader:240 - Cannot read IP mode file for STMicroelectronics.X-CUBE-BLE1.7.0.0
2024-02-29 16:17:33,703 [WARN] PackLoader:240 - Cannot read IP mode file for emotas.I-CUBE-CANOPEN.1.3.0
2024-02-29 16:17:33,713 [WARN] PackLoader:240 - Cannot read IP mode file for STMicroelectronics.X-CUBE-TOUCHGFX.4.22.1
2024-02-29 16:17:33,723 [WARN] PackLoader:240 - Cannot read IP mode file for STMicroelectronics.X-CUBE-BLEMGR.3.1.0
2024-02-29 16:17:33,739 [WARN] PackLoader:240 - Cannot read IP mode file for STMicroelectronics.FP-SNS-SMARTAG2.1.2.0
2024-02-29 16:17:33,759 [INFO] LogOutputStream:77 - [STDOUT_REDIRECT] 1 : Invalid condition id : UX_CORESTACK_Condition cause : null
2024-02-29 16:17:33,759 [INFO] LogOutputStream:77 - [STDOUT_REDIRECT] 1 : Invalid condition id : UX_CORESTACK_Condition cause : null
2024-02-29 16:17:33,760 [INFO] LogOutputStream:77 - [STDOUT_REDIRECT] 1 : Invalid condition id : UX_CORESTACK_Condition cause : null
2024-02-29 16:17:33,761 [INFO] LogOutputStream:77 - [STDOUT_REDIRECT] 1 : Invalid condition id : UX_CORESTACK_Condition cause : null
2024-02-29 16:17:33,762 [INFO] LogOutputStream:77 - [STDOUT_REDIRECT] 1 : Invalid condition id : UX_CORESTACK_Condition cause : null
2024-02-29 16:17:33,766 [WARN] PackLoader:240 - Cannot read IP mode file for STMicroelectronics.X-CUBE-AZRTOS-WL.2.0.0
2024-02-29 16:17:33,781 [WARN] PackLoader:240 - Cannot read IP mode file for WES.I-CUBE-Cesium.1.3.0
2024-02-29 16:17:33,792 [WARN] PackLoader:240 - Cannot read IP mode file for STMicroelectronics.X-CUBE-BLE2.3.3.0
2024-02-29 16:17:33,804 [WARN] PackLoader:240 - Cannot read IP mode file for STMicroelectronics.X-CUBE-ALGOBUILD.1.3.0
2024-02-29 16:17:33,828 [WARN] PackLoader:240 - Cannot read IP mode file for STMicroelectronics.X-CUBE-AZRTOS-G0.1.1.0
2024-02-29 16:17:33,842 [WARN] PackLoader:240 - Cannot read IP mode file for STMicroelectronics.X-CUBE-NFC4.3.0.0
2024-02-29 16:17:33,859 [WARN] PackLoader:240 - Cannot read IP mode file for STMicroelectronics.X-CUBE-BLEMGR.3.0.0
2024-02-29 16:17:33,873 [WARN] PackLoader:240 - Cannot read IP mode file for STMicroelectronics.FP-ATR-SIGFOX1.3.2.0
2024-02-29 16:17:33,885 [WARN] PackLoader:240 - Cannot read IP mode file for STMicroelectronics.X-CUBE-EEPRMA1.5.1.0
2024-02-29 16:17:33,922 [WARN] PackLoader:240 - Cannot read IP mode file for SEGGER.I-CUBE-embOS.1.3.1
2024-02-29 16:17:33,964 [WARN] PackLoader:240 - Cannot read IP mode file for STMicroelectronics.X-CUBE-GNSS1.6.0.0
2024-02-29 16:17:34,001 [WARN] PackLoader:240 - Cannot read IP mode file for STMicroelectronics.X-CUBE-AZRTOS-F4.1.1.0
2024-02-29 16:17:34,014 [WARN] PackLoader:240 - Cannot read IP mode file for wolfSSL.I-CUBE-wolfSSL.5.6.3
2024-02-29 16:17:34,039 [WARN] PackLoader:240 - Cannot read IP mode file for STMicroelectronics.X-CUBE-AZRTOS-L5.2.0.0
2024-02-29 16:17:34,094 [WARN] PackLoader:240 - Cannot read IP mode file for STMicroelectronics.X-CUBE-MEMS1.9.6.0
2024-02-29 16:17:34,225 [WARN] PackLoader:240 - Cannot read IP mode file for STMicroelectronics.X-CUBE-EEPRMA1.4.2.0
2024-02-29 16:17:34,238 [WARN] PackLoader:240 - Cannot read IP mode file for ITTIA_DB.I-CUBE-ITTIADB.8.8.0
2024-02-29 16:17:34,251 [WARN] PackLoader:240 - Cannot read IP mode file for STMicroelectronics.X-CUBE-BLEMGR.2.0.0
2024-02-29 16:17:34,279 [WARN] ConditionMgr:438 - getConditionDescription Invalid condition id : UX DEVICE CLASS RTOS Condition cause : null
2024-02-29 16:17:34,279 [WARN] ConditionMgr:438 - getConditionDescription Invalid condition id : UX DEVICE CLASS RTOS Condition cause : null
2024-02-29 16:17:34,282 [WARN] PackLoader:240 - Cannot read IP mode file for STMicroelectronics.X-CUBE-AZRTOS-H7.3.1.0
2024-02-29 16:17:34,283 [WARN] ConditionMgr:1039 - genDependencies : Invalid condition id : UX DEVICE CLASS RTOS Condition cause : null
2024-02-29 16:17:34,284 [WARN] ConditionMgr:1039 - genDependencies : Invalid condition id : UX DEVICE CLASS RTOS Condition cause : null
2024-02-29 16:17:34,284 [WARN] ConditionMgr:1039 - genDependencies : Invalid condition id : UX DEVICE CLASS RTOS Condition cause : null
2024-02-29 16:17:34,285 [WARN] ConditionMgr:1039 - genDependencies : Invalid condition id : UX DEVICE CLASS RTOS Condition cause : null
2024-02-29 16:17:34,285 [WARN] ConditionMgr:1039 - genDependencies : Invalid condition id : UX DEVICE CLASS RTOS Condition cause : null
2024-02-29 16:17:34,298 [WARN] PackLoader:240 - Cannot read IP mode file for STMicroelectronics.X-CUBE-NFC7.1.0.1
2024-02-29 16:17:34,315 [WARN] PackLoader:240 - Cannot read IP mode file for STMicroelectronics.X-CUBE-NFC6.3.0.0
2024-02-29 16:17:34,329 [WARN] PackLoader:240 - Cannot read IP mode file for STMicroelectronics.X-CUBE-EEPRMA1.4.1.0
2024-02-29 16:17:34,343 [WARN] PackLoader:240 - Cannot read IP mode file for STMicroelectronics.X-CUBE-AI.8.1.0
2024-02-29 16:17:34,367 [WARN] ConditionMgr:438 - getConditionDescription Invalid condition id : LAN8742 Phy interface Condition cause : null
2024-02-29 16:17:34,368 [WARN] PackLoader:240 - Cannot read IP mode file for STMicroelectronics.X-CUBE-AZRTOS-L4.2.0.0
2024-02-29 16:17:34,369 [WARN] ConditionMgr:1039 - genDependencies : Invalid condition id : LAN8742 Phy interface Condition cause : null
2024-02-29 16:17:34,369 [WARN] ConditionMgr:1039 - genDependencies : Invalid condition id : LAN8742 Phy interface Condition cause : null
2024-02-29 16:17:34,370 [WARN] ConditionMgr:1039 - genDependencies : Invalid condition id : LAN8742 Phy interface Condition cause : null
2024-02-29 16:17:34,382 [WARN] PackLoader:240 - Cannot read IP mode file for STMicroelectronics.X-CUBE-SFXS2LP1.4.0.0
2024-02-29 16:17:34,395 [WARN] PackLoader:240 - Cannot read IP mode file for STMicroelectronics.X-CUBE-ISPU.1.1.0
2024-02-29 16:17:34,419 [WARN] ConditionMgr:438 - getConditionDescription Invalid condition id : UX DEVICE CLASS RTOS Condition cause : null
2024-02-29 16:17:34,419 [WARN] ConditionMgr:438 - getConditionDescription Invalid condition id : UX DEVICE CLASS RTOS Condition cause : null
2024-02-29 16:17:34,421 [WARN] PackLoader:240 - Cannot read IP mode file for STMicroelectronics.X-CUBE-AZRTOS-WB.2.0.0
2024-02-29 16:17:34,422 [WARN] ConditionMgr:1039 - genDependencies : Invalid condition id : UX DEVICE CLASS RTOS Condition cause : null
2024-02-29 16:17:34,422 [WARN] ConditionMgr:1039 - genDependencies : Invalid condition id : UX DEVICE CLASS RTOS Condition cause : null
2024-02-29 16:17:34,422 [WARN] ConditionMgr:1039 - genDependencies : Invalid condition id : UX DEVICE CLASS RTOS Condition cause : null
2024-02-29 16:17:34,423 [WARN] ConditionMgr:1039 - genDependencies : Invalid condition id : UX DEVICE CLASS RTOS Condition cause : null
2024-02-29 16:17:34,423 [WARN] ConditionMgr:1039 - genDependencies : Invalid condition id : UX DEVICE CLASS RTOS Condition cause : null
2024-02-29 16:17:34,443 [WARN] PackLoader:240 - Cannot read IP mode file for STMicroelectronics.X-CUBE-SUBG2.5.0.0
2024-02-29 16:17:34,468 [WARN] PackLoader:240 - Cannot read IP mode file for STMicroelectronics.X-CUBE-TOF1.3.3.1
2024-02-29 16:17:34,497 [WARN] PackLoader:240 - Cannot read IP mode file for STMicroelectronics.X-CUBE-AZRTOS-G4.2.0.0
2024-02-29 16:17:34,518 [WARN] PackLoader:240 - Cannot read IP mode file for Infineon.AIROC-Wi-Fi-Bluetooth-STM32.1.5.1
2024-02-29 16:17:34,532 [WARN] PackLoader:240 - Cannot read IP mode file for STMicroelectronics.FP-SNS-MOTENVWB1.1.3.0
2024-02-29 16:17:34,537 [WARN] PackLoader:240 - Cannot read IP mode file for STMicroelectronics.FP-SNS-MOTENVWB1.1.3.1
2024-02-29 16:17:34,549 [WARN] PackLoader:240 - Cannot read IP mode file for STMicroelectronics.X-CUBE-ISPU.2.0.0
2024-02-29 16:17:34,590 [WARN] PackLoader:240 - Cannot read IP mode file for STMicroelectronics.X-CUBE-MEMS1.10.0.0
2024-02-29 16:17:34,697 [WARN] PackLoader:240 - Cannot read IP mode file for STMicroelectronics.X-CUBE-FREERTOS.1.1.0
2024-02-29 16:17:34,710 [WARN] PackLoader:240 - Cannot read IP mode file for portGmbH.I-Cube-SoM-uGOAL.1.1.0
2024-02-29 16:17:34,723 [WARN] PackLoader:240 - Cannot read IP mode file for STMicroelectronics.X-CUBE-ALS.1.0.1
2024-02-29 16:17:34,727 [WARN] PackLoader:240 - Cannot read IP mode file for STMicroelectronics.FP-ATR-ASTRA1.2.0.0
2024-02-29 16:17:34,744 [WARN] PackLoader:240 - Cannot read IP mode file for STMicroelectronics.X-CUBE-TOF1.3.4.0
2024-02-29 16:17:34,788 [WARN] PackLoader:240 - Cannot read IP mode file for STMicroelectronics.X-CUBE-AZRTOS-H7.3.2.0
2024-02-29 16:17:34,791 [INFO] ThirdParty:978 - Integrity check success = true
2024-02-29 16:17:34,791 [INFO] IntegrityCheckThread:100 - exiting critical section [integrity check]
2024-02-29 16:17:34,791 [INFO] IntegrityCheckThread:103 - End integrity checks thread
2024-02-29 16:17:42,877 [ERROR] LogOutputStream:75 - [STDERR_REDIRECT] 
2024-02-29 17:25:19,978 [INFO] Activator:176 - 


2024-02-29 17:25:19,980 [INFO] Activator:177 - !SESSION log4j initialized
2024-02-29 17:25:25,109 [INFO] LogOutputStream:77 - [STDOUT_REDIRECT] 
2024-02-29 17:25:30,865 [INFO] ApplicationProperties:184 - Using Application install path: G:\stm32cubeide\stm32cubeide114\STM32CubeIDE_1.14.0\STM32CubeIDE\plugins\com.st.stm32cube.common.mx_6.10.0.202311202037
2024-02-29 17:25:30,893 [INFO] DbMcusXml:78 - Set database path to: G:\stm32cubeide\stm32cubeide114\STM32CubeIDE_1.14.0\STM32CubeIDE\plugins\com.st.stm32cube.common.mx_6.10.0.202311202037\\db\/mcu/
2024-02-29 17:25:30,893 [INFO] ApiDb:274 - Set plugin database path to: G:\stm32cubeide\stm32cubeide114\STM32CubeIDE_1.14.0\STM32CubeIDE\plugins\com.st.stm32cube.common.mx_6.10.0.202311202037\\db\/plugins/boardmanager/
2024-02-29 17:25:30,894 [WARN] ApiDb:259 - Overriding images path with different value:  => G:\stm32cubeide\stm32cubeide114\STM32CubeIDE_1.14.0\STM32CubeIDE\plugins\com.st.stm32cube.common.mx_6.10.0.202311202037\\db\/plugins/mcufinder/images/
2024-02-29 17:25:30,915 [INFO] ApiDb:250 - Set database path to: C:\Users\Nghia\.stmcufinder\plugins\mcufinder//mcu/
2024-02-29 17:25:30,917 [INFO] DbMcusAds:125 - Set database path to: C:\Users\Nghia\.stmcufinder\plugins\mcufinder//mcu/
2024-02-29 17:25:30,920 [INFO] CrossReferenceDbSqlite:203 - Set database path to: C:\Users\Nghia\.stmcufinder\plugins\mcufinder//mcu/cs/
2024-02-29 17:25:31,057 [INFO] RulesReader:64 - Compatibility file has been processed (297 Rules)
2024-02-29 17:25:31,154 [INFO] DbMcusXml:78 - Set database path to: G:\stm32cubeide\stm32cubeide114\STM32CubeIDE_1.14.0\STM32CubeIDE\plugins\com.st.stm32cube.common.mx_6.10.0.202311202037\\db\/mcu/
2024-02-29 17:25:31,154 [INFO] ApiDb:274 - Set plugin database path to: G:\stm32cubeide\stm32cubeide114\STM32CubeIDE_1.14.0\STM32CubeIDE\plugins\com.st.stm32cube.common.mx_6.10.0.202311202037\\db\/plugins/boardmanager/
2024-02-29 17:25:31,154 [INFO] ApiDb:261 - Set plugin images path to: G:\stm32cubeide\stm32cubeide114\STM32CubeIDE_1.14.0\STM32CubeIDE\plugins\com.st.stm32cube.common.mx_6.10.0.202311202037\\db\/plugins/mcufinder/images/
2024-02-29 17:25:31,154 [WARN] DbFile:41 - Overriding database path with different value: C:\Users\Nghia\.stmcufinder\plugins\mcufinder/ => C:\Users\Nghia\.stmcufinder\plugins\mcufinder
2024-02-29 17:25:31,155 [INFO] ApiDb:250 - Set database path to: C:\Users\Nghia\.stmcufinder\plugins\mcufinder//mcu/
2024-02-29 17:25:31,155 [WARN] DbFile:41 - Overriding database path with different value: C:\Users\Nghia\.stmcufinder\plugins\mcufinder/ => C:\Users\Nghia\.stmcufinder\plugins\mcufinder
2024-02-29 17:25:31,155 [INFO] DbMcusAds:125 - Set database path to: C:\Users\Nghia\.stmcufinder\plugins\mcufinder//mcu/
2024-02-29 17:25:31,155 [WARN] DbFile:41 - Overriding database path with different value: C:\Users\Nghia\.stmcufinder\plugins\mcufinder/ => C:\Users\Nghia\.stmcufinder\plugins\mcufinder
2024-02-29 17:25:31,155 [WARN] DbFile:41 - Overriding database path with different value: C:\Users\Nghia\.stmcufinder\plugins\mcufinder/ => C:\Users\Nghia\.stmcufinder\plugins\mcufinder
2024-02-29 17:25:31,155 [INFO] CrossReferenceDbSqlite:203 - Set database path to: C:\Users\Nghia\.stmcufinder\plugins\mcufinder//mcu/cs/
2024-02-29 17:25:31,263 [INFO] MainPanel:264 - HeapMemory: 268435456
2024-02-29 17:25:31,460 [INFO] DbMcusXml:78 - Set database path to: G:\stm32cubeide\stm32cubeide114\STM32CubeIDE_1.14.0\STM32CubeIDE\plugins\com.st.stm32cube.common.mx_6.10.0.202311202037\\db\/mcu/
2024-02-29 17:25:31,460 [INFO] ApiDb:274 - Set plugin database path to: G:\stm32cubeide\stm32cubeide114\STM32CubeIDE_1.14.0\STM32CubeIDE\plugins\com.st.stm32cube.common.mx_6.10.0.202311202037\\db\/plugins/boardmanager/
2024-02-29 17:25:31,460 [INFO] ApiDb:261 - Set plugin images path to: G:\stm32cubeide\stm32cubeide114\STM32CubeIDE_1.14.0\STM32CubeIDE\plugins\com.st.stm32cube.common.mx_6.10.0.202311202037\\db\/plugins/mcufinder/images/
2024-02-29 17:25:31,461 [WARN] DbFile:41 - Overriding database path with different value: C:\Users\Nghia\.stmcufinder\plugins\mcufinder/ => C:\Users\Nghia\.stmcufinder\plugins\mcufinder
2024-02-29 17:25:31,461 [INFO] ApiDb:250 - Set database path to: C:\Users\Nghia\.stmcufinder\plugins\mcufinder//mcu/
2024-02-29 17:25:31,461 [WARN] DbFile:41 - Overriding database path with different value: C:\Users\Nghia\.stmcufinder\plugins\mcufinder/ => C:\Users\Nghia\.stmcufinder\plugins\mcufinder
2024-02-29 17:25:31,461 [INFO] DbMcusAds:125 - Set database path to: C:\Users\Nghia\.stmcufinder\plugins\mcufinder//mcu/
2024-02-29 17:25:31,461 [WARN] DbFile:41 - Overriding database path with different value: C:\Users\Nghia\.stmcufinder\plugins\mcufinder/ => C:\Users\Nghia\.stmcufinder\plugins\mcufinder
2024-02-29 17:25:31,461 [WARN] DbFile:41 - Overriding database path with different value: C:\Users\Nghia\.stmcufinder\plugins\mcufinder/ => C:\Users\Nghia\.stmcufinder\plugins\mcufinder
2024-02-29 17:25:31,461 [INFO] CrossReferenceDbSqlite:203 - Set database path to: C:\Users\Nghia\.stmcufinder\plugins\mcufinder//mcu/cs/
2024-02-29 17:25:31,482 [INFO] ApplicationProperties:184 - Using Application install path: G:\stm32cubeide\stm32cubeide114\STM32CubeIDE_1.14.0\STM32CubeIDE\plugins\com.st.stm32cube.common.mx_6.10.0.202311202037
2024-02-29 17:25:31,486 [INFO] PluginManage:196 - Search for loadable plugins [exclusion list=, ]
2024-02-29 17:25:31,488 [INFO] PluginManage:310 - Check plugin analytics
2024-02-29 17:25:36,260 [INFO] AnalyticsPlugin:253 - Accepted Software Licenses: STM32CubeMX.6.8.0,STM32CubeMX.6.1.1
2024-02-29 17:25:36,260 [INFO] AnalyticsPlugin:255 - Accepted CMSIS Pack Licenses: 
2024-02-29 17:25:36,261 [INFO] AnalyticsPlugin:257 - Accepted Firmware Licenses: FW.F4.1.27.0,FW.F4.1.28.0
2024-02-29 17:25:36,262 [INFO] PluginManage:359 - Loaded plugin analytics (category:tool,tabindex:-1)
2024-02-29 17:25:36,262 [INFO] PluginManage:310 - Check plugin cadmodel
2024-02-29 17:25:36,267 [INFO] CADModel:105 - Init CAD model plugin
2024-02-29 17:25:36,267 [INFO] PluginManage:359 - Loaded plugin cadmodel (category:power,tabindex:5)
2024-02-29 17:25:36,267 [INFO] PluginManage:310 - Check plugin clock
2024-02-29 17:25:36,275 [INFO] PluginManage:359 - Loaded plugin clock (category:base,tabindex:2)
2024-02-29 17:25:36,275 [INFO] PluginManage:310 - Check plugin ddr
2024-02-29 17:25:36,277 [INFO] PluginManage:359 - Loaded plugin ddr (category:tool,tabindex:6)
2024-02-29 17:25:36,277 [INFO] PluginManage:310 - Check plugin filemanager
2024-02-29 17:25:36,449 [INFO] PluginManage:359 - Loaded plugin filemanager (category:base,tabindex:10)
2024-02-29 17:25:36,449 [INFO] PluginManage:310 - Check plugin ipmanager
2024-02-29 17:25:36,460 [INFO] PluginManage:359 - Loaded plugin ipmanager (category:base,tabindex:5)
2024-02-29 17:25:36,461 [INFO] PluginManage:310 - Check plugin lpbam
2024-02-29 17:25:36,474 [INFO] PluginManage:359 - Loaded plugin lpbam (category:base,tabindex:0)
2024-02-29 17:25:36,474 [INFO] PluginManage:310 - Check plugin memorymap
2024-02-29 17:25:36,492 [INFO] PluginManage:359 - Loaded plugin memorymap (category:base,tabindex:4)
2024-02-29 17:25:36,492 [INFO] PluginManage:310 - Check plugin pinoutandconfiguration
2024-02-29 17:25:36,497 [INFO] PluginManage:359 - Loaded plugin pinoutandconfiguration (category:base,tabindex:1)
2024-02-29 17:25:36,498 [INFO] PluginManage:310 - Check plugin pinoutconfig
2024-02-29 17:25:36,580 [WARN] SupportedApi:132 - Cannot load RTOS API schema: s4s-elt-must-match.1: The content of 'definitions' must match (annotation?, (simpleType | complexType)?, (unique | key | keyref)*)). A problem was found starting at: attribute.
2024-02-29 17:25:36,694 [INFO] PluginManage:359 - Loaded plugin pinoutconfig (category:base,tabindex:0)
2024-02-29 17:25:36,694 [INFO] PluginManage:310 - Check plugin power
2024-02-29 17:25:36,708 [INFO] PluginManage:359 - Loaded plugin power (category:power,tabindex:4)
2024-02-29 17:25:36,708 [INFO] PluginManage:310 - Check plugin projectmanager
2024-02-29 17:25:36,731 [INFO] PluginManage:359 - Loaded plugin projectmanager (category:projectmanager,tabindex:3)
2024-02-29 17:25:36,731 [INFO] PluginManage:310 - Check plugin thirdparty
2024-02-29 17:25:36,893 [INFO] PluginManage:359 - Loaded plugin thirdparty (category:base,tabindex:-1)
2024-02-29 17:25:36,894 [INFO] PluginManage:310 - Check plugin tools
2024-02-29 17:25:36,899 [INFO] PluginManage:359 - Loaded plugin tools (category:base,tabindex:7)
2024-02-29 17:25:36,893 [WARN] IntegrityCheckThread:84 - waiting for thirdparty lock release [integrity check]
2024-02-29 17:25:36,899 [INFO] PluginManage:310 - Check plugin tutovideos
2024-02-29 17:25:36,899 [INFO] IntegrityCheckThread:86 - entering critical section [integrity check]
2024-02-29 17:25:36,899 [INFO] ThirdPartyUpdaterWithRetryManager:70 - Updater plugin not ready yet. [1/15]
2024-02-29 17:25:37,204 [INFO] PluginManage:359 - Loaded plugin tutovideos (category:base,tabindex:-1)
2024-02-29 17:25:37,204 [INFO] PluginManage:310 - Check plugin updater
2024-02-29 17:25:37,214 [INFO] PluginManage:359 - Loaded plugin updater (category:base,tabindex:12)
2024-02-29 17:25:37,214 [INFO] PluginManage:310 - Check plugin userauth
2024-02-29 17:25:37,219 [INFO] UserAuth:114 - Init User Auth plugin
2024-02-29 17:25:37,220 [INFO] PluginManage:359 - Loaded plugin userauth (category:base,tabindex:14)
2024-02-29 17:25:37,222 [INFO] PluginManage:283 - PluginManage : Loaded plugins [17]
2024-02-29 17:25:37,425 [INFO] PinOutPanel:1499 - setPackage(No Configuration,No Configuration)
2024-02-29 17:25:37,503 [INFO] CADModel:165 - CPN selected for project level
2024-02-29 17:25:37,503 [INFO] CADModel:114 - Register for checkConnection events
2024-02-29 17:25:37,517 [INFO] IPUIPlugin:80 - create IPUIPlugin
2024-02-29 17:25:37,518 [INFO] PluginManager:220 - loadIPPluginJar : add adc
2024-02-29 17:25:37,520 [INFO] IPUIPlugin:80 - create IPUIPlugin
2024-02-29 17:25:37,520 [INFO] PluginManager:220 - loadIPPluginJar : add aes
2024-02-29 17:25:37,522 [INFO] IPUIPlugin:80 - create IPUIPlugin
2024-02-29 17:25:37,522 [INFO] PluginManager:220 - loadIPPluginJar : add can
2024-02-29 17:25:37,523 [INFO] IPUIPlugin:80 - create IPUIPlugin
2024-02-29 17:25:37,523 [INFO] PluginManager:220 - loadIPPluginJar : add comp
2024-02-29 17:25:37,525 [INFO] IPUIPlugin:80 - create IPUIPlugin
2024-02-29 17:25:37,525 [INFO] PluginManager:220 - loadIPPluginJar : add cryp
2024-02-29 17:25:37,527 [INFO] IPUIPlugin:80 - create IPUIPlugin
2024-02-29 17:25:37,527 [INFO] PluginManager:220 - loadIPPluginJar : add dfsdm
2024-02-29 17:25:37,532 [INFO] IPUIPlugin:80 - create IPUIPlugin
2024-02-29 17:25:37,532 [INFO] PluginManager:220 - loadIPPluginJar : add dma
2024-02-29 17:25:37,534 [INFO] IPUIPlugin:80 - create IPUIPlugin
2024-02-29 17:25:37,534 [INFO] PluginManager:220 - loadIPPluginJar : add dma3
2024-02-29 17:25:37,536 [INFO] IPUIPlugin:80 - create IPUIPlugin
2024-02-29 17:25:37,536 [INFO] PluginManager:220 - loadIPPluginJar : add fatfs
2024-02-29 17:25:37,539 [INFO] IPUIPlugin:80 - create IPUIPlugin
2024-02-29 17:25:37,539 [INFO] PluginManager:220 - loadIPPluginJar : add fmc
2024-02-29 17:25:37,544 [INFO] IPUIPlugin:80 - create IPUIPlugin
2024-02-29 17:25:37,544 [INFO] PluginManager:220 - loadIPPluginJar : add freertos
2024-02-29 17:25:37,545 [INFO] IPUIPlugin:80 - create IPUIPlugin
2024-02-29 17:25:37,545 [INFO] PluginManager:220 - loadIPPluginJar : add genericplugin
2024-02-29 17:25:37,547 [INFO] IPUIPlugin:80 - create IPUIPlugin
2024-02-29 17:25:37,548 [INFO] PluginManager:220 - loadIPPluginJar : add gfxmmu
2024-02-29 17:25:37,551 [INFO] IPUIPlugin:80 - create IPUIPlugin
2024-02-29 17:25:37,551 [INFO] PluginManager:220 - loadIPPluginJar : add gic
2024-02-29 17:25:37,554 [INFO] IPUIPlugin:80 - create IPUIPlugin
2024-02-29 17:25:37,554 [INFO] PluginManager:220 - loadIPPluginJar : add gpio
2024-02-29 17:25:37,556 [INFO] IPUIPlugin:80 - create IPUIPlugin
2024-02-29 17:25:37,557 [INFO] PluginManager:220 - loadIPPluginJar : add gtzc
2024-02-29 17:25:37,559 [INFO] IPUIPlugin:80 - create IPUIPlugin
2024-02-29 17:25:37,559 [INFO] PluginManager:220 - loadIPPluginJar : add hash
2024-02-29 17:25:37,561 [INFO] IPUIPlugin:80 - create IPUIPlugin
2024-02-29 17:25:37,561 [INFO] PluginManager:220 - loadIPPluginJar : add i2c
2024-02-29 17:25:37,563 [INFO] IPUIPlugin:80 - create IPUIPlugin
2024-02-29 17:25:37,563 [INFO] PluginManager:220 - loadIPPluginJar : add i2s
2024-02-29 17:25:37,565 [INFO] IPUIPlugin:80 - create IPUIPlugin
2024-02-29 17:25:37,565 [INFO] PluginManager:220 - loadIPPluginJar : add i3c
2024-02-29 17:25:37,569 [INFO] IPUIPlugin:80 - create IPUIPlugin
2024-02-29 17:25:37,569 [INFO] PluginManager:220 - loadIPPluginJar : add ipddr
2024-02-29 17:25:37,576 [INFO] IPUIPlugin:80 - create IPUIPlugin
2024-02-29 17:25:37,576 [INFO] PluginManager:220 - loadIPPluginJar : add linkedlist
2024-02-29 17:25:37,579 [INFO] IPUIPlugin:80 - create IPUIPlugin
2024-02-29 17:25:37,579 [INFO] PluginManager:220 - loadIPPluginJar : add lorawan
2024-02-29 17:25:37,580 [INFO] IPUIPlugin:80 - create IPUIPlugin
2024-02-29 17:25:37,581 [INFO] PluginManager:220 - loadIPPluginJar : add ltdc
2024-02-29 17:25:37,585 [INFO] IPUIPlugin:80 - create IPUIPlugin
2024-02-29 17:25:37,585 [INFO] PluginManager:220 - loadIPPluginJar : add mdma
2024-02-29 17:25:37,589 [INFO] IPUIPlugin:80 - create IPUIPlugin
2024-02-29 17:25:37,589 [INFO] PluginManager:220 - loadIPPluginJar : add nvic
2024-02-29 17:25:37,592 [INFO] IPUIPlugin:80 - create IPUIPlugin
2024-02-29 17:25:37,592 [INFO] PluginManager:220 - loadIPPluginJar : add opamp
2024-02-29 17:25:37,594 [INFO] IPUIPlugin:80 - create IPUIPlugin
2024-02-29 17:25:37,595 [INFO] PluginManager:220 - loadIPPluginJar : add openamp
2024-02-29 17:25:37,597 [INFO] IPUIPlugin:80 - create IPUIPlugin
2024-02-29 17:25:37,598 [INFO] PluginManager:220 - loadIPPluginJar : add pdm2pcm
2024-02-29 17:25:37,603 [INFO] IPUIPlugin:80 - create IPUIPlugin
2024-02-29 17:25:37,606 [INFO] PluginManager:220 - loadIPPluginJar : add plateformsettings
2024-02-29 17:25:37,607 [INFO] IPUIPlugin:80 - create IPUIPlugin
2024-02-29 17:25:37,607 [INFO] PluginManager:220 - loadIPPluginJar : add quadspi
2024-02-29 17:25:37,611 [INFO] IPUIPlugin:80 - create IPUIPlugin
2024-02-29 17:25:37,611 [INFO] PluginManager:220 - loadIPPluginJar : add resmgrutility
2024-02-29 17:25:37,613 [INFO] IPUIPlugin:80 - create IPUIPlugin
2024-02-29 17:25:37,613 [INFO] PluginManager:220 - loadIPPluginJar : add sai
2024-02-29 17:25:37,615 [INFO] IPUIPlugin:80 - create IPUIPlugin
2024-02-29 17:25:37,615 [INFO] PluginManager:220 - loadIPPluginJar : add spi
2024-02-29 17:25:37,620 [INFO] IPUIPlugin:80 - create IPUIPlugin
2024-02-29 17:25:37,620 [INFO] PluginManager:220 - loadIPPluginJar : add stm32_wpan
2024-02-29 17:25:37,622 [INFO] IPUIPlugin:80 - create IPUIPlugin
2024-02-29 17:25:37,622 [INFO] PluginManager:220 - loadIPPluginJar : add tim
2024-02-29 17:25:37,625 [INFO] IPUIPlugin:80 - create IPUIPlugin
2024-02-29 17:25:37,625 [INFO] PluginManager:220 - loadIPPluginJar : add touchsensing
2024-02-29 17:25:37,627 [INFO] IPUIPlugin:80 - create IPUIPlugin
2024-02-29 17:25:37,627 [INFO] PluginManager:220 - loadIPPluginJar : add tracer_emb
2024-02-29 17:25:37,628 [INFO] IPUIPlugin:80 - create IPUIPlugin
2024-02-29 17:25:37,628 [INFO] PluginManager:220 - loadIPPluginJar : add ts
2024-02-29 17:25:37,629 [INFO] IPUIPlugin:80 - create IPUIPlugin
2024-02-29 17:25:37,629 [INFO] PluginManager:220 - loadIPPluginJar : add tsc
2024-02-29 17:25:37,631 [INFO] IPUIPlugin:80 - create IPUIPlugin
2024-02-29 17:25:37,631 [INFO] PluginManager:220 - loadIPPluginJar : add ucpd
2024-02-29 17:25:37,633 [INFO] IPUIPlugin:80 - create IPUIPlugin
2024-02-29 17:25:37,633 [INFO] PluginManager:220 - loadIPPluginJar : add usart
2024-02-29 17:25:37,635 [INFO] IPUIPlugin:80 - create IPUIPlugin
2024-02-29 17:25:37,635 [INFO] PluginManager:220 - loadIPPluginJar : add usbx
2024-02-29 17:25:37,757 [INFO] CADModel:165 - CPN selected for project level
2024-02-29 17:25:37,758 [INFO] CADModel:114 - Register for checkConnection events
2024-02-29 17:25:37,758 [FATAL] Updater:308 - Updater called before beeing initialized
2024-02-29 17:25:37,758 [ERROR] CADModel:125 - Updater not yet initialized, retry later 
2024-02-29 17:25:37,880 [INFO] CADModel:165 - CPN selected for project level
2024-02-29 17:25:37,880 [INFO] CADModel:114 - Register for checkConnection events
2024-02-29 17:25:37,880 [FATAL] Updater:308 - Updater called before beeing initialized
2024-02-29 17:25:37,880 [ERROR] CADModel:125 - Updater not yet initialized, retry later 
2024-02-29 17:25:37,882 [FATAL] Updater:308 - Updater called before beeing initialized
2024-02-29 17:25:38,007 [FATAL] Updater:308 - Updater called before beeing initialized
2024-02-29 17:25:38,010 [INFO] DbMcusAds:53 - JSON generation date=Wed Nov 29 17:52:27 ICT 2023 (1701255147349)
2024-02-29 17:25:38,011 [FATAL] Updater:308 - Updater called before beeing initialized
2024-02-29 17:25:38,046 [WARN] DetailPanel:346 - Failed to get advertising image, set to default
2024-02-29 17:25:38,126 [FATAL] Updater:308 - Updater called before beeing initialized
2024-02-29 17:25:38,130 [FATAL] Updater:308 - Updater called before beeing initialized
2024-02-29 17:25:38,130 [FATAL] Updater:308 - Updater called before beeing initialized
2024-02-29 17:25:38,130 [WARN] DetailPanel:346 - Failed to get advertising image, set to default
2024-02-29 17:25:38,131 [FATAL] Updater:308 - Updater called before beeing initialized
2024-02-29 17:25:38,185 [ERROR] Updater:1120 - MainUpdater not yet initialized. External WinMGr cannot be set.
2024-02-29 17:25:38,187 [INFO] Updater:1056 - Updater Version found : 6.10.0
2024-02-29 17:25:38,209 [INFO] ApplicationProperties:184 - Using Application install path: G:\stm32cubeide\stm32cubeide114\STM32CubeIDE_1.14.0\STM32CubeIDE\plugins\com.st.stm32cube.common.mx_6.10.0.202311202037
2024-02-29 17:25:38,592 [INFO] MainUpdater:2873 - connection check result : 10
2024-02-29 17:25:38,593 [INFO] MainUpdater:290 - Updater Check For Update Now.
2024-02-29 17:25:38,593 [INFO] MicroXplorer:498 - Change Database Version : DB.6.0.100
2024-02-29 17:25:38,599 [INFO] McuFinderGlobals:63 - Set McuFinder mode to 2 (CubeIDE integrated)
2024-02-29 17:25:38,781 [INFO] CheckServerUpdateThread:120 - End of CheckServer Thread
2024-02-29 17:25:39,710 [INFO] UserAuth:404 - Internet connection configuration mode: 1
2024-02-29 17:25:39,727 [INFO] JxBrowserEngine:152 - Initiate JxBrowser Engine with user profile folder
2024-02-29 17:25:40,113 [WARN] PackLoader:240 - Cannot read IP mode file for STMicroelectronics.X-CUBE-SMBUS.2.1.0
2024-02-29 17:25:40,120 [WARN] PackLoader:240 - Cannot read IP mode file for STMicroelectronics.X-CUBE-TOUCHGFX.4.23.0
2024-02-29 17:25:40,146 [WARN] PackLoader:240 - Cannot read IP mode file for STMicroelectronics.X-CUBE-AZRTOS-F7.1.1.0
2024-02-29 17:25:40,157 [WARN] PackLoader:240 - Cannot read IP mode file for STMicroelectronics.FP-SNS-MOTENV1.4.3.2
2024-02-29 17:25:40,165 [WARN] PackLoader:240 - Cannot read IP mode file for STMicroelectronics.FP-SNS-FLIGHT1.5.0.2
2024-02-29 17:25:40,177 [WARN] PackLoader:240 - Cannot read IP mode file for STMicroelectronics.X-CUBE-DISPLAY.3.0.0
2024-02-29 17:25:40,189 [WARN] PackLoader:240 - Cannot read IP mode file for STMicroelectronics.X-CUBE-BLE1.7.0.0
2024-02-29 17:25:40,196 [WARN] PackLoader:240 - Cannot read IP mode file for emotas.I-CUBE-CANOPEN.1.3.0
2024-02-29 17:25:40,209 [WARN] PackLoader:240 - Cannot read IP mode file for STMicroelectronics.X-CUBE-TOUCHGFX.4.22.1
2024-02-29 17:25:40,219 [WARN] PackLoader:240 - Cannot read IP mode file for STMicroelectronics.X-CUBE-BLEMGR.3.1.0
2024-02-29 17:25:40,232 [WARN] PackLoader:240 - Cannot read IP mode file for STMicroelectronics.FP-SNS-SMARTAG2.1.2.0
2024-02-29 17:25:40,247 [INFO] LogOutputStream:77 - [STDOUT_REDIRECT] 1 : Invalid condition id : UX_CORESTACK_Condition cause : null
2024-02-29 17:25:40,247 [INFO] LogOutputStream:77 - [STDOUT_REDIRECT] 1 : Invalid condition id : UX_CORESTACK_Condition cause : null
2024-02-29 17:25:40,249 [INFO] LogOutputStream:77 - [STDOUT_REDIRECT] 1 : Invalid condition id : UX_CORESTACK_Condition cause : null
2024-02-29 17:25:40,250 [INFO] LogOutputStream:77 - [STDOUT_REDIRECT] 1 : Invalid condition id : UX_CORESTACK_Condition cause : null
2024-02-29 17:25:40,251 [INFO] LogOutputStream:77 - [STDOUT_REDIRECT] 1 : Invalid condition id : UX_CORESTACK_Condition cause : null
2024-02-29 17:25:40,256 [WARN] PackLoader:240 - Cannot read IP mode file for STMicroelectronics.X-CUBE-AZRTOS-WL.2.0.0
2024-02-29 17:25:40,325 [WARN] PackLoader:240 - Cannot read IP mode file for WES.I-CUBE-Cesium.1.3.0
2024-02-29 17:25:40,331 [WARN] PackLoader:240 - Cannot read IP mode file for STMicroelectronics.X-CUBE-BLE2.3.3.0
2024-02-29 17:25:40,339 [WARN] PackLoader:240 - Cannot read IP mode file for STMicroelectronics.X-CUBE-ALGOBUILD.1.3.0
2024-02-29 17:25:40,353 [WARN] PackLoader:240 - Cannot read IP mode file for STMicroelectronics.X-CUBE-AZRTOS-G0.1.1.0
2024-02-29 17:25:40,363 [WARN] PackLoader:240 - Cannot read IP mode file for STMicroelectronics.X-CUBE-NFC4.3.0.0
2024-02-29 17:25:40,375 [WARN] PackLoader:240 - Cannot read IP mode file for STMicroelectronics.X-CUBE-BLEMGR.3.0.0
2024-02-29 17:25:40,397 [WARN] PackLoader:240 - Cannot read IP mode file for STMicroelectronics.FP-ATR-SIGFOX1.3.2.0
2024-02-29 17:25:40,515 [WARN] PackLoader:240 - Cannot read IP mode file for STMicroelectronics.X-CUBE-EEPRMA1.5.1.0
2024-02-29 17:25:40,546 [WARN] PackLoader:240 - Cannot read IP mode file for SEGGER.I-CUBE-embOS.1.3.1
2024-02-29 17:25:40,587 [WARN] PackLoader:240 - Cannot read IP mode file for STMicroelectronics.X-CUBE-GNSS1.6.0.0
2024-02-29 17:25:40,600 [WARN] PackLoader:240 - Cannot read IP mode file for STMicroelectronics.X-CUBE-AZRTOS-F4.1.1.0
2024-02-29 17:25:40,606 [WARN] PackLoader:240 - Cannot read IP mode file for wolfSSL.I-CUBE-wolfSSL.5.6.3
2024-02-29 17:25:40,620 [WARN] PackLoader:240 - Cannot read IP mode file for STMicroelectronics.X-CUBE-AZRTOS-L5.2.0.0
2024-02-29 17:25:40,732 [WARN] PackLoader:240 - Cannot read IP mode file for STMicroelectronics.X-CUBE-MEMS1.9.6.0
2024-02-29 17:25:41,038 [WARN] PackLoader:240 - Cannot read IP mode file for STMicroelectronics.X-CUBE-EEPRMA1.4.2.0
2024-02-29 17:25:41,044 [WARN] PackLoader:240 - Cannot read IP mode file for ITTIA_DB.I-CUBE-ITTIADB.8.8.0
2024-02-29 17:25:41,051 [WARN] PackLoader:240 - Cannot read IP mode file for STMicroelectronics.X-CUBE-BLEMGR.2.0.0
2024-02-29 17:25:41,065 [INFO] WebApp:161 - Instantiating new browser for Auth
2024-02-29 17:25:41,067 [WARN] ConditionMgr:438 - getConditionDescription Invalid condition id : UX DEVICE CLASS RTOS Condition cause : null
2024-02-29 17:25:41,067 [WARN] ConditionMgr:438 - getConditionDescription Invalid condition id : UX DEVICE CLASS RTOS Condition cause : null
2024-02-29 17:25:41,070 [WARN] PackLoader:240 - Cannot read IP mode file for STMicroelectronics.X-CUBE-AZRTOS-H7.3.1.0
2024-02-29 17:25:41,071 [WARN] ConditionMgr:1039 - genDependencies : Invalid condition id : UX DEVICE CLASS RTOS Condition cause : null
2024-02-29 17:25:41,071 [WARN] ConditionMgr:1039 - genDependencies : Invalid condition id : UX DEVICE CLASS RTOS Condition cause : null
2024-02-29 17:25:41,071 [WARN] ConditionMgr:1039 - genDependencies : Invalid condition id : UX DEVICE CLASS RTOS Condition cause : null
2024-02-29 17:25:41,072 [WARN] ConditionMgr:1039 - genDependencies : Invalid condition id : UX DEVICE CLASS RTOS Condition cause : null
2024-02-29 17:25:41,072 [WARN] ConditionMgr:1039 - genDependencies : Invalid condition id : UX DEVICE CLASS RTOS Condition cause : null
2024-02-29 17:25:41,079 [WARN] PackLoader:240 - Cannot read IP mode file for STMicroelectronics.X-CUBE-NFC7.1.0.1
2024-02-29 17:25:41,095 [WARN] PackLoader:240 - Cannot read IP mode file for STMicroelectronics.X-CUBE-NFC6.3.0.0
2024-02-29 17:25:41,107 [WARN] PackLoader:240 - Cannot read IP mode file for STMicroelectronics.X-CUBE-EEPRMA1.4.1.0
2024-02-29 17:25:41,117 [WARN] PackLoader:240 - Cannot read IP mode file for STMicroelectronics.X-CUBE-AI.8.1.0
2024-02-29 17:25:41,154 [WARN] ConditionMgr:438 - getConditionDescription Invalid condition id : LAN8742 Phy interface Condition cause : null
2024-02-29 17:25:41,155 [WARN] PackLoader:240 - Cannot read IP mode file for STMicroelectronics.X-CUBE-AZRTOS-L4.2.0.0
2024-02-29 17:25:41,156 [WARN] ConditionMgr:1039 - genDependencies : Invalid condition id : LAN8742 Phy interface Condition cause : null
2024-02-29 17:25:41,157 [WARN] ConditionMgr:1039 - genDependencies : Invalid condition id : LAN8742 Phy interface Condition cause : null
2024-02-29 17:25:41,157 [WARN] ConditionMgr:1039 - genDependencies : Invalid condition id : LAN8742 Phy interface Condition cause : null
2024-02-29 17:25:41,168 [WARN] PackLoader:240 - Cannot read IP mode file for STMicroelectronics.X-CUBE-SFXS2LP1.4.0.0
2024-02-29 17:25:41,179 [WARN] PackLoader:240 - Cannot read IP mode file for STMicroelectronics.X-CUBE-ISPU.1.1.0
2024-02-29 17:25:41,205 [WARN] ConditionMgr:438 - getConditionDescription Invalid condition id : UX DEVICE CLASS RTOS Condition cause : null
2024-02-29 17:25:41,207 [WARN] ConditionMgr:438 - getConditionDescription Invalid condition id : UX DEVICE CLASS RTOS Condition cause : null
2024-02-29 17:25:41,212 [WARN] PackLoader:240 - Cannot read IP mode file for STMicroelectronics.X-CUBE-AZRTOS-WB.2.0.0
2024-02-29 17:25:41,216 [WARN] ConditionMgr:1039 - genDependencies : Invalid condition id : UX DEVICE CLASS RTOS Condition cause : null
2024-02-29 17:25:41,217 [WARN] ConditionMgr:1039 - genDependencies : Invalid condition id : UX DEVICE CLASS RTOS Condition cause : null
2024-02-29 17:25:41,218 [WARN] ConditionMgr:1039 - genDependencies : Invalid condition id : UX DEVICE CLASS RTOS Condition cause : null
2024-02-29 17:25:41,219 [WARN] ConditionMgr:1039 - genDependencies : Invalid condition id : UX DEVICE CLASS RTOS Condition cause : null
2024-02-29 17:25:41,219 [WARN] ConditionMgr:1039 - genDependencies : Invalid condition id : UX DEVICE CLASS RTOS Condition cause : null
2024-02-29 17:25:41,256 [WARN] PackLoader:240 - Cannot read IP mode file for STMicroelectronics.X-CUBE-SUBG2.5.0.0
2024-02-29 17:25:41,307 [WARN] PackLoader:240 - Cannot read IP mode file for STMicroelectronics.X-CUBE-TOF1.3.3.1
2024-02-29 17:25:41,344 [WARN] PackLoader:240 - Cannot read IP mode file for STMicroelectronics.X-CUBE-AZRTOS-G4.2.0.0
2024-02-29 17:25:41,363 [WARN] PackLoader:240 - Cannot read IP mode file for Infineon.AIROC-Wi-Fi-Bluetooth-STM32.1.5.1
2024-02-29 17:25:41,373 [WARN] PackLoader:240 - Cannot read IP mode file for STMicroelectronics.FP-SNS-MOTENVWB1.1.3.0
2024-02-29 17:25:41,379 [WARN] PackLoader:240 - Cannot read IP mode file for STMicroelectronics.FP-SNS-MOTENVWB1.1.3.1
2024-02-29 17:25:41,385 [WARN] PackLoader:240 - Cannot read IP mode file for STMicroelectronics.X-CUBE-ISPU.2.0.0
2024-02-29 17:25:41,416 [WARN] PackLoader:240 - Cannot read IP mode file for STMicroelectronics.X-CUBE-MEMS1.10.0.0
2024-02-29 17:25:41,535 [WARN] PackLoader:240 - Cannot read IP mode file for STMicroelectronics.X-CUBE-FREERTOS.1.1.0
2024-02-29 17:25:41,540 [WARN] PackLoader:240 - Cannot read IP mode file for portGmbH.I-Cube-SoM-uGOAL.1.1.0
2024-02-29 17:25:41,543 [WARN] PackLoader:240 - Cannot read IP mode file for STMicroelectronics.X-CUBE-ALS.1.0.1
2024-02-29 17:25:41,547 [WARN] PackLoader:240 - Cannot read IP mode file for STMicroelectronics.FP-ATR-ASTRA1.2.0.0
2024-02-29 17:25:41,554 [WARN] PackLoader:240 - Cannot read IP mode file for STMicroelectronics.X-CUBE-TOF1.3.4.0
2024-02-29 17:25:41,574 [WARN] PackLoader:240 - Cannot read IP mode file for STMicroelectronics.X-CUBE-AZRTOS-H7.3.2.0
2024-02-29 17:25:41,576 [INFO] ThirdParty:978 - Integrity check success = true
2024-02-29 17:25:41,577 [INFO] IntegrityCheckThread:100 - exiting critical section [integrity check]
2024-02-29 17:25:41,577 [INFO] IntegrityCheckThread:103 - End integrity checks thread
2024-02-29 17:25:41,891 [INFO] WebApp:780 - Register for checkConnection events
2024-02-29 17:25:41,891 [INFO] WebApp:414 - Apply proxy settings
2024-02-29 17:25:41,892 [INFO] WebApp:499 - Chromium requires no authentication
2024-02-29 17:25:41,900 [INFO] WebApp:442 - Direct internet connection detected
2024-02-29 17:25:42,096 [INFO] WebApp:192 - Starting web application
2024-02-29 17:25:42,097 [INFO] WebApp:544 - Web application path used G:\stm32cubeide\stm32cubeide114\STM32CubeIDE_1.14.0\STM32CubeIDE\plugins\com.st.stm32cube.common.mx_6.10.0.202311202037\db\plugins\mcufinder\reactClient1\index.html
2024-02-29 17:26:03,217 [ERROR] LogOutputStream:75 - [STDERR_REDIRECT] SLF4J: Failed to load class "org.slf4j.impl.StaticLoggerBinder".
2024-02-29 17:26:03,220 [ERROR] LogOutputStream:75 - [STDERR_REDIRECT] SLF4J: Defaulting to no-operation (NOP) logger implementation
2024-02-29 17:26:03,221 [ERROR] LogOutputStream:75 - [STDERR_REDIRECT] SLF4J: See http://www.slf4j.org/codes.html#StaticLoggerBinder for further details.
2024-02-29 17:49:17,271 [ERROR] LogOutputStream:75 - [STDERR_REDIRECT] 
