2024-04-11 17:07:01,697 [INFO] Activator:176 - 


2024-04-11 17:07:01,705 [INFO] Activator:177 - !SESSION log4j initialized
2024-04-11 17:07:08,952 [INFO] LogOutputStream:77 - [STDOUT_REDIRECT] 
2024-04-11 17:07:15,485 [INFO] ApplicationProperties:184 - Using Application install path: G:\stm32cubeide\stm32cubeide114\STM32CubeIDE_1.14.0\STM32CubeIDE\plugins\com.st.stm32cube.common.mx_6.10.0.202311202037
2024-04-11 17:07:15,504 [INFO] DbMcusXml:78 - Set database path to: G:\stm32cubeide\stm32cubeide114\STM32CubeIDE_1.14.0\STM32CubeIDE\plugins\com.st.stm32cube.common.mx_6.10.0.202311202037\\db\/mcu/
2024-04-11 17:07:15,504 [INFO] ApiDb:274 - Set plugin database path to: G:\stm32cubeide\stm32cubeide114\STM32CubeIDE_1.14.0\STM32CubeIDE\plugins\com.st.stm32cube.common.mx_6.10.0.202311202037\\db\/plugins/boardmanager/
2024-04-11 17:07:15,505 [WARN] ApiDb:259 - Overriding images path with different value:  => G:\stm32cubeide\stm32cubeide114\STM32CubeIDE_1.14.0\STM32CubeIDE\plugins\com.st.stm32cube.common.mx_6.10.0.202311202037\\db\/plugins/mcufinder/images/
2024-04-11 17:07:15,519 [INFO] ApiDb:250 - Set database path to: C:\Users\Nghia\.stmcufinder\plugins\mcufinder//mcu/
2024-04-11 17:07:15,520 [INFO] DbMcusAds:125 - Set database path to: C:\Users\Nghia\.stmcufinder\plugins\mcufinder//mcu/
2024-04-11 17:07:15,523 [INFO] CrossReferenceDbSqlite:203 - Set database path to: C:\Users\Nghia\.stmcufinder\plugins\mcufinder//mcu/cs/
2024-04-11 17:07:15,638 [INFO] RulesReader:64 - Compatibility file has been processed (297 Rules)
2024-04-11 17:07:15,720 [INFO] DbMcusXml:78 - Set database path to: G:\stm32cubeide\stm32cubeide114\STM32CubeIDE_1.14.0\STM32CubeIDE\plugins\com.st.stm32cube.common.mx_6.10.0.202311202037\\db\/mcu/
2024-04-11 17:07:15,721 [INFO] ApiDb:274 - Set plugin database path to: G:\stm32cubeide\stm32cubeide114\STM32CubeIDE_1.14.0\STM32CubeIDE\plugins\com.st.stm32cube.common.mx_6.10.0.202311202037\\db\/plugins/boardmanager/
2024-04-11 17:07:15,721 [INFO] ApiDb:261 - Set plugin images path to: G:\stm32cubeide\stm32cubeide114\STM32CubeIDE_1.14.0\STM32CubeIDE\plugins\com.st.stm32cube.common.mx_6.10.0.202311202037\\db\/plugins/mcufinder/images/
2024-04-11 17:07:15,721 [WARN] DbFile:41 - Overriding database path with different value: C:\Users\Nghia\.stmcufinder\plugins\mcufinder/ => C:\Users\Nghia\.stmcufinder\plugins\mcufinder
2024-04-11 17:07:15,721 [INFO] ApiDb:250 - Set database path to: C:\Users\Nghia\.stmcufinder\plugins\mcufinder//mcu/
2024-04-11 17:07:15,721 [WARN] DbFile:41 - Overriding database path with different value: C:\Users\Nghia\.stmcufinder\plugins\mcufinder/ => C:\Users\Nghia\.stmcufinder\plugins\mcufinder
2024-04-11 17:07:15,721 [INFO] DbMcusAds:125 - Set database path to: C:\Users\Nghia\.stmcufinder\plugins\mcufinder//mcu/
2024-04-11 17:07:15,721 [WARN] DbFile:41 - Overriding database path with different value: C:\Users\Nghia\.stmcufinder\plugins\mcufinder/ => C:\Users\Nghia\.stmcufinder\plugins\mcufinder
2024-04-11 17:07:15,721 [WARN] DbFile:41 - Overriding database path with different value: C:\Users\Nghia\.stmcufinder\plugins\mcufinder/ => C:\Users\Nghia\.stmcufinder\plugins\mcufinder
2024-04-11 17:07:15,722 [INFO] CrossReferenceDbSqlite:203 - Set database path to: C:\Users\Nghia\.stmcufinder\plugins\mcufinder//mcu/cs/
2024-04-11 17:07:15,799 [INFO] MainPanel:264 - HeapMemory: 268435456
2024-04-11 17:07:15,908 [INFO] DbMcusXml:78 - Set database path to: G:\stm32cubeide\stm32cubeide114\STM32CubeIDE_1.14.0\STM32CubeIDE\plugins\com.st.stm32cube.common.mx_6.10.0.202311202037\\db\/mcu/
2024-04-11 17:07:15,908 [INFO] ApiDb:274 - Set plugin database path to: G:\stm32cubeide\stm32cubeide114\STM32CubeIDE_1.14.0\STM32CubeIDE\plugins\com.st.stm32cube.common.mx_6.10.0.202311202037\\db\/plugins/boardmanager/
2024-04-11 17:07:15,908 [INFO] ApiDb:261 - Set plugin images path to: G:\stm32cubeide\stm32cubeide114\STM32CubeIDE_1.14.0\STM32CubeIDE\plugins\com.st.stm32cube.common.mx_6.10.0.202311202037\\db\/plugins/mcufinder/images/
2024-04-11 17:07:15,908 [WARN] DbFile:41 - Overriding database path with different value: C:\Users\Nghia\.stmcufinder\plugins\mcufinder/ => C:\Users\Nghia\.stmcufinder\plugins\mcufinder
2024-04-11 17:07:15,908 [INFO] ApiDb:250 - Set database path to: C:\Users\Nghia\.stmcufinder\plugins\mcufinder//mcu/
2024-04-11 17:07:15,908 [WARN] DbFile:41 - Overriding database path with different value: C:\Users\Nghia\.stmcufinder\plugins\mcufinder/ => C:\Users\Nghia\.stmcufinder\plugins\mcufinder
2024-04-11 17:07:15,908 [INFO] DbMcusAds:125 - Set database path to: C:\Users\Nghia\.stmcufinder\plugins\mcufinder//mcu/
2024-04-11 17:07:15,908 [WARN] DbFile:41 - Overriding database path with different value: C:\Users\Nghia\.stmcufinder\plugins\mcufinder/ => C:\Users\Nghia\.stmcufinder\plugins\mcufinder
2024-04-11 17:07:15,908 [WARN] DbFile:41 - Overriding database path with different value: C:\Users\Nghia\.stmcufinder\plugins\mcufinder/ => C:\Users\Nghia\.stmcufinder\plugins\mcufinder
2024-04-11 17:07:15,908 [INFO] CrossReferenceDbSqlite:203 - Set database path to: C:\Users\Nghia\.stmcufinder\plugins\mcufinder//mcu/cs/
2024-04-11 17:07:15,929 [INFO] ApplicationProperties:184 - Using Application install path: G:\stm32cubeide\stm32cubeide114\STM32CubeIDE_1.14.0\STM32CubeIDE\plugins\com.st.stm32cube.common.mx_6.10.0.202311202037
2024-04-11 17:07:15,932 [INFO] PluginManage:196 - Search for loadable plugins [exclusion list=, ]
2024-04-11 17:07:15,934 [INFO] PluginManage:310 - Check plugin analytics
2024-04-11 17:07:21,072 [INFO] AnalyticsPlugin:253 - Accepted Software Licenses: STM32CubeMX.6.8.0,STM32CubeMX.6.1.1
2024-04-11 17:07:21,072 [INFO] AnalyticsPlugin:255 - Accepted CMSIS Pack Licenses: 
2024-04-11 17:07:21,072 [INFO] AnalyticsPlugin:257 - Accepted Firmware Licenses: FW.F4.1.27.0,FW.F4.1.28.0
2024-04-11 17:07:21,074 [INFO] PluginManage:359 - Loaded plugin analytics (category:tool,tabindex:-1)
2024-04-11 17:07:21,075 [INFO] PluginManage:310 - Check plugin cadmodel
2024-04-11 17:07:21,089 [INFO] CADModel:105 - Init CAD model plugin
2024-04-11 17:07:21,089 [INFO] PluginManage:359 - Loaded plugin cadmodel (category:power,tabindex:5)
2024-04-11 17:07:21,089 [INFO] PluginManage:310 - Check plugin clock
2024-04-11 17:07:21,109 [INFO] PluginManage:359 - Loaded plugin clock (category:base,tabindex:2)
2024-04-11 17:07:21,110 [INFO] PluginManage:310 - Check plugin ddr
2024-04-11 17:07:21,112 [INFO] PluginManage:359 - Loaded plugin ddr (category:tool,tabindex:6)
2024-04-11 17:07:21,112 [INFO] PluginManage:310 - Check plugin filemanager
2024-04-11 17:07:21,242 [INFO] PluginManage:359 - Loaded plugin filemanager (category:base,tabindex:10)
2024-04-11 17:07:21,242 [INFO] PluginManage:310 - Check plugin ipmanager
2024-04-11 17:07:21,249 [INFO] PluginManage:359 - Loaded plugin ipmanager (category:base,tabindex:5)
2024-04-11 17:07:21,249 [INFO] PluginManage:310 - Check plugin lpbam
2024-04-11 17:07:21,265 [INFO] PluginManage:359 - Loaded plugin lpbam (category:base,tabindex:0)
2024-04-11 17:07:21,265 [INFO] PluginManage:310 - Check plugin memorymap
2024-04-11 17:07:21,289 [INFO] PluginManage:359 - Loaded plugin memorymap (category:base,tabindex:4)
2024-04-11 17:07:21,289 [INFO] PluginManage:310 - Check plugin pinoutandconfiguration
2024-04-11 17:07:21,305 [INFO] PluginManage:359 - Loaded plugin pinoutandconfiguration (category:base,tabindex:1)
2024-04-11 17:07:21,305 [INFO] PluginManage:310 - Check plugin pinoutconfig
2024-04-11 17:07:21,428 [WARN] SupportedApi:132 - Cannot load RTOS API schema: s4s-elt-must-match.1: The content of 'definitions' must match (annotation?, (simpleType | complexType)?, (unique | key | keyref)*)). A problem was found starting at: attribute.
2024-04-11 17:07:21,652 [INFO] PluginManage:359 - Loaded plugin pinoutconfig (category:base,tabindex:0)
2024-04-11 17:07:21,652 [INFO] PluginManage:310 - Check plugin power
2024-04-11 17:07:21,671 [INFO] PluginManage:359 - Loaded plugin power (category:power,tabindex:4)
2024-04-11 17:07:21,671 [INFO] PluginManage:310 - Check plugin projectmanager
2024-04-11 17:07:21,695 [INFO] PluginManage:359 - Loaded plugin projectmanager (category:projectmanager,tabindex:3)
2024-04-11 17:07:21,696 [INFO] PluginManage:310 - Check plugin thirdparty
2024-04-11 17:07:22,098 [INFO] PluginManage:359 - Loaded plugin thirdparty (category:base,tabindex:-1)
2024-04-11 17:07:22,099 [INFO] PluginManage:310 - Check plugin tools
2024-04-11 17:07:22,098 [WARN] IntegrityCheckThread:84 - waiting for thirdparty lock release [integrity check]
2024-04-11 17:07:22,099 [INFO] IntegrityCheckThread:86 - entering critical section [integrity check]
2024-04-11 17:07:22,100 [INFO] ThirdPartyUpdaterWithRetryManager:70 - Updater plugin not ready yet. [1/15]
2024-04-11 17:07:22,155 [INFO] PluginManage:359 - Loaded plugin tools (category:base,tabindex:7)
2024-04-11 17:07:22,155 [INFO] PluginManage:310 - Check plugin tutovideos
2024-04-11 17:07:22,350 [INFO] PluginManage:359 - Loaded plugin tutovideos (category:base,tabindex:-1)
2024-04-11 17:07:22,350 [INFO] PluginManage:310 - Check plugin updater
2024-04-11 17:07:22,364 [INFO] PluginManage:359 - Loaded plugin updater (category:base,tabindex:12)
2024-04-11 17:07:22,364 [INFO] PluginManage:310 - Check plugin userauth
2024-04-11 17:07:22,370 [INFO] UserAuth:114 - Init User Auth plugin
2024-04-11 17:07:22,370 [INFO] PluginManage:359 - Loaded plugin userauth (category:base,tabindex:14)
2024-04-11 17:07:22,371 [INFO] PluginManage:283 - PluginManage : Loaded plugins [17]
2024-04-11 17:07:22,589 [INFO] PinOutPanel:1499 - setPackage(No Configuration,No Configuration)
2024-04-11 17:07:22,666 [INFO] CADModel:165 - CPN selected for project level
2024-04-11 17:07:22,666 [INFO] CADModel:114 - Register for checkConnection events
2024-04-11 17:07:22,690 [INFO] IPUIPlugin:80 - create IPUIPlugin
2024-04-11 17:07:22,690 [INFO] PluginManager:220 - loadIPPluginJar : add adc
2024-04-11 17:07:22,731 [INFO] IPUIPlugin:80 - create IPUIPlugin
2024-04-11 17:07:22,731 [INFO] PluginManager:220 - loadIPPluginJar : add aes
2024-04-11 17:07:22,769 [INFO] IPUIPlugin:80 - create IPUIPlugin
2024-04-11 17:07:22,769 [INFO] PluginManager:220 - loadIPPluginJar : add can
2024-04-11 17:07:22,789 [INFO] IPUIPlugin:80 - create IPUIPlugin
2024-04-11 17:07:22,789 [INFO] PluginManager:220 - loadIPPluginJar : add comp
2024-04-11 17:07:22,822 [INFO] IPUIPlugin:80 - create IPUIPlugin
2024-04-11 17:07:22,823 [INFO] PluginManager:220 - loadIPPluginJar : add cryp
2024-04-11 17:07:22,851 [INFO] IPUIPlugin:80 - create IPUIPlugin
2024-04-11 17:07:22,851 [INFO] PluginManager:220 - loadIPPluginJar : add dfsdm
2024-04-11 17:07:22,864 [INFO] IPUIPlugin:80 - create IPUIPlugin
2024-04-11 17:07:22,865 [INFO] PluginManager:220 - loadIPPluginJar : add dma
2024-04-11 17:07:22,908 [INFO] IPUIPlugin:80 - create IPUIPlugin
2024-04-11 17:07:22,908 [INFO] PluginManager:220 - loadIPPluginJar : add dma3
2024-04-11 17:07:22,926 [INFO] IPUIPlugin:80 - create IPUIPlugin
2024-04-11 17:07:22,926 [INFO] PluginManager:220 - loadIPPluginJar : add fatfs
2024-04-11 17:07:22,967 [INFO] IPUIPlugin:80 - create IPUIPlugin
2024-04-11 17:07:22,968 [INFO] PluginManager:220 - loadIPPluginJar : add fmc
2024-04-11 17:07:22,980 [INFO] IPUIPlugin:80 - create IPUIPlugin
2024-04-11 17:07:22,981 [INFO] PluginManager:220 - loadIPPluginJar : add freertos
2024-04-11 17:07:22,998 [INFO] IPUIPlugin:80 - create IPUIPlugin
2024-04-11 17:07:22,998 [INFO] PluginManager:220 - loadIPPluginJar : add genericplugin
2024-04-11 17:07:23,088 [INFO] IPUIPlugin:80 - create IPUIPlugin
2024-04-11 17:07:23,088 [INFO] PluginManager:220 - loadIPPluginJar : add gfxmmu
2024-04-11 17:07:23,212 [INFO] IPUIPlugin:80 - create IPUIPlugin
2024-04-11 17:07:23,212 [INFO] PluginManager:220 - loadIPPluginJar : add gic
2024-04-11 17:07:23,224 [INFO] IPUIPlugin:80 - create IPUIPlugin
2024-04-11 17:07:23,224 [INFO] PluginManager:220 - loadIPPluginJar : add gpio
2024-04-11 17:07:23,308 [INFO] IPUIPlugin:80 - create IPUIPlugin
2024-04-11 17:07:23,308 [INFO] PluginManager:220 - loadIPPluginJar : add gtzc
2024-04-11 17:07:23,337 [INFO] IPUIPlugin:80 - create IPUIPlugin
2024-04-11 17:07:23,337 [INFO] PluginManager:220 - loadIPPluginJar : add hash
2024-04-11 17:07:23,391 [INFO] IPUIPlugin:80 - create IPUIPlugin
2024-04-11 17:07:23,391 [INFO] PluginManager:220 - loadIPPluginJar : add i2c
2024-04-11 17:07:23,426 [INFO] IPUIPlugin:80 - create IPUIPlugin
2024-04-11 17:07:23,427 [INFO] PluginManager:220 - loadIPPluginJar : add i2s
2024-04-11 17:07:23,464 [INFO] IPUIPlugin:80 - create IPUIPlugin
2024-04-11 17:07:23,464 [INFO] PluginManager:220 - loadIPPluginJar : add i3c
2024-04-11 17:07:23,562 [INFO] IPUIPlugin:80 - create IPUIPlugin
2024-04-11 17:07:23,562 [INFO] PluginManager:220 - loadIPPluginJar : add ipddr
2024-04-11 17:07:23,646 [INFO] IPUIPlugin:80 - create IPUIPlugin
2024-04-11 17:07:23,646 [INFO] PluginManager:220 - loadIPPluginJar : add linkedlist
2024-04-11 17:07:23,678 [INFO] IPUIPlugin:80 - create IPUIPlugin
2024-04-11 17:07:23,678 [INFO] PluginManager:220 - loadIPPluginJar : add lorawan
2024-04-11 17:07:23,711 [INFO] IPUIPlugin:80 - create IPUIPlugin
2024-04-11 17:07:23,711 [INFO] PluginManager:220 - loadIPPluginJar : add ltdc
2024-04-11 17:07:23,724 [INFO] IPUIPlugin:80 - create IPUIPlugin
2024-04-11 17:07:23,724 [INFO] PluginManager:220 - loadIPPluginJar : add mdma
2024-04-11 17:07:23,735 [INFO] IPUIPlugin:80 - create IPUIPlugin
2024-04-11 17:07:23,735 [INFO] PluginManager:220 - loadIPPluginJar : add nvic
2024-04-11 17:07:23,769 [INFO] IPUIPlugin:80 - create IPUIPlugin
2024-04-11 17:07:23,769 [INFO] PluginManager:220 - loadIPPluginJar : add opamp
2024-04-11 17:07:23,830 [INFO] IPUIPlugin:80 - create IPUIPlugin
2024-04-11 17:07:23,830 [INFO] PluginManager:220 - loadIPPluginJar : add openamp
2024-04-11 17:07:23,871 [INFO] IPUIPlugin:80 - create IPUIPlugin
2024-04-11 17:07:23,871 [INFO] PluginManager:220 - loadIPPluginJar : add pdm2pcm
2024-04-11 17:07:23,883 [INFO] IPUIPlugin:80 - create IPUIPlugin
2024-04-11 17:07:23,885 [INFO] PluginManager:220 - loadIPPluginJar : add plateformsettings
2024-04-11 17:07:23,904 [INFO] IPUIPlugin:80 - create IPUIPlugin
2024-04-11 17:07:23,904 [INFO] PluginManager:220 - loadIPPluginJar : add quadspi
2024-04-11 17:07:23,914 [INFO] IPUIPlugin:80 - create IPUIPlugin
2024-04-11 17:07:23,914 [INFO] PluginManager:220 - loadIPPluginJar : add resmgrutility
2024-04-11 17:07:23,956 [INFO] IPUIPlugin:80 - create IPUIPlugin
2024-04-11 17:07:23,957 [INFO] PluginManager:220 - loadIPPluginJar : add sai
2024-04-11 17:07:23,993 [INFO] IPUIPlugin:80 - create IPUIPlugin
2024-04-11 17:07:23,993 [INFO] PluginManager:220 - loadIPPluginJar : add spi
2024-04-11 17:07:24,056 [INFO] IPUIPlugin:80 - create IPUIPlugin
2024-04-11 17:07:24,057 [INFO] PluginManager:220 - loadIPPluginJar : add stm32_wpan
2024-04-11 17:07:24,078 [INFO] IPUIPlugin:80 - create IPUIPlugin
2024-04-11 17:07:24,078 [INFO] PluginManager:220 - loadIPPluginJar : add tim
2024-04-11 17:07:24,128 [INFO] IPUIPlugin:80 - create IPUIPlugin
2024-04-11 17:07:24,128 [INFO] PluginManager:220 - loadIPPluginJar : add touchsensing
2024-04-11 17:07:24,150 [INFO] IPUIPlugin:80 - create IPUIPlugin
2024-04-11 17:07:24,150 [INFO] PluginManager:220 - loadIPPluginJar : add tracer_emb
2024-04-11 17:07:24,171 [INFO] IPUIPlugin:80 - create IPUIPlugin
2024-04-11 17:07:24,171 [INFO] PluginManager:220 - loadIPPluginJar : add ts
2024-04-11 17:07:24,190 [INFO] IPUIPlugin:80 - create IPUIPlugin
2024-04-11 17:07:24,190 [INFO] PluginManager:220 - loadIPPluginJar : add tsc
2024-04-11 17:07:24,209 [INFO] IPUIPlugin:80 - create IPUIPlugin
2024-04-11 17:07:24,209 [INFO] PluginManager:220 - loadIPPluginJar : add ucpd
2024-04-11 17:07:24,252 [INFO] IPUIPlugin:80 - create IPUIPlugin
2024-04-11 17:07:24,252 [INFO] PluginManager:220 - loadIPPluginJar : add usart
2024-04-11 17:07:24,293 [INFO] IPUIPlugin:80 - create IPUIPlugin
2024-04-11 17:07:24,293 [INFO] PluginManager:220 - loadIPPluginJar : add usbx
2024-04-11 17:07:24,454 [INFO] CADModel:165 - CPN selected for project level
2024-04-11 17:07:24,454 [INFO] CADModel:114 - Register for checkConnection events
2024-04-11 17:07:24,454 [FATAL] Updater:308 - Updater called before beeing initialized
2024-04-11 17:07:24,454 [ERROR] CADModel:125 - Updater not yet initialized, retry later 
2024-04-11 17:07:24,621 [INFO] CADModel:165 - CPN selected for project level
2024-04-11 17:07:24,622 [INFO] CADModel:114 - Register for checkConnection events
2024-04-11 17:07:24,622 [FATAL] Updater:308 - Updater called before beeing initialized
2024-04-11 17:07:24,622 [ERROR] CADModel:125 - Updater not yet initialized, retry later 
2024-04-11 17:07:24,626 [FATAL] Updater:308 - Updater called before beeing initialized
2024-04-11 17:07:24,753 [FATAL] Updater:308 - Updater called before beeing initialized
2024-04-11 17:07:24,763 [INFO] DbMcusAds:53 - JSON generation date=Wed Nov 29 17:52:27 ICT 2023 (1701255147349)
2024-04-11 17:07:24,763 [FATAL] Updater:308 - Updater called before beeing initialized
2024-04-11 17:07:24,841 [WARN] DetailPanel:346 - Failed to get advertising image, set to default
2024-04-11 17:07:24,951 [FATAL] Updater:308 - Updater called before beeing initialized
2024-04-11 17:07:24,954 [FATAL] Updater:308 - Updater called before beeing initialized
2024-04-11 17:07:24,954 [FATAL] Updater:308 - Updater called before beeing initialized
2024-04-11 17:07:24,954 [WARN] DetailPanel:346 - Failed to get advertising image, set to default
2024-04-11 17:07:24,955 [FATAL] Updater:308 - Updater called before beeing initialized
2024-04-11 17:07:25,018 [ERROR] Updater:1120 - MainUpdater not yet initialized. External WinMGr cannot be set.
2024-04-11 17:07:25,027 [INFO] Updater:1056 - Updater Version found : 6.10.0
2024-04-11 17:07:25,044 [INFO] ApplicationProperties:184 - Using Application install path: G:\stm32cubeide\stm32cubeide114\STM32CubeIDE_1.14.0\STM32CubeIDE\plugins\com.st.stm32cube.common.mx_6.10.0.202311202037
2024-04-11 17:07:25,102 [INFO] ThirdPartyUpdaterWithRetryManager:70 - Updater plugin not ready yet. [2/15]
2024-04-11 17:07:25,404 [INFO] MainUpdater:2873 - connection check result : 10
2024-04-11 17:07:25,405 [INFO] MainUpdater:290 - Updater Check For Update Now.
2024-04-11 17:07:25,406 [INFO] MicroXplorer:498 - Change Database Version : DB.6.0.100
2024-04-11 17:07:25,433 [INFO] McuFinderGlobals:63 - Set McuFinder mode to 2 (CubeIDE integrated)
2024-04-11 17:07:25,658 [INFO] CheckServerUpdateThread:120 - End of CheckServer Thread
2024-04-11 17:07:25,781 [INFO] UserAuth:404 - Internet connection configuration mode: 1
2024-04-11 17:07:25,807 [INFO] JxBrowserEngine:152 - Initiate JxBrowser Engine with user profile folder
2024-04-11 17:07:28,505 [WARN] PackLoader:240 - Cannot read IP mode file for STMicroelectronics.X-CUBE-SMBUS.2.1.0
2024-04-11 17:07:28,528 [WARN] PackLoader:240 - Cannot read IP mode file for STMicroelectronics.X-CUBE-TOUCHGFX.4.23.1
2024-04-11 17:07:28,549 [WARN] PackLoader:240 - Cannot read IP mode file for STMicroelectronics.X-CUBE-TOUCHGFX.4.23.0
2024-04-11 17:07:28,571 [WARN] PackLoader:240 - Cannot read IP mode file for STMicroelectronics.X-CUBE-TOUCHGFX.4.23.2
2024-04-11 17:07:28,628 [WARN] PackLoader:240 - Cannot read IP mode file for STMicroelectronics.X-CUBE-AZRTOS-F7.1.1.0
2024-04-11 17:07:28,654 [WARN] PackLoader:240 - Cannot read IP mode file for STMicroelectronics.FP-SNS-MOTENV1.4.3.2
2024-04-11 17:07:28,672 [WARN] PackLoader:240 - Cannot read IP mode file for STMicroelectronics.FP-SNS-FLIGHT1.5.0.2
2024-04-11 17:07:28,695 [INFO] WebApp:161 - Instantiating new browser for Auth
2024-04-11 17:07:28,696 [WARN] PackLoader:240 - Cannot read IP mode file for STMicroelectronics.X-CUBE-DISPLAY.3.0.0
2024-04-11 17:07:28,746 [WARN] PackLoader:240 - Cannot read IP mode file for STMicroelectronics.X-CUBE-BLE1.7.0.0
2024-04-11 17:07:28,778 [WARN] PackLoader:240 - Cannot read IP mode file for emotas.I-CUBE-CANOPEN.1.3.0
2024-04-11 17:07:28,801 [WARN] PackLoader:240 - Cannot read IP mode file for STMicroelectronics.X-CUBE-TOUCHGFX.4.22.1
2024-04-11 17:07:28,837 [WARN] PackLoader:240 - Cannot read IP mode file for STMicroelectronics.X-CUBE-BLEMGR.3.1.0
2024-04-11 17:07:28,931 [WARN] PackLoader:240 - Cannot read IP mode file for STMicroelectronics.FP-SNS-SMARTAG2.1.2.0
2024-04-11 17:07:29,005 [INFO] LogOutputStream:77 - [STDOUT_REDIRECT] 1 : Invalid condition id : UX_CORESTACK_Condition cause : null
2024-04-11 17:07:29,007 [INFO] LogOutputStream:77 - [STDOUT_REDIRECT] 1 : Invalid condition id : UX_CORESTACK_Condition cause : null
2024-04-11 17:07:29,009 [INFO] LogOutputStream:77 - [STDOUT_REDIRECT] 1 : Invalid condition id : UX_CORESTACK_Condition cause : null
2024-04-11 17:07:29,012 [INFO] LogOutputStream:77 - [STDOUT_REDIRECT] 1 : Invalid condition id : UX_CORESTACK_Condition cause : null
2024-04-11 17:07:29,014 [INFO] LogOutputStream:77 - [STDOUT_REDIRECT] 1 : Invalid condition id : UX_CORESTACK_Condition cause : null
2024-04-11 17:07:29,021 [WARN] PackLoader:240 - Cannot read IP mode file for STMicroelectronics.X-CUBE-AZRTOS-WL.2.0.0
2024-04-11 17:07:29,051 [WARN] PackLoader:240 - Cannot read IP mode file for STMicroelectronics.FP-SNS-MOTENV1.5.0.0
2024-04-11 17:07:29,079 [WARN] PackLoader:240 - Cannot read IP mode file for WES.I-CUBE-Cesium.1.3.0
2024-04-11 17:07:29,102 [WARN] PackLoader:240 - Cannot read IP mode file for STMicroelectronics.X-CUBE-BLE2.3.3.0
2024-04-11 17:07:29,120 [WARN] PackLoader:240 - Cannot read IP mode file for STMicroelectronics.X-CUBE-TCPP.4.1.0
2024-04-11 17:07:29,141 [WARN] PackLoader:240 - Cannot read IP mode file for STMicroelectronics.X-CUBE-ALGOBUILD.1.3.0
2024-04-11 17:07:29,189 [WARN] PackLoader:240 - Cannot read IP mode file for STMicroelectronics.X-CUBE-AZRTOS-G0.1.1.0
2024-04-11 17:07:29,222 [WARN] PackLoader:240 - Cannot read IP mode file for STMicroelectronics.X-CUBE-SAFEA1.1.2.2
2024-04-11 17:07:29,249 [WARN] PackLoader:240 - Cannot read IP mode file for STMicroelectronics.X-CUBE-NFC4.3.0.0
2024-04-11 17:07:29,278 [WARN] PackLoader:240 - Cannot read IP mode file for STMicroelectronics.X-CUBE-BLEMGR.3.0.0
2024-04-11 17:07:29,309 [WARN] PackLoader:240 - Cannot read IP mode file for STMicroelectronics.FP-ATR-SIGFOX1.3.2.0
2024-04-11 17:07:29,342 [WARN] PackLoader:240 - Cannot read IP mode file for STMicroelectronics.X-CUBE-EEPRMA1.5.1.0
2024-04-11 17:07:29,405 [WARN] PackLoader:240 - Cannot read IP mode file for SEGGER.I-CUBE-embOS.1.3.1
2024-04-11 17:07:29,499 [WARN] PackLoader:240 - Cannot read IP mode file for STMicroelectronics.X-CUBE-GNSS1.6.0.0
2024-04-11 17:07:29,538 [WARN] PackLoader:240 - Cannot read IP mode file for STMicroelectronics.X-CUBE-AZRTOS-F4.1.1.0
2024-04-11 17:07:29,559 [WARN] PackLoader:240 - Cannot read IP mode file for wolfSSL.I-CUBE-wolfSSL.5.6.3
2024-04-11 17:07:29,595 [WARN] PackLoader:240 - Cannot read IP mode file for STMicroelectronics.X-CUBE-AZRTOS-L5.2.0.0
2024-04-11 17:07:29,755 [WARN] PackLoader:240 - Cannot read IP mode file for STMicroelectronics.X-CUBE-MEMS1.9.6.0
2024-04-11 17:07:30,124 [WARN] PackLoader:240 - Cannot read IP mode file for STMicroelectronics.X-CUBE-EEPRMA1.4.2.0
2024-04-11 17:07:30,176 [WARN] PackLoader:240 - Cannot read IP mode file for STMicroelectronics.X-CUBE-NFC6.3.1.0
2024-04-11 17:07:30,199 [WARN] PackLoader:240 - Cannot read IP mode file for ITTIA_DB.I-CUBE-ITTIADB.8.8.0
2024-04-11 17:07:30,231 [WARN] PackLoader:240 - Cannot read IP mode file for STMicroelectronics.X-CUBE-BLEMGR.2.0.0
2024-04-11 17:07:30,250 [INFO] WebApp:780 - Register for checkConnection events
2024-04-11 17:07:30,253 [INFO] WebApp:414 - Apply proxy settings
2024-04-11 17:07:30,254 [INFO] WebApp:499 - Chromium requires no authentication
2024-04-11 17:07:30,271 [INFO] WebApp:442 - Direct internet connection detected
2024-04-11 17:07:30,309 [WARN] ConditionMgr:438 - getConditionDescription Invalid condition id : UX DEVICE CLASS RTOS Condition cause : null
2024-04-11 17:07:30,310 [WARN] ConditionMgr:438 - getConditionDescription Invalid condition id : UX DEVICE CLASS RTOS Condition cause : null
2024-04-11 17:07:30,315 [WARN] PackLoader:240 - Cannot read IP mode file for STMicroelectronics.X-CUBE-AZRTOS-H7.3.1.0
2024-04-11 17:07:30,316 [WARN] ConditionMgr:1039 - genDependencies : Invalid condition id : UX DEVICE CLASS RTOS Condition cause : null
2024-04-11 17:07:30,317 [WARN] ConditionMgr:1039 - genDependencies : Invalid condition id : UX DEVICE CLASS RTOS Condition cause : null
2024-04-11 17:07:30,318 [WARN] ConditionMgr:1039 - genDependencies : Invalid condition id : UX DEVICE CLASS RTOS Condition cause : null
2024-04-11 17:07:30,318 [WARN] ConditionMgr:1039 - genDependencies : Invalid condition id : UX DEVICE CLASS RTOS Condition cause : null
2024-04-11 17:07:30,318 [WARN] ConditionMgr:1039 - genDependencies : Invalid condition id : UX DEVICE CLASS RTOS Condition cause : null
2024-04-11 17:07:30,385 [WARN] PackLoader:240 - Cannot read IP mode file for STMicroelectronics.X-CUBE-NFC7.1.0.1
2024-04-11 17:07:30,432 [WARN] PackLoader:240 - Cannot read IP mode file for STMicroelectronics.X-CUBE-NFC6.3.0.0
2024-04-11 17:07:30,461 [WARN] PackLoader:240 - Cannot read IP mode file for STMicroelectronics.X-CUBE-EEPRMA1.4.1.0
2024-04-11 17:07:30,482 [WARN] PackLoader:240 - Cannot read IP mode file for STMicroelectronics.X-CUBE-AI.8.1.0
2024-04-11 17:07:30,519 [WARN] ConditionMgr:438 - getConditionDescription Invalid condition id : LAN8742 Phy interface Condition cause : null
2024-04-11 17:07:30,519 [WARN] PackLoader:240 - Cannot read IP mode file for STMicroelectronics.X-CUBE-AZRTOS-L4.2.0.0
2024-04-11 17:07:30,520 [WARN] ConditionMgr:1039 - genDependencies : Invalid condition id : LAN8742 Phy interface Condition cause : null
2024-04-11 17:07:30,520 [WARN] ConditionMgr:1039 - genDependencies : Invalid condition id : LAN8742 Phy interface Condition cause : null
2024-04-11 17:07:30,522 [WARN] ConditionMgr:1039 - genDependencies : Invalid condition id : LAN8742 Phy interface Condition cause : null
2024-04-11 17:07:30,544 [WARN] PackLoader:240 - Cannot read IP mode file for STMicroelectronics.X-CUBE-SFXS2LP1.4.0.0
2024-04-11 17:07:30,562 [WARN] PackLoader:240 - Cannot read IP mode file for STMicroelectronics.X-CUBE-ISPU.1.1.0
2024-04-11 17:07:30,590 [WARN] ConditionMgr:438 - getConditionDescription Invalid condition id : UX DEVICE CLASS RTOS Condition cause : null
2024-04-11 17:07:30,590 [WARN] ConditionMgr:438 - getConditionDescription Invalid condition id : UX DEVICE CLASS RTOS Condition cause : null
2024-04-11 17:07:30,593 [WARN] PackLoader:240 - Cannot read IP mode file for STMicroelectronics.X-CUBE-AZRTOS-WB.2.0.0
2024-04-11 17:07:30,594 [WARN] ConditionMgr:1039 - genDependencies : Invalid condition id : UX DEVICE CLASS RTOS Condition cause : null
2024-04-11 17:07:30,594 [WARN] ConditionMgr:1039 - genDependencies : Invalid condition id : UX DEVICE CLASS RTOS Condition cause : null
2024-04-11 17:07:30,595 [WARN] ConditionMgr:1039 - genDependencies : Invalid condition id : UX DEVICE CLASS RTOS Condition cause : null
2024-04-11 17:07:30,595 [WARN] ConditionMgr:1039 - genDependencies : Invalid condition id : UX DEVICE CLASS RTOS Condition cause : null
2024-04-11 17:07:30,595 [WARN] ConditionMgr:1039 - genDependencies : Invalid condition id : UX DEVICE CLASS RTOS Condition cause : null
2024-04-11 17:07:30,619 [WARN] PackLoader:240 - Cannot read IP mode file for STMicroelectronics.X-CUBE-SUBG2.5.0.0
2024-04-11 17:07:30,650 [WARN] PackLoader:240 - Cannot read IP mode file for STMicroelectronics.X-CUBE-TOF1.3.3.1
2024-04-11 17:07:30,688 [WARN] PackLoader:240 - Cannot read IP mode file for STMicroelectronics.X-CUBE-AZRTOS-G4.2.0.0
2024-04-11 17:07:30,697 [INFO] WebApp:192 - Starting web application
2024-04-11 17:07:30,697 [INFO] WebApp:544 - Web application path used G:\stm32cubeide\stm32cubeide114\STM32CubeIDE_1.14.0\STM32CubeIDE\plugins\com.st.stm32cube.common.mx_6.10.0.202311202037\db\plugins\mcufinder\reactClient1\index.html
2024-04-11 17:07:30,726 [WARN] PackLoader:240 - Cannot read IP mode file for Infineon.AIROC-Wi-Fi-Bluetooth-STM32.1.5.1
2024-04-11 17:07:30,753 [WARN] PackLoader:240 - Cannot read IP mode file for STMicroelectronics.FP-SNS-MOTENVWB1.1.3.0
2024-04-11 17:07:30,769 [WARN] PackLoader:240 - Cannot read IP mode file for STMicroelectronics.FP-SNS-MOTENVWB1.1.3.1
2024-04-11 17:07:30,790 [WARN] PackLoader:240 - Cannot read IP mode file for STMicroelectronics.X-CUBE-ISPU.2.0.0
2024-04-11 17:07:30,874 [WARN] PackLoader:240 - Cannot read IP mode file for STMicroelectronics.X-CUBE-MEMS1.10.0.0
2024-04-11 17:07:31,207 [WARN] PackLoader:240 - Cannot read IP mode file for STMicroelectronics.X-CUBE-FREERTOS.1.1.0
2024-04-11 17:07:31,241 [WARN] PackLoader:240 - Cannot read IP mode file for portGmbH.I-Cube-SoM-uGOAL.1.1.0
2024-04-11 17:07:31,289 [WARN] PackLoader:240 - Cannot read IP mode file for STMicroelectronics.X-CUBE-ALS.1.0.1
2024-04-11 17:07:31,327 [WARN] PackLoader:240 - Cannot read IP mode file for STMicroelectronics.FP-ATR-ASTRA1.2.0.0
2024-04-11 17:07:31,374 [WARN] PackLoader:240 - Cannot read IP mode file for STMicroelectronics.X-CUBE-TOF1.3.4.0
2024-04-11 17:07:31,450 [WARN] PackLoader:240 - Cannot read IP mode file for STMicroelectronics.X-CUBE-TOF1.3.4.1
2024-04-11 17:07:31,571 [WARN] PackLoader:240 - Cannot read IP mode file for STMicroelectronics.X-CUBE-AZRTOS-H7.3.2.0
2024-04-11 17:07:31,579 [INFO] ThirdParty:978 - Integrity check success = true
2024-04-11 17:07:31,580 [INFO] IntegrityCheckThread:100 - exiting critical section [integrity check]
2024-04-11 17:07:31,580 [INFO] IntegrityCheckThread:103 - End integrity checks thread
2024-04-11 17:07:51,973 [ERROR] LogOutputStream:75 - [STDERR_REDIRECT] SLF4J: Failed to load class "org.slf4j.impl.StaticLoggerBinder".
2024-04-11 17:07:51,973 [ERROR] LogOutputStream:75 - [STDERR_REDIRECT] SLF4J: Defaulting to no-operation (NOP) logger implementation
2024-04-11 17:07:51,974 [ERROR] LogOutputStream:75 - [STDERR_REDIRECT] SLF4J: See http://www.slf4j.org/codes.html#StaticLoggerBinder for further details.
2024-04-11 21:43:55,546 [ERROR] LogOutputStream:75 - [STDERR_REDIRECT] 
2024-04-11 21:46:37,004 [INFO] Activator:176 - 


2024-04-11 21:46:37,009 [INFO] Activator:177 - !SESSION log4j initialized
2024-04-11 21:46:43,776 [INFO] LogOutputStream:77 - [STDOUT_REDIRECT] 
2024-04-11 21:46:50,283 [INFO] ApplicationProperties:184 - Using Application install path: G:\stm32cubeide\stm32cubeide114\STM32CubeIDE_1.14.0\STM32CubeIDE\plugins\com.st.stm32cube.common.mx_6.10.0.202311202037
2024-04-11 21:46:50,301 [INFO] DbMcusXml:78 - Set database path to: G:\stm32cubeide\stm32cubeide114\STM32CubeIDE_1.14.0\STM32CubeIDE\plugins\com.st.stm32cube.common.mx_6.10.0.202311202037\\db\/mcu/
2024-04-11 21:46:50,301 [INFO] ApiDb:274 - Set plugin database path to: G:\stm32cubeide\stm32cubeide114\STM32CubeIDE_1.14.0\STM32CubeIDE\plugins\com.st.stm32cube.common.mx_6.10.0.202311202037\\db\/plugins/boardmanager/
2024-04-11 21:46:50,302 [WARN] ApiDb:259 - Overriding images path with different value:  => G:\stm32cubeide\stm32cubeide114\STM32CubeIDE_1.14.0\STM32CubeIDE\plugins\com.st.stm32cube.common.mx_6.10.0.202311202037\\db\/plugins/mcufinder/images/
2024-04-11 21:46:50,315 [INFO] ApiDb:250 - Set database path to: C:\Users\Nghia\.stmcufinder\plugins\mcufinder//mcu/
2024-04-11 21:46:50,316 [INFO] DbMcusAds:125 - Set database path to: C:\Users\Nghia\.stmcufinder\plugins\mcufinder//mcu/
2024-04-11 21:46:50,317 [INFO] CrossReferenceDbSqlite:203 - Set database path to: C:\Users\Nghia\.stmcufinder\plugins\mcufinder//mcu/cs/
2024-04-11 21:46:50,431 [INFO] RulesReader:64 - Compatibility file has been processed (297 Rules)
2024-04-11 21:46:50,534 [INFO] DbMcusXml:78 - Set database path to: G:\stm32cubeide\stm32cubeide114\STM32CubeIDE_1.14.0\STM32CubeIDE\plugins\com.st.stm32cube.common.mx_6.10.0.202311202037\\db\/mcu/
2024-04-11 21:46:50,534 [INFO] ApiDb:274 - Set plugin database path to: G:\stm32cubeide\stm32cubeide114\STM32CubeIDE_1.14.0\STM32CubeIDE\plugins\com.st.stm32cube.common.mx_6.10.0.202311202037\\db\/plugins/boardmanager/
2024-04-11 21:46:50,534 [INFO] ApiDb:261 - Set plugin images path to: G:\stm32cubeide\stm32cubeide114\STM32CubeIDE_1.14.0\STM32CubeIDE\plugins\com.st.stm32cube.common.mx_6.10.0.202311202037\\db\/plugins/mcufinder/images/
2024-04-11 21:46:50,535 [WARN] DbFile:41 - Overriding database path with different value: C:\Users\Nghia\.stmcufinder\plugins\mcufinder/ => C:\Users\Nghia\.stmcufinder\plugins\mcufinder
2024-04-11 21:46:50,535 [INFO] ApiDb:250 - Set database path to: C:\Users\Nghia\.stmcufinder\plugins\mcufinder//mcu/
2024-04-11 21:46:50,535 [WARN] DbFile:41 - Overriding database path with different value: C:\Users\Nghia\.stmcufinder\plugins\mcufinder/ => C:\Users\Nghia\.stmcufinder\plugins\mcufinder
2024-04-11 21:46:50,535 [INFO] DbMcusAds:125 - Set database path to: C:\Users\Nghia\.stmcufinder\plugins\mcufinder//mcu/
2024-04-11 21:46:50,535 [WARN] DbFile:41 - Overriding database path with different value: C:\Users\Nghia\.stmcufinder\plugins\mcufinder/ => C:\Users\Nghia\.stmcufinder\plugins\mcufinder
2024-04-11 21:46:50,535 [WARN] DbFile:41 - Overriding database path with different value: C:\Users\Nghia\.stmcufinder\plugins\mcufinder/ => C:\Users\Nghia\.stmcufinder\plugins\mcufinder
2024-04-11 21:46:50,535 [INFO] CrossReferenceDbSqlite:203 - Set database path to: C:\Users\Nghia\.stmcufinder\plugins\mcufinder//mcu/cs/
2024-04-11 21:46:50,635 [INFO] MainPanel:264 - HeapMemory: 268435456
2024-04-11 21:46:50,725 [INFO] DbMcusXml:78 - Set database path to: G:\stm32cubeide\stm32cubeide114\STM32CubeIDE_1.14.0\STM32CubeIDE\plugins\com.st.stm32cube.common.mx_6.10.0.202311202037\\db\/mcu/
2024-04-11 21:46:50,726 [INFO] ApiDb:274 - Set plugin database path to: G:\stm32cubeide\stm32cubeide114\STM32CubeIDE_1.14.0\STM32CubeIDE\plugins\com.st.stm32cube.common.mx_6.10.0.202311202037\\db\/plugins/boardmanager/
2024-04-11 21:46:50,726 [INFO] ApiDb:261 - Set plugin images path to: G:\stm32cubeide\stm32cubeide114\STM32CubeIDE_1.14.0\STM32CubeIDE\plugins\com.st.stm32cube.common.mx_6.10.0.202311202037\\db\/plugins/mcufinder/images/
2024-04-11 21:46:50,726 [WARN] DbFile:41 - Overriding database path with different value: C:\Users\Nghia\.stmcufinder\plugins\mcufinder/ => C:\Users\Nghia\.stmcufinder\plugins\mcufinder
2024-04-11 21:46:50,726 [INFO] ApiDb:250 - Set database path to: C:\Users\Nghia\.stmcufinder\plugins\mcufinder//mcu/
2024-04-11 21:46:50,726 [WARN] DbFile:41 - Overriding database path with different value: C:\Users\Nghia\.stmcufinder\plugins\mcufinder/ => C:\Users\Nghia\.stmcufinder\plugins\mcufinder
2024-04-11 21:46:50,727 [INFO] DbMcusAds:125 - Set database path to: C:\Users\Nghia\.stmcufinder\plugins\mcufinder//mcu/
2024-04-11 21:46:50,727 [WARN] DbFile:41 - Overriding database path with different value: C:\Users\Nghia\.stmcufinder\plugins\mcufinder/ => C:\Users\Nghia\.stmcufinder\plugins\mcufinder
2024-04-11 21:46:50,727 [WARN] DbFile:41 - Overriding database path with different value: C:\Users\Nghia\.stmcufinder\plugins\mcufinder/ => C:\Users\Nghia\.stmcufinder\plugins\mcufinder
2024-04-11 21:46:50,727 [INFO] CrossReferenceDbSqlite:203 - Set database path to: C:\Users\Nghia\.stmcufinder\plugins\mcufinder//mcu/cs/
2024-04-11 21:46:50,748 [INFO] ApplicationProperties:184 - Using Application install path: G:\stm32cubeide\stm32cubeide114\STM32CubeIDE_1.14.0\STM32CubeIDE\plugins\com.st.stm32cube.common.mx_6.10.0.202311202037
2024-04-11 21:46:50,750 [INFO] PluginManage:196 - Search for loadable plugins [exclusion list=, ]
2024-04-11 21:46:50,751 [INFO] PluginManage:310 - Check plugin analytics
2024-04-11 21:46:55,830 [INFO] AnalyticsPlugin:253 - Accepted Software Licenses: STM32CubeMX.6.8.0,STM32CubeMX.6.1.1
2024-04-11 21:46:55,830 [INFO] AnalyticsPlugin:255 - Accepted CMSIS Pack Licenses: 
2024-04-11 21:46:55,831 [INFO] AnalyticsPlugin:257 - Accepted Firmware Licenses: FW.F4.1.27.0,FW.F4.1.28.0
2024-04-11 21:46:55,834 [INFO] PluginManage:359 - Loaded plugin analytics (category:tool,tabindex:-1)
2024-04-11 21:46:55,834 [INFO] PluginManage:310 - Check plugin cadmodel
2024-04-11 21:46:55,851 [INFO] CADModel:105 - Init CAD model plugin
2024-04-11 21:46:55,852 [INFO] PluginManage:359 - Loaded plugin cadmodel (category:power,tabindex:5)
2024-04-11 21:46:55,852 [INFO] PluginManage:310 - Check plugin clock
2024-04-11 21:46:55,870 [INFO] PluginManage:359 - Loaded plugin clock (category:base,tabindex:2)
2024-04-11 21:46:55,870 [INFO] PluginManage:310 - Check plugin ddr
2024-04-11 21:46:55,872 [INFO] PluginManage:359 - Loaded plugin ddr (category:tool,tabindex:6)
2024-04-11 21:46:55,873 [INFO] PluginManage:310 - Check plugin filemanager
2024-04-11 21:46:55,996 [INFO] PluginManage:359 - Loaded plugin filemanager (category:base,tabindex:10)
2024-04-11 21:46:55,996 [INFO] PluginManage:310 - Check plugin ipmanager
2024-04-11 21:46:56,003 [INFO] PluginManage:359 - Loaded plugin ipmanager (category:base,tabindex:5)
2024-04-11 21:46:56,003 [INFO] PluginManage:310 - Check plugin lpbam
2024-04-11 21:46:56,019 [INFO] PluginManage:359 - Loaded plugin lpbam (category:base,tabindex:0)
2024-04-11 21:46:56,019 [INFO] PluginManage:310 - Check plugin memorymap
2024-04-11 21:46:56,046 [INFO] PluginManage:359 - Loaded plugin memorymap (category:base,tabindex:4)
2024-04-11 21:46:56,046 [INFO] PluginManage:310 - Check plugin pinoutandconfiguration
2024-04-11 21:46:56,064 [INFO] PluginManage:359 - Loaded plugin pinoutandconfiguration (category:base,tabindex:1)
2024-04-11 21:46:56,064 [INFO] PluginManage:310 - Check plugin pinoutconfig
2024-04-11 21:46:56,184 [WARN] SupportedApi:132 - Cannot load RTOS API schema: s4s-elt-must-match.1: The content of 'definitions' must match (annotation?, (simpleType | complexType)?, (unique | key | keyref)*)). A problem was found starting at: attribute.
2024-04-11 21:46:56,341 [INFO] PluginManage:359 - Loaded plugin pinoutconfig (category:base,tabindex:0)
2024-04-11 21:46:56,341 [INFO] PluginManage:310 - Check plugin power
2024-04-11 21:46:56,361 [INFO] PluginManage:359 - Loaded plugin power (category:power,tabindex:4)
2024-04-11 21:46:56,361 [INFO] PluginManage:310 - Check plugin projectmanager
2024-04-11 21:46:56,383 [INFO] PluginManage:359 - Loaded plugin projectmanager (category:projectmanager,tabindex:3)
2024-04-11 21:46:56,383 [INFO] PluginManage:310 - Check plugin thirdparty
2024-04-11 21:46:56,712 [INFO] PluginManage:359 - Loaded plugin thirdparty (category:base,tabindex:-1)
2024-04-11 21:46:56,712 [WARN] IntegrityCheckThread:84 - waiting for thirdparty lock release [integrity check]
2024-04-11 21:46:56,713 [INFO] PluginManage:310 - Check plugin tools
2024-04-11 21:46:56,713 [INFO] IntegrityCheckThread:86 - entering critical section [integrity check]
2024-04-11 21:46:56,713 [INFO] ThirdPartyUpdaterWithRetryManager:70 - Updater plugin not ready yet. [1/15]
2024-04-11 21:46:56,754 [INFO] PluginManage:359 - Loaded plugin tools (category:base,tabindex:7)
2024-04-11 21:46:56,754 [INFO] PluginManage:310 - Check plugin tutovideos
2024-04-11 21:46:56,934 [INFO] PluginManage:359 - Loaded plugin tutovideos (category:base,tabindex:-1)
2024-04-11 21:46:56,934 [INFO] PluginManage:310 - Check plugin updater
2024-04-11 21:46:56,946 [INFO] PluginManage:359 - Loaded plugin updater (category:base,tabindex:12)
2024-04-11 21:46:56,947 [INFO] PluginManage:310 - Check plugin userauth
2024-04-11 21:46:56,951 [INFO] UserAuth:114 - Init User Auth plugin
2024-04-11 21:46:56,951 [INFO] PluginManage:359 - Loaded plugin userauth (category:base,tabindex:14)
2024-04-11 21:46:56,951 [INFO] PluginManage:283 - PluginManage : Loaded plugins [17]
2024-04-11 21:46:57,254 [INFO] PinOutPanel:1499 - setPackage(No Configuration,No Configuration)
2024-04-11 21:46:57,349 [INFO] CADModel:165 - CPN selected for project level
2024-04-11 21:46:57,349 [INFO] CADModel:114 - Register for checkConnection events
2024-04-11 21:46:57,377 [INFO] IPUIPlugin:80 - create IPUIPlugin
2024-04-11 21:46:57,378 [INFO] PluginManager:220 - loadIPPluginJar : add adc
2024-04-11 21:46:57,410 [INFO] IPUIPlugin:80 - create IPUIPlugin
2024-04-11 21:46:57,410 [INFO] PluginManager:220 - loadIPPluginJar : add aes
2024-04-11 21:46:57,446 [INFO] IPUIPlugin:80 - create IPUIPlugin
2024-04-11 21:46:57,447 [INFO] PluginManager:220 - loadIPPluginJar : add can
2024-04-11 21:46:57,467 [INFO] IPUIPlugin:80 - create IPUIPlugin
2024-04-11 21:46:57,467 [INFO] PluginManager:220 - loadIPPluginJar : add comp
2024-04-11 21:46:57,497 [INFO] IPUIPlugin:80 - create IPUIPlugin
2024-04-11 21:46:57,498 [INFO] PluginManager:220 - loadIPPluginJar : add cryp
2024-04-11 21:46:57,528 [INFO] IPUIPlugin:80 - create IPUIPlugin
2024-04-11 21:46:57,528 [INFO] PluginManager:220 - loadIPPluginJar : add dfsdm
2024-04-11 21:46:57,542 [INFO] IPUIPlugin:80 - create IPUIPlugin
2024-04-11 21:46:57,542 [INFO] PluginManager:220 - loadIPPluginJar : add dma
2024-04-11 21:46:57,587 [INFO] IPUIPlugin:80 - create IPUIPlugin
2024-04-11 21:46:57,587 [INFO] PluginManager:220 - loadIPPluginJar : add dma3
2024-04-11 21:46:57,606 [INFO] IPUIPlugin:80 - create IPUIPlugin
2024-04-11 21:46:57,606 [INFO] PluginManager:220 - loadIPPluginJar : add fatfs
2024-04-11 21:46:57,652 [INFO] IPUIPlugin:80 - create IPUIPlugin
2024-04-11 21:46:57,652 [INFO] PluginManager:220 - loadIPPluginJar : add fmc
2024-04-11 21:46:57,666 [INFO] IPUIPlugin:80 - create IPUIPlugin
2024-04-11 21:46:57,667 [INFO] PluginManager:220 - loadIPPluginJar : add freertos
2024-04-11 21:46:57,685 [INFO] IPUIPlugin:80 - create IPUIPlugin
2024-04-11 21:46:57,685 [INFO] PluginManager:220 - loadIPPluginJar : add genericplugin
2024-04-11 21:46:57,772 [INFO] IPUIPlugin:80 - create IPUIPlugin
2024-04-11 21:46:57,772 [INFO] PluginManager:220 - loadIPPluginJar : add gfxmmu
2024-04-11 21:46:57,952 [INFO] IPUIPlugin:80 - create IPUIPlugin
2024-04-11 21:46:57,953 [INFO] PluginManager:220 - loadIPPluginJar : add gic
2024-04-11 21:46:57,965 [INFO] IPUIPlugin:80 - create IPUIPlugin
2024-04-11 21:46:57,965 [INFO] PluginManager:220 - loadIPPluginJar : add gpio
2024-04-11 21:46:58,059 [INFO] IPUIPlugin:80 - create IPUIPlugin
2024-04-11 21:46:58,059 [INFO] PluginManager:220 - loadIPPluginJar : add gtzc
2024-04-11 21:46:58,087 [INFO] IPUIPlugin:80 - create IPUIPlugin
2024-04-11 21:46:58,087 [INFO] PluginManager:220 - loadIPPluginJar : add hash
2024-04-11 21:46:58,138 [INFO] IPUIPlugin:80 - create IPUIPlugin
2024-04-11 21:46:58,138 [INFO] PluginManager:220 - loadIPPluginJar : add i2c
2024-04-11 21:46:58,173 [INFO] IPUIPlugin:80 - create IPUIPlugin
2024-04-11 21:46:58,173 [INFO] PluginManager:220 - loadIPPluginJar : add i2s
2024-04-11 21:46:58,208 [INFO] IPUIPlugin:80 - create IPUIPlugin
2024-04-11 21:46:58,208 [INFO] PluginManager:220 - loadIPPluginJar : add i3c
2024-04-11 21:46:58,312 [INFO] IPUIPlugin:80 - create IPUIPlugin
2024-04-11 21:46:58,312 [INFO] PluginManager:220 - loadIPPluginJar : add ipddr
2024-04-11 21:46:58,408 [INFO] IPUIPlugin:80 - create IPUIPlugin
2024-04-11 21:46:58,409 [INFO] PluginManager:220 - loadIPPluginJar : add linkedlist
2024-04-11 21:46:58,443 [INFO] IPUIPlugin:80 - create IPUIPlugin
2024-04-11 21:46:58,443 [INFO] PluginManager:220 - loadIPPluginJar : add lorawan
2024-04-11 21:46:58,479 [INFO] IPUIPlugin:80 - create IPUIPlugin
2024-04-11 21:46:58,480 [INFO] PluginManager:220 - loadIPPluginJar : add ltdc
2024-04-11 21:46:58,492 [INFO] IPUIPlugin:80 - create IPUIPlugin
2024-04-11 21:46:58,492 [INFO] PluginManager:220 - loadIPPluginJar : add mdma
2024-04-11 21:46:58,506 [INFO] IPUIPlugin:80 - create IPUIPlugin
2024-04-11 21:46:58,507 [INFO] PluginManager:220 - loadIPPluginJar : add nvic
2024-04-11 21:46:58,542 [INFO] IPUIPlugin:80 - create IPUIPlugin
2024-04-11 21:46:58,543 [INFO] PluginManager:220 - loadIPPluginJar : add opamp
2024-04-11 21:46:58,604 [INFO] IPUIPlugin:80 - create IPUIPlugin
2024-04-11 21:46:58,604 [INFO] PluginManager:220 - loadIPPluginJar : add openamp
2024-04-11 21:46:58,651 [INFO] IPUIPlugin:80 - create IPUIPlugin
2024-04-11 21:46:58,651 [INFO] PluginManager:220 - loadIPPluginJar : add pdm2pcm
2024-04-11 21:46:58,666 [INFO] IPUIPlugin:80 - create IPUIPlugin
2024-04-11 21:46:58,668 [INFO] PluginManager:220 - loadIPPluginJar : add plateformsettings
2024-04-11 21:46:58,691 [INFO] IPUIPlugin:80 - create IPUIPlugin
2024-04-11 21:46:58,692 [INFO] PluginManager:220 - loadIPPluginJar : add quadspi
2024-04-11 21:46:58,709 [INFO] IPUIPlugin:80 - create IPUIPlugin
2024-04-11 21:46:58,709 [INFO] PluginManager:220 - loadIPPluginJar : add resmgrutility
2024-04-11 21:46:58,756 [INFO] IPUIPlugin:80 - create IPUIPlugin
2024-04-11 21:46:58,756 [INFO] PluginManager:220 - loadIPPluginJar : add sai
2024-04-11 21:46:58,792 [INFO] IPUIPlugin:80 - create IPUIPlugin
2024-04-11 21:46:58,792 [INFO] PluginManager:220 - loadIPPluginJar : add spi
2024-04-11 21:46:58,853 [INFO] IPUIPlugin:80 - create IPUIPlugin
2024-04-11 21:46:58,853 [INFO] PluginManager:220 - loadIPPluginJar : add stm32_wpan
2024-04-11 21:46:58,873 [INFO] IPUIPlugin:80 - create IPUIPlugin
2024-04-11 21:46:58,873 [INFO] PluginManager:220 - loadIPPluginJar : add tim
2024-04-11 21:46:58,923 [INFO] IPUIPlugin:80 - create IPUIPlugin
2024-04-11 21:46:58,923 [INFO] PluginManager:220 - loadIPPluginJar : add touchsensing
2024-04-11 21:46:58,947 [INFO] IPUIPlugin:80 - create IPUIPlugin
2024-04-11 21:46:58,947 [INFO] PluginManager:220 - loadIPPluginJar : add tracer_emb
2024-04-11 21:46:58,975 [INFO] IPUIPlugin:80 - create IPUIPlugin
2024-04-11 21:46:58,976 [INFO] PluginManager:220 - loadIPPluginJar : add ts
2024-04-11 21:46:58,997 [INFO] IPUIPlugin:80 - create IPUIPlugin
2024-04-11 21:46:58,997 [INFO] PluginManager:220 - loadIPPluginJar : add tsc
2024-04-11 21:46:59,018 [INFO] IPUIPlugin:80 - create IPUIPlugin
2024-04-11 21:46:59,018 [INFO] PluginManager:220 - loadIPPluginJar : add ucpd
2024-04-11 21:46:59,059 [INFO] IPUIPlugin:80 - create IPUIPlugin
2024-04-11 21:46:59,059 [INFO] PluginManager:220 - loadIPPluginJar : add usart
2024-04-11 21:46:59,105 [INFO] IPUIPlugin:80 - create IPUIPlugin
2024-04-11 21:46:59,105 [INFO] PluginManager:220 - loadIPPluginJar : add usbx
2024-04-11 21:46:59,249 [INFO] CADModel:165 - CPN selected for project level
2024-04-11 21:46:59,250 [INFO] CADModel:114 - Register for checkConnection events
2024-04-11 21:46:59,250 [FATAL] Updater:308 - Updater called before beeing initialized
2024-04-11 21:46:59,250 [ERROR] CADModel:125 - Updater not yet initialized, retry later 
2024-04-11 21:46:59,432 [INFO] CADModel:165 - CPN selected for project level
2024-04-11 21:46:59,432 [INFO] CADModel:114 - Register for checkConnection events
2024-04-11 21:46:59,432 [FATAL] Updater:308 - Updater called before beeing initialized
2024-04-11 21:46:59,432 [ERROR] CADModel:125 - Updater not yet initialized, retry later 
2024-04-11 21:46:59,437 [FATAL] Updater:308 - Updater called before beeing initialized
2024-04-11 21:46:59,573 [FATAL] Updater:308 - Updater called before beeing initialized
2024-04-11 21:46:59,586 [INFO] DbMcusAds:53 - JSON generation date=Wed Nov 29 17:52:27 ICT 2023 (1701255147349)
2024-04-11 21:46:59,586 [FATAL] Updater:308 - Updater called before beeing initialized
2024-04-11 21:46:59,676 [WARN] DetailPanel:346 - Failed to get advertising image, set to default
2024-04-11 21:46:59,714 [INFO] ThirdPartyUpdaterWithRetryManager:70 - Updater plugin not ready yet. [2/15]
2024-04-11 21:46:59,781 [FATAL] Updater:308 - Updater called before beeing initialized
2024-04-11 21:46:59,783 [FATAL] Updater:308 - Updater called before beeing initialized
2024-04-11 21:46:59,784 [FATAL] Updater:308 - Updater called before beeing initialized
2024-04-11 21:46:59,784 [WARN] DetailPanel:346 - Failed to get advertising image, set to default
2024-04-11 21:46:59,785 [FATAL] Updater:308 - Updater called before beeing initialized
2024-04-11 21:46:59,887 [ERROR] Updater:1120 - MainUpdater not yet initialized. External WinMGr cannot be set.
2024-04-11 21:46:59,903 [INFO] Updater:1056 - Updater Version found : 6.10.0
2024-04-11 21:46:59,926 [INFO] ApplicationProperties:184 - Using Application install path: G:\stm32cubeide\stm32cubeide114\STM32CubeIDE_1.14.0\STM32CubeIDE\plugins\com.st.stm32cube.common.mx_6.10.0.202311202037
2024-04-11 21:47:00,644 [INFO] MainUpdater:2873 - connection check result : 10
2024-04-11 21:47:00,645 [INFO] MainUpdater:290 - Updater Check For Update Now.
2024-04-11 21:47:00,646 [INFO] MicroXplorer:498 - Change Database Version : DB.6.0.100
2024-04-11 21:47:00,708 [INFO] McuFinderGlobals:63 - Set McuFinder mode to 2 (CubeIDE integrated)
2024-04-11 21:47:00,895 [INFO] CheckServerUpdateThread:120 - End of CheckServer Thread
2024-04-11 21:47:01,193 [INFO] UserAuth:404 - Internet connection configuration mode: 1
2024-04-11 21:47:01,218 [INFO] JxBrowserEngine:152 - Initiate JxBrowser Engine with user profile folder
2024-04-11 21:47:02,954 [WARN] PackLoader:240 - Cannot read IP mode file for STMicroelectronics.X-CUBE-SMBUS.2.1.0
2024-04-11 21:47:02,975 [WARN] PackLoader:240 - Cannot read IP mode file for STMicroelectronics.X-CUBE-TOUCHGFX.4.23.1
2024-04-11 21:47:02,987 [WARN] PackLoader:240 - Cannot read IP mode file for STMicroelectronics.X-CUBE-TOUCHGFX.4.23.0
2024-04-11 21:47:03,000 [WARN] PackLoader:240 - Cannot read IP mode file for STMicroelectronics.X-CUBE-TOUCHGFX.4.23.2
2024-04-11 21:47:03,049 [WARN] PackLoader:240 - Cannot read IP mode file for STMicroelectronics.X-CUBE-AZRTOS-F7.1.1.0
2024-04-11 21:47:03,073 [WARN] PackLoader:240 - Cannot read IP mode file for STMicroelectronics.FP-SNS-MOTENV1.4.3.2
2024-04-11 21:47:03,093 [WARN] PackLoader:240 - Cannot read IP mode file for STMicroelectronics.FP-SNS-FLIGHT1.5.0.2
2024-04-11 21:47:03,113 [WARN] PackLoader:240 - Cannot read IP mode file for STMicroelectronics.X-CUBE-DISPLAY.3.0.0
2024-04-11 21:47:03,141 [WARN] PackLoader:240 - Cannot read IP mode file for STMicroelectronics.X-CUBE-BLE1.7.0.0
2024-04-11 21:47:03,158 [WARN] PackLoader:240 - Cannot read IP mode file for emotas.I-CUBE-CANOPEN.1.3.0
2024-04-11 21:47:03,173 [WARN] PackLoader:240 - Cannot read IP mode file for STMicroelectronics.X-CUBE-TOUCHGFX.4.22.1
2024-04-11 21:47:03,195 [WARN] PackLoader:240 - Cannot read IP mode file for STMicroelectronics.X-CUBE-BLEMGR.3.1.0
2024-04-11 21:47:03,215 [WARN] PackLoader:240 - Cannot read IP mode file for STMicroelectronics.FP-SNS-SMARTAG2.1.2.0
2024-04-11 21:47:03,240 [INFO] LogOutputStream:77 - [STDOUT_REDIRECT] 1 : Invalid condition id : UX_CORESTACK_Condition cause : null
2024-04-11 21:47:03,241 [INFO] LogOutputStream:77 - [STDOUT_REDIRECT] 1 : Invalid condition id : UX_CORESTACK_Condition cause : null
2024-04-11 21:47:03,242 [INFO] LogOutputStream:77 - [STDOUT_REDIRECT] 1 : Invalid condition id : UX_CORESTACK_Condition cause : null
2024-04-11 21:47:03,243 [INFO] LogOutputStream:77 - [STDOUT_REDIRECT] 1 : Invalid condition id : UX_CORESTACK_Condition cause : null
2024-04-11 21:47:03,244 [INFO] LogOutputStream:77 - [STDOUT_REDIRECT] 1 : Invalid condition id : UX_CORESTACK_Condition cause : null
2024-04-11 21:47:03,248 [WARN] PackLoader:240 - Cannot read IP mode file for STMicroelectronics.X-CUBE-AZRTOS-WL.2.0.0
2024-04-11 21:47:03,260 [WARN] PackLoader:240 - Cannot read IP mode file for STMicroelectronics.FP-SNS-MOTENV1.5.0.0
2024-04-11 21:47:03,276 [WARN] PackLoader:240 - Cannot read IP mode file for WES.I-CUBE-Cesium.1.3.0
2024-04-11 21:47:03,289 [WARN] PackLoader:240 - Cannot read IP mode file for STMicroelectronics.X-CUBE-BLE2.3.3.0
2024-04-11 21:47:03,304 [WARN] PackLoader:240 - Cannot read IP mode file for STMicroelectronics.X-CUBE-TCPP.4.1.0
2024-04-11 21:47:03,323 [WARN] PackLoader:240 - Cannot read IP mode file for STMicroelectronics.X-CUBE-ALGOBUILD.1.3.0
2024-04-11 21:47:03,355 [WARN] PackLoader:240 - Cannot read IP mode file for STMicroelectronics.X-CUBE-AZRTOS-G0.1.1.0
2024-04-11 21:47:03,396 [WARN] PackLoader:240 - Cannot read IP mode file for STMicroelectronics.X-CUBE-SAFEA1.1.2.2
2024-04-11 21:47:03,416 [WARN] PackLoader:240 - Cannot read IP mode file for STMicroelectronics.X-CUBE-NFC4.3.0.0
2024-04-11 21:47:03,442 [WARN] PackLoader:240 - Cannot read IP mode file for STMicroelectronics.X-CUBE-BLEMGR.3.0.0
2024-04-11 21:47:03,475 [WARN] PackLoader:240 - Cannot read IP mode file for STMicroelectronics.FP-ATR-SIGFOX1.3.2.0
2024-04-11 21:47:03,491 [WARN] PackLoader:240 - Cannot read IP mode file for STMicroelectronics.X-CUBE-EEPRMA1.5.1.0
2024-04-11 21:47:03,559 [WARN] PackLoader:240 - Cannot read IP mode file for SEGGER.I-CUBE-embOS.1.3.1
2024-04-11 21:47:03,613 [WARN] PackLoader:240 - Cannot read IP mode file for STMicroelectronics.X-CUBE-GNSS1.6.0.0
2024-04-11 21:47:03,651 [WARN] PackLoader:240 - Cannot read IP mode file for STMicroelectronics.X-CUBE-AZRTOS-F4.1.1.0
2024-04-11 21:47:03,669 [WARN] PackLoader:240 - Cannot read IP mode file for wolfSSL.I-CUBE-wolfSSL.5.6.3
2024-04-11 21:47:03,704 [WARN] PackLoader:240 - Cannot read IP mode file for STMicroelectronics.X-CUBE-AZRTOS-L5.2.0.0
2024-04-11 21:47:03,782 [WARN] PackLoader:240 - Cannot read IP mode file for STMicroelectronics.X-CUBE-MEMS1.9.6.0
2024-04-11 21:47:03,961 [WARN] PackLoader:240 - Cannot read IP mode file for STMicroelectronics.X-CUBE-EEPRMA1.4.2.0
2024-04-11 21:47:03,982 [WARN] PackLoader:240 - Cannot read IP mode file for STMicroelectronics.X-CUBE-NFC6.3.1.0
2024-04-11 21:47:04,000 [WARN] PackLoader:240 - Cannot read IP mode file for ITTIA_DB.I-CUBE-ITTIADB.8.8.0
2024-04-11 21:47:04,018 [WARN] PackLoader:240 - Cannot read IP mode file for STMicroelectronics.X-CUBE-BLEMGR.2.0.0
2024-04-11 21:47:04,056 [WARN] ConditionMgr:438 - getConditionDescription Invalid condition id : UX DEVICE CLASS RTOS Condition cause : null
2024-04-11 21:47:04,057 [WARN] ConditionMgr:438 - getConditionDescription Invalid condition id : UX DEVICE CLASS RTOS Condition cause : null
2024-04-11 21:47:04,075 [WARN] PackLoader:240 - Cannot read IP mode file for STMicroelectronics.X-CUBE-AZRTOS-H7.3.1.0
2024-04-11 21:47:04,076 [WARN] ConditionMgr:1039 - genDependencies : Invalid condition id : UX DEVICE CLASS RTOS Condition cause : null
2024-04-11 21:47:04,077 [WARN] ConditionMgr:1039 - genDependencies : Invalid condition id : UX DEVICE CLASS RTOS Condition cause : null
2024-04-11 21:47:04,077 [WARN] ConditionMgr:1039 - genDependencies : Invalid condition id : UX DEVICE CLASS RTOS Condition cause : null
2024-04-11 21:47:04,078 [WARN] ConditionMgr:1039 - genDependencies : Invalid condition id : UX DEVICE CLASS RTOS Condition cause : null
2024-04-11 21:47:04,078 [WARN] ConditionMgr:1039 - genDependencies : Invalid condition id : UX DEVICE CLASS RTOS Condition cause : null
2024-04-11 21:47:04,121 [WARN] PackLoader:240 - Cannot read IP mode file for STMicroelectronics.X-CUBE-NFC7.1.0.1
2024-04-11 21:47:04,145 [WARN] PackLoader:240 - Cannot read IP mode file for STMicroelectronics.X-CUBE-NFC6.3.0.0
2024-04-11 21:47:04,172 [WARN] PackLoader:240 - Cannot read IP mode file for STMicroelectronics.X-CUBE-EEPRMA1.4.1.0
2024-04-11 21:47:04,204 [WARN] PackLoader:240 - Cannot read IP mode file for STMicroelectronics.X-CUBE-AI.8.1.0
2024-04-11 21:47:04,245 [WARN] ConditionMgr:438 - getConditionDescription Invalid condition id : LAN8742 Phy interface Condition cause : null
2024-04-11 21:47:04,248 [WARN] PackLoader:240 - Cannot read IP mode file for STMicroelectronics.X-CUBE-AZRTOS-L4.2.0.0
2024-04-11 21:47:04,249 [WARN] ConditionMgr:1039 - genDependencies : Invalid condition id : LAN8742 Phy interface Condition cause : null
2024-04-11 21:47:04,249 [WARN] ConditionMgr:1039 - genDependencies : Invalid condition id : LAN8742 Phy interface Condition cause : null
2024-04-11 21:47:04,250 [WARN] ConditionMgr:1039 - genDependencies : Invalid condition id : LAN8742 Phy interface Condition cause : null
2024-04-11 21:47:04,269 [WARN] PackLoader:240 - Cannot read IP mode file for STMicroelectronics.X-CUBE-SFXS2LP1.4.0.0
2024-04-11 21:47:04,285 [WARN] PackLoader:240 - Cannot read IP mode file for STMicroelectronics.X-CUBE-ISPU.1.1.0
2024-04-11 21:47:04,316 [WARN] ConditionMgr:438 - getConditionDescription Invalid condition id : UX DEVICE CLASS RTOS Condition cause : null
2024-04-11 21:47:04,317 [WARN] ConditionMgr:438 - getConditionDescription Invalid condition id : UX DEVICE CLASS RTOS Condition cause : null
2024-04-11 21:47:04,320 [WARN] PackLoader:240 - Cannot read IP mode file for STMicroelectronics.X-CUBE-AZRTOS-WB.2.0.0
2024-04-11 21:47:04,320 [WARN] ConditionMgr:1039 - genDependencies : Invalid condition id : UX DEVICE CLASS RTOS Condition cause : null
2024-04-11 21:47:04,321 [WARN] ConditionMgr:1039 - genDependencies : Invalid condition id : UX DEVICE CLASS RTOS Condition cause : null
2024-04-11 21:47:04,321 [WARN] ConditionMgr:1039 - genDependencies : Invalid condition id : UX DEVICE CLASS RTOS Condition cause : null
2024-04-11 21:47:04,322 [WARN] ConditionMgr:1039 - genDependencies : Invalid condition id : UX DEVICE CLASS RTOS Condition cause : null
2024-04-11 21:47:04,322 [WARN] ConditionMgr:1039 - genDependencies : Invalid condition id : UX DEVICE CLASS RTOS Condition cause : null
2024-04-11 21:47:04,347 [WARN] PackLoader:240 - Cannot read IP mode file for STMicroelectronics.X-CUBE-SUBG2.5.0.0
2024-04-11 21:47:04,410 [WARN] PackLoader:240 - Cannot read IP mode file for STMicroelectronics.X-CUBE-TOF1.3.3.1
2024-04-11 21:47:04,520 [WARN] PackLoader:240 - Cannot read IP mode file for STMicroelectronics.X-CUBE-AZRTOS-G4.2.0.0
2024-04-11 21:47:04,551 [WARN] PackLoader:240 - Cannot read IP mode file for Infineon.AIROC-Wi-Fi-Bluetooth-STM32.1.5.1
2024-04-11 21:47:04,575 [WARN] PackLoader:240 - Cannot read IP mode file for STMicroelectronics.FP-SNS-MOTENVWB1.1.3.0
2024-04-11 21:47:04,592 [WARN] PackLoader:240 - Cannot read IP mode file for STMicroelectronics.FP-SNS-MOTENVWB1.1.3.1
2024-04-11 21:47:04,627 [WARN] PackLoader:240 - Cannot read IP mode file for STMicroelectronics.X-CUBE-ISPU.2.0.0
2024-04-11 21:47:04,793 [WARN] PackLoader:240 - Cannot read IP mode file for STMicroelectronics.X-CUBE-MEMS1.10.0.0
2024-04-11 21:47:05,005 [WARN] PackLoader:240 - Cannot read IP mode file for STMicroelectronics.X-CUBE-FREERTOS.1.1.0
2024-04-11 21:47:05,023 [WARN] PackLoader:240 - Cannot read IP mode file for portGmbH.I-Cube-SoM-uGOAL.1.1.0
2024-04-11 21:47:05,046 [WARN] PackLoader:240 - Cannot read IP mode file for STMicroelectronics.X-CUBE-ALS.1.0.1
2024-04-11 21:47:05,087 [WARN] PackLoader:240 - Cannot read IP mode file for STMicroelectronics.FP-ATR-ASTRA1.2.0.0
2024-04-11 21:47:05,122 [WARN] PackLoader:240 - Cannot read IP mode file for STMicroelectronics.X-CUBE-TOF1.3.4.0
2024-04-11 21:47:05,195 [WARN] PackLoader:240 - Cannot read IP mode file for STMicroelectronics.X-CUBE-TOF1.3.4.1
2024-04-11 21:47:05,247 [WARN] PackLoader:240 - Cannot read IP mode file for STMicroelectronics.X-CUBE-AZRTOS-H7.3.2.0
2024-04-11 21:47:05,252 [INFO] ThirdParty:978 - Integrity check success = true
2024-04-11 21:47:05,252 [INFO] IntegrityCheckThread:100 - exiting critical section [integrity check]
2024-04-11 21:47:05,252 [INFO] IntegrityCheckThread:103 - End integrity checks thread
2024-04-11 21:47:05,326 [INFO] WebApp:161 - Instantiating new browser for Auth
2024-04-11 21:47:06,484 [INFO] WebApp:780 - Register for checkConnection events
2024-04-11 21:47:06,484 [INFO] WebApp:414 - Apply proxy settings
2024-04-11 21:47:06,484 [INFO] WebApp:499 - Chromium requires no authentication
2024-04-11 21:47:06,493 [INFO] WebApp:442 - Direct internet connection detected
2024-04-11 21:47:06,708 [INFO] WebApp:192 - Starting web application
2024-04-11 21:47:06,708 [INFO] WebApp:544 - Web application path used G:\stm32cubeide\stm32cubeide114\STM32CubeIDE_1.14.0\STM32CubeIDE\plugins\com.st.stm32cube.common.mx_6.10.0.202311202037\db\plugins\mcufinder\reactClient1\index.html
2024-04-11 21:47:27,690 [ERROR] LogOutputStream:75 - [STDERR_REDIRECT] SLF4J: Failed to load class "org.slf4j.impl.StaticLoggerBinder".
2024-04-11 21:47:27,690 [ERROR] LogOutputStream:75 - [STDERR_REDIRECT] SLF4J: Defaulting to no-operation (NOP) logger implementation
2024-04-11 21:47:27,691 [ERROR] LogOutputStream:75 - [STDERR_REDIRECT] SLF4J: See http://www.slf4j.org/codes.html#StaticLoggerBinder for further details.
2024-04-11 22:36:15,914 [ERROR] LogOutputStream:75 - [STDERR_REDIRECT] 
