2024-03-29 16:15:48,552 [INFO] Activator:176 - 


2024-03-29 16:15:48,557 [INFO] Activator:177 - !SESSION log4j initialized
2024-03-29 16:15:55,777 [INFO] LogOutputStream:77 - [STDOUT_REDIRECT] 
2024-03-29 16:16:02,372 [INFO] ApplicationProperties:184 - Using Application install path: G:\stm32cubeide\stm32cubeide114\STM32CubeIDE_1.14.0\STM32CubeIDE\plugins\com.st.stm32cube.common.mx_6.10.0.202311202037
2024-03-29 16:16:02,399 [INFO] DbMcusXml:78 - Set database path to: G:\stm32cubeide\stm32cubeide114\STM32CubeIDE_1.14.0\STM32CubeIDE\plugins\com.st.stm32cube.common.mx_6.10.0.202311202037\\db\/mcu/
2024-03-29 16:16:02,399 [INFO] ApiDb:274 - Set plugin database path to: G:\stm32cubeide\stm32cubeide114\STM32CubeIDE_1.14.0\STM32CubeIDE\plugins\com.st.stm32cube.common.mx_6.10.0.202311202037\\db\/plugins/boardmanager/
2024-03-29 16:16:02,401 [WARN] ApiDb:259 - Overriding images path with different value:  => G:\stm32cubeide\stm32cubeide114\STM32CubeIDE_1.14.0\STM32CubeIDE\plugins\com.st.stm32cube.common.mx_6.10.0.202311202037\\db\/plugins/mcufinder/images/
2024-03-29 16:16:02,427 [INFO] ApiDb:250 - Set database path to: C:\Users\Nghia\.stmcufinder\plugins\mcufinder//mcu/
2024-03-29 16:16:02,429 [INFO] DbMcusAds:125 - Set database path to: C:\Users\Nghia\.stmcufinder\plugins\mcufinder//mcu/
2024-03-29 16:16:02,431 [INFO] CrossReferenceDbSqlite:203 - Set database path to: C:\Users\Nghia\.stmcufinder\plugins\mcufinder//mcu/cs/
2024-03-29 16:16:02,562 [INFO] RulesReader:64 - Compatibility file has been processed (297 Rules)
2024-03-29 16:16:02,659 [INFO] DbMcusXml:78 - Set database path to: G:\stm32cubeide\stm32cubeide114\STM32CubeIDE_1.14.0\STM32CubeIDE\plugins\com.st.stm32cube.common.mx_6.10.0.202311202037\\db\/mcu/
2024-03-29 16:16:02,659 [INFO] ApiDb:274 - Set plugin database path to: G:\stm32cubeide\stm32cubeide114\STM32CubeIDE_1.14.0\STM32CubeIDE\plugins\com.st.stm32cube.common.mx_6.10.0.202311202037\\db\/plugins/boardmanager/
2024-03-29 16:16:02,660 [INFO] ApiDb:261 - Set plugin images path to: G:\stm32cubeide\stm32cubeide114\STM32CubeIDE_1.14.0\STM32CubeIDE\plugins\com.st.stm32cube.common.mx_6.10.0.202311202037\\db\/plugins/mcufinder/images/
2024-03-29 16:16:02,660 [WARN] DbFile:41 - Overriding database path with different value: C:\Users\Nghia\.stmcufinder\plugins\mcufinder/ => C:\Users\Nghia\.stmcufinder\plugins\mcufinder
2024-03-29 16:16:02,660 [INFO] ApiDb:250 - Set database path to: C:\Users\Nghia\.stmcufinder\plugins\mcufinder//mcu/
2024-03-29 16:16:02,660 [WARN] DbFile:41 - Overriding database path with different value: C:\Users\Nghia\.stmcufinder\plugins\mcufinder/ => C:\Users\Nghia\.stmcufinder\plugins\mcufinder
2024-03-29 16:16:02,660 [INFO] DbMcusAds:125 - Set database path to: C:\Users\Nghia\.stmcufinder\plugins\mcufinder//mcu/
2024-03-29 16:16:02,660 [WARN] DbFile:41 - Overriding database path with different value: C:\Users\Nghia\.stmcufinder\plugins\mcufinder/ => C:\Users\Nghia\.stmcufinder\plugins\mcufinder
2024-03-29 16:16:02,660 [WARN] DbFile:41 - Overriding database path with different value: C:\Users\Nghia\.stmcufinder\plugins\mcufinder/ => C:\Users\Nghia\.stmcufinder\plugins\mcufinder
2024-03-29 16:16:02,660 [INFO] CrossReferenceDbSqlite:203 - Set database path to: C:\Users\Nghia\.stmcufinder\plugins\mcufinder//mcu/cs/
2024-03-29 16:16:02,758 [INFO] MainPanel:264 - HeapMemory: 268435456
2024-03-29 16:16:02,865 [INFO] DbMcusXml:78 - Set database path to: G:\stm32cubeide\stm32cubeide114\STM32CubeIDE_1.14.0\STM32CubeIDE\plugins\com.st.stm32cube.common.mx_6.10.0.202311202037\\db\/mcu/
2024-03-29 16:16:02,865 [INFO] ApiDb:274 - Set plugin database path to: G:\stm32cubeide\stm32cubeide114\STM32CubeIDE_1.14.0\STM32CubeIDE\plugins\com.st.stm32cube.common.mx_6.10.0.202311202037\\db\/plugins/boardmanager/
2024-03-29 16:16:02,865 [INFO] ApiDb:261 - Set plugin images path to: G:\stm32cubeide\stm32cubeide114\STM32CubeIDE_1.14.0\STM32CubeIDE\plugins\com.st.stm32cube.common.mx_6.10.0.202311202037\\db\/plugins/mcufinder/images/
2024-03-29 16:16:02,866 [WARN] DbFile:41 - Overriding database path with different value: C:\Users\Nghia\.stmcufinder\plugins\mcufinder/ => C:\Users\Nghia\.stmcufinder\plugins\mcufinder
2024-03-29 16:16:02,866 [INFO] ApiDb:250 - Set database path to: C:\Users\Nghia\.stmcufinder\plugins\mcufinder//mcu/
2024-03-29 16:16:02,866 [WARN] DbFile:41 - Overriding database path with different value: C:\Users\Nghia\.stmcufinder\plugins\mcufinder/ => C:\Users\Nghia\.stmcufinder\plugins\mcufinder
2024-03-29 16:16:02,866 [INFO] DbMcusAds:125 - Set database path to: C:\Users\Nghia\.stmcufinder\plugins\mcufinder//mcu/
2024-03-29 16:16:02,866 [WARN] DbFile:41 - Overriding database path with different value: C:\Users\Nghia\.stmcufinder\plugins\mcufinder/ => C:\Users\Nghia\.stmcufinder\plugins\mcufinder
2024-03-29 16:16:02,866 [WARN] DbFile:41 - Overriding database path with different value: C:\Users\Nghia\.stmcufinder\plugins\mcufinder/ => C:\Users\Nghia\.stmcufinder\plugins\mcufinder
2024-03-29 16:16:02,866 [INFO] CrossReferenceDbSqlite:203 - Set database path to: C:\Users\Nghia\.stmcufinder\plugins\mcufinder//mcu/cs/
2024-03-29 16:16:02,889 [INFO] ApplicationProperties:184 - Using Application install path: G:\stm32cubeide\stm32cubeide114\STM32CubeIDE_1.14.0\STM32CubeIDE\plugins\com.st.stm32cube.common.mx_6.10.0.202311202037
2024-03-29 16:16:02,891 [INFO] PluginManage:196 - Search for loadable plugins [exclusion list=, ]
2024-03-29 16:16:02,892 [INFO] PluginManage:310 - Check plugin analytics
2024-03-29 16:16:07,973 [INFO] AnalyticsPlugin:253 - Accepted Software Licenses: STM32CubeMX.6.8.0,STM32CubeMX.6.1.1
2024-03-29 16:16:07,973 [INFO] AnalyticsPlugin:255 - Accepted CMSIS Pack Licenses: 
2024-03-29 16:16:07,973 [INFO] AnalyticsPlugin:257 - Accepted Firmware Licenses: FW.F4.1.27.0,FW.F4.1.28.0
2024-03-29 16:16:07,976 [INFO] PluginManage:359 - Loaded plugin analytics (category:tool,tabindex:-1)
2024-03-29 16:16:07,976 [INFO] PluginManage:310 - Check plugin cadmodel
2024-03-29 16:16:07,989 [INFO] CADModel:105 - Init CAD model plugin
2024-03-29 16:16:07,989 [INFO] PluginManage:359 - Loaded plugin cadmodel (category:power,tabindex:5)
2024-03-29 16:16:07,989 [INFO] PluginManage:310 - Check plugin clock
2024-03-29 16:16:08,007 [INFO] PluginManage:359 - Loaded plugin clock (category:base,tabindex:2)
2024-03-29 16:16:08,008 [INFO] PluginManage:310 - Check plugin ddr
2024-03-29 16:16:08,010 [INFO] PluginManage:359 - Loaded plugin ddr (category:tool,tabindex:6)
2024-03-29 16:16:08,010 [INFO] PluginManage:310 - Check plugin filemanager
2024-03-29 16:16:08,145 [INFO] PluginManage:359 - Loaded plugin filemanager (category:base,tabindex:10)
2024-03-29 16:16:08,145 [INFO] PluginManage:310 - Check plugin ipmanager
2024-03-29 16:16:08,155 [INFO] PluginManage:359 - Loaded plugin ipmanager (category:base,tabindex:5)
2024-03-29 16:16:08,155 [INFO] PluginManage:310 - Check plugin lpbam
2024-03-29 16:16:08,174 [INFO] PluginManage:359 - Loaded plugin lpbam (category:base,tabindex:0)
2024-03-29 16:16:08,175 [INFO] PluginManage:310 - Check plugin memorymap
2024-03-29 16:16:08,206 [INFO] PluginManage:359 - Loaded plugin memorymap (category:base,tabindex:4)
2024-03-29 16:16:08,206 [INFO] PluginManage:310 - Check plugin pinoutandconfiguration
2024-03-29 16:16:08,226 [INFO] PluginManage:359 - Loaded plugin pinoutandconfiguration (category:base,tabindex:1)
2024-03-29 16:16:08,226 [INFO] PluginManage:310 - Check plugin pinoutconfig
2024-03-29 16:16:08,339 [WARN] SupportedApi:132 - Cannot load RTOS API schema: s4s-elt-must-match.1: The content of 'definitions' must match (annotation?, (simpleType | complexType)?, (unique | key | keyref)*)). A problem was found starting at: attribute.
2024-03-29 16:16:08,471 [INFO] PluginManage:359 - Loaded plugin pinoutconfig (category:base,tabindex:0)
2024-03-29 16:16:08,471 [INFO] PluginManage:310 - Check plugin power
2024-03-29 16:16:08,489 [INFO] PluginManage:359 - Loaded plugin power (category:power,tabindex:4)
2024-03-29 16:16:08,489 [INFO] PluginManage:310 - Check plugin projectmanager
2024-03-29 16:16:08,502 [INFO] PluginManage:359 - Loaded plugin projectmanager (category:projectmanager,tabindex:3)
2024-03-29 16:16:08,502 [INFO] PluginManage:310 - Check plugin thirdparty
2024-03-29 16:16:08,773 [INFO] PluginManage:359 - Loaded plugin thirdparty (category:base,tabindex:-1)
2024-03-29 16:16:08,773 [WARN] IntegrityCheckThread:84 - waiting for thirdparty lock release [integrity check]
2024-03-29 16:16:08,773 [INFO] PluginManage:310 - Check plugin tools
2024-03-29 16:16:08,774 [INFO] IntegrityCheckThread:86 - entering critical section [integrity check]
2024-03-29 16:16:08,774 [INFO] ThirdPartyUpdaterWithRetryManager:70 - Updater plugin not ready yet. [1/15]
2024-03-29 16:16:08,808 [INFO] PluginManage:359 - Loaded plugin tools (category:base,tabindex:7)
2024-03-29 16:16:08,808 [INFO] PluginManage:310 - Check plugin tutovideos
2024-03-29 16:16:08,989 [INFO] PluginManage:359 - Loaded plugin tutovideos (category:base,tabindex:-1)
2024-03-29 16:16:08,990 [INFO] PluginManage:310 - Check plugin updater
2024-03-29 16:16:09,001 [INFO] PluginManage:359 - Loaded plugin updater (category:base,tabindex:12)
2024-03-29 16:16:09,002 [INFO] PluginManage:310 - Check plugin userauth
2024-03-29 16:16:09,007 [INFO] UserAuth:114 - Init User Auth plugin
2024-03-29 16:16:09,009 [INFO] PluginManage:359 - Loaded plugin userauth (category:base,tabindex:14)
2024-03-29 16:16:09,009 [INFO] PluginManage:283 - PluginManage : Loaded plugins [17]
2024-03-29 16:16:09,223 [INFO] PinOutPanel:1499 - setPackage(No Configuration,No Configuration)
2024-03-29 16:16:09,293 [INFO] CADModel:165 - CPN selected for project level
2024-03-29 16:16:09,293 [INFO] CADModel:114 - Register for checkConnection events
2024-03-29 16:16:09,319 [INFO] IPUIPlugin:80 - create IPUIPlugin
2024-03-29 16:16:09,319 [INFO] PluginManager:220 - loadIPPluginJar : add adc
2024-03-29 16:16:09,348 [INFO] IPUIPlugin:80 - create IPUIPlugin
2024-03-29 16:16:09,348 [INFO] PluginManager:220 - loadIPPluginJar : add aes
2024-03-29 16:16:09,386 [INFO] IPUIPlugin:80 - create IPUIPlugin
2024-03-29 16:16:09,386 [INFO] PluginManager:220 - loadIPPluginJar : add can
2024-03-29 16:16:09,407 [INFO] IPUIPlugin:80 - create IPUIPlugin
2024-03-29 16:16:09,407 [INFO] PluginManager:220 - loadIPPluginJar : add comp
2024-03-29 16:16:09,436 [INFO] IPUIPlugin:80 - create IPUIPlugin
2024-03-29 16:16:09,437 [INFO] PluginManager:220 - loadIPPluginJar : add cryp
2024-03-29 16:16:09,459 [INFO] IPUIPlugin:80 - create IPUIPlugin
2024-03-29 16:16:09,459 [INFO] PluginManager:220 - loadIPPluginJar : add dfsdm
2024-03-29 16:16:09,472 [INFO] IPUIPlugin:80 - create IPUIPlugin
2024-03-29 16:16:09,473 [INFO] PluginManager:220 - loadIPPluginJar : add dma
2024-03-29 16:16:09,512 [INFO] IPUIPlugin:80 - create IPUIPlugin
2024-03-29 16:16:09,512 [INFO] PluginManager:220 - loadIPPluginJar : add dma3
2024-03-29 16:16:09,531 [INFO] IPUIPlugin:80 - create IPUIPlugin
2024-03-29 16:16:09,532 [INFO] PluginManager:220 - loadIPPluginJar : add fatfs
2024-03-29 16:16:09,573 [INFO] IPUIPlugin:80 - create IPUIPlugin
2024-03-29 16:16:09,573 [INFO] PluginManager:220 - loadIPPluginJar : add fmc
2024-03-29 16:16:09,589 [INFO] IPUIPlugin:80 - create IPUIPlugin
2024-03-29 16:16:09,589 [INFO] PluginManager:220 - loadIPPluginJar : add freertos
2024-03-29 16:16:09,604 [INFO] IPUIPlugin:80 - create IPUIPlugin
2024-03-29 16:16:09,605 [INFO] PluginManager:220 - loadIPPluginJar : add genericplugin
2024-03-29 16:16:09,685 [INFO] IPUIPlugin:80 - create IPUIPlugin
2024-03-29 16:16:09,685 [INFO] PluginManager:220 - loadIPPluginJar : add gfxmmu
2024-03-29 16:16:09,798 [INFO] IPUIPlugin:80 - create IPUIPlugin
2024-03-29 16:16:09,799 [INFO] PluginManager:220 - loadIPPluginJar : add gic
2024-03-29 16:16:09,809 [INFO] IPUIPlugin:80 - create IPUIPlugin
2024-03-29 16:16:09,809 [INFO] PluginManager:220 - loadIPPluginJar : add gpio
2024-03-29 16:16:09,889 [INFO] IPUIPlugin:80 - create IPUIPlugin
2024-03-29 16:16:09,890 [INFO] PluginManager:220 - loadIPPluginJar : add gtzc
2024-03-29 16:16:09,916 [INFO] IPUIPlugin:80 - create IPUIPlugin
2024-03-29 16:16:09,916 [INFO] PluginManager:220 - loadIPPluginJar : add hash
2024-03-29 16:16:09,961 [INFO] IPUIPlugin:80 - create IPUIPlugin
2024-03-29 16:16:09,961 [INFO] PluginManager:220 - loadIPPluginJar : add i2c
2024-03-29 16:16:09,995 [INFO] IPUIPlugin:80 - create IPUIPlugin
2024-03-29 16:16:09,995 [INFO] PluginManager:220 - loadIPPluginJar : add i2s
2024-03-29 16:16:10,029 [INFO] IPUIPlugin:80 - create IPUIPlugin
2024-03-29 16:16:10,029 [INFO] PluginManager:220 - loadIPPluginJar : add i3c
2024-03-29 16:16:10,122 [INFO] IPUIPlugin:80 - create IPUIPlugin
2024-03-29 16:16:10,122 [INFO] PluginManager:220 - loadIPPluginJar : add ipddr
2024-03-29 16:16:10,202 [INFO] IPUIPlugin:80 - create IPUIPlugin
2024-03-29 16:16:10,202 [INFO] PluginManager:220 - loadIPPluginJar : add linkedlist
2024-03-29 16:16:10,231 [INFO] IPUIPlugin:80 - create IPUIPlugin
2024-03-29 16:16:10,231 [INFO] PluginManager:220 - loadIPPluginJar : add lorawan
2024-03-29 16:16:10,262 [INFO] IPUIPlugin:80 - create IPUIPlugin
2024-03-29 16:16:10,263 [INFO] PluginManager:220 - loadIPPluginJar : add ltdc
2024-03-29 16:16:10,275 [INFO] IPUIPlugin:80 - create IPUIPlugin
2024-03-29 16:16:10,275 [INFO] PluginManager:220 - loadIPPluginJar : add mdma
2024-03-29 16:16:10,285 [INFO] IPUIPlugin:80 - create IPUIPlugin
2024-03-29 16:16:10,285 [INFO] PluginManager:220 - loadIPPluginJar : add nvic
2024-03-29 16:16:10,315 [INFO] IPUIPlugin:80 - create IPUIPlugin
2024-03-29 16:16:10,315 [INFO] PluginManager:220 - loadIPPluginJar : add opamp
2024-03-29 16:16:10,373 [INFO] IPUIPlugin:80 - create IPUIPlugin
2024-03-29 16:16:10,373 [INFO] PluginManager:220 - loadIPPluginJar : add openamp
2024-03-29 16:16:10,411 [INFO] IPUIPlugin:80 - create IPUIPlugin
2024-03-29 16:16:10,411 [INFO] PluginManager:220 - loadIPPluginJar : add pdm2pcm
2024-03-29 16:16:10,424 [INFO] IPUIPlugin:80 - create IPUIPlugin
2024-03-29 16:16:10,426 [INFO] PluginManager:220 - loadIPPluginJar : add plateformsettings
2024-03-29 16:16:10,444 [INFO] IPUIPlugin:80 - create IPUIPlugin
2024-03-29 16:16:10,444 [INFO] PluginManager:220 - loadIPPluginJar : add quadspi
2024-03-29 16:16:10,454 [INFO] IPUIPlugin:80 - create IPUIPlugin
2024-03-29 16:16:10,454 [INFO] PluginManager:220 - loadIPPluginJar : add resmgrutility
2024-03-29 16:16:10,496 [INFO] IPUIPlugin:80 - create IPUIPlugin
2024-03-29 16:16:10,496 [INFO] PluginManager:220 - loadIPPluginJar : add sai
2024-03-29 16:16:10,526 [INFO] IPUIPlugin:80 - create IPUIPlugin
2024-03-29 16:16:10,526 [INFO] PluginManager:220 - loadIPPluginJar : add spi
2024-03-29 16:16:10,583 [INFO] IPUIPlugin:80 - create IPUIPlugin
2024-03-29 16:16:10,583 [INFO] PluginManager:220 - loadIPPluginJar : add stm32_wpan
2024-03-29 16:16:10,604 [INFO] IPUIPlugin:80 - create IPUIPlugin
2024-03-29 16:16:10,605 [INFO] PluginManager:220 - loadIPPluginJar : add tim
2024-03-29 16:16:10,653 [INFO] IPUIPlugin:80 - create IPUIPlugin
2024-03-29 16:16:10,653 [INFO] PluginManager:220 - loadIPPluginJar : add touchsensing
2024-03-29 16:16:10,671 [INFO] IPUIPlugin:80 - create IPUIPlugin
2024-03-29 16:16:10,671 [INFO] PluginManager:220 - loadIPPluginJar : add tracer_emb
2024-03-29 16:16:10,690 [INFO] IPUIPlugin:80 - create IPUIPlugin
2024-03-29 16:16:10,690 [INFO] PluginManager:220 - loadIPPluginJar : add ts
2024-03-29 16:16:10,707 [INFO] IPUIPlugin:80 - create IPUIPlugin
2024-03-29 16:16:10,707 [INFO] PluginManager:220 - loadIPPluginJar : add tsc
2024-03-29 16:16:10,725 [INFO] IPUIPlugin:80 - create IPUIPlugin
2024-03-29 16:16:10,725 [INFO] PluginManager:220 - loadIPPluginJar : add ucpd
2024-03-29 16:16:10,766 [INFO] IPUIPlugin:80 - create IPUIPlugin
2024-03-29 16:16:10,766 [INFO] PluginManager:220 - loadIPPluginJar : add usart
2024-03-29 16:16:10,801 [INFO] IPUIPlugin:80 - create IPUIPlugin
2024-03-29 16:16:10,801 [INFO] PluginManager:220 - loadIPPluginJar : add usbx
2024-03-29 16:16:10,939 [INFO] CADModel:165 - CPN selected for project level
2024-03-29 16:16:10,939 [INFO] CADModel:114 - Register for checkConnection events
2024-03-29 16:16:10,940 [FATAL] Updater:308 - Updater called before beeing initialized
2024-03-29 16:16:10,940 [ERROR] CADModel:125 - Updater not yet initialized, retry later 
2024-03-29 16:16:11,072 [INFO] CADModel:165 - CPN selected for project level
2024-03-29 16:16:11,072 [INFO] CADModel:114 - Register for checkConnection events
2024-03-29 16:16:11,072 [FATAL] Updater:308 - Updater called before beeing initialized
2024-03-29 16:16:11,072 [ERROR] CADModel:125 - Updater not yet initialized, retry later 
2024-03-29 16:16:11,075 [FATAL] Updater:308 - Updater called before beeing initialized
2024-03-29 16:16:11,178 [FATAL] Updater:308 - Updater called before beeing initialized
2024-03-29 16:16:11,185 [INFO] DbMcusAds:53 - JSON generation date=Wed Nov 29 17:52:27 ICT 2023 (1701255147349)
2024-03-29 16:16:11,185 [FATAL] Updater:308 - Updater called before beeing initialized
2024-03-29 16:16:11,262 [WARN] DetailPanel:346 - Failed to get advertising image, set to default
2024-03-29 16:16:11,349 [FATAL] Updater:308 - Updater called before beeing initialized
2024-03-29 16:16:11,351 [FATAL] Updater:308 - Updater called before beeing initialized
2024-03-29 16:16:11,351 [FATAL] Updater:308 - Updater called before beeing initialized
2024-03-29 16:16:11,351 [WARN] DetailPanel:346 - Failed to get advertising image, set to default
2024-03-29 16:16:11,352 [FATAL] Updater:308 - Updater called before beeing initialized
2024-03-29 16:16:11,411 [ERROR] Updater:1120 - MainUpdater not yet initialized. External WinMGr cannot be set.
2024-03-29 16:16:11,421 [INFO] Updater:1056 - Updater Version found : 6.10.0
2024-03-29 16:16:11,437 [INFO] ApplicationProperties:184 - Using Application install path: G:\stm32cubeide\stm32cubeide114\STM32CubeIDE_1.14.0\STM32CubeIDE\plugins\com.st.stm32cube.common.mx_6.10.0.202311202037
2024-03-29 16:16:11,779 [INFO] ThirdPartyUpdaterWithRetryManager:70 - Updater plugin not ready yet. [2/15]
2024-03-29 16:16:11,926 [INFO] MainUpdater:2873 - connection check result : 10
2024-03-29 16:16:11,927 [INFO] MainUpdater:290 - Updater Check For Update Now.
2024-03-29 16:16:11,927 [INFO] MicroXplorer:498 - Change Database Version : DB.6.0.100
2024-03-29 16:16:11,947 [INFO] McuFinderGlobals:63 - Set McuFinder mode to 2 (CubeIDE integrated)
2024-03-29 16:16:12,162 [INFO] CheckServerUpdateThread:120 - End of CheckServer Thread
2024-03-29 16:16:12,295 [INFO] UserAuth:404 - Internet connection configuration mode: 1
2024-03-29 16:16:12,320 [INFO] JxBrowserEngine:152 - Initiate JxBrowser Engine with user profile folder
2024-03-29 16:16:15,053 [WARN] PackLoader:240 - Cannot read IP mode file for STMicroelectronics.X-CUBE-SMBUS.2.1.0
2024-03-29 16:16:15,084 [WARN] PackLoader:240 - Cannot read IP mode file for STMicroelectronics.X-CUBE-TOUCHGFX.4.23.1
2024-03-29 16:16:15,100 [WARN] PackLoader:240 - Cannot read IP mode file for STMicroelectronics.X-CUBE-TOUCHGFX.4.23.0
2024-03-29 16:16:15,156 [WARN] PackLoader:240 - Cannot read IP mode file for STMicroelectronics.X-CUBE-AZRTOS-F7.1.1.0
2024-03-29 16:16:15,183 [WARN] PackLoader:240 - Cannot read IP mode file for STMicroelectronics.FP-SNS-MOTENV1.4.3.2
2024-03-29 16:16:15,203 [WARN] PackLoader:240 - Cannot read IP mode file for STMicroelectronics.FP-SNS-FLIGHT1.5.0.2
2024-03-29 16:16:15,223 [WARN] PackLoader:240 - Cannot read IP mode file for STMicroelectronics.X-CUBE-DISPLAY.3.0.0
2024-03-29 16:16:15,246 [WARN] PackLoader:240 - Cannot read IP mode file for STMicroelectronics.X-CUBE-BLE1.7.0.0
2024-03-29 16:16:15,264 [WARN] PackLoader:240 - Cannot read IP mode file for emotas.I-CUBE-CANOPEN.1.3.0
2024-03-29 16:16:15,279 [WARN] PackLoader:240 - Cannot read IP mode file for STMicroelectronics.X-CUBE-TOUCHGFX.4.22.1
2024-03-29 16:16:15,279 [INFO] WebApp:161 - Instantiating new browser for Auth
2024-03-29 16:16:15,312 [WARN] PackLoader:240 - Cannot read IP mode file for STMicroelectronics.X-CUBE-BLEMGR.3.1.0
2024-03-29 16:16:15,350 [WARN] PackLoader:240 - Cannot read IP mode file for STMicroelectronics.FP-SNS-SMARTAG2.1.2.0
2024-03-29 16:16:15,385 [INFO] LogOutputStream:77 - [STDOUT_REDIRECT] 1 : Invalid condition id : UX_CORESTACK_Condition cause : null
2024-03-29 16:16:15,386 [INFO] LogOutputStream:77 - [STDOUT_REDIRECT] 1 : Invalid condition id : UX_CORESTACK_Condition cause : null
2024-03-29 16:16:15,387 [INFO] LogOutputStream:77 - [STDOUT_REDIRECT] 1 : Invalid condition id : UX_CORESTACK_Condition cause : null
2024-03-29 16:16:15,390 [INFO] LogOutputStream:77 - [STDOUT_REDIRECT] 1 : Invalid condition id : UX_CORESTACK_Condition cause : null
2024-03-29 16:16:15,392 [INFO] LogOutputStream:77 - [STDOUT_REDIRECT] 1 : Invalid condition id : UX_CORESTACK_Condition cause : null
2024-03-29 16:16:15,398 [WARN] PackLoader:240 - Cannot read IP mode file for STMicroelectronics.X-CUBE-AZRTOS-WL.2.0.0
2024-03-29 16:16:15,431 [WARN] PackLoader:240 - Cannot read IP mode file for STMicroelectronics.FP-SNS-MOTENV1.5.0.0
2024-03-29 16:16:15,462 [WARN] PackLoader:240 - Cannot read IP mode file for WES.I-CUBE-Cesium.1.3.0
2024-03-29 16:16:15,483 [WARN] PackLoader:240 - Cannot read IP mode file for STMicroelectronics.X-CUBE-BLE2.3.3.0
2024-03-29 16:16:15,508 [WARN] PackLoader:240 - Cannot read IP mode file for STMicroelectronics.X-CUBE-ALGOBUILD.1.3.0
2024-03-29 16:16:15,550 [WARN] PackLoader:240 - Cannot read IP mode file for STMicroelectronics.X-CUBE-AZRTOS-G0.1.1.0
2024-03-29 16:16:15,578 [WARN] PackLoader:240 - Cannot read IP mode file for STMicroelectronics.X-CUBE-SAFEA1.1.2.2
2024-03-29 16:16:15,603 [WARN] PackLoader:240 - Cannot read IP mode file for STMicroelectronics.X-CUBE-NFC4.3.0.0
2024-03-29 16:16:15,631 [WARN] PackLoader:240 - Cannot read IP mode file for STMicroelectronics.X-CUBE-BLEMGR.3.0.0
2024-03-29 16:16:15,645 [WARN] PackLoader:240 - Cannot read IP mode file for STMicroelectronics.FP-ATR-SIGFOX1.3.2.0
2024-03-29 16:16:15,662 [WARN] PackLoader:240 - Cannot read IP mode file for STMicroelectronics.X-CUBE-EEPRMA1.5.1.0
2024-03-29 16:16:15,712 [WARN] PackLoader:240 - Cannot read IP mode file for SEGGER.I-CUBE-embOS.1.3.1
2024-03-29 16:16:15,769 [WARN] PackLoader:240 - Cannot read IP mode file for STMicroelectronics.X-CUBE-GNSS1.6.0.0
2024-03-29 16:16:15,801 [WARN] PackLoader:240 - Cannot read IP mode file for STMicroelectronics.X-CUBE-AZRTOS-F4.1.1.0
2024-03-29 16:16:15,821 [WARN] PackLoader:240 - Cannot read IP mode file for wolfSSL.I-CUBE-wolfSSL.5.6.3
2024-03-29 16:16:15,856 [WARN] PackLoader:240 - Cannot read IP mode file for STMicroelectronics.X-CUBE-AZRTOS-L5.2.0.0
2024-03-29 16:16:15,919 [WARN] PackLoader:240 - Cannot read IP mode file for STMicroelectronics.X-CUBE-MEMS1.9.6.0
2024-03-29 16:16:16,086 [WARN] PackLoader:240 - Cannot read IP mode file for STMicroelectronics.X-CUBE-EEPRMA1.4.2.0
2024-03-29 16:16:16,110 [WARN] PackLoader:240 - Cannot read IP mode file for STMicroelectronics.X-CUBE-NFC6.3.1.0
2024-03-29 16:16:16,143 [WARN] PackLoader:240 - Cannot read IP mode file for ITTIA_DB.I-CUBE-ITTIADB.8.8.0
2024-03-29 16:16:16,164 [WARN] PackLoader:240 - Cannot read IP mode file for STMicroelectronics.X-CUBE-BLEMGR.2.0.0
2024-03-29 16:16:16,227 [WARN] ConditionMgr:438 - getConditionDescription Invalid condition id : UX DEVICE CLASS RTOS Condition cause : null
2024-03-29 16:16:16,228 [WARN] ConditionMgr:438 - getConditionDescription Invalid condition id : UX DEVICE CLASS RTOS Condition cause : null
2024-03-29 16:16:16,233 [WARN] PackLoader:240 - Cannot read IP mode file for STMicroelectronics.X-CUBE-AZRTOS-H7.3.1.0
2024-03-29 16:16:16,234 [WARN] ConditionMgr:1039 - genDependencies : Invalid condition id : UX DEVICE CLASS RTOS Condition cause : null
2024-03-29 16:16:16,234 [WARN] ConditionMgr:1039 - genDependencies : Invalid condition id : UX DEVICE CLASS RTOS Condition cause : null
2024-03-29 16:16:16,236 [WARN] ConditionMgr:1039 - genDependencies : Invalid condition id : UX DEVICE CLASS RTOS Condition cause : null
2024-03-29 16:16:16,237 [WARN] ConditionMgr:1039 - genDependencies : Invalid condition id : UX DEVICE CLASS RTOS Condition cause : null
2024-03-29 16:16:16,237 [WARN] ConditionMgr:1039 - genDependencies : Invalid condition id : UX DEVICE CLASS RTOS Condition cause : null
2024-03-29 16:16:16,254 [INFO] WebApp:780 - Register for checkConnection events
2024-03-29 16:16:16,254 [INFO] WebApp:414 - Apply proxy settings
2024-03-29 16:16:16,254 [INFO] WebApp:499 - Chromium requires no authentication
2024-03-29 16:16:16,256 [WARN] PackLoader:240 - Cannot read IP mode file for STMicroelectronics.X-CUBE-NFC7.1.0.1
2024-03-29 16:16:16,283 [INFO] WebApp:442 - Direct internet connection detected
2024-03-29 16:16:16,287 [WARN] PackLoader:240 - Cannot read IP mode file for STMicroelectronics.X-CUBE-NFC6.3.0.0
2024-03-29 16:16:16,307 [WARN] PackLoader:240 - Cannot read IP mode file for STMicroelectronics.X-CUBE-EEPRMA1.4.1.0
2024-03-29 16:16:16,323 [WARN] PackLoader:240 - Cannot read IP mode file for STMicroelectronics.X-CUBE-AI.8.1.0
2024-03-29 16:16:16,359 [WARN] ConditionMgr:438 - getConditionDescription Invalid condition id : LAN8742 Phy interface Condition cause : null
2024-03-29 16:16:16,360 [WARN] PackLoader:240 - Cannot read IP mode file for STMicroelectronics.X-CUBE-AZRTOS-L4.2.0.0
2024-03-29 16:16:16,362 [WARN] ConditionMgr:1039 - genDependencies : Invalid condition id : LAN8742 Phy interface Condition cause : null
2024-03-29 16:16:16,363 [WARN] ConditionMgr:1039 - genDependencies : Invalid condition id : LAN8742 Phy interface Condition cause : null
2024-03-29 16:16:16,363 [WARN] ConditionMgr:1039 - genDependencies : Invalid condition id : LAN8742 Phy interface Condition cause : null
2024-03-29 16:16:16,380 [WARN] PackLoader:240 - Cannot read IP mode file for STMicroelectronics.X-CUBE-SFXS2LP1.4.0.0
2024-03-29 16:16:16,395 [WARN] PackLoader:240 - Cannot read IP mode file for STMicroelectronics.X-CUBE-ISPU.1.1.0
2024-03-29 16:16:16,419 [WARN] ConditionMgr:438 - getConditionDescription Invalid condition id : UX DEVICE CLASS RTOS Condition cause : null
2024-03-29 16:16:16,420 [WARN] ConditionMgr:438 - getConditionDescription Invalid condition id : UX DEVICE CLASS RTOS Condition cause : null
2024-03-29 16:16:16,421 [WARN] PackLoader:240 - Cannot read IP mode file for STMicroelectronics.X-CUBE-AZRTOS-WB.2.0.0
2024-03-29 16:16:16,422 [WARN] ConditionMgr:1039 - genDependencies : Invalid condition id : UX DEVICE CLASS RTOS Condition cause : null
2024-03-29 16:16:16,422 [WARN] ConditionMgr:1039 - genDependencies : Invalid condition id : UX DEVICE CLASS RTOS Condition cause : null
2024-03-29 16:16:16,422 [WARN] ConditionMgr:1039 - genDependencies : Invalid condition id : UX DEVICE CLASS RTOS Condition cause : null
2024-03-29 16:16:16,423 [WARN] ConditionMgr:1039 - genDependencies : Invalid condition id : UX DEVICE CLASS RTOS Condition cause : null
2024-03-29 16:16:16,423 [WARN] ConditionMgr:1039 - genDependencies : Invalid condition id : UX DEVICE CLASS RTOS Condition cause : null
2024-03-29 16:16:16,453 [WARN] PackLoader:240 - Cannot read IP mode file for STMicroelectronics.X-CUBE-SUBG2.5.0.0
2024-03-29 16:16:16,479 [WARN] PackLoader:240 - Cannot read IP mode file for STMicroelectronics.X-CUBE-TOF1.3.3.1
2024-03-29 16:16:16,508 [WARN] PackLoader:240 - Cannot read IP mode file for STMicroelectronics.X-CUBE-AZRTOS-G4.2.0.0
2024-03-29 16:16:16,529 [WARN] PackLoader:240 - Cannot read IP mode file for Infineon.AIROC-Wi-Fi-Bluetooth-STM32.1.5.1
2024-03-29 16:16:16,543 [WARN] PackLoader:240 - Cannot read IP mode file for STMicroelectronics.FP-SNS-MOTENVWB1.1.3.0
2024-03-29 16:16:16,557 [WARN] PackLoader:240 - Cannot read IP mode file for STMicroelectronics.FP-SNS-MOTENVWB1.1.3.1
2024-03-29 16:16:16,557 [INFO] WebApp:192 - Starting web application
2024-03-29 16:16:16,557 [INFO] WebApp:544 - Web application path used G:\stm32cubeide\stm32cubeide114\STM32CubeIDE_1.14.0\STM32CubeIDE\plugins\com.st.stm32cube.common.mx_6.10.0.202311202037\db\plugins\mcufinder\reactClient1\index.html
2024-03-29 16:16:16,574 [WARN] PackLoader:240 - Cannot read IP mode file for STMicroelectronics.X-CUBE-ISPU.2.0.0
2024-03-29 16:16:16,669 [WARN] PackLoader:240 - Cannot read IP mode file for STMicroelectronics.X-CUBE-MEMS1.10.0.0
2024-03-29 16:16:16,794 [WARN] PackLoader:240 - Cannot read IP mode file for STMicroelectronics.X-CUBE-FREERTOS.1.1.0
2024-03-29 16:16:16,823 [WARN] PackLoader:240 - Cannot read IP mode file for portGmbH.I-Cube-SoM-uGOAL.1.1.0
2024-03-29 16:16:16,841 [WARN] PackLoader:240 - Cannot read IP mode file for STMicroelectronics.X-CUBE-ALS.1.0.1
2024-03-29 16:16:16,853 [WARN] PackLoader:240 - Cannot read IP mode file for STMicroelectronics.FP-ATR-ASTRA1.2.0.0
2024-03-29 16:16:16,887 [WARN] PackLoader:240 - Cannot read IP mode file for STMicroelectronics.X-CUBE-TOF1.3.4.0
2024-03-29 16:16:16,946 [WARN] PackLoader:240 - Cannot read IP mode file for STMicroelectronics.X-CUBE-TOF1.3.4.1
2024-03-29 16:16:17,043 [WARN] PackLoader:240 - Cannot read IP mode file for STMicroelectronics.X-CUBE-AZRTOS-H7.3.2.0
2024-03-29 16:16:17,056 [INFO] ThirdParty:978 - Integrity check success = true
2024-03-29 16:16:17,057 [INFO] IntegrityCheckThread:100 - exiting critical section [integrity check]
2024-03-29 16:16:17,057 [INFO] IntegrityCheckThread:103 - End integrity checks thread
2024-03-29 16:16:37,835 [ERROR] LogOutputStream:75 - [STDERR_REDIRECT] SLF4J: Failed to load class "org.slf4j.impl.StaticLoggerBinder".
2024-03-29 16:16:37,836 [ERROR] LogOutputStream:75 - [STDERR_REDIRECT] SLF4J: Defaulting to no-operation (NOP) logger implementation
2024-03-29 16:16:37,837 [ERROR] LogOutputStream:75 - [STDERR_REDIRECT] SLF4J: See http://www.slf4j.org/codes.html#StaticLoggerBinder for further details.
2024-03-29 16:55:27,567 [ERROR] LogOutputStream:75 - [STDERR_REDIRECT] 
2024-03-29 17:04:55,487 [INFO] Activator:176 - 


2024-03-29 17:04:55,490 [INFO] Activator:177 - !SESSION log4j initialized
2024-03-29 17:05:00,510 [INFO] LogOutputStream:77 - [STDOUT_REDIRECT] 
2024-03-29 17:05:06,598 [INFO] ApplicationProperties:184 - Using Application install path: G:\stm32cubeide\stm32cubeide114\STM32CubeIDE_1.14.0\STM32CubeIDE\plugins\com.st.stm32cube.common.mx_6.10.0.202311202037
2024-03-29 17:05:06,615 [INFO] DbMcusXml:78 - Set database path to: G:\stm32cubeide\stm32cubeide114\STM32CubeIDE_1.14.0\STM32CubeIDE\plugins\com.st.stm32cube.common.mx_6.10.0.202311202037\\db\/mcu/
2024-03-29 17:05:06,615 [INFO] ApiDb:274 - Set plugin database path to: G:\stm32cubeide\stm32cubeide114\STM32CubeIDE_1.14.0\STM32CubeIDE\plugins\com.st.stm32cube.common.mx_6.10.0.202311202037\\db\/plugins/boardmanager/
2024-03-29 17:05:06,615 [WARN] ApiDb:259 - Overriding images path with different value:  => G:\stm32cubeide\stm32cubeide114\STM32CubeIDE_1.14.0\STM32CubeIDE\plugins\com.st.stm32cube.common.mx_6.10.0.202311202037\\db\/plugins/mcufinder/images/
2024-03-29 17:05:06,624 [INFO] ApiDb:250 - Set database path to: C:\Users\Nghia\.stmcufinder\plugins\mcufinder//mcu/
2024-03-29 17:05:06,625 [INFO] DbMcusAds:125 - Set database path to: C:\Users\Nghia\.stmcufinder\plugins\mcufinder//mcu/
2024-03-29 17:05:06,626 [INFO] CrossReferenceDbSqlite:203 - Set database path to: C:\Users\Nghia\.stmcufinder\plugins\mcufinder//mcu/cs/
2024-03-29 17:05:06,723 [INFO] RulesReader:64 - Compatibility file has been processed (297 Rules)
2024-03-29 17:05:06,799 [INFO] DbMcusXml:78 - Set database path to: G:\stm32cubeide\stm32cubeide114\STM32CubeIDE_1.14.0\STM32CubeIDE\plugins\com.st.stm32cube.common.mx_6.10.0.202311202037\\db\/mcu/
2024-03-29 17:05:06,799 [INFO] ApiDb:274 - Set plugin database path to: G:\stm32cubeide\stm32cubeide114\STM32CubeIDE_1.14.0\STM32CubeIDE\plugins\com.st.stm32cube.common.mx_6.10.0.202311202037\\db\/plugins/boardmanager/
2024-03-29 17:05:06,799 [INFO] ApiDb:261 - Set plugin images path to: G:\stm32cubeide\stm32cubeide114\STM32CubeIDE_1.14.0\STM32CubeIDE\plugins\com.st.stm32cube.common.mx_6.10.0.202311202037\\db\/plugins/mcufinder/images/
2024-03-29 17:05:06,799 [WARN] DbFile:41 - Overriding database path with different value: C:\Users\Nghia\.stmcufinder\plugins\mcufinder/ => C:\Users\Nghia\.stmcufinder\plugins\mcufinder
2024-03-29 17:05:06,800 [INFO] ApiDb:250 - Set database path to: C:\Users\Nghia\.stmcufinder\plugins\mcufinder//mcu/
2024-03-29 17:05:06,800 [WARN] DbFile:41 - Overriding database path with different value: C:\Users\Nghia\.stmcufinder\plugins\mcufinder/ => C:\Users\Nghia\.stmcufinder\plugins\mcufinder
2024-03-29 17:05:06,800 [INFO] DbMcusAds:125 - Set database path to: C:\Users\Nghia\.stmcufinder\plugins\mcufinder//mcu/
2024-03-29 17:05:06,800 [WARN] DbFile:41 - Overriding database path with different value: C:\Users\Nghia\.stmcufinder\plugins\mcufinder/ => C:\Users\Nghia\.stmcufinder\plugins\mcufinder
2024-03-29 17:05:06,800 [WARN] DbFile:41 - Overriding database path with different value: C:\Users\Nghia\.stmcufinder\plugins\mcufinder/ => C:\Users\Nghia\.stmcufinder\plugins\mcufinder
2024-03-29 17:05:06,800 [INFO] CrossReferenceDbSqlite:203 - Set database path to: C:\Users\Nghia\.stmcufinder\plugins\mcufinder//mcu/cs/
2024-03-29 17:05:06,901 [INFO] MainPanel:264 - HeapMemory: 268435456
2024-03-29 17:05:07,254 [INFO] DbMcusXml:78 - Set database path to: G:\stm32cubeide\stm32cubeide114\STM32CubeIDE_1.14.0\STM32CubeIDE\plugins\com.st.stm32cube.common.mx_6.10.0.202311202037\\db\/mcu/
2024-03-29 17:05:07,254 [INFO] ApiDb:274 - Set plugin database path to: G:\stm32cubeide\stm32cubeide114\STM32CubeIDE_1.14.0\STM32CubeIDE\plugins\com.st.stm32cube.common.mx_6.10.0.202311202037\\db\/plugins/boardmanager/
2024-03-29 17:05:07,254 [INFO] ApiDb:261 - Set plugin images path to: G:\stm32cubeide\stm32cubeide114\STM32CubeIDE_1.14.0\STM32CubeIDE\plugins\com.st.stm32cube.common.mx_6.10.0.202311202037\\db\/plugins/mcufinder/images/
2024-03-29 17:05:07,255 [WARN] DbFile:41 - Overriding database path with different value: C:\Users\Nghia\.stmcufinder\plugins\mcufinder/ => C:\Users\Nghia\.stmcufinder\plugins\mcufinder
2024-03-29 17:05:07,255 [INFO] ApiDb:250 - Set database path to: C:\Users\Nghia\.stmcufinder\plugins\mcufinder//mcu/
2024-03-29 17:05:07,255 [WARN] DbFile:41 - Overriding database path with different value: C:\Users\Nghia\.stmcufinder\plugins\mcufinder/ => C:\Users\Nghia\.stmcufinder\plugins\mcufinder
2024-03-29 17:05:07,255 [INFO] DbMcusAds:125 - Set database path to: C:\Users\Nghia\.stmcufinder\plugins\mcufinder//mcu/
2024-03-29 17:05:07,255 [WARN] DbFile:41 - Overriding database path with different value: C:\Users\Nghia\.stmcufinder\plugins\mcufinder/ => C:\Users\Nghia\.stmcufinder\plugins\mcufinder
2024-03-29 17:05:07,255 [WARN] DbFile:41 - Overriding database path with different value: C:\Users\Nghia\.stmcufinder\plugins\mcufinder/ => C:\Users\Nghia\.stmcufinder\plugins\mcufinder
2024-03-29 17:05:07,255 [INFO] CrossReferenceDbSqlite:203 - Set database path to: C:\Users\Nghia\.stmcufinder\plugins\mcufinder//mcu/cs/
2024-03-29 17:05:07,292 [INFO] ApplicationProperties:184 - Using Application install path: G:\stm32cubeide\stm32cubeide114\STM32CubeIDE_1.14.0\STM32CubeIDE\plugins\com.st.stm32cube.common.mx_6.10.0.202311202037
2024-03-29 17:05:07,294 [INFO] PluginManage:196 - Search for loadable plugins [exclusion list=, ]
2024-03-29 17:05:07,297 [INFO] PluginManage:310 - Check plugin analytics
2024-03-29 17:05:12,442 [INFO] AnalyticsPlugin:253 - Accepted Software Licenses: STM32CubeMX.6.8.0,STM32CubeMX.6.1.1
2024-03-29 17:05:12,442 [INFO] AnalyticsPlugin:255 - Accepted CMSIS Pack Licenses: 
2024-03-29 17:05:12,442 [INFO] AnalyticsPlugin:257 - Accepted Firmware Licenses: FW.F4.1.27.0,FW.F4.1.28.0
2024-03-29 17:05:12,445 [INFO] PluginManage:359 - Loaded plugin analytics (category:tool,tabindex:-1)
2024-03-29 17:05:12,446 [INFO] PluginManage:310 - Check plugin cadmodel
2024-03-29 17:05:12,452 [INFO] CADModel:105 - Init CAD model plugin
2024-03-29 17:05:12,452 [INFO] PluginManage:359 - Loaded plugin cadmodel (category:power,tabindex:5)
2024-03-29 17:05:12,452 [INFO] PluginManage:310 - Check plugin clock
2024-03-29 17:05:12,466 [INFO] PluginManage:359 - Loaded plugin clock (category:base,tabindex:2)
2024-03-29 17:05:12,466 [INFO] PluginManage:310 - Check plugin ddr
2024-03-29 17:05:12,468 [INFO] PluginManage:359 - Loaded plugin ddr (category:tool,tabindex:6)
2024-03-29 17:05:12,468 [INFO] PluginManage:310 - Check plugin filemanager
2024-03-29 17:05:12,581 [INFO] PluginManage:359 - Loaded plugin filemanager (category:base,tabindex:10)
2024-03-29 17:05:12,581 [INFO] PluginManage:310 - Check plugin ipmanager
2024-03-29 17:05:12,590 [INFO] PluginManage:359 - Loaded plugin ipmanager (category:base,tabindex:5)
2024-03-29 17:05:12,590 [INFO] PluginManage:310 - Check plugin lpbam
2024-03-29 17:05:12,596 [INFO] PluginManage:359 - Loaded plugin lpbam (category:base,tabindex:0)
2024-03-29 17:05:12,596 [INFO] PluginManage:310 - Check plugin memorymap
2024-03-29 17:05:12,610 [INFO] PluginManage:359 - Loaded plugin memorymap (category:base,tabindex:4)
2024-03-29 17:05:12,610 [INFO] PluginManage:310 - Check plugin pinoutandconfiguration
2024-03-29 17:05:12,616 [INFO] PluginManage:359 - Loaded plugin pinoutandconfiguration (category:base,tabindex:1)
2024-03-29 17:05:12,616 [INFO] PluginManage:310 - Check plugin pinoutconfig
2024-03-29 17:05:12,694 [WARN] SupportedApi:132 - Cannot load RTOS API schema: s4s-elt-must-match.1: The content of 'definitions' must match (annotation?, (simpleType | complexType)?, (unique | key | keyref)*)). A problem was found starting at: attribute.
2024-03-29 17:05:12,806 [INFO] PluginManage:359 - Loaded plugin pinoutconfig (category:base,tabindex:0)
2024-03-29 17:05:12,806 [INFO] PluginManage:310 - Check plugin power
2024-03-29 17:05:12,816 [INFO] PluginManage:359 - Loaded plugin power (category:power,tabindex:4)
2024-03-29 17:05:12,816 [INFO] PluginManage:310 - Check plugin projectmanager
2024-03-29 17:05:12,829 [INFO] PluginManage:359 - Loaded plugin projectmanager (category:projectmanager,tabindex:3)
2024-03-29 17:05:12,830 [INFO] PluginManage:310 - Check plugin thirdparty
2024-03-29 17:05:12,939 [INFO] PluginManage:359 - Loaded plugin thirdparty (category:base,tabindex:-1)
2024-03-29 17:05:12,939 [WARN] IntegrityCheckThread:84 - waiting for thirdparty lock release [integrity check]
2024-03-29 17:05:12,939 [INFO] PluginManage:310 - Check plugin tools
2024-03-29 17:05:12,939 [INFO] IntegrityCheckThread:86 - entering critical section [integrity check]
2024-03-29 17:05:12,940 [INFO] ThirdPartyUpdaterWithRetryManager:70 - Updater plugin not ready yet. [1/15]
2024-03-29 17:05:12,942 [INFO] PluginManage:359 - Loaded plugin tools (category:base,tabindex:7)
2024-03-29 17:05:12,942 [INFO] PluginManage:310 - Check plugin tutovideos
2024-03-29 17:05:13,112 [INFO] PluginManage:359 - Loaded plugin tutovideos (category:base,tabindex:-1)
2024-03-29 17:05:13,112 [INFO] PluginManage:310 - Check plugin updater
2024-03-29 17:05:13,123 [INFO] PluginManage:359 - Loaded plugin updater (category:base,tabindex:12)
2024-03-29 17:05:13,123 [INFO] PluginManage:310 - Check plugin userauth
2024-03-29 17:05:13,127 [INFO] UserAuth:114 - Init User Auth plugin
2024-03-29 17:05:13,128 [INFO] PluginManage:359 - Loaded plugin userauth (category:base,tabindex:14)
2024-03-29 17:05:13,128 [INFO] PluginManage:283 - PluginManage : Loaded plugins [17]
2024-03-29 17:05:13,357 [INFO] PinOutPanel:1499 - setPackage(No Configuration,No Configuration)
2024-03-29 17:05:13,429 [INFO] CADModel:165 - CPN selected for project level
2024-03-29 17:05:13,429 [INFO] CADModel:114 - Register for checkConnection events
2024-03-29 17:05:13,443 [INFO] IPUIPlugin:80 - create IPUIPlugin
2024-03-29 17:05:13,443 [INFO] PluginManager:220 - loadIPPluginJar : add adc
2024-03-29 17:05:13,445 [INFO] IPUIPlugin:80 - create IPUIPlugin
2024-03-29 17:05:13,445 [INFO] PluginManager:220 - loadIPPluginJar : add aes
2024-03-29 17:05:13,447 [INFO] IPUIPlugin:80 - create IPUIPlugin
2024-03-29 17:05:13,447 [INFO] PluginManager:220 - loadIPPluginJar : add can
2024-03-29 17:05:13,449 [INFO] IPUIPlugin:80 - create IPUIPlugin
2024-03-29 17:05:13,449 [INFO] PluginManager:220 - loadIPPluginJar : add comp
2024-03-29 17:05:13,451 [INFO] IPUIPlugin:80 - create IPUIPlugin
2024-03-29 17:05:13,451 [INFO] PluginManager:220 - loadIPPluginJar : add cryp
2024-03-29 17:05:13,452 [INFO] IPUIPlugin:80 - create IPUIPlugin
2024-03-29 17:05:13,452 [INFO] PluginManager:220 - loadIPPluginJar : add dfsdm
2024-03-29 17:05:13,459 [INFO] IPUIPlugin:80 - create IPUIPlugin
2024-03-29 17:05:13,459 [INFO] PluginManager:220 - loadIPPluginJar : add dma
2024-03-29 17:05:13,461 [INFO] IPUIPlugin:80 - create IPUIPlugin
2024-03-29 17:05:13,462 [INFO] PluginManager:220 - loadIPPluginJar : add dma3
2024-03-29 17:05:13,463 [INFO] IPUIPlugin:80 - create IPUIPlugin
2024-03-29 17:05:13,463 [INFO] PluginManager:220 - loadIPPluginJar : add fatfs
2024-03-29 17:05:13,468 [INFO] IPUIPlugin:80 - create IPUIPlugin
2024-03-29 17:05:13,468 [INFO] PluginManager:220 - loadIPPluginJar : add fmc
2024-03-29 17:05:13,476 [INFO] IPUIPlugin:80 - create IPUIPlugin
2024-03-29 17:05:13,477 [INFO] PluginManager:220 - loadIPPluginJar : add freertos
2024-03-29 17:05:13,478 [INFO] IPUIPlugin:80 - create IPUIPlugin
2024-03-29 17:05:13,478 [INFO] PluginManager:220 - loadIPPluginJar : add genericplugin
2024-03-29 17:05:13,481 [INFO] IPUIPlugin:80 - create IPUIPlugin
2024-03-29 17:05:13,481 [INFO] PluginManager:220 - loadIPPluginJar : add gfxmmu
2024-03-29 17:05:13,484 [INFO] IPUIPlugin:80 - create IPUIPlugin
2024-03-29 17:05:13,485 [INFO] PluginManager:220 - loadIPPluginJar : add gic
2024-03-29 17:05:13,489 [INFO] IPUIPlugin:80 - create IPUIPlugin
2024-03-29 17:05:13,489 [INFO] PluginManager:220 - loadIPPluginJar : add gpio
2024-03-29 17:05:13,491 [INFO] IPUIPlugin:80 - create IPUIPlugin
2024-03-29 17:05:13,491 [INFO] PluginManager:220 - loadIPPluginJar : add gtzc
2024-03-29 17:05:13,493 [INFO] IPUIPlugin:80 - create IPUIPlugin
2024-03-29 17:05:13,493 [INFO] PluginManager:220 - loadIPPluginJar : add hash
2024-03-29 17:05:13,495 [INFO] IPUIPlugin:80 - create IPUIPlugin
2024-03-29 17:05:13,495 [INFO] PluginManager:220 - loadIPPluginJar : add i2c
2024-03-29 17:05:13,498 [INFO] IPUIPlugin:80 - create IPUIPlugin
2024-03-29 17:05:13,498 [INFO] PluginManager:220 - loadIPPluginJar : add i2s
2024-03-29 17:05:13,500 [INFO] IPUIPlugin:80 - create IPUIPlugin
2024-03-29 17:05:13,501 [INFO] PluginManager:220 - loadIPPluginJar : add i3c
2024-03-29 17:05:13,505 [INFO] IPUIPlugin:80 - create IPUIPlugin
2024-03-29 17:05:13,505 [INFO] PluginManager:220 - loadIPPluginJar : add ipddr
2024-03-29 17:05:13,512 [INFO] IPUIPlugin:80 - create IPUIPlugin
2024-03-29 17:05:13,512 [INFO] PluginManager:220 - loadIPPluginJar : add linkedlist
2024-03-29 17:05:13,514 [INFO] IPUIPlugin:80 - create IPUIPlugin
2024-03-29 17:05:13,514 [INFO] PluginManager:220 - loadIPPluginJar : add lorawan
2024-03-29 17:05:13,515 [INFO] IPUIPlugin:80 - create IPUIPlugin
2024-03-29 17:05:13,515 [INFO] PluginManager:220 - loadIPPluginJar : add ltdc
2024-03-29 17:05:13,520 [INFO] IPUIPlugin:80 - create IPUIPlugin
2024-03-29 17:05:13,520 [INFO] PluginManager:220 - loadIPPluginJar : add mdma
2024-03-29 17:05:13,524 [INFO] IPUIPlugin:80 - create IPUIPlugin
2024-03-29 17:05:13,524 [INFO] PluginManager:220 - loadIPPluginJar : add nvic
2024-03-29 17:05:13,526 [INFO] IPUIPlugin:80 - create IPUIPlugin
2024-03-29 17:05:13,527 [INFO] PluginManager:220 - loadIPPluginJar : add opamp
2024-03-29 17:05:13,529 [INFO] IPUIPlugin:80 - create IPUIPlugin
2024-03-29 17:05:13,529 [INFO] PluginManager:220 - loadIPPluginJar : add openamp
2024-03-29 17:05:13,531 [INFO] IPUIPlugin:80 - create IPUIPlugin
2024-03-29 17:05:13,532 [INFO] PluginManager:220 - loadIPPluginJar : add pdm2pcm
2024-03-29 17:05:13,535 [INFO] IPUIPlugin:80 - create IPUIPlugin
2024-03-29 17:05:13,537 [INFO] PluginManager:220 - loadIPPluginJar : add plateformsettings
2024-03-29 17:05:13,539 [INFO] IPUIPlugin:80 - create IPUIPlugin
2024-03-29 17:05:13,539 [INFO] PluginManager:220 - loadIPPluginJar : add quadspi
2024-03-29 17:05:13,542 [INFO] IPUIPlugin:80 - create IPUIPlugin
2024-03-29 17:05:13,542 [INFO] PluginManager:220 - loadIPPluginJar : add resmgrutility
2024-03-29 17:05:13,545 [INFO] IPUIPlugin:80 - create IPUIPlugin
2024-03-29 17:05:13,545 [INFO] PluginManager:220 - loadIPPluginJar : add sai
2024-03-29 17:05:13,547 [INFO] IPUIPlugin:80 - create IPUIPlugin
2024-03-29 17:05:13,547 [INFO] PluginManager:220 - loadIPPluginJar : add spi
2024-03-29 17:05:13,550 [INFO] IPUIPlugin:80 - create IPUIPlugin
2024-03-29 17:05:13,550 [INFO] PluginManager:220 - loadIPPluginJar : add stm32_wpan
2024-03-29 17:05:13,552 [INFO] IPUIPlugin:80 - create IPUIPlugin
2024-03-29 17:05:13,552 [INFO] PluginManager:220 - loadIPPluginJar : add tim
2024-03-29 17:05:13,555 [INFO] IPUIPlugin:80 - create IPUIPlugin
2024-03-29 17:05:13,555 [INFO] PluginManager:220 - loadIPPluginJar : add touchsensing
2024-03-29 17:05:13,556 [INFO] IPUIPlugin:80 - create IPUIPlugin
2024-03-29 17:05:13,556 [INFO] PluginManager:220 - loadIPPluginJar : add tracer_emb
2024-03-29 17:05:13,558 [INFO] IPUIPlugin:80 - create IPUIPlugin
2024-03-29 17:05:13,558 [INFO] PluginManager:220 - loadIPPluginJar : add ts
2024-03-29 17:05:13,559 [INFO] IPUIPlugin:80 - create IPUIPlugin
2024-03-29 17:05:13,560 [INFO] PluginManager:220 - loadIPPluginJar : add tsc
2024-03-29 17:05:13,562 [INFO] IPUIPlugin:80 - create IPUIPlugin
2024-03-29 17:05:13,562 [INFO] PluginManager:220 - loadIPPluginJar : add ucpd
2024-03-29 17:05:13,565 [INFO] IPUIPlugin:80 - create IPUIPlugin
2024-03-29 17:05:13,566 [INFO] PluginManager:220 - loadIPPluginJar : add usart
2024-03-29 17:05:13,569 [INFO] IPUIPlugin:80 - create IPUIPlugin
2024-03-29 17:05:13,569 [INFO] PluginManager:220 - loadIPPluginJar : add usbx
2024-03-29 17:05:13,709 [INFO] CADModel:165 - CPN selected for project level
2024-03-29 17:05:13,709 [INFO] CADModel:114 - Register for checkConnection events
2024-03-29 17:05:13,710 [FATAL] Updater:308 - Updater called before beeing initialized
2024-03-29 17:05:13,710 [ERROR] CADModel:125 - Updater not yet initialized, retry later 
2024-03-29 17:05:13,860 [INFO] CADModel:165 - CPN selected for project level
2024-03-29 17:05:13,861 [INFO] CADModel:114 - Register for checkConnection events
2024-03-29 17:05:13,861 [FATAL] Updater:308 - Updater called before beeing initialized
2024-03-29 17:05:13,861 [ERROR] CADModel:125 - Updater not yet initialized, retry later 
2024-03-29 17:05:13,864 [FATAL] Updater:308 - Updater called before beeing initialized
2024-03-29 17:05:13,996 [FATAL] Updater:308 - Updater called before beeing initialized
2024-03-29 17:05:13,999 [INFO] DbMcusAds:53 - JSON generation date=Wed Nov 29 17:52:27 ICT 2023 (1701255147349)
2024-03-29 17:05:14,000 [FATAL] Updater:308 - Updater called before beeing initialized
2024-03-29 17:05:14,040 [WARN] DetailPanel:346 - Failed to get advertising image, set to default
2024-03-29 17:05:14,133 [FATAL] Updater:308 - Updater called before beeing initialized
2024-03-29 17:05:14,135 [FATAL] Updater:308 - Updater called before beeing initialized
2024-03-29 17:05:14,135 [FATAL] Updater:308 - Updater called before beeing initialized
2024-03-29 17:05:14,135 [WARN] DetailPanel:346 - Failed to get advertising image, set to default
2024-03-29 17:05:14,135 [FATAL] Updater:308 - Updater called before beeing initialized
2024-03-29 17:05:14,199 [ERROR] Updater:1120 - MainUpdater not yet initialized. External WinMGr cannot be set.
2024-03-29 17:05:14,201 [INFO] Updater:1056 - Updater Version found : 6.10.0
2024-03-29 17:05:14,227 [INFO] ApplicationProperties:184 - Using Application install path: G:\stm32cubeide\stm32cubeide114\STM32CubeIDE_1.14.0\STM32CubeIDE\plugins\com.st.stm32cube.common.mx_6.10.0.202311202037
2024-03-29 17:05:14,518 [INFO] MainUpdater:2873 - connection check result : 10
2024-03-29 17:05:14,519 [INFO] MainUpdater:290 - Updater Check For Update Now.
2024-03-29 17:05:14,519 [INFO] MicroXplorer:498 - Change Database Version : DB.6.0.100
2024-03-29 17:05:14,525 [INFO] McuFinderGlobals:63 - Set McuFinder mode to 2 (CubeIDE integrated)
2024-03-29 17:05:14,691 [INFO] CheckServerUpdateThread:120 - End of CheckServer Thread
2024-03-29 17:05:14,702 [INFO] UserAuth:404 - Internet connection configuration mode: 1
2024-03-29 17:05:14,717 [INFO] JxBrowserEngine:152 - Initiate JxBrowser Engine with user profile folder
2024-03-29 17:05:15,929 [INFO] WebApp:161 - Instantiating new browser for Auth
2024-03-29 17:05:16,306 [WARN] PackLoader:240 - Cannot read IP mode file for STMicroelectronics.X-CUBE-SMBUS.2.1.0
2024-03-29 17:05:16,320 [WARN] PackLoader:240 - Cannot read IP mode file for STMicroelectronics.X-CUBE-TOUCHGFX.4.23.1
2024-03-29 17:05:16,324 [WARN] PackLoader:240 - Cannot read IP mode file for STMicroelectronics.X-CUBE-TOUCHGFX.4.23.0
2024-03-29 17:05:16,351 [WARN] PackLoader:240 - Cannot read IP mode file for STMicroelectronics.X-CUBE-AZRTOS-F7.1.1.0
2024-03-29 17:05:16,363 [WARN] PackLoader:240 - Cannot read IP mode file for STMicroelectronics.FP-SNS-MOTENV1.4.3.2
2024-03-29 17:05:16,370 [WARN] PackLoader:240 - Cannot read IP mode file for STMicroelectronics.FP-SNS-FLIGHT1.5.0.2
2024-03-29 17:05:16,378 [WARN] PackLoader:240 - Cannot read IP mode file for STMicroelectronics.X-CUBE-DISPLAY.3.0.0
2024-03-29 17:05:16,392 [WARN] PackLoader:240 - Cannot read IP mode file for STMicroelectronics.X-CUBE-BLE1.7.0.0
2024-03-29 17:05:16,402 [WARN] PackLoader:240 - Cannot read IP mode file for emotas.I-CUBE-CANOPEN.1.3.0
2024-03-29 17:05:16,407 [WARN] PackLoader:240 - Cannot read IP mode file for STMicroelectronics.X-CUBE-TOUCHGFX.4.22.1
2024-03-29 17:05:16,447 [WARN] PackLoader:240 - Cannot read IP mode file for STMicroelectronics.X-CUBE-BLEMGR.3.1.0
2024-03-29 17:05:16,458 [WARN] PackLoader:240 - Cannot read IP mode file for STMicroelectronics.FP-SNS-SMARTAG2.1.2.0
2024-03-29 17:05:16,477 [INFO] LogOutputStream:77 - [STDOUT_REDIRECT] 1 : Invalid condition id : UX_CORESTACK_Condition cause : null
2024-03-29 17:05:16,504 [INFO] LogOutputStream:77 - [STDOUT_REDIRECT] 1 : Invalid condition id : UX_CORESTACK_Condition cause : null
2024-03-29 17:05:16,505 [INFO] LogOutputStream:77 - [STDOUT_REDIRECT] 1 : Invalid condition id : UX_CORESTACK_Condition cause : null
2024-03-29 17:05:16,507 [INFO] LogOutputStream:77 - [STDOUT_REDIRECT] 1 : Invalid condition id : UX_CORESTACK_Condition cause : null
2024-03-29 17:05:16,508 [INFO] LogOutputStream:77 - [STDOUT_REDIRECT] 1 : Invalid condition id : UX_CORESTACK_Condition cause : null
2024-03-29 17:05:16,513 [WARN] PackLoader:240 - Cannot read IP mode file for STMicroelectronics.X-CUBE-AZRTOS-WL.2.0.0
2024-03-29 17:05:16,522 [WARN] PackLoader:240 - Cannot read IP mode file for STMicroelectronics.FP-SNS-MOTENV1.5.0.0
2024-03-29 17:05:16,535 [WARN] PackLoader:240 - Cannot read IP mode file for WES.I-CUBE-Cesium.1.3.0
2024-03-29 17:05:16,540 [WARN] PackLoader:240 - Cannot read IP mode file for STMicroelectronics.X-CUBE-BLE2.3.3.0
2024-03-29 17:05:16,546 [WARN] PackLoader:240 - Cannot read IP mode file for STMicroelectronics.X-CUBE-ALGOBUILD.1.3.0
2024-03-29 17:05:16,580 [WARN] PackLoader:240 - Cannot read IP mode file for STMicroelectronics.X-CUBE-AZRTOS-G0.1.1.0
2024-03-29 17:05:16,591 [WARN] PackLoader:240 - Cannot read IP mode file for STMicroelectronics.X-CUBE-SAFEA1.1.2.2
2024-03-29 17:05:16,602 [WARN] PackLoader:240 - Cannot read IP mode file for STMicroelectronics.X-CUBE-NFC4.3.0.0
2024-03-29 17:05:16,634 [WARN] PackLoader:240 - Cannot read IP mode file for STMicroelectronics.X-CUBE-BLEMGR.3.0.0
2024-03-29 17:05:16,681 [WARN] PackLoader:240 - Cannot read IP mode file for STMicroelectronics.FP-ATR-SIGFOX1.3.2.0
2024-03-29 17:05:16,689 [WARN] PackLoader:240 - Cannot read IP mode file for STMicroelectronics.X-CUBE-EEPRMA1.5.1.0
2024-03-29 17:05:16,734 [WARN] PackLoader:240 - Cannot read IP mode file for SEGGER.I-CUBE-embOS.1.3.1
2024-03-29 17:05:16,776 [WARN] PackLoader:240 - Cannot read IP mode file for STMicroelectronics.X-CUBE-GNSS1.6.0.0
2024-03-29 17:05:16,790 [WARN] PackLoader:240 - Cannot read IP mode file for STMicroelectronics.X-CUBE-AZRTOS-F4.1.1.0
2024-03-29 17:05:16,798 [WARN] PackLoader:240 - Cannot read IP mode file for wolfSSL.I-CUBE-wolfSSL.5.6.3
2024-03-29 17:05:16,820 [WARN] PackLoader:240 - Cannot read IP mode file for STMicroelectronics.X-CUBE-AZRTOS-L5.2.0.0
2024-03-29 17:05:16,877 [WARN] PackLoader:240 - Cannot read IP mode file for STMicroelectronics.X-CUBE-MEMS1.9.6.0
2024-03-29 17:05:16,995 [INFO] WebApp:780 - Register for checkConnection events
2024-03-29 17:05:16,995 [INFO] WebApp:414 - Apply proxy settings
2024-03-29 17:05:16,995 [INFO] WebApp:499 - Chromium requires no authentication
2024-03-29 17:05:17,004 [INFO] WebApp:442 - Direct internet connection detected
2024-03-29 17:05:17,114 [WARN] PackLoader:240 - Cannot read IP mode file for STMicroelectronics.X-CUBE-EEPRMA1.4.2.0
2024-03-29 17:05:17,121 [WARN] PackLoader:240 - Cannot read IP mode file for STMicroelectronics.X-CUBE-NFC6.3.1.0
2024-03-29 17:05:17,127 [WARN] PackLoader:240 - Cannot read IP mode file for ITTIA_DB.I-CUBE-ITTIADB.8.8.0
2024-03-29 17:05:17,134 [WARN] PackLoader:240 - Cannot read IP mode file for STMicroelectronics.X-CUBE-BLEMGR.2.0.0
2024-03-29 17:05:17,151 [WARN] ConditionMgr:438 - getConditionDescription Invalid condition id : UX DEVICE CLASS RTOS Condition cause : null
2024-03-29 17:05:17,151 [WARN] ConditionMgr:438 - getConditionDescription Invalid condition id : UX DEVICE CLASS RTOS Condition cause : null
2024-03-29 17:05:17,155 [WARN] PackLoader:240 - Cannot read IP mode file for STMicroelectronics.X-CUBE-AZRTOS-H7.3.1.0
2024-03-29 17:05:17,156 [WARN] ConditionMgr:1039 - genDependencies : Invalid condition id : UX DEVICE CLASS RTOS Condition cause : null
2024-03-29 17:05:17,156 [WARN] ConditionMgr:1039 - genDependencies : Invalid condition id : UX DEVICE CLASS RTOS Condition cause : null
2024-03-29 17:05:17,157 [WARN] ConditionMgr:1039 - genDependencies : Invalid condition id : UX DEVICE CLASS RTOS Condition cause : null
2024-03-29 17:05:17,157 [WARN] ConditionMgr:1039 - genDependencies : Invalid condition id : UX DEVICE CLASS RTOS Condition cause : null
2024-03-29 17:05:17,157 [WARN] ConditionMgr:1039 - genDependencies : Invalid condition id : UX DEVICE CLASS RTOS Condition cause : null
2024-03-29 17:05:17,164 [WARN] PackLoader:240 - Cannot read IP mode file for STMicroelectronics.X-CUBE-NFC7.1.0.1
2024-03-29 17:05:17,172 [WARN] PackLoader:240 - Cannot read IP mode file for STMicroelectronics.X-CUBE-NFC6.3.0.0
2024-03-29 17:05:17,179 [WARN] PackLoader:240 - Cannot read IP mode file for STMicroelectronics.X-CUBE-EEPRMA1.4.1.0
2024-03-29 17:05:17,184 [WARN] PackLoader:240 - Cannot read IP mode file for STMicroelectronics.X-CUBE-AI.8.1.0
2024-03-29 17:05:17,200 [WARN] ConditionMgr:438 - getConditionDescription Invalid condition id : LAN8742 Phy interface Condition cause : null
2024-03-29 17:05:17,201 [WARN] PackLoader:240 - Cannot read IP mode file for STMicroelectronics.X-CUBE-AZRTOS-L4.2.0.0
2024-03-29 17:05:17,203 [WARN] ConditionMgr:1039 - genDependencies : Invalid condition id : LAN8742 Phy interface Condition cause : null
2024-03-29 17:05:17,204 [WARN] ConditionMgr:1039 - genDependencies : Invalid condition id : LAN8742 Phy interface Condition cause : null
2024-03-29 17:05:17,206 [WARN] ConditionMgr:1039 - genDependencies : Invalid condition id : LAN8742 Phy interface Condition cause : null
2024-03-29 17:05:17,222 [WARN] PackLoader:240 - Cannot read IP mode file for STMicroelectronics.X-CUBE-SFXS2LP1.4.0.0
2024-03-29 17:05:17,229 [WARN] PackLoader:240 - Cannot read IP mode file for STMicroelectronics.X-CUBE-ISPU.1.1.0
2024-03-29 17:05:17,241 [WARN] ConditionMgr:438 - getConditionDescription Invalid condition id : UX DEVICE CLASS RTOS Condition cause : null
2024-03-29 17:05:17,241 [WARN] ConditionMgr:438 - getConditionDescription Invalid condition id : UX DEVICE CLASS RTOS Condition cause : null
2024-03-29 17:05:17,243 [WARN] PackLoader:240 - Cannot read IP mode file for STMicroelectronics.X-CUBE-AZRTOS-WB.2.0.0
2024-03-29 17:05:17,243 [WARN] ConditionMgr:1039 - genDependencies : Invalid condition id : UX DEVICE CLASS RTOS Condition cause : null
2024-03-29 17:05:17,243 [WARN] ConditionMgr:1039 - genDependencies : Invalid condition id : UX DEVICE CLASS RTOS Condition cause : null
2024-03-29 17:05:17,244 [WARN] ConditionMgr:1039 - genDependencies : Invalid condition id : UX DEVICE CLASS RTOS Condition cause : null
2024-03-29 17:05:17,244 [WARN] ConditionMgr:1039 - genDependencies : Invalid condition id : UX DEVICE CLASS RTOS Condition cause : null
2024-03-29 17:05:17,244 [WARN] ConditionMgr:1039 - genDependencies : Invalid condition id : UX DEVICE CLASS RTOS Condition cause : null
2024-03-29 17:05:17,250 [INFO] WebApp:192 - Starting web application
2024-03-29 17:05:17,250 [INFO] WebApp:544 - Web application path used G:\stm32cubeide\stm32cubeide114\STM32CubeIDE_1.14.0\STM32CubeIDE\plugins\com.st.stm32cube.common.mx_6.10.0.202311202037\db\plugins\mcufinder\reactClient1\index.html
2024-03-29 17:05:17,254 [WARN] PackLoader:240 - Cannot read IP mode file for STMicroelectronics.X-CUBE-SUBG2.5.0.0
2024-03-29 17:05:17,273 [WARN] PackLoader:240 - Cannot read IP mode file for STMicroelectronics.X-CUBE-TOF1.3.3.1
2024-03-29 17:05:17,295 [WARN] PackLoader:240 - Cannot read IP mode file for STMicroelectronics.X-CUBE-AZRTOS-G4.2.0.0
2024-03-29 17:05:17,307 [WARN] PackLoader:240 - Cannot read IP mode file for Infineon.AIROC-Wi-Fi-Bluetooth-STM32.1.5.1
2024-03-29 17:05:17,315 [WARN] PackLoader:240 - Cannot read IP mode file for STMicroelectronics.FP-SNS-MOTENVWB1.1.3.0
2024-03-29 17:05:17,319 [WARN] PackLoader:240 - Cannot read IP mode file for STMicroelectronics.FP-SNS-MOTENVWB1.1.3.1
2024-03-29 17:05:17,322 [WARN] PackLoader:240 - Cannot read IP mode file for STMicroelectronics.X-CUBE-ISPU.2.0.0
2024-03-29 17:05:17,417 [WARN] PackLoader:240 - Cannot read IP mode file for STMicroelectronics.X-CUBE-MEMS1.10.0.0
2024-03-29 17:05:17,694 [WARN] PackLoader:240 - Cannot read IP mode file for STMicroelectronics.X-CUBE-FREERTOS.1.1.0
2024-03-29 17:05:17,702 [WARN] PackLoader:240 - Cannot read IP mode file for portGmbH.I-Cube-SoM-uGOAL.1.1.0
2024-03-29 17:05:17,712 [WARN] PackLoader:240 - Cannot read IP mode file for STMicroelectronics.X-CUBE-ALS.1.0.1
2024-03-29 17:05:17,719 [WARN] PackLoader:240 - Cannot read IP mode file for STMicroelectronics.FP-ATR-ASTRA1.2.0.0
2024-03-29 17:05:17,732 [WARN] PackLoader:240 - Cannot read IP mode file for STMicroelectronics.X-CUBE-TOF1.3.4.0
2024-03-29 17:05:17,760 [WARN] PackLoader:240 - Cannot read IP mode file for STMicroelectronics.X-CUBE-TOF1.3.4.1
2024-03-29 17:05:17,797 [WARN] PackLoader:240 - Cannot read IP mode file for STMicroelectronics.X-CUBE-AZRTOS-H7.3.2.0
2024-03-29 17:05:17,803 [INFO] ThirdParty:978 - Integrity check success = true
2024-03-29 17:05:17,803 [INFO] IntegrityCheckThread:100 - exiting critical section [integrity check]
2024-03-29 17:05:17,803 [INFO] IntegrityCheckThread:103 - End integrity checks thread
2024-03-29 17:05:38,212 [ERROR] LogOutputStream:75 - [STDERR_REDIRECT] SLF4J: Failed to load class "org.slf4j.impl.StaticLoggerBinder".
2024-03-29 17:05:38,215 [ERROR] LogOutputStream:75 - [STDERR_REDIRECT] SLF4J: Defaulting to no-operation (NOP) logger implementation
2024-03-29 17:05:38,216 [ERROR] LogOutputStream:75 - [STDERR_REDIRECT] SLF4J: See http://www.slf4j.org/codes.html#StaticLoggerBinder for further details.
2024-03-29 17:17:01,200 [ERROR] LogOutputStream:75 - [STDERR_REDIRECT] 
