2024-03-31 18:57:35,392 [INFO] Activator:176 - 


2024-03-31 18:57:35,398 [INFO] Activator:177 - !SESSION log4j initialized
2024-03-31 18:57:43,411 [INFO] LogOutputStream:77 - [STDOUT_REDIRECT] 
2024-03-31 18:57:50,118 [INFO] ApplicationProperties:184 - Using Application install path: G:\stm32cubeide\stm32cubeide114\STM32CubeIDE_1.14.0\STM32CubeIDE\plugins\com.st.stm32cube.common.mx_6.10.0.202311202037
2024-03-31 18:57:50,134 [INFO] DbMcusXml:78 - Set database path to: G:\stm32cubeide\stm32cubeide114\STM32CubeIDE_1.14.0\STM32CubeIDE\plugins\com.st.stm32cube.common.mx_6.10.0.202311202037\\db\/mcu/
2024-03-31 18:57:50,135 [INFO] ApiDb:274 - Set plugin database path to: G:\stm32cubeide\stm32cubeide114\STM32CubeIDE_1.14.0\STM32CubeIDE\plugins\com.st.stm32cube.common.mx_6.10.0.202311202037\\db\/plugins/boardmanager/
2024-03-31 18:57:50,135 [WARN] ApiDb:259 - Overriding images path with different value:  => G:\stm32cubeide\stm32cubeide114\STM32CubeIDE_1.14.0\STM32CubeIDE\plugins\com.st.stm32cube.common.mx_6.10.0.202311202037\\db\/plugins/mcufinder/images/
2024-03-31 18:57:50,147 [INFO] ApiDb:250 - Set database path to: C:\Users\Nghia\.stmcufinder\plugins\mcufinder//mcu/
2024-03-31 18:57:50,169 [INFO] DbMcusAds:125 - Set database path to: C:\Users\Nghia\.stmcufinder\plugins\mcufinder//mcu/
2024-03-31 18:57:50,170 [INFO] CrossReferenceDbSqlite:203 - Set database path to: C:\Users\Nghia\.stmcufinder\plugins\mcufinder//mcu/cs/
2024-03-31 18:57:50,280 [INFO] RulesReader:64 - Compatibility file has been processed (297 Rules)
2024-03-31 18:57:50,379 [INFO] DbMcusXml:78 - Set database path to: G:\stm32cubeide\stm32cubeide114\STM32CubeIDE_1.14.0\STM32CubeIDE\plugins\com.st.stm32cube.common.mx_6.10.0.202311202037\\db\/mcu/
2024-03-31 18:57:50,379 [INFO] ApiDb:274 - Set plugin database path to: G:\stm32cubeide\stm32cubeide114\STM32CubeIDE_1.14.0\STM32CubeIDE\plugins\com.st.stm32cube.common.mx_6.10.0.202311202037\\db\/plugins/boardmanager/
2024-03-31 18:57:50,379 [INFO] ApiDb:261 - Set plugin images path to: G:\stm32cubeide\stm32cubeide114\STM32CubeIDE_1.14.0\STM32CubeIDE\plugins\com.st.stm32cube.common.mx_6.10.0.202311202037\\db\/plugins/mcufinder/images/
2024-03-31 18:57:50,380 [WARN] DbFile:41 - Overriding database path with different value: C:\Users\Nghia\.stmcufinder\plugins\mcufinder/ => C:\Users\Nghia\.stmcufinder\plugins\mcufinder
2024-03-31 18:57:50,380 [INFO] ApiDb:250 - Set database path to: C:\Users\Nghia\.stmcufinder\plugins\mcufinder//mcu/
2024-03-31 18:57:50,380 [WARN] DbFile:41 - Overriding database path with different value: C:\Users\Nghia\.stmcufinder\plugins\mcufinder/ => C:\Users\Nghia\.stmcufinder\plugins\mcufinder
2024-03-31 18:57:50,380 [INFO] DbMcusAds:125 - Set database path to: C:\Users\Nghia\.stmcufinder\plugins\mcufinder//mcu/
2024-03-31 18:57:50,380 [WARN] DbFile:41 - Overriding database path with different value: C:\Users\Nghia\.stmcufinder\plugins\mcufinder/ => C:\Users\Nghia\.stmcufinder\plugins\mcufinder
2024-03-31 18:57:50,380 [WARN] DbFile:41 - Overriding database path with different value: C:\Users\Nghia\.stmcufinder\plugins\mcufinder/ => C:\Users\Nghia\.stmcufinder\plugins\mcufinder
2024-03-31 18:57:50,380 [INFO] CrossReferenceDbSqlite:203 - Set database path to: C:\Users\Nghia\.stmcufinder\plugins\mcufinder//mcu/cs/
2024-03-31 18:57:50,455 [INFO] MainPanel:264 - HeapMemory: 268435456
2024-03-31 18:57:50,556 [INFO] DbMcusXml:78 - Set database path to: G:\stm32cubeide\stm32cubeide114\STM32CubeIDE_1.14.0\STM32CubeIDE\plugins\com.st.stm32cube.common.mx_6.10.0.202311202037\\db\/mcu/
2024-03-31 18:57:50,556 [INFO] ApiDb:274 - Set plugin database path to: G:\stm32cubeide\stm32cubeide114\STM32CubeIDE_1.14.0\STM32CubeIDE\plugins\com.st.stm32cube.common.mx_6.10.0.202311202037\\db\/plugins/boardmanager/
2024-03-31 18:57:50,556 [INFO] ApiDb:261 - Set plugin images path to: G:\stm32cubeide\stm32cubeide114\STM32CubeIDE_1.14.0\STM32CubeIDE\plugins\com.st.stm32cube.common.mx_6.10.0.202311202037\\db\/plugins/mcufinder/images/
2024-03-31 18:57:50,557 [WARN] DbFile:41 - Overriding database path with different value: C:\Users\Nghia\.stmcufinder\plugins\mcufinder/ => C:\Users\Nghia\.stmcufinder\plugins\mcufinder
2024-03-31 18:57:50,557 [INFO] ApiDb:250 - Set database path to: C:\Users\Nghia\.stmcufinder\plugins\mcufinder//mcu/
2024-03-31 18:57:50,558 [WARN] DbFile:41 - Overriding database path with different value: C:\Users\Nghia\.stmcufinder\plugins\mcufinder/ => C:\Users\Nghia\.stmcufinder\plugins\mcufinder
2024-03-31 18:57:50,558 [INFO] DbMcusAds:125 - Set database path to: C:\Users\Nghia\.stmcufinder\plugins\mcufinder//mcu/
2024-03-31 18:57:50,558 [WARN] DbFile:41 - Overriding database path with different value: C:\Users\Nghia\.stmcufinder\plugins\mcufinder/ => C:\Users\Nghia\.stmcufinder\plugins\mcufinder
2024-03-31 18:57:50,558 [WARN] DbFile:41 - Overriding database path with different value: C:\Users\Nghia\.stmcufinder\plugins\mcufinder/ => C:\Users\Nghia\.stmcufinder\plugins\mcufinder
2024-03-31 18:57:50,558 [INFO] CrossReferenceDbSqlite:203 - Set database path to: C:\Users\Nghia\.stmcufinder\plugins\mcufinder//mcu/cs/
2024-03-31 18:57:50,604 [INFO] ApplicationProperties:184 - Using Application install path: G:\stm32cubeide\stm32cubeide114\STM32CubeIDE_1.14.0\STM32CubeIDE\plugins\com.st.stm32cube.common.mx_6.10.0.202311202037
2024-03-31 18:57:50,607 [INFO] PluginManage:196 - Search for loadable plugins [exclusion list=, ]
2024-03-31 18:57:50,609 [INFO] PluginManage:310 - Check plugin analytics
2024-03-31 18:57:55,720 [INFO] AnalyticsPlugin:253 - Accepted Software Licenses: STM32CubeMX.6.8.0,STM32CubeMX.6.1.1
2024-03-31 18:57:55,720 [INFO] AnalyticsPlugin:255 - Accepted CMSIS Pack Licenses: 
2024-03-31 18:57:55,720 [INFO] AnalyticsPlugin:257 - Accepted Firmware Licenses: FW.F4.1.27.0,FW.F4.1.28.0
2024-03-31 18:57:55,723 [INFO] PluginManage:359 - Loaded plugin analytics (category:tool,tabindex:-1)
2024-03-31 18:57:55,724 [INFO] PluginManage:310 - Check plugin cadmodel
2024-03-31 18:57:55,738 [INFO] CADModel:105 - Init CAD model plugin
2024-03-31 18:57:55,738 [INFO] PluginManage:359 - Loaded plugin cadmodel (category:power,tabindex:5)
2024-03-31 18:57:55,738 [INFO] PluginManage:310 - Check plugin clock
2024-03-31 18:57:55,757 [INFO] PluginManage:359 - Loaded plugin clock (category:base,tabindex:2)
2024-03-31 18:57:55,757 [INFO] PluginManage:310 - Check plugin ddr
2024-03-31 18:57:55,759 [INFO] PluginManage:359 - Loaded plugin ddr (category:tool,tabindex:6)
2024-03-31 18:57:55,759 [INFO] PluginManage:310 - Check plugin filemanager
2024-03-31 18:57:55,879 [INFO] PluginManage:359 - Loaded plugin filemanager (category:base,tabindex:10)
2024-03-31 18:57:55,881 [INFO] PluginManage:310 - Check plugin ipmanager
2024-03-31 18:57:55,892 [INFO] PluginManage:359 - Loaded plugin ipmanager (category:base,tabindex:5)
2024-03-31 18:57:55,892 [INFO] PluginManage:310 - Check plugin lpbam
2024-03-31 18:57:55,906 [INFO] PluginManage:359 - Loaded plugin lpbam (category:base,tabindex:0)
2024-03-31 18:57:55,906 [INFO] PluginManage:310 - Check plugin memorymap
2024-03-31 18:57:55,926 [INFO] PluginManage:359 - Loaded plugin memorymap (category:base,tabindex:4)
2024-03-31 18:57:55,927 [INFO] PluginManage:310 - Check plugin pinoutandconfiguration
2024-03-31 18:57:55,944 [INFO] PluginManage:359 - Loaded plugin pinoutandconfiguration (category:base,tabindex:1)
2024-03-31 18:57:55,944 [INFO] PluginManage:310 - Check plugin pinoutconfig
2024-03-31 18:57:56,037 [WARN] SupportedApi:132 - Cannot load RTOS API schema: s4s-elt-must-match.1: The content of 'definitions' must match (annotation?, (simpleType | complexType)?, (unique | key | keyref)*)). A problem was found starting at: attribute.
2024-03-31 18:57:56,163 [INFO] PluginManage:359 - Loaded plugin pinoutconfig (category:base,tabindex:0)
2024-03-31 18:57:56,163 [INFO] PluginManage:310 - Check plugin power
2024-03-31 18:57:56,192 [INFO] PluginManage:359 - Loaded plugin power (category:power,tabindex:4)
2024-03-31 18:57:56,193 [INFO] PluginManage:310 - Check plugin projectmanager
2024-03-31 18:57:56,219 [INFO] PluginManage:359 - Loaded plugin projectmanager (category:projectmanager,tabindex:3)
2024-03-31 18:57:56,219 [INFO] PluginManage:310 - Check plugin thirdparty
2024-03-31 18:57:56,610 [INFO] PluginManage:359 - Loaded plugin thirdparty (category:base,tabindex:-1)
2024-03-31 18:57:56,610 [WARN] IntegrityCheckThread:84 - waiting for thirdparty lock release [integrity check]
2024-03-31 18:57:56,610 [INFO] PluginManage:310 - Check plugin tools
2024-03-31 18:57:56,610 [INFO] IntegrityCheckThread:86 - entering critical section [integrity check]
2024-03-31 18:57:56,611 [INFO] ThirdPartyUpdaterWithRetryManager:70 - Updater plugin not ready yet. [1/15]
2024-03-31 18:57:56,661 [INFO] PluginManage:359 - Loaded plugin tools (category:base,tabindex:7)
2024-03-31 18:57:56,661 [INFO] PluginManage:310 - Check plugin tutovideos
2024-03-31 18:57:56,851 [INFO] PluginManage:359 - Loaded plugin tutovideos (category:base,tabindex:-1)
2024-03-31 18:57:56,851 [INFO] PluginManage:310 - Check plugin updater
2024-03-31 18:57:56,862 [INFO] PluginManage:359 - Loaded plugin updater (category:base,tabindex:12)
2024-03-31 18:57:56,862 [INFO] PluginManage:310 - Check plugin userauth
2024-03-31 18:57:56,866 [INFO] UserAuth:114 - Init User Auth plugin
2024-03-31 18:57:56,866 [INFO] PluginManage:359 - Loaded plugin userauth (category:base,tabindex:14)
2024-03-31 18:57:56,867 [INFO] PluginManage:283 - PluginManage : Loaded plugins [17]
2024-03-31 18:57:57,233 [INFO] PinOutPanel:1499 - setPackage(No Configuration,No Configuration)
2024-03-31 18:57:57,310 [INFO] CADModel:165 - CPN selected for project level
2024-03-31 18:57:57,310 [INFO] CADModel:114 - Register for checkConnection events
2024-03-31 18:57:57,332 [INFO] IPUIPlugin:80 - create IPUIPlugin
2024-03-31 18:57:57,332 [INFO] PluginManager:220 - loadIPPluginJar : add adc
2024-03-31 18:57:57,363 [INFO] IPUIPlugin:80 - create IPUIPlugin
2024-03-31 18:57:57,363 [INFO] PluginManager:220 - loadIPPluginJar : add aes
2024-03-31 18:57:57,407 [INFO] IPUIPlugin:80 - create IPUIPlugin
2024-03-31 18:57:57,407 [INFO] PluginManager:220 - loadIPPluginJar : add can
2024-03-31 18:57:57,426 [INFO] IPUIPlugin:80 - create IPUIPlugin
2024-03-31 18:57:57,426 [INFO] PluginManager:220 - loadIPPluginJar : add comp
2024-03-31 18:57:57,452 [INFO] IPUIPlugin:80 - create IPUIPlugin
2024-03-31 18:57:57,453 [INFO] PluginManager:220 - loadIPPluginJar : add cryp
2024-03-31 18:57:57,476 [INFO] IPUIPlugin:80 - create IPUIPlugin
2024-03-31 18:57:57,477 [INFO] PluginManager:220 - loadIPPluginJar : add dfsdm
2024-03-31 18:57:57,488 [INFO] IPUIPlugin:80 - create IPUIPlugin
2024-03-31 18:57:57,489 [INFO] PluginManager:220 - loadIPPluginJar : add dma
2024-03-31 18:57:57,523 [INFO] IPUIPlugin:80 - create IPUIPlugin
2024-03-31 18:57:57,523 [INFO] PluginManager:220 - loadIPPluginJar : add dma3
2024-03-31 18:57:57,539 [INFO] IPUIPlugin:80 - create IPUIPlugin
2024-03-31 18:57:57,540 [INFO] PluginManager:220 - loadIPPluginJar : add fatfs
2024-03-31 18:57:57,581 [INFO] IPUIPlugin:80 - create IPUIPlugin
2024-03-31 18:57:57,582 [INFO] PluginManager:220 - loadIPPluginJar : add fmc
2024-03-31 18:57:57,595 [INFO] IPUIPlugin:80 - create IPUIPlugin
2024-03-31 18:57:57,595 [INFO] PluginManager:220 - loadIPPluginJar : add freertos
2024-03-31 18:57:57,615 [INFO] IPUIPlugin:80 - create IPUIPlugin
2024-03-31 18:57:57,615 [INFO] PluginManager:220 - loadIPPluginJar : add genericplugin
2024-03-31 18:57:57,703 [INFO] IPUIPlugin:80 - create IPUIPlugin
2024-03-31 18:57:57,703 [INFO] PluginManager:220 - loadIPPluginJar : add gfxmmu
2024-03-31 18:57:57,860 [INFO] IPUIPlugin:80 - create IPUIPlugin
2024-03-31 18:57:57,860 [INFO] PluginManager:220 - loadIPPluginJar : add gic
2024-03-31 18:57:57,880 [INFO] IPUIPlugin:80 - create IPUIPlugin
2024-03-31 18:57:57,880 [INFO] PluginManager:220 - loadIPPluginJar : add gpio
2024-03-31 18:57:58,025 [INFO] IPUIPlugin:80 - create IPUIPlugin
2024-03-31 18:57:58,025 [INFO] PluginManager:220 - loadIPPluginJar : add gtzc
2024-03-31 18:57:58,067 [INFO] IPUIPlugin:80 - create IPUIPlugin
2024-03-31 18:57:58,067 [INFO] PluginManager:220 - loadIPPluginJar : add hash
2024-03-31 18:57:58,152 [INFO] IPUIPlugin:80 - create IPUIPlugin
2024-03-31 18:57:58,152 [INFO] PluginManager:220 - loadIPPluginJar : add i2c
2024-03-31 18:57:58,214 [INFO] IPUIPlugin:80 - create IPUIPlugin
2024-03-31 18:57:58,214 [INFO] PluginManager:220 - loadIPPluginJar : add i2s
2024-03-31 18:57:58,260 [INFO] IPUIPlugin:80 - create IPUIPlugin
2024-03-31 18:57:58,260 [INFO] PluginManager:220 - loadIPPluginJar : add i3c
2024-03-31 18:57:58,354 [INFO] IPUIPlugin:80 - create IPUIPlugin
2024-03-31 18:57:58,354 [INFO] PluginManager:220 - loadIPPluginJar : add ipddr
2024-03-31 18:57:58,448 [INFO] IPUIPlugin:80 - create IPUIPlugin
2024-03-31 18:57:58,448 [INFO] PluginManager:220 - loadIPPluginJar : add linkedlist
2024-03-31 18:57:58,476 [INFO] IPUIPlugin:80 - create IPUIPlugin
2024-03-31 18:57:58,476 [INFO] PluginManager:220 - loadIPPluginJar : add lorawan
2024-03-31 18:57:58,505 [INFO] IPUIPlugin:80 - create IPUIPlugin
2024-03-31 18:57:58,506 [INFO] PluginManager:220 - loadIPPluginJar : add ltdc
2024-03-31 18:57:58,517 [INFO] IPUIPlugin:80 - create IPUIPlugin
2024-03-31 18:57:58,518 [INFO] PluginManager:220 - loadIPPluginJar : add mdma
2024-03-31 18:57:58,528 [INFO] IPUIPlugin:80 - create IPUIPlugin
2024-03-31 18:57:58,528 [INFO] PluginManager:220 - loadIPPluginJar : add nvic
2024-03-31 18:57:58,559 [INFO] IPUIPlugin:80 - create IPUIPlugin
2024-03-31 18:57:58,559 [INFO] PluginManager:220 - loadIPPluginJar : add opamp
2024-03-31 18:57:58,613 [INFO] IPUIPlugin:80 - create IPUIPlugin
2024-03-31 18:57:58,613 [INFO] PluginManager:220 - loadIPPluginJar : add openamp
2024-03-31 18:57:58,686 [INFO] IPUIPlugin:80 - create IPUIPlugin
2024-03-31 18:57:58,686 [INFO] PluginManager:220 - loadIPPluginJar : add pdm2pcm
2024-03-31 18:57:58,706 [INFO] IPUIPlugin:80 - create IPUIPlugin
2024-03-31 18:57:58,725 [INFO] PluginManager:220 - loadIPPluginJar : add plateformsettings
2024-03-31 18:57:58,757 [INFO] IPUIPlugin:80 - create IPUIPlugin
2024-03-31 18:57:58,759 [INFO] PluginManager:220 - loadIPPluginJar : add quadspi
2024-03-31 18:57:58,781 [INFO] IPUIPlugin:80 - create IPUIPlugin
2024-03-31 18:57:58,781 [INFO] PluginManager:220 - loadIPPluginJar : add resmgrutility
2024-03-31 18:57:58,844 [INFO] IPUIPlugin:80 - create IPUIPlugin
2024-03-31 18:57:58,844 [INFO] PluginManager:220 - loadIPPluginJar : add sai
2024-03-31 18:57:58,914 [INFO] IPUIPlugin:80 - create IPUIPlugin
2024-03-31 18:57:58,914 [INFO] PluginManager:220 - loadIPPluginJar : add spi
2024-03-31 18:57:58,985 [INFO] IPUIPlugin:80 - create IPUIPlugin
2024-03-31 18:57:58,985 [INFO] PluginManager:220 - loadIPPluginJar : add stm32_wpan
2024-03-31 18:57:59,012 [INFO] IPUIPlugin:80 - create IPUIPlugin
2024-03-31 18:57:59,012 [INFO] PluginManager:220 - loadIPPluginJar : add tim
2024-03-31 18:57:59,058 [INFO] IPUIPlugin:80 - create IPUIPlugin
2024-03-31 18:57:59,058 [INFO] PluginManager:220 - loadIPPluginJar : add touchsensing
2024-03-31 18:57:59,077 [INFO] IPUIPlugin:80 - create IPUIPlugin
2024-03-31 18:57:59,077 [INFO] PluginManager:220 - loadIPPluginJar : add tracer_emb
2024-03-31 18:57:59,097 [INFO] IPUIPlugin:80 - create IPUIPlugin
2024-03-31 18:57:59,097 [INFO] PluginManager:220 - loadIPPluginJar : add ts
2024-03-31 18:57:59,116 [INFO] IPUIPlugin:80 - create IPUIPlugin
2024-03-31 18:57:59,116 [INFO] PluginManager:220 - loadIPPluginJar : add tsc
2024-03-31 18:57:59,143 [INFO] IPUIPlugin:80 - create IPUIPlugin
2024-03-31 18:57:59,143 [INFO] PluginManager:220 - loadIPPluginJar : add ucpd
2024-03-31 18:57:59,185 [INFO] IPUIPlugin:80 - create IPUIPlugin
2024-03-31 18:57:59,185 [INFO] PluginManager:220 - loadIPPluginJar : add usart
2024-03-31 18:57:59,220 [INFO] IPUIPlugin:80 - create IPUIPlugin
2024-03-31 18:57:59,220 [INFO] PluginManager:220 - loadIPPluginJar : add usbx
2024-03-31 18:57:59,340 [INFO] CADModel:165 - CPN selected for project level
2024-03-31 18:57:59,340 [INFO] CADModel:114 - Register for checkConnection events
2024-03-31 18:57:59,340 [FATAL] Updater:308 - Updater called before beeing initialized
2024-03-31 18:57:59,341 [ERROR] CADModel:125 - Updater not yet initialized, retry later 
2024-03-31 18:57:59,500 [INFO] CADModel:165 - CPN selected for project level
2024-03-31 18:57:59,500 [INFO] CADModel:114 - Register for checkConnection events
2024-03-31 18:57:59,500 [FATAL] Updater:308 - Updater called before beeing initialized
2024-03-31 18:57:59,500 [ERROR] CADModel:125 - Updater not yet initialized, retry later 
2024-03-31 18:57:59,503 [FATAL] Updater:308 - Updater called before beeing initialized
2024-03-31 18:57:59,611 [INFO] ThirdPartyUpdaterWithRetryManager:70 - Updater plugin not ready yet. [2/15]
2024-03-31 18:57:59,613 [FATAL] Updater:308 - Updater called before beeing initialized
2024-03-31 18:57:59,621 [INFO] DbMcusAds:53 - JSON generation date=Wed Nov 29 17:52:27 ICT 2023 (1701255147349)
2024-03-31 18:57:59,621 [FATAL] Updater:308 - Updater called before beeing initialized
2024-03-31 18:57:59,700 [WARN] DetailPanel:346 - Failed to get advertising image, set to default
2024-03-31 18:57:59,780 [FATAL] Updater:308 - Updater called before beeing initialized
2024-03-31 18:57:59,782 [FATAL] Updater:308 - Updater called before beeing initialized
2024-03-31 18:57:59,782 [FATAL] Updater:308 - Updater called before beeing initialized
2024-03-31 18:57:59,782 [WARN] DetailPanel:346 - Failed to get advertising image, set to default
2024-03-31 18:57:59,783 [FATAL] Updater:308 - Updater called before beeing initialized
2024-03-31 18:57:59,844 [ERROR] Updater:1120 - MainUpdater not yet initialized. External WinMGr cannot be set.
2024-03-31 18:57:59,852 [INFO] Updater:1056 - Updater Version found : 6.10.0
2024-03-31 18:57:59,870 [INFO] ApplicationProperties:184 - Using Application install path: G:\stm32cubeide\stm32cubeide114\STM32CubeIDE_1.14.0\STM32CubeIDE\plugins\com.st.stm32cube.common.mx_6.10.0.202311202037
2024-03-31 18:58:00,455 [INFO] MainUpdater:2873 - connection check result : 10
2024-03-31 18:58:00,455 [INFO] MainUpdater:290 - Updater Check For Update Now.
2024-03-31 18:58:00,456 [INFO] MicroXplorer:498 - Change Database Version : DB.6.0.100
2024-03-31 18:58:00,475 [INFO] McuFinderGlobals:63 - Set McuFinder mode to 2 (CubeIDE integrated)
2024-03-31 18:58:00,651 [INFO] CheckServerUpdateThread:120 - End of CheckServer Thread
2024-03-31 18:58:00,914 [INFO] UserAuth:404 - Internet connection configuration mode: 1
2024-03-31 18:58:00,949 [INFO] JxBrowserEngine:152 - Initiate JxBrowser Engine with user profile folder
2024-03-31 18:58:02,835 [WARN] PackLoader:240 - Cannot read IP mode file for STMicroelectronics.X-CUBE-SMBUS.2.1.0
2024-03-31 18:58:02,864 [WARN] PackLoader:240 - Cannot read IP mode file for STMicroelectronics.X-CUBE-TOUCHGFX.4.23.1
2024-03-31 18:58:02,880 [WARN] PackLoader:240 - Cannot read IP mode file for STMicroelectronics.X-CUBE-TOUCHGFX.4.23.0
2024-03-31 18:58:02,953 [WARN] PackLoader:240 - Cannot read IP mode file for STMicroelectronics.X-CUBE-AZRTOS-F7.1.1.0
2024-03-31 18:58:02,990 [WARN] PackLoader:240 - Cannot read IP mode file for STMicroelectronics.FP-SNS-MOTENV1.4.3.2
2024-03-31 18:58:03,022 [WARN] PackLoader:240 - Cannot read IP mode file for STMicroelectronics.FP-SNS-FLIGHT1.5.0.2
2024-03-31 18:58:03,038 [WARN] PackLoader:240 - Cannot read IP mode file for STMicroelectronics.X-CUBE-DISPLAY.3.0.0
2024-03-31 18:58:03,055 [WARN] PackLoader:240 - Cannot read IP mode file for STMicroelectronics.X-CUBE-BLE1.7.0.0
2024-03-31 18:58:03,069 [WARN] PackLoader:240 - Cannot read IP mode file for emotas.I-CUBE-CANOPEN.1.3.0
2024-03-31 18:58:03,080 [WARN] PackLoader:240 - Cannot read IP mode file for STMicroelectronics.X-CUBE-TOUCHGFX.4.22.1
2024-03-31 18:58:03,098 [WARN] PackLoader:240 - Cannot read IP mode file for STMicroelectronics.X-CUBE-BLEMGR.3.1.0
2024-03-31 18:58:03,113 [WARN] PackLoader:240 - Cannot read IP mode file for STMicroelectronics.FP-SNS-SMARTAG2.1.2.0
2024-03-31 18:58:03,136 [INFO] LogOutputStream:77 - [STDOUT_REDIRECT] 1 : Invalid condition id : UX_CORESTACK_Condition cause : null
2024-03-31 18:58:03,136 [INFO] LogOutputStream:77 - [STDOUT_REDIRECT] 1 : Invalid condition id : UX_CORESTACK_Condition cause : null
2024-03-31 18:58:03,137 [INFO] LogOutputStream:77 - [STDOUT_REDIRECT] 1 : Invalid condition id : UX_CORESTACK_Condition cause : null
2024-03-31 18:58:03,139 [INFO] LogOutputStream:77 - [STDOUT_REDIRECT] 1 : Invalid condition id : UX_CORESTACK_Condition cause : null
2024-03-31 18:58:03,141 [INFO] LogOutputStream:77 - [STDOUT_REDIRECT] 1 : Invalid condition id : UX_CORESTACK_Condition cause : null
2024-03-31 18:58:03,160 [WARN] PackLoader:240 - Cannot read IP mode file for STMicroelectronics.X-CUBE-AZRTOS-WL.2.0.0
2024-03-31 18:58:03,195 [WARN] PackLoader:240 - Cannot read IP mode file for STMicroelectronics.FP-SNS-MOTENV1.5.0.0
2024-03-31 18:58:03,228 [WARN] PackLoader:240 - Cannot read IP mode file for WES.I-CUBE-Cesium.1.3.0
2024-03-31 18:58:03,248 [WARN] PackLoader:240 - Cannot read IP mode file for STMicroelectronics.X-CUBE-BLE2.3.3.0
2024-03-31 18:58:03,272 [WARN] PackLoader:240 - Cannot read IP mode file for STMicroelectronics.X-CUBE-ALGOBUILD.1.3.0
2024-03-31 18:58:03,331 [WARN] PackLoader:240 - Cannot read IP mode file for STMicroelectronics.X-CUBE-AZRTOS-G0.1.1.0
2024-03-31 18:58:03,350 [WARN] PackLoader:240 - Cannot read IP mode file for STMicroelectronics.X-CUBE-SAFEA1.1.2.2
2024-03-31 18:58:03,369 [WARN] PackLoader:240 - Cannot read IP mode file for STMicroelectronics.X-CUBE-NFC4.3.0.0
2024-03-31 18:58:03,394 [WARN] PackLoader:240 - Cannot read IP mode file for STMicroelectronics.X-CUBE-BLEMGR.3.0.0
2024-03-31 18:58:03,433 [WARN] PackLoader:240 - Cannot read IP mode file for STMicroelectronics.FP-ATR-SIGFOX1.3.2.0
2024-03-31 18:58:03,450 [WARN] PackLoader:240 - Cannot read IP mode file for STMicroelectronics.X-CUBE-EEPRMA1.5.1.0
2024-03-31 18:58:03,500 [WARN] PackLoader:240 - Cannot read IP mode file for SEGGER.I-CUBE-embOS.1.3.1
2024-03-31 18:58:03,538 [WARN] PackLoader:240 - Cannot read IP mode file for STMicroelectronics.X-CUBE-GNSS1.6.0.0
2024-03-31 18:58:03,564 [WARN] PackLoader:240 - Cannot read IP mode file for STMicroelectronics.X-CUBE-AZRTOS-F4.1.1.0
2024-03-31 18:58:03,577 [WARN] PackLoader:240 - Cannot read IP mode file for wolfSSL.I-CUBE-wolfSSL.5.6.3
2024-03-31 18:58:03,601 [WARN] PackLoader:240 - Cannot read IP mode file for STMicroelectronics.X-CUBE-AZRTOS-L5.2.0.0
2024-03-31 18:58:03,672 [WARN] PackLoader:240 - Cannot read IP mode file for STMicroelectronics.X-CUBE-MEMS1.9.6.0
2024-03-31 18:58:03,825 [WARN] PackLoader:240 - Cannot read IP mode file for STMicroelectronics.X-CUBE-EEPRMA1.4.2.0
2024-03-31 18:58:03,839 [WARN] PackLoader:240 - Cannot read IP mode file for STMicroelectronics.X-CUBE-NFC6.3.1.0
2024-03-31 18:58:03,856 [WARN] PackLoader:240 - Cannot read IP mode file for ITTIA_DB.I-CUBE-ITTIADB.8.8.0
2024-03-31 18:58:03,869 [WARN] PackLoader:240 - Cannot read IP mode file for STMicroelectronics.X-CUBE-BLEMGR.2.0.0
2024-03-31 18:58:03,901 [WARN] ConditionMgr:438 - getConditionDescription Invalid condition id : UX DEVICE CLASS RTOS Condition cause : null
2024-03-31 18:58:03,902 [WARN] ConditionMgr:438 - getConditionDescription Invalid condition id : UX DEVICE CLASS RTOS Condition cause : null
2024-03-31 18:58:03,907 [WARN] PackLoader:240 - Cannot read IP mode file for STMicroelectronics.X-CUBE-AZRTOS-H7.3.1.0
2024-03-31 18:58:03,922 [WARN] ConditionMgr:1039 - genDependencies : Invalid condition id : UX DEVICE CLASS RTOS Condition cause : null
2024-03-31 18:58:03,923 [WARN] ConditionMgr:1039 - genDependencies : Invalid condition id : UX DEVICE CLASS RTOS Condition cause : null
2024-03-31 18:58:03,924 [WARN] ConditionMgr:1039 - genDependencies : Invalid condition id : UX DEVICE CLASS RTOS Condition cause : null
2024-03-31 18:58:03,924 [WARN] ConditionMgr:1039 - genDependencies : Invalid condition id : UX DEVICE CLASS RTOS Condition cause : null
2024-03-31 18:58:03,924 [WARN] ConditionMgr:1039 - genDependencies : Invalid condition id : UX DEVICE CLASS RTOS Condition cause : null
2024-03-31 18:58:03,938 [WARN] PackLoader:240 - Cannot read IP mode file for STMicroelectronics.X-CUBE-NFC7.1.0.1
2024-03-31 18:58:04,025 [WARN] PackLoader:240 - Cannot read IP mode file for STMicroelectronics.X-CUBE-NFC6.3.0.0
2024-03-31 18:58:04,048 [WARN] PackLoader:240 - Cannot read IP mode file for STMicroelectronics.X-CUBE-EEPRMA1.4.1.0
2024-03-31 18:58:04,074 [WARN] PackLoader:240 - Cannot read IP mode file for STMicroelectronics.X-CUBE-AI.8.1.0
2024-03-31 18:58:04,245 [WARN] ConditionMgr:438 - getConditionDescription Invalid condition id : LAN8742 Phy interface Condition cause : null
2024-03-31 18:58:04,246 [WARN] PackLoader:240 - Cannot read IP mode file for STMicroelectronics.X-CUBE-AZRTOS-L4.2.0.0
2024-03-31 18:58:04,248 [WARN] ConditionMgr:1039 - genDependencies : Invalid condition id : LAN8742 Phy interface Condition cause : null
2024-03-31 18:58:04,249 [WARN] ConditionMgr:1039 - genDependencies : Invalid condition id : LAN8742 Phy interface Condition cause : null
2024-03-31 18:58:04,250 [WARN] ConditionMgr:1039 - genDependencies : Invalid condition id : LAN8742 Phy interface Condition cause : null
2024-03-31 18:58:04,354 [WARN] PackLoader:240 - Cannot read IP mode file for STMicroelectronics.X-CUBE-SFXS2LP1.4.0.0
2024-03-31 18:58:04,407 [WARN] PackLoader:240 - Cannot read IP mode file for STMicroelectronics.X-CUBE-ISPU.1.1.0
2024-03-31 18:58:04,480 [WARN] ConditionMgr:438 - getConditionDescription Invalid condition id : UX DEVICE CLASS RTOS Condition cause : null
2024-03-31 18:58:04,481 [WARN] ConditionMgr:438 - getConditionDescription Invalid condition id : UX DEVICE CLASS RTOS Condition cause : null
2024-03-31 18:58:04,483 [WARN] PackLoader:240 - Cannot read IP mode file for STMicroelectronics.X-CUBE-AZRTOS-WB.2.0.0
2024-03-31 18:58:04,484 [WARN] ConditionMgr:1039 - genDependencies : Invalid condition id : UX DEVICE CLASS RTOS Condition cause : null
2024-03-31 18:58:04,484 [WARN] ConditionMgr:1039 - genDependencies : Invalid condition id : UX DEVICE CLASS RTOS Condition cause : null
2024-03-31 18:58:04,485 [WARN] ConditionMgr:1039 - genDependencies : Invalid condition id : UX DEVICE CLASS RTOS Condition cause : null
2024-03-31 18:58:04,486 [WARN] ConditionMgr:1039 - genDependencies : Invalid condition id : UX DEVICE CLASS RTOS Condition cause : null
2024-03-31 18:58:04,486 [WARN] ConditionMgr:1039 - genDependencies : Invalid condition id : UX DEVICE CLASS RTOS Condition cause : null
2024-03-31 18:58:04,508 [WARN] PackLoader:240 - Cannot read IP mode file for STMicroelectronics.X-CUBE-SUBG2.5.0.0
2024-03-31 18:58:04,531 [WARN] PackLoader:240 - Cannot read IP mode file for STMicroelectronics.X-CUBE-TOF1.3.3.1
2024-03-31 18:58:04,575 [WARN] PackLoader:240 - Cannot read IP mode file for STMicroelectronics.X-CUBE-AZRTOS-G4.2.0.0
2024-03-31 18:58:04,636 [WARN] PackLoader:240 - Cannot read IP mode file for Infineon.AIROC-Wi-Fi-Bluetooth-STM32.1.5.1
2024-03-31 18:58:04,703 [WARN] PackLoader:240 - Cannot read IP mode file for STMicroelectronics.FP-SNS-MOTENVWB1.1.3.0
2024-03-31 18:58:04,725 [WARN] PackLoader:240 - Cannot read IP mode file for STMicroelectronics.FP-SNS-MOTENVWB1.1.3.1
2024-03-31 18:58:04,798 [WARN] PackLoader:240 - Cannot read IP mode file for STMicroelectronics.X-CUBE-ISPU.2.0.0
2024-03-31 18:58:04,881 [WARN] PackLoader:240 - Cannot read IP mode file for STMicroelectronics.X-CUBE-MEMS1.10.0.0
2024-03-31 18:58:04,993 [INFO] WebApp:161 - Instantiating new browser for Auth
2024-03-31 18:58:05,101 [WARN] PackLoader:240 - Cannot read IP mode file for STMicroelectronics.X-CUBE-FREERTOS.1.1.0
2024-03-31 18:58:05,119 [WARN] PackLoader:240 - Cannot read IP mode file for portGmbH.I-Cube-SoM-uGOAL.1.1.0
2024-03-31 18:58:05,135 [WARN] PackLoader:240 - Cannot read IP mode file for STMicroelectronics.X-CUBE-ALS.1.0.1
2024-03-31 18:58:05,158 [WARN] PackLoader:240 - Cannot read IP mode file for STMicroelectronics.FP-ATR-ASTRA1.2.0.0
2024-03-31 18:58:05,199 [WARN] PackLoader:240 - Cannot read IP mode file for STMicroelectronics.X-CUBE-TOF1.3.4.0
2024-03-31 18:58:05,233 [WARN] PackLoader:240 - Cannot read IP mode file for STMicroelectronics.X-CUBE-TOF1.3.4.1
2024-03-31 18:58:05,303 [WARN] PackLoader:240 - Cannot read IP mode file for STMicroelectronics.X-CUBE-AZRTOS-H7.3.2.0
2024-03-31 18:58:05,310 [INFO] ThirdParty:978 - Integrity check success = true
2024-03-31 18:58:05,310 [INFO] IntegrityCheckThread:100 - exiting critical section [integrity check]
2024-03-31 18:58:05,310 [INFO] IntegrityCheckThread:103 - End integrity checks thread
2024-03-31 18:58:05,939 [INFO] WebApp:780 - Register for checkConnection events
2024-03-31 18:58:05,940 [INFO] WebApp:414 - Apply proxy settings
2024-03-31 18:58:05,940 [INFO] WebApp:499 - Chromium requires no authentication
2024-03-31 18:58:05,947 [INFO] WebApp:442 - Direct internet connection detected
2024-03-31 18:58:06,123 [INFO] WebApp:192 - Starting web application
2024-03-31 18:58:06,123 [INFO] WebApp:544 - Web application path used G:\stm32cubeide\stm32cubeide114\STM32CubeIDE_1.14.0\STM32CubeIDE\plugins\com.st.stm32cube.common.mx_6.10.0.202311202037\db\plugins\mcufinder\reactClient1\index.html
2024-03-31 18:58:27,142 [ERROR] LogOutputStream:75 - [STDERR_REDIRECT] SLF4J: Failed to load class "org.slf4j.impl.StaticLoggerBinder".
2024-03-31 18:58:27,144 [ERROR] LogOutputStream:75 - [STDERR_REDIRECT] SLF4J: Defaulting to no-operation (NOP) logger implementation
2024-03-31 18:58:27,145 [ERROR] LogOutputStream:75 - [STDERR_REDIRECT] SLF4J: See http://www.slf4j.org/codes.html#StaticLoggerBinder for further details.
2024-03-31 21:21:44,538 [ERROR] LogOutputStream:75 - [STDERR_REDIRECT] 
2024-03-31 21:28:13,506 [INFO] Activator:176 - 


2024-03-31 21:28:13,514 [INFO] Activator:177 - !SESSION log4j initialized
2024-03-31 21:28:18,094 [INFO] LogOutputStream:77 - [STDOUT_REDIRECT] 
2024-03-31 21:28:23,785 [INFO] ApplicationProperties:184 - Using Application install path: G:\stm32cubeide\stm32cubeide114\STM32CubeIDE_1.14.0\STM32CubeIDE\plugins\com.st.stm32cube.common.mx_6.10.0.202311202037
2024-03-31 21:28:23,819 [INFO] DbMcusXml:78 - Set database path to: G:\stm32cubeide\stm32cubeide114\STM32CubeIDE_1.14.0\STM32CubeIDE\plugins\com.st.stm32cube.common.mx_6.10.0.202311202037\\db\/mcu/
2024-03-31 21:28:23,820 [INFO] ApiDb:274 - Set plugin database path to: G:\stm32cubeide\stm32cubeide114\STM32CubeIDE_1.14.0\STM32CubeIDE\plugins\com.st.stm32cube.common.mx_6.10.0.202311202037\\db\/plugins/boardmanager/
2024-03-31 21:28:23,820 [WARN] ApiDb:259 - Overriding images path with different value:  => G:\stm32cubeide\stm32cubeide114\STM32CubeIDE_1.14.0\STM32CubeIDE\plugins\com.st.stm32cube.common.mx_6.10.0.202311202037\\db\/plugins/mcufinder/images/
2024-03-31 21:28:23,829 [INFO] ApiDb:250 - Set database path to: C:\Users\Nghia\.stmcufinder\plugins\mcufinder//mcu/
2024-03-31 21:28:23,830 [INFO] DbMcusAds:125 - Set database path to: C:\Users\Nghia\.stmcufinder\plugins\mcufinder//mcu/
2024-03-31 21:28:23,832 [INFO] CrossReferenceDbSqlite:203 - Set database path to: C:\Users\Nghia\.stmcufinder\plugins\mcufinder//mcu/cs/
2024-03-31 21:28:23,948 [INFO] RulesReader:64 - Compatibility file has been processed (297 Rules)
2024-03-31 21:28:24,063 [INFO] DbMcusXml:78 - Set database path to: G:\stm32cubeide\stm32cubeide114\STM32CubeIDE_1.14.0\STM32CubeIDE\plugins\com.st.stm32cube.common.mx_6.10.0.202311202037\\db\/mcu/
2024-03-31 21:28:24,063 [INFO] ApiDb:274 - Set plugin database path to: G:\stm32cubeide\stm32cubeide114\STM32CubeIDE_1.14.0\STM32CubeIDE\plugins\com.st.stm32cube.common.mx_6.10.0.202311202037\\db\/plugins/boardmanager/
2024-03-31 21:28:24,063 [INFO] ApiDb:261 - Set plugin images path to: G:\stm32cubeide\stm32cubeide114\STM32CubeIDE_1.14.0\STM32CubeIDE\plugins\com.st.stm32cube.common.mx_6.10.0.202311202037\\db\/plugins/mcufinder/images/
2024-03-31 21:28:24,063 [WARN] DbFile:41 - Overriding database path with different value: C:\Users\Nghia\.stmcufinder\plugins\mcufinder/ => C:\Users\Nghia\.stmcufinder\plugins\mcufinder
2024-03-31 21:28:24,064 [INFO] ApiDb:250 - Set database path to: C:\Users\Nghia\.stmcufinder\plugins\mcufinder//mcu/
2024-03-31 21:28:24,064 [WARN] DbFile:41 - Overriding database path with different value: C:\Users\Nghia\.stmcufinder\plugins\mcufinder/ => C:\Users\Nghia\.stmcufinder\plugins\mcufinder
2024-03-31 21:28:24,064 [INFO] DbMcusAds:125 - Set database path to: C:\Users\Nghia\.stmcufinder\plugins\mcufinder//mcu/
2024-03-31 21:28:24,064 [WARN] DbFile:41 - Overriding database path with different value: C:\Users\Nghia\.stmcufinder\plugins\mcufinder/ => C:\Users\Nghia\.stmcufinder\plugins\mcufinder
2024-03-31 21:28:24,064 [WARN] DbFile:41 - Overriding database path with different value: C:\Users\Nghia\.stmcufinder\plugins\mcufinder/ => C:\Users\Nghia\.stmcufinder\plugins\mcufinder
2024-03-31 21:28:24,064 [INFO] CrossReferenceDbSqlite:203 - Set database path to: C:\Users\Nghia\.stmcufinder\plugins\mcufinder//mcu/cs/
2024-03-31 21:28:24,135 [INFO] MainPanel:264 - HeapMemory: 268435456
2024-03-31 21:28:24,220 [INFO] DbMcusXml:78 - Set database path to: G:\stm32cubeide\stm32cubeide114\STM32CubeIDE_1.14.0\STM32CubeIDE\plugins\com.st.stm32cube.common.mx_6.10.0.202311202037\\db\/mcu/
2024-03-31 21:28:24,220 [INFO] ApiDb:274 - Set plugin database path to: G:\stm32cubeide\stm32cubeide114\STM32CubeIDE_1.14.0\STM32CubeIDE\plugins\com.st.stm32cube.common.mx_6.10.0.202311202037\\db\/plugins/boardmanager/
2024-03-31 21:28:24,220 [INFO] ApiDb:261 - Set plugin images path to: G:\stm32cubeide\stm32cubeide114\STM32CubeIDE_1.14.0\STM32CubeIDE\plugins\com.st.stm32cube.common.mx_6.10.0.202311202037\\db\/plugins/mcufinder/images/
2024-03-31 21:28:24,221 [WARN] DbFile:41 - Overriding database path with different value: C:\Users\Nghia\.stmcufinder\plugins\mcufinder/ => C:\Users\Nghia\.stmcufinder\plugins\mcufinder
2024-03-31 21:28:24,221 [INFO] ApiDb:250 - Set database path to: C:\Users\Nghia\.stmcufinder\plugins\mcufinder//mcu/
2024-03-31 21:28:24,221 [WARN] DbFile:41 - Overriding database path with different value: C:\Users\Nghia\.stmcufinder\plugins\mcufinder/ => C:\Users\Nghia\.stmcufinder\plugins\mcufinder
2024-03-31 21:28:24,221 [INFO] DbMcusAds:125 - Set database path to: C:\Users\Nghia\.stmcufinder\plugins\mcufinder//mcu/
2024-03-31 21:28:24,221 [WARN] DbFile:41 - Overriding database path with different value: C:\Users\Nghia\.stmcufinder\plugins\mcufinder/ => C:\Users\Nghia\.stmcufinder\plugins\mcufinder
2024-03-31 21:28:24,221 [WARN] DbFile:41 - Overriding database path with different value: C:\Users\Nghia\.stmcufinder\plugins\mcufinder/ => C:\Users\Nghia\.stmcufinder\plugins\mcufinder
2024-03-31 21:28:24,221 [INFO] CrossReferenceDbSqlite:203 - Set database path to: C:\Users\Nghia\.stmcufinder\plugins\mcufinder//mcu/cs/
2024-03-31 21:28:24,240 [INFO] ApplicationProperties:184 - Using Application install path: G:\stm32cubeide\stm32cubeide114\STM32CubeIDE_1.14.0\STM32CubeIDE\plugins\com.st.stm32cube.common.mx_6.10.0.202311202037
2024-03-31 21:28:24,241 [INFO] PluginManage:196 - Search for loadable plugins [exclusion list=, ]
2024-03-31 21:28:24,243 [INFO] PluginManage:310 - Check plugin analytics
2024-03-31 21:28:29,415 [INFO] AnalyticsPlugin:253 - Accepted Software Licenses: STM32CubeMX.6.8.0,STM32CubeMX.6.1.1
2024-03-31 21:28:29,415 [INFO] AnalyticsPlugin:255 - Accepted CMSIS Pack Licenses: 
2024-03-31 21:28:29,415 [INFO] AnalyticsPlugin:257 - Accepted Firmware Licenses: FW.F4.1.27.0,FW.F4.1.28.0
2024-03-31 21:28:29,422 [INFO] PluginManage:359 - Loaded plugin analytics (category:tool,tabindex:-1)
2024-03-31 21:28:29,422 [INFO] PluginManage:310 - Check plugin cadmodel
2024-03-31 21:28:29,430 [INFO] CADModel:105 - Init CAD model plugin
2024-03-31 21:28:29,431 [INFO] PluginManage:359 - Loaded plugin cadmodel (category:power,tabindex:5)
2024-03-31 21:28:29,431 [INFO] PluginManage:310 - Check plugin clock
2024-03-31 21:28:29,448 [INFO] PluginManage:359 - Loaded plugin clock (category:base,tabindex:2)
2024-03-31 21:28:29,449 [INFO] PluginManage:310 - Check plugin ddr
2024-03-31 21:28:29,453 [INFO] PluginManage:359 - Loaded plugin ddr (category:tool,tabindex:6)
2024-03-31 21:28:29,453 [INFO] PluginManage:310 - Check plugin filemanager
2024-03-31 21:28:29,674 [INFO] PluginManage:359 - Loaded plugin filemanager (category:base,tabindex:10)
2024-03-31 21:28:29,675 [INFO] PluginManage:310 - Check plugin ipmanager
2024-03-31 21:28:29,687 [INFO] PluginManage:359 - Loaded plugin ipmanager (category:base,tabindex:5)
2024-03-31 21:28:29,687 [INFO] PluginManage:310 - Check plugin lpbam
2024-03-31 21:28:29,696 [INFO] PluginManage:359 - Loaded plugin lpbam (category:base,tabindex:0)
2024-03-31 21:28:29,696 [INFO] PluginManage:310 - Check plugin memorymap
2024-03-31 21:28:29,721 [INFO] PluginManage:359 - Loaded plugin memorymap (category:base,tabindex:4)
2024-03-31 21:28:29,721 [INFO] PluginManage:310 - Check plugin pinoutandconfiguration
2024-03-31 21:28:29,730 [INFO] PluginManage:359 - Loaded plugin pinoutandconfiguration (category:base,tabindex:1)
2024-03-31 21:28:29,731 [INFO] PluginManage:310 - Check plugin pinoutconfig
2024-03-31 21:28:29,821 [WARN] SupportedApi:132 - Cannot load RTOS API schema: s4s-elt-must-match.1: The content of 'definitions' must match (annotation?, (simpleType | complexType)?, (unique | key | keyref)*)). A problem was found starting at: attribute.
2024-03-31 21:28:29,951 [INFO] PluginManage:359 - Loaded plugin pinoutconfig (category:base,tabindex:0)
2024-03-31 21:28:29,951 [INFO] PluginManage:310 - Check plugin power
2024-03-31 21:28:29,961 [INFO] PluginManage:359 - Loaded plugin power (category:power,tabindex:4)
2024-03-31 21:28:29,961 [INFO] PluginManage:310 - Check plugin projectmanager
2024-03-31 21:28:29,983 [INFO] PluginManage:359 - Loaded plugin projectmanager (category:projectmanager,tabindex:3)
2024-03-31 21:28:29,983 [INFO] PluginManage:310 - Check plugin thirdparty
2024-03-31 21:28:30,107 [INFO] PluginManage:359 - Loaded plugin thirdparty (category:base,tabindex:-1)
2024-03-31 21:28:30,107 [WARN] IntegrityCheckThread:84 - waiting for thirdparty lock release [integrity check]
2024-03-31 21:28:30,107 [INFO] PluginManage:310 - Check plugin tools
2024-03-31 21:28:30,107 [INFO] IntegrityCheckThread:86 - entering critical section [integrity check]
2024-03-31 21:28:30,107 [INFO] ThirdPartyUpdaterWithRetryManager:70 - Updater plugin not ready yet. [1/15]
2024-03-31 21:28:30,110 [INFO] PluginManage:359 - Loaded plugin tools (category:base,tabindex:7)
2024-03-31 21:28:30,110 [INFO] PluginManage:310 - Check plugin tutovideos
2024-03-31 21:28:30,270 [INFO] PluginManage:359 - Loaded plugin tutovideos (category:base,tabindex:-1)
2024-03-31 21:28:30,270 [INFO] PluginManage:310 - Check plugin updater
2024-03-31 21:28:30,288 [INFO] PluginManage:359 - Loaded plugin updater (category:base,tabindex:12)
2024-03-31 21:28:30,289 [INFO] PluginManage:310 - Check plugin userauth
2024-03-31 21:28:30,297 [INFO] UserAuth:114 - Init User Auth plugin
2024-03-31 21:28:30,298 [INFO] PluginManage:359 - Loaded plugin userauth (category:base,tabindex:14)
2024-03-31 21:28:30,298 [INFO] PluginManage:283 - PluginManage : Loaded plugins [17]
2024-03-31 21:28:30,540 [INFO] PinOutPanel:1499 - setPackage(No Configuration,No Configuration)
2024-03-31 21:28:30,622 [INFO] CADModel:165 - CPN selected for project level
2024-03-31 21:28:30,622 [INFO] CADModel:114 - Register for checkConnection events
2024-03-31 21:28:30,637 [INFO] IPUIPlugin:80 - create IPUIPlugin
2024-03-31 21:28:30,638 [INFO] PluginManager:220 - loadIPPluginJar : add adc
2024-03-31 21:28:30,640 [INFO] IPUIPlugin:80 - create IPUIPlugin
2024-03-31 21:28:30,640 [INFO] PluginManager:220 - loadIPPluginJar : add aes
2024-03-31 21:28:30,643 [INFO] IPUIPlugin:80 - create IPUIPlugin
2024-03-31 21:28:30,643 [INFO] PluginManager:220 - loadIPPluginJar : add can
2024-03-31 21:28:30,645 [INFO] IPUIPlugin:80 - create IPUIPlugin
2024-03-31 21:28:30,645 [INFO] PluginManager:220 - loadIPPluginJar : add comp
2024-03-31 21:28:30,647 [INFO] IPUIPlugin:80 - create IPUIPlugin
2024-03-31 21:28:30,647 [INFO] PluginManager:220 - loadIPPluginJar : add cryp
2024-03-31 21:28:30,649 [INFO] IPUIPlugin:80 - create IPUIPlugin
2024-03-31 21:28:30,650 [INFO] PluginManager:220 - loadIPPluginJar : add dfsdm
2024-03-31 21:28:30,655 [INFO] IPUIPlugin:80 - create IPUIPlugin
2024-03-31 21:28:30,655 [INFO] PluginManager:220 - loadIPPluginJar : add dma
2024-03-31 21:28:30,657 [INFO] IPUIPlugin:80 - create IPUIPlugin
2024-03-31 21:28:30,657 [INFO] PluginManager:220 - loadIPPluginJar : add dma3
2024-03-31 21:28:30,658 [INFO] IPUIPlugin:80 - create IPUIPlugin
2024-03-31 21:28:30,659 [INFO] PluginManager:220 - loadIPPluginJar : add fatfs
2024-03-31 21:28:30,663 [INFO] IPUIPlugin:80 - create IPUIPlugin
2024-03-31 21:28:30,663 [INFO] PluginManager:220 - loadIPPluginJar : add fmc
2024-03-31 21:28:30,667 [INFO] IPUIPlugin:80 - create IPUIPlugin
2024-03-31 21:28:30,667 [INFO] PluginManager:220 - loadIPPluginJar : add freertos
2024-03-31 21:28:30,669 [INFO] IPUIPlugin:80 - create IPUIPlugin
2024-03-31 21:28:30,669 [INFO] PluginManager:220 - loadIPPluginJar : add genericplugin
2024-03-31 21:28:30,671 [INFO] IPUIPlugin:80 - create IPUIPlugin
2024-03-31 21:28:30,671 [INFO] PluginManager:220 - loadIPPluginJar : add gfxmmu
2024-03-31 21:28:30,675 [INFO] IPUIPlugin:80 - create IPUIPlugin
2024-03-31 21:28:30,675 [INFO] PluginManager:220 - loadIPPluginJar : add gic
2024-03-31 21:28:30,679 [INFO] IPUIPlugin:80 - create IPUIPlugin
2024-03-31 21:28:30,679 [INFO] PluginManager:220 - loadIPPluginJar : add gpio
2024-03-31 21:28:30,682 [INFO] IPUIPlugin:80 - create IPUIPlugin
2024-03-31 21:28:30,682 [INFO] PluginManager:220 - loadIPPluginJar : add gtzc
2024-03-31 21:28:30,684 [INFO] IPUIPlugin:80 - create IPUIPlugin
2024-03-31 21:28:30,685 [INFO] PluginManager:220 - loadIPPluginJar : add hash
2024-03-31 21:28:30,686 [INFO] IPUIPlugin:80 - create IPUIPlugin
2024-03-31 21:28:30,686 [INFO] PluginManager:220 - loadIPPluginJar : add i2c
2024-03-31 21:28:30,688 [INFO] IPUIPlugin:80 - create IPUIPlugin
2024-03-31 21:28:30,688 [INFO] PluginManager:220 - loadIPPluginJar : add i2s
2024-03-31 21:28:30,691 [INFO] IPUIPlugin:80 - create IPUIPlugin
2024-03-31 21:28:30,691 [INFO] PluginManager:220 - loadIPPluginJar : add i3c
2024-03-31 21:28:30,693 [INFO] IPUIPlugin:80 - create IPUIPlugin
2024-03-31 21:28:30,693 [INFO] PluginManager:220 - loadIPPluginJar : add ipddr
2024-03-31 21:28:30,698 [INFO] IPUIPlugin:80 - create IPUIPlugin
2024-03-31 21:28:30,698 [INFO] PluginManager:220 - loadIPPluginJar : add linkedlist
2024-03-31 21:28:30,700 [INFO] IPUIPlugin:80 - create IPUIPlugin
2024-03-31 21:28:30,700 [INFO] PluginManager:220 - loadIPPluginJar : add lorawan
2024-03-31 21:28:30,701 [INFO] IPUIPlugin:80 - create IPUIPlugin
2024-03-31 21:28:30,701 [INFO] PluginManager:220 - loadIPPluginJar : add ltdc
2024-03-31 21:28:30,705 [INFO] IPUIPlugin:80 - create IPUIPlugin
2024-03-31 21:28:30,705 [INFO] PluginManager:220 - loadIPPluginJar : add mdma
2024-03-31 21:28:30,708 [INFO] IPUIPlugin:80 - create IPUIPlugin
2024-03-31 21:28:30,709 [INFO] PluginManager:220 - loadIPPluginJar : add nvic
2024-03-31 21:28:30,711 [INFO] IPUIPlugin:80 - create IPUIPlugin
2024-03-31 21:28:30,711 [INFO] PluginManager:220 - loadIPPluginJar : add opamp
2024-03-31 21:28:30,713 [INFO] IPUIPlugin:80 - create IPUIPlugin
2024-03-31 21:28:30,713 [INFO] PluginManager:220 - loadIPPluginJar : add openamp
2024-03-31 21:28:30,715 [INFO] IPUIPlugin:80 - create IPUIPlugin
2024-03-31 21:28:30,715 [INFO] PluginManager:220 - loadIPPluginJar : add pdm2pcm
2024-03-31 21:28:30,721 [INFO] IPUIPlugin:80 - create IPUIPlugin
2024-03-31 21:28:30,723 [INFO] PluginManager:220 - loadIPPluginJar : add plateformsettings
2024-03-31 21:28:30,725 [INFO] IPUIPlugin:80 - create IPUIPlugin
2024-03-31 21:28:30,725 [INFO] PluginManager:220 - loadIPPluginJar : add quadspi
2024-03-31 21:28:30,728 [INFO] IPUIPlugin:80 - create IPUIPlugin
2024-03-31 21:28:30,728 [INFO] PluginManager:220 - loadIPPluginJar : add resmgrutility
2024-03-31 21:28:30,730 [INFO] IPUIPlugin:80 - create IPUIPlugin
2024-03-31 21:28:30,730 [INFO] PluginManager:220 - loadIPPluginJar : add sai
2024-03-31 21:28:30,731 [INFO] IPUIPlugin:80 - create IPUIPlugin
2024-03-31 21:28:30,731 [INFO] PluginManager:220 - loadIPPluginJar : add spi
2024-03-31 21:28:30,734 [INFO] IPUIPlugin:80 - create IPUIPlugin
2024-03-31 21:28:30,734 [INFO] PluginManager:220 - loadIPPluginJar : add stm32_wpan
2024-03-31 21:28:30,735 [INFO] IPUIPlugin:80 - create IPUIPlugin
2024-03-31 21:28:30,735 [INFO] PluginManager:220 - loadIPPluginJar : add tim
2024-03-31 21:28:30,739 [INFO] IPUIPlugin:80 - create IPUIPlugin
2024-03-31 21:28:30,739 [INFO] PluginManager:220 - loadIPPluginJar : add touchsensing
2024-03-31 21:28:30,740 [INFO] IPUIPlugin:80 - create IPUIPlugin
2024-03-31 21:28:30,740 [INFO] PluginManager:220 - loadIPPluginJar : add tracer_emb
2024-03-31 21:28:30,742 [INFO] IPUIPlugin:80 - create IPUIPlugin
2024-03-31 21:28:30,742 [INFO] PluginManager:220 - loadIPPluginJar : add ts
2024-03-31 21:28:30,753 [INFO] IPUIPlugin:80 - create IPUIPlugin
2024-03-31 21:28:30,754 [INFO] PluginManager:220 - loadIPPluginJar : add tsc
2024-03-31 21:28:30,755 [INFO] IPUIPlugin:80 - create IPUIPlugin
2024-03-31 21:28:30,755 [INFO] PluginManager:220 - loadIPPluginJar : add ucpd
2024-03-31 21:28:30,759 [INFO] IPUIPlugin:80 - create IPUIPlugin
2024-03-31 21:28:30,760 [INFO] PluginManager:220 - loadIPPluginJar : add usart
2024-03-31 21:28:30,763 [INFO] IPUIPlugin:80 - create IPUIPlugin
2024-03-31 21:28:30,763 [INFO] PluginManager:220 - loadIPPluginJar : add usbx
2024-03-31 21:28:30,900 [INFO] CADModel:165 - CPN selected for project level
2024-03-31 21:28:30,901 [INFO] CADModel:114 - Register for checkConnection events
2024-03-31 21:28:30,901 [FATAL] Updater:308 - Updater called before beeing initialized
2024-03-31 21:28:30,901 [ERROR] CADModel:125 - Updater not yet initialized, retry later 
2024-03-31 21:28:31,043 [INFO] CADModel:165 - CPN selected for project level
2024-03-31 21:28:31,043 [INFO] CADModel:114 - Register for checkConnection events
2024-03-31 21:28:31,043 [FATAL] Updater:308 - Updater called before beeing initialized
2024-03-31 21:28:31,043 [ERROR] CADModel:125 - Updater not yet initialized, retry later 
2024-03-31 21:28:31,045 [FATAL] Updater:308 - Updater called before beeing initialized
2024-03-31 21:28:31,179 [FATAL] Updater:308 - Updater called before beeing initialized
2024-03-31 21:28:31,183 [INFO] DbMcusAds:53 - JSON generation date=Wed Nov 29 17:52:27 ICT 2023 (1701255147349)
2024-03-31 21:28:31,183 [FATAL] Updater:308 - Updater called before beeing initialized
2024-03-31 21:28:31,219 [WARN] DetailPanel:346 - Failed to get advertising image, set to default
2024-03-31 21:28:31,299 [FATAL] Updater:308 - Updater called before beeing initialized
2024-03-31 21:28:31,301 [FATAL] Updater:308 - Updater called before beeing initialized
2024-03-31 21:28:31,301 [FATAL] Updater:308 - Updater called before beeing initialized
2024-03-31 21:28:31,301 [WARN] DetailPanel:346 - Failed to get advertising image, set to default
2024-03-31 21:28:31,301 [FATAL] Updater:308 - Updater called before beeing initialized
2024-03-31 21:28:31,362 [ERROR] Updater:1120 - MainUpdater not yet initialized. External WinMGr cannot be set.
2024-03-31 21:28:31,364 [INFO] Updater:1056 - Updater Version found : 6.10.0
2024-03-31 21:28:31,385 [INFO] ApplicationProperties:184 - Using Application install path: G:\stm32cubeide\stm32cubeide114\STM32CubeIDE_1.14.0\STM32CubeIDE\plugins\com.st.stm32cube.common.mx_6.10.0.202311202037
2024-03-31 21:28:31,769 [INFO] MainUpdater:2873 - connection check result : 10
2024-03-31 21:28:31,770 [INFO] MainUpdater:290 - Updater Check For Update Now.
2024-03-31 21:28:31,770 [INFO] MicroXplorer:498 - Change Database Version : DB.6.0.100
2024-03-31 21:28:31,777 [INFO] McuFinderGlobals:63 - Set McuFinder mode to 2 (CubeIDE integrated)
2024-03-31 21:28:31,882 [INFO] UserAuth:404 - Internet connection configuration mode: 1
2024-03-31 21:28:31,902 [INFO] JxBrowserEngine:152 - Initiate JxBrowser Engine with user profile folder
2024-03-31 21:28:31,978 [INFO] CheckServerUpdateThread:120 - End of CheckServer Thread
2024-03-31 21:28:32,661 [INFO] WebApp:161 - Instantiating new browser for Auth
2024-03-31 21:28:33,260 [INFO] WebApp:780 - Register for checkConnection events
2024-03-31 21:28:33,261 [INFO] WebApp:414 - Apply proxy settings
2024-03-31 21:28:33,261 [INFO] WebApp:499 - Chromium requires no authentication
2024-03-31 21:28:33,267 [INFO] WebApp:442 - Direct internet connection detected
2024-03-31 21:28:33,322 [WARN] PackLoader:240 - Cannot read IP mode file for STMicroelectronics.X-CUBE-SMBUS.2.1.0
2024-03-31 21:28:33,346 [WARN] PackLoader:240 - Cannot read IP mode file for STMicroelectronics.X-CUBE-TOUCHGFX.4.23.1
2024-03-31 21:28:33,350 [WARN] PackLoader:240 - Cannot read IP mode file for STMicroelectronics.X-CUBE-TOUCHGFX.4.23.0
2024-03-31 21:28:33,381 [WARN] PackLoader:240 - Cannot read IP mode file for STMicroelectronics.X-CUBE-AZRTOS-F7.1.1.0
2024-03-31 21:28:33,393 [WARN] PackLoader:240 - Cannot read IP mode file for STMicroelectronics.FP-SNS-MOTENV1.4.3.2
2024-03-31 21:28:33,400 [WARN] PackLoader:240 - Cannot read IP mode file for STMicroelectronics.FP-SNS-FLIGHT1.5.0.2
2024-03-31 21:28:33,412 [WARN] PackLoader:240 - Cannot read IP mode file for STMicroelectronics.X-CUBE-DISPLAY.3.0.0
2024-03-31 21:28:33,427 [WARN] PackLoader:240 - Cannot read IP mode file for STMicroelectronics.X-CUBE-BLE1.7.0.0
2024-03-31 21:28:33,436 [WARN] PackLoader:240 - Cannot read IP mode file for emotas.I-CUBE-CANOPEN.1.3.0
2024-03-31 21:28:33,441 [WARN] PackLoader:240 - Cannot read IP mode file for STMicroelectronics.X-CUBE-TOUCHGFX.4.22.1
2024-03-31 21:28:33,454 [WARN] PackLoader:240 - Cannot read IP mode file for STMicroelectronics.X-CUBE-BLEMGR.3.1.0
2024-03-31 21:28:33,464 [WARN] PackLoader:240 - Cannot read IP mode file for STMicroelectronics.FP-SNS-SMARTAG2.1.2.0
2024-03-31 21:28:33,478 [INFO] LogOutputStream:77 - [STDOUT_REDIRECT] 1 : Invalid condition id : UX_CORESTACK_Condition cause : null
2024-03-31 21:28:33,479 [INFO] LogOutputStream:77 - [STDOUT_REDIRECT] 1 : Invalid condition id : UX_CORESTACK_Condition cause : null
2024-03-31 21:28:33,480 [INFO] LogOutputStream:77 - [STDOUT_REDIRECT] 1 : Invalid condition id : UX_CORESTACK_Condition cause : null
2024-03-31 21:28:33,482 [INFO] LogOutputStream:77 - [STDOUT_REDIRECT] 1 : Invalid condition id : UX_CORESTACK_Condition cause : null
2024-03-31 21:28:33,483 [INFO] LogOutputStream:77 - [STDOUT_REDIRECT] 1 : Invalid condition id : UX_CORESTACK_Condition cause : null
2024-03-31 21:28:33,486 [WARN] PackLoader:240 - Cannot read IP mode file for STMicroelectronics.X-CUBE-AZRTOS-WL.2.0.0
2024-03-31 21:28:33,492 [WARN] PackLoader:240 - Cannot read IP mode file for STMicroelectronics.FP-SNS-MOTENV1.5.0.0
2024-03-31 21:28:33,503 [WARN] PackLoader:240 - Cannot read IP mode file for WES.I-CUBE-Cesium.1.3.0
2024-03-31 21:28:33,509 [WARN] PackLoader:240 - Cannot read IP mode file for STMicroelectronics.X-CUBE-BLE2.3.3.0
2024-03-31 21:28:33,515 [WARN] PackLoader:240 - Cannot read IP mode file for STMicroelectronics.X-CUBE-ALGOBUILD.1.3.0
2024-03-31 21:28:33,533 [WARN] PackLoader:240 - Cannot read IP mode file for STMicroelectronics.X-CUBE-AZRTOS-G0.1.1.0
2024-03-31 21:28:33,541 [WARN] PackLoader:240 - Cannot read IP mode file for STMicroelectronics.X-CUBE-SAFEA1.1.2.2
2024-03-31 21:28:33,548 [WARN] PackLoader:240 - Cannot read IP mode file for STMicroelectronics.X-CUBE-NFC4.3.0.0
2024-03-31 21:28:33,557 [WARN] PackLoader:240 - Cannot read IP mode file for STMicroelectronics.X-CUBE-BLEMGR.3.0.0
2024-03-31 21:28:33,563 [WARN] PackLoader:240 - Cannot read IP mode file for STMicroelectronics.FP-ATR-SIGFOX1.3.2.0
2024-03-31 21:28:33,573 [WARN] PackLoader:240 - Cannot read IP mode file for STMicroelectronics.X-CUBE-EEPRMA1.5.1.0
2024-03-31 21:28:33,628 [WARN] PackLoader:240 - Cannot read IP mode file for SEGGER.I-CUBE-embOS.1.3.1
2024-03-31 21:28:33,636 [INFO] WebApp:192 - Starting web application
2024-03-31 21:28:33,636 [INFO] WebApp:544 - Web application path used G:\stm32cubeide\stm32cubeide114\STM32CubeIDE_1.14.0\STM32CubeIDE\plugins\com.st.stm32cube.common.mx_6.10.0.202311202037\db\plugins\mcufinder\reactClient1\index.html
2024-03-31 21:28:33,676 [WARN] PackLoader:240 - Cannot read IP mode file for STMicroelectronics.X-CUBE-GNSS1.6.0.0
2024-03-31 21:28:33,695 [WARN] PackLoader:240 - Cannot read IP mode file for STMicroelectronics.X-CUBE-AZRTOS-F4.1.1.0
2024-03-31 21:28:33,701 [WARN] PackLoader:240 - Cannot read IP mode file for wolfSSL.I-CUBE-wolfSSL.5.6.3
2024-03-31 21:28:33,721 [WARN] PackLoader:240 - Cannot read IP mode file for STMicroelectronics.X-CUBE-AZRTOS-L5.2.0.0
2024-03-31 21:28:33,823 [WARN] PackLoader:240 - Cannot read IP mode file for STMicroelectronics.X-CUBE-MEMS1.9.6.0
2024-03-31 21:28:34,224 [WARN] PackLoader:240 - Cannot read IP mode file for STMicroelectronics.X-CUBE-EEPRMA1.4.2.0
2024-03-31 21:28:34,234 [WARN] PackLoader:240 - Cannot read IP mode file for STMicroelectronics.X-CUBE-NFC6.3.1.0
2024-03-31 21:28:34,244 [WARN] PackLoader:240 - Cannot read IP mode file for ITTIA_DB.I-CUBE-ITTIADB.8.8.0
2024-03-31 21:28:34,260 [WARN] PackLoader:240 - Cannot read IP mode file for STMicroelectronics.X-CUBE-BLEMGR.2.0.0
2024-03-31 21:28:34,283 [WARN] ConditionMgr:438 - getConditionDescription Invalid condition id : UX DEVICE CLASS RTOS Condition cause : null
2024-03-31 21:28:34,284 [WARN] ConditionMgr:438 - getConditionDescription Invalid condition id : UX DEVICE CLASS RTOS Condition cause : null
2024-03-31 21:28:34,292 [WARN] PackLoader:240 - Cannot read IP mode file for STMicroelectronics.X-CUBE-AZRTOS-H7.3.1.0
2024-03-31 21:28:34,293 [WARN] ConditionMgr:1039 - genDependencies : Invalid condition id : UX DEVICE CLASS RTOS Condition cause : null
2024-03-31 21:28:34,294 [WARN] ConditionMgr:1039 - genDependencies : Invalid condition id : UX DEVICE CLASS RTOS Condition cause : null
2024-03-31 21:28:34,296 [WARN] ConditionMgr:1039 - genDependencies : Invalid condition id : UX DEVICE CLASS RTOS Condition cause : null
2024-03-31 21:28:34,296 [WARN] ConditionMgr:1039 - genDependencies : Invalid condition id : UX DEVICE CLASS RTOS Condition cause : null
2024-03-31 21:28:34,296 [WARN] ConditionMgr:1039 - genDependencies : Invalid condition id : UX DEVICE CLASS RTOS Condition cause : null
2024-03-31 21:28:34,304 [WARN] PackLoader:240 - Cannot read IP mode file for STMicroelectronics.X-CUBE-NFC7.1.0.1
2024-03-31 21:28:34,312 [WARN] PackLoader:240 - Cannot read IP mode file for STMicroelectronics.X-CUBE-NFC6.3.0.0
2024-03-31 21:28:34,321 [WARN] PackLoader:240 - Cannot read IP mode file for STMicroelectronics.X-CUBE-EEPRMA1.4.1.0
2024-03-31 21:28:34,328 [WARN] PackLoader:240 - Cannot read IP mode file for STMicroelectronics.X-CUBE-AI.8.1.0
2024-03-31 21:28:34,372 [WARN] ConditionMgr:438 - getConditionDescription Invalid condition id : LAN8742 Phy interface Condition cause : null
2024-03-31 21:28:34,373 [WARN] PackLoader:240 - Cannot read IP mode file for STMicroelectronics.X-CUBE-AZRTOS-L4.2.0.0
2024-03-31 21:28:34,374 [WARN] ConditionMgr:1039 - genDependencies : Invalid condition id : LAN8742 Phy interface Condition cause : null
2024-03-31 21:28:34,374 [WARN] ConditionMgr:1039 - genDependencies : Invalid condition id : LAN8742 Phy interface Condition cause : null
2024-03-31 21:28:34,376 [WARN] ConditionMgr:1039 - genDependencies : Invalid condition id : LAN8742 Phy interface Condition cause : null
2024-03-31 21:28:34,384 [WARN] PackLoader:240 - Cannot read IP mode file for STMicroelectronics.X-CUBE-SFXS2LP1.4.0.0
2024-03-31 21:28:34,388 [WARN] PackLoader:240 - Cannot read IP mode file for STMicroelectronics.X-CUBE-ISPU.1.1.0
2024-03-31 21:28:34,402 [WARN] ConditionMgr:438 - getConditionDescription Invalid condition id : UX DEVICE CLASS RTOS Condition cause : null
2024-03-31 21:28:34,402 [WARN] ConditionMgr:438 - getConditionDescription Invalid condition id : UX DEVICE CLASS RTOS Condition cause : null
2024-03-31 21:28:34,405 [WARN] PackLoader:240 - Cannot read IP mode file for STMicroelectronics.X-CUBE-AZRTOS-WB.2.0.0
2024-03-31 21:28:34,406 [WARN] ConditionMgr:1039 - genDependencies : Invalid condition id : UX DEVICE CLASS RTOS Condition cause : null
2024-03-31 21:28:34,406 [WARN] ConditionMgr:1039 - genDependencies : Invalid condition id : UX DEVICE CLASS RTOS Condition cause : null
2024-03-31 21:28:34,406 [WARN] ConditionMgr:1039 - genDependencies : Invalid condition id : UX DEVICE CLASS RTOS Condition cause : null
2024-03-31 21:28:34,407 [WARN] ConditionMgr:1039 - genDependencies : Invalid condition id : UX DEVICE CLASS RTOS Condition cause : null
2024-03-31 21:28:34,407 [WARN] ConditionMgr:1039 - genDependencies : Invalid condition id : UX DEVICE CLASS RTOS Condition cause : null
2024-03-31 21:28:34,419 [WARN] PackLoader:240 - Cannot read IP mode file for STMicroelectronics.X-CUBE-SUBG2.5.0.0
2024-03-31 21:28:34,434 [WARN] PackLoader:240 - Cannot read IP mode file for STMicroelectronics.X-CUBE-TOF1.3.3.1
2024-03-31 21:28:34,459 [WARN] PackLoader:240 - Cannot read IP mode file for STMicroelectronics.X-CUBE-AZRTOS-G4.2.0.0
2024-03-31 21:28:34,471 [WARN] PackLoader:240 - Cannot read IP mode file for Infineon.AIROC-Wi-Fi-Bluetooth-STM32.1.5.1
2024-03-31 21:28:34,479 [WARN] PackLoader:240 - Cannot read IP mode file for STMicroelectronics.FP-SNS-MOTENVWB1.1.3.0
2024-03-31 21:28:34,484 [WARN] PackLoader:240 - Cannot read IP mode file for STMicroelectronics.FP-SNS-MOTENVWB1.1.3.1
2024-03-31 21:28:34,489 [WARN] PackLoader:240 - Cannot read IP mode file for STMicroelectronics.X-CUBE-ISPU.2.0.0
2024-03-31 21:28:34,530 [WARN] PackLoader:240 - Cannot read IP mode file for STMicroelectronics.X-CUBE-MEMS1.10.0.0
2024-03-31 21:28:34,671 [WARN] PackLoader:240 - Cannot read IP mode file for STMicroelectronics.X-CUBE-FREERTOS.1.1.0
2024-03-31 21:28:34,679 [WARN] PackLoader:240 - Cannot read IP mode file for portGmbH.I-Cube-SoM-uGOAL.1.1.0
2024-03-31 21:28:34,685 [WARN] PackLoader:240 - Cannot read IP mode file for STMicroelectronics.X-CUBE-ALS.1.0.1
2024-03-31 21:28:34,694 [WARN] PackLoader:240 - Cannot read IP mode file for STMicroelectronics.FP-ATR-ASTRA1.2.0.0
2024-03-31 21:28:34,706 [WARN] PackLoader:240 - Cannot read IP mode file for STMicroelectronics.X-CUBE-TOF1.3.4.0
2024-03-31 21:28:35,188 [WARN] PackLoader:240 - Cannot read IP mode file for STMicroelectronics.X-CUBE-TOF1.3.4.1
2024-03-31 21:28:35,221 [WARN] PackLoader:240 - Cannot read IP mode file for STMicroelectronics.X-CUBE-AZRTOS-H7.3.2.0
2024-03-31 21:28:35,223 [INFO] ThirdParty:978 - Integrity check success = true
2024-03-31 21:28:35,223 [INFO] IntegrityCheckThread:100 - exiting critical section [integrity check]
2024-03-31 21:28:35,223 [INFO] IntegrityCheckThread:103 - End integrity checks thread
2024-03-31 21:28:54,609 [ERROR] LogOutputStream:75 - [STDERR_REDIRECT] SLF4J: Failed to load class "org.slf4j.impl.StaticLoggerBinder".
2024-03-31 21:28:54,609 [ERROR] LogOutputStream:75 - [STDERR_REDIRECT] SLF4J: Defaulting to no-operation (NOP) logger implementation
2024-03-31 21:28:54,610 [ERROR] LogOutputStream:75 - [STDERR_REDIRECT] SLF4J: See http://www.slf4j.org/codes.html#StaticLoggerBinder for further details.
2024-03-31 21:41:54,709 [ERROR] LogOutputStream:75 - [STDERR_REDIRECT] 
