2024-04-01 10:53:30,759 [INFO] Activator:176 - 


2024-04-01 10:53:30,764 [INFO] Activator:177 - !SESSION log4j initialized
2024-04-01 10:53:36,480 [INFO] LogOutputStream:77 - [STDOUT_REDIRECT] 
2024-04-01 10:53:42,846 [INFO] ApplicationProperties:184 - Using Application install path: G:\stm32cubeide\stm32cubeide114\STM32CubeIDE_1.14.0\STM32CubeIDE\plugins\com.st.stm32cube.common.mx_6.10.0.202311202037
2024-04-01 10:53:42,863 [INFO] DbMcusXml:78 - Set database path to: G:\stm32cubeide\stm32cubeide114\STM32CubeIDE_1.14.0\STM32CubeIDE\plugins\com.st.stm32cube.common.mx_6.10.0.202311202037\\db\/mcu/
2024-04-01 10:53:42,863 [INFO] ApiDb:274 - Set plugin database path to: G:\stm32cubeide\stm32cubeide114\STM32CubeIDE_1.14.0\STM32CubeIDE\plugins\com.st.stm32cube.common.mx_6.10.0.202311202037\\db\/plugins/boardmanager/
2024-04-01 10:53:42,864 [WARN] ApiDb:259 - Overriding images path with different value:  => G:\stm32cubeide\stm32cubeide114\STM32CubeIDE_1.14.0\STM32CubeIDE\plugins\com.st.stm32cube.common.mx_6.10.0.202311202037\\db\/plugins/mcufinder/images/
2024-04-01 10:53:42,875 [INFO] ApiDb:250 - Set database path to: C:\Users\Nghia\.stmcufinder\plugins\mcufinder//mcu/
2024-04-01 10:53:42,877 [INFO] DbMcusAds:125 - Set database path to: C:\Users\Nghia\.stmcufinder\plugins\mcufinder//mcu/
2024-04-01 10:53:42,878 [INFO] CrossReferenceDbSqlite:203 - Set database path to: C:\Users\Nghia\.stmcufinder\plugins\mcufinder//mcu/cs/
2024-04-01 10:53:42,985 [INFO] RulesReader:64 - Compatibility file has been processed (297 Rules)
2024-04-01 10:53:43,058 [INFO] DbMcusXml:78 - Set database path to: G:\stm32cubeide\stm32cubeide114\STM32CubeIDE_1.14.0\STM32CubeIDE\plugins\com.st.stm32cube.common.mx_6.10.0.202311202037\\db\/mcu/
2024-04-01 10:53:43,058 [INFO] ApiDb:274 - Set plugin database path to: G:\stm32cubeide\stm32cubeide114\STM32CubeIDE_1.14.0\STM32CubeIDE\plugins\com.st.stm32cube.common.mx_6.10.0.202311202037\\db\/plugins/boardmanager/
2024-04-01 10:53:43,058 [INFO] ApiDb:261 - Set plugin images path to: G:\stm32cubeide\stm32cubeide114\STM32CubeIDE_1.14.0\STM32CubeIDE\plugins\com.st.stm32cube.common.mx_6.10.0.202311202037\\db\/plugins/mcufinder/images/
2024-04-01 10:53:43,059 [WARN] DbFile:41 - Overriding database path with different value: C:\Users\Nghia\.stmcufinder\plugins\mcufinder/ => C:\Users\Nghia\.stmcufinder\plugins\mcufinder
2024-04-01 10:53:43,059 [INFO] ApiDb:250 - Set database path to: C:\Users\Nghia\.stmcufinder\plugins\mcufinder//mcu/
2024-04-01 10:53:43,059 [WARN] DbFile:41 - Overriding database path with different value: C:\Users\Nghia\.stmcufinder\plugins\mcufinder/ => C:\Users\Nghia\.stmcufinder\plugins\mcufinder
2024-04-01 10:53:43,059 [INFO] DbMcusAds:125 - Set database path to: C:\Users\Nghia\.stmcufinder\plugins\mcufinder//mcu/
2024-04-01 10:53:43,059 [WARN] DbFile:41 - Overriding database path with different value: C:\Users\Nghia\.stmcufinder\plugins\mcufinder/ => C:\Users\Nghia\.stmcufinder\plugins\mcufinder
2024-04-01 10:53:43,059 [WARN] DbFile:41 - Overriding database path with different value: C:\Users\Nghia\.stmcufinder\plugins\mcufinder/ => C:\Users\Nghia\.stmcufinder\plugins\mcufinder
2024-04-01 10:53:43,059 [INFO] CrossReferenceDbSqlite:203 - Set database path to: C:\Users\Nghia\.stmcufinder\plugins\mcufinder//mcu/cs/
2024-04-01 10:53:43,134 [INFO] MainPanel:264 - HeapMemory: 268435456
2024-04-01 10:53:43,228 [INFO] DbMcusXml:78 - Set database path to: G:\stm32cubeide\stm32cubeide114\STM32CubeIDE_1.14.0\STM32CubeIDE\plugins\com.st.stm32cube.common.mx_6.10.0.202311202037\\db\/mcu/
2024-04-01 10:53:43,229 [INFO] ApiDb:274 - Set plugin database path to: G:\stm32cubeide\stm32cubeide114\STM32CubeIDE_1.14.0\STM32CubeIDE\plugins\com.st.stm32cube.common.mx_6.10.0.202311202037\\db\/plugins/boardmanager/
2024-04-01 10:53:43,229 [INFO] ApiDb:261 - Set plugin images path to: G:\stm32cubeide\stm32cubeide114\STM32CubeIDE_1.14.0\STM32CubeIDE\plugins\com.st.stm32cube.common.mx_6.10.0.202311202037\\db\/plugins/mcufinder/images/
2024-04-01 10:53:43,229 [WARN] DbFile:41 - Overriding database path with different value: C:\Users\Nghia\.stmcufinder\plugins\mcufinder/ => C:\Users\Nghia\.stmcufinder\plugins\mcufinder
2024-04-01 10:53:43,229 [INFO] ApiDb:250 - Set database path to: C:\Users\Nghia\.stmcufinder\plugins\mcufinder//mcu/
2024-04-01 10:53:43,229 [WARN] DbFile:41 - Overriding database path with different value: C:\Users\Nghia\.stmcufinder\plugins\mcufinder/ => C:\Users\Nghia\.stmcufinder\plugins\mcufinder
2024-04-01 10:53:43,230 [INFO] DbMcusAds:125 - Set database path to: C:\Users\Nghia\.stmcufinder\plugins\mcufinder//mcu/
2024-04-01 10:53:43,230 [WARN] DbFile:41 - Overriding database path with different value: C:\Users\Nghia\.stmcufinder\plugins\mcufinder/ => C:\Users\Nghia\.stmcufinder\plugins\mcufinder
2024-04-01 10:53:43,230 [WARN] DbFile:41 - Overriding database path with different value: C:\Users\Nghia\.stmcufinder\plugins\mcufinder/ => C:\Users\Nghia\.stmcufinder\plugins\mcufinder
2024-04-01 10:53:43,230 [INFO] CrossReferenceDbSqlite:203 - Set database path to: C:\Users\Nghia\.stmcufinder\plugins\mcufinder//mcu/cs/
2024-04-01 10:53:43,247 [INFO] ApplicationProperties:184 - Using Application install path: G:\stm32cubeide\stm32cubeide114\STM32CubeIDE_1.14.0\STM32CubeIDE\plugins\com.st.stm32cube.common.mx_6.10.0.202311202037
2024-04-01 10:53:43,248 [INFO] PluginManage:196 - Search for loadable plugins [exclusion list=, ]
2024-04-01 10:53:43,250 [INFO] PluginManage:310 - Check plugin analytics
2024-04-01 10:53:48,376 [INFO] AnalyticsPlugin:253 - Accepted Software Licenses: STM32CubeMX.6.8.0,STM32CubeMX.6.1.1
2024-04-01 10:53:48,376 [INFO] AnalyticsPlugin:255 - Accepted CMSIS Pack Licenses: 
2024-04-01 10:53:48,376 [INFO] AnalyticsPlugin:257 - Accepted Firmware Licenses: FW.F4.1.27.0,FW.F4.1.28.0
2024-04-01 10:53:48,379 [INFO] PluginManage:359 - Loaded plugin analytics (category:tool,tabindex:-1)
2024-04-01 10:53:48,379 [INFO] PluginManage:310 - Check plugin cadmodel
2024-04-01 10:53:48,393 [INFO] CADModel:105 - Init CAD model plugin
2024-04-01 10:53:48,393 [INFO] PluginManage:359 - Loaded plugin cadmodel (category:power,tabindex:5)
2024-04-01 10:53:48,394 [INFO] PluginManage:310 - Check plugin clock
2024-04-01 10:53:48,413 [INFO] PluginManage:359 - Loaded plugin clock (category:base,tabindex:2)
2024-04-01 10:53:48,413 [INFO] PluginManage:310 - Check plugin ddr
2024-04-01 10:53:48,415 [INFO] PluginManage:359 - Loaded plugin ddr (category:tool,tabindex:6)
2024-04-01 10:53:48,415 [INFO] PluginManage:310 - Check plugin filemanager
2024-04-01 10:53:48,532 [INFO] PluginManage:359 - Loaded plugin filemanager (category:base,tabindex:10)
2024-04-01 10:53:48,532 [INFO] PluginManage:310 - Check plugin ipmanager
2024-04-01 10:53:48,538 [INFO] PluginManage:359 - Loaded plugin ipmanager (category:base,tabindex:5)
2024-04-01 10:53:48,539 [INFO] PluginManage:310 - Check plugin lpbam
2024-04-01 10:53:48,552 [INFO] PluginManage:359 - Loaded plugin lpbam (category:base,tabindex:0)
2024-04-01 10:53:48,552 [INFO] PluginManage:310 - Check plugin memorymap
2024-04-01 10:53:48,572 [INFO] PluginManage:359 - Loaded plugin memorymap (category:base,tabindex:4)
2024-04-01 10:53:48,572 [INFO] PluginManage:310 - Check plugin pinoutandconfiguration
2024-04-01 10:53:48,585 [INFO] PluginManage:359 - Loaded plugin pinoutandconfiguration (category:base,tabindex:1)
2024-04-01 10:53:48,586 [INFO] PluginManage:310 - Check plugin pinoutconfig
2024-04-01 10:53:48,665 [WARN] SupportedApi:132 - Cannot load RTOS API schema: s4s-elt-must-match.1: The content of 'definitions' must match (annotation?, (simpleType | complexType)?, (unique | key | keyref)*)). A problem was found starting at: attribute.
2024-04-01 10:53:48,772 [INFO] PluginManage:359 - Loaded plugin pinoutconfig (category:base,tabindex:0)
2024-04-01 10:53:48,772 [INFO] PluginManage:310 - Check plugin power
2024-04-01 10:53:48,789 [INFO] PluginManage:359 - Loaded plugin power (category:power,tabindex:4)
2024-04-01 10:53:48,789 [INFO] PluginManage:310 - Check plugin projectmanager
2024-04-01 10:53:48,802 [INFO] PluginManage:359 - Loaded plugin projectmanager (category:projectmanager,tabindex:3)
2024-04-01 10:53:48,802 [INFO] PluginManage:310 - Check plugin thirdparty
2024-04-01 10:53:49,044 [INFO] PluginManage:359 - Loaded plugin thirdparty (category:base,tabindex:-1)
2024-04-01 10:53:49,044 [WARN] IntegrityCheckThread:84 - waiting for thirdparty lock release [integrity check]
2024-04-01 10:53:49,044 [INFO] PluginManage:310 - Check plugin tools
2024-04-01 10:53:49,044 [INFO] IntegrityCheckThread:86 - entering critical section [integrity check]
2024-04-01 10:53:49,045 [INFO] ThirdPartyUpdaterWithRetryManager:70 - Updater plugin not ready yet. [1/15]
2024-04-01 10:53:49,077 [INFO] PluginManage:359 - Loaded plugin tools (category:base,tabindex:7)
2024-04-01 10:53:49,077 [INFO] PluginManage:310 - Check plugin tutovideos
2024-04-01 10:53:49,242 [INFO] PluginManage:359 - Loaded plugin tutovideos (category:base,tabindex:-1)
2024-04-01 10:53:49,242 [INFO] PluginManage:310 - Check plugin updater
2024-04-01 10:53:49,252 [INFO] PluginManage:359 - Loaded plugin updater (category:base,tabindex:12)
2024-04-01 10:53:49,252 [INFO] PluginManage:310 - Check plugin userauth
2024-04-01 10:53:49,257 [INFO] UserAuth:114 - Init User Auth plugin
2024-04-01 10:53:49,257 [INFO] PluginManage:359 - Loaded plugin userauth (category:base,tabindex:14)
2024-04-01 10:53:49,257 [INFO] PluginManage:283 - PluginManage : Loaded plugins [17]
2024-04-01 10:53:49,465 [INFO] PinOutPanel:1499 - setPackage(No Configuration,No Configuration)
2024-04-01 10:53:49,542 [INFO] CADModel:165 - CPN selected for project level
2024-04-01 10:53:49,542 [INFO] CADModel:114 - Register for checkConnection events
2024-04-01 10:53:49,565 [INFO] IPUIPlugin:80 - create IPUIPlugin
2024-04-01 10:53:49,565 [INFO] PluginManager:220 - loadIPPluginJar : add adc
2024-04-01 10:53:49,597 [INFO] IPUIPlugin:80 - create IPUIPlugin
2024-04-01 10:53:49,597 [INFO] PluginManager:220 - loadIPPluginJar : add aes
2024-04-01 10:53:49,640 [INFO] IPUIPlugin:80 - create IPUIPlugin
2024-04-01 10:53:49,640 [INFO] PluginManager:220 - loadIPPluginJar : add can
2024-04-01 10:53:49,660 [INFO] IPUIPlugin:80 - create IPUIPlugin
2024-04-01 10:53:49,660 [INFO] PluginManager:220 - loadIPPluginJar : add comp
2024-04-01 10:53:49,688 [INFO] IPUIPlugin:80 - create IPUIPlugin
2024-04-01 10:53:49,688 [INFO] PluginManager:220 - loadIPPluginJar : add cryp
2024-04-01 10:53:49,712 [INFO] IPUIPlugin:80 - create IPUIPlugin
2024-04-01 10:53:49,712 [INFO] PluginManager:220 - loadIPPluginJar : add dfsdm
2024-04-01 10:53:49,723 [INFO] IPUIPlugin:80 - create IPUIPlugin
2024-04-01 10:53:49,724 [INFO] PluginManager:220 - loadIPPluginJar : add dma
2024-04-01 10:53:49,761 [INFO] IPUIPlugin:80 - create IPUIPlugin
2024-04-01 10:53:49,762 [INFO] PluginManager:220 - loadIPPluginJar : add dma3
2024-04-01 10:53:49,778 [INFO] IPUIPlugin:80 - create IPUIPlugin
2024-04-01 10:53:49,778 [INFO] PluginManager:220 - loadIPPluginJar : add fatfs
2024-04-01 10:53:49,819 [INFO] IPUIPlugin:80 - create IPUIPlugin
2024-04-01 10:53:49,819 [INFO] PluginManager:220 - loadIPPluginJar : add fmc
2024-04-01 10:53:49,833 [INFO] IPUIPlugin:80 - create IPUIPlugin
2024-04-01 10:53:49,833 [INFO] PluginManager:220 - loadIPPluginJar : add freertos
2024-04-01 10:53:49,851 [INFO] IPUIPlugin:80 - create IPUIPlugin
2024-04-01 10:53:49,851 [INFO] PluginManager:220 - loadIPPluginJar : add genericplugin
2024-04-01 10:53:49,926 [INFO] IPUIPlugin:80 - create IPUIPlugin
2024-04-01 10:53:49,926 [INFO] PluginManager:220 - loadIPPluginJar : add gfxmmu
2024-04-01 10:53:50,034 [INFO] IPUIPlugin:80 - create IPUIPlugin
2024-04-01 10:53:50,034 [INFO] PluginManager:220 - loadIPPluginJar : add gic
2024-04-01 10:53:50,045 [INFO] IPUIPlugin:80 - create IPUIPlugin
2024-04-01 10:53:50,045 [INFO] PluginManager:220 - loadIPPluginJar : add gpio
2024-04-01 10:53:50,122 [INFO] IPUIPlugin:80 - create IPUIPlugin
2024-04-01 10:53:50,123 [INFO] PluginManager:220 - loadIPPluginJar : add gtzc
2024-04-01 10:53:50,150 [INFO] IPUIPlugin:80 - create IPUIPlugin
2024-04-01 10:53:50,150 [INFO] PluginManager:220 - loadIPPluginJar : add hash
2024-04-01 10:53:50,192 [INFO] IPUIPlugin:80 - create IPUIPlugin
2024-04-01 10:53:50,192 [INFO] PluginManager:220 - loadIPPluginJar : add i2c
2024-04-01 10:53:50,223 [INFO] IPUIPlugin:80 - create IPUIPlugin
2024-04-01 10:53:50,224 [INFO] PluginManager:220 - loadIPPluginJar : add i2s
2024-04-01 10:53:50,256 [INFO] IPUIPlugin:80 - create IPUIPlugin
2024-04-01 10:53:50,256 [INFO] PluginManager:220 - loadIPPluginJar : add i3c
2024-04-01 10:53:50,342 [INFO] IPUIPlugin:80 - create IPUIPlugin
2024-04-01 10:53:50,342 [INFO] PluginManager:220 - loadIPPluginJar : add ipddr
2024-04-01 10:53:50,417 [INFO] IPUIPlugin:80 - create IPUIPlugin
2024-04-01 10:53:50,417 [INFO] PluginManager:220 - loadIPPluginJar : add linkedlist
2024-04-01 10:53:50,446 [INFO] IPUIPlugin:80 - create IPUIPlugin
2024-04-01 10:53:50,446 [INFO] PluginManager:220 - loadIPPluginJar : add lorawan
2024-04-01 10:53:50,479 [INFO] IPUIPlugin:80 - create IPUIPlugin
2024-04-01 10:53:50,479 [INFO] PluginManager:220 - loadIPPluginJar : add ltdc
2024-04-01 10:53:50,491 [INFO] IPUIPlugin:80 - create IPUIPlugin
2024-04-01 10:53:50,491 [INFO] PluginManager:220 - loadIPPluginJar : add mdma
2024-04-01 10:53:50,501 [INFO] IPUIPlugin:80 - create IPUIPlugin
2024-04-01 10:53:50,501 [INFO] PluginManager:220 - loadIPPluginJar : add nvic
2024-04-01 10:53:50,532 [INFO] IPUIPlugin:80 - create IPUIPlugin
2024-04-01 10:53:50,532 [INFO] PluginManager:220 - loadIPPluginJar : add opamp
2024-04-01 10:53:50,582 [INFO] IPUIPlugin:80 - create IPUIPlugin
2024-04-01 10:53:50,582 [INFO] PluginManager:220 - loadIPPluginJar : add openamp
2024-04-01 10:53:50,616 [INFO] IPUIPlugin:80 - create IPUIPlugin
2024-04-01 10:53:50,617 [INFO] PluginManager:220 - loadIPPluginJar : add pdm2pcm
2024-04-01 10:53:50,628 [INFO] IPUIPlugin:80 - create IPUIPlugin
2024-04-01 10:53:50,630 [INFO] PluginManager:220 - loadIPPluginJar : add plateformsettings
2024-04-01 10:53:50,647 [INFO] IPUIPlugin:80 - create IPUIPlugin
2024-04-01 10:53:50,647 [INFO] PluginManager:220 - loadIPPluginJar : add quadspi
2024-04-01 10:53:50,657 [INFO] IPUIPlugin:80 - create IPUIPlugin
2024-04-01 10:53:50,657 [INFO] PluginManager:220 - loadIPPluginJar : add resmgrutility
2024-04-01 10:53:50,696 [INFO] IPUIPlugin:80 - create IPUIPlugin
2024-04-01 10:53:50,696 [INFO] PluginManager:220 - loadIPPluginJar : add sai
2024-04-01 10:53:50,725 [INFO] IPUIPlugin:80 - create IPUIPlugin
2024-04-01 10:53:50,725 [INFO] PluginManager:220 - loadIPPluginJar : add spi
2024-04-01 10:53:50,780 [INFO] IPUIPlugin:80 - create IPUIPlugin
2024-04-01 10:53:50,780 [INFO] PluginManager:220 - loadIPPluginJar : add stm32_wpan
2024-04-01 10:53:50,798 [INFO] IPUIPlugin:80 - create IPUIPlugin
2024-04-01 10:53:50,798 [INFO] PluginManager:220 - loadIPPluginJar : add tim
2024-04-01 10:53:50,845 [INFO] IPUIPlugin:80 - create IPUIPlugin
2024-04-01 10:53:50,845 [INFO] PluginManager:220 - loadIPPluginJar : add touchsensing
2024-04-01 10:53:50,862 [INFO] IPUIPlugin:80 - create IPUIPlugin
2024-04-01 10:53:50,862 [INFO] PluginManager:220 - loadIPPluginJar : add tracer_emb
2024-04-01 10:53:50,880 [INFO] IPUIPlugin:80 - create IPUIPlugin
2024-04-01 10:53:50,880 [INFO] PluginManager:220 - loadIPPluginJar : add ts
2024-04-01 10:53:50,897 [INFO] IPUIPlugin:80 - create IPUIPlugin
2024-04-01 10:53:50,898 [INFO] PluginManager:220 - loadIPPluginJar : add tsc
2024-04-01 10:53:50,915 [INFO] IPUIPlugin:80 - create IPUIPlugin
2024-04-01 10:53:50,915 [INFO] PluginManager:220 - loadIPPluginJar : add ucpd
2024-04-01 10:53:50,952 [INFO] IPUIPlugin:80 - create IPUIPlugin
2024-04-01 10:53:50,952 [INFO] PluginManager:220 - loadIPPluginJar : add usart
2024-04-01 10:53:50,986 [INFO] IPUIPlugin:80 - create IPUIPlugin
2024-04-01 10:53:50,987 [INFO] PluginManager:220 - loadIPPluginJar : add usbx
2024-04-01 10:53:51,109 [INFO] CADModel:165 - CPN selected for project level
2024-04-01 10:53:51,109 [INFO] CADModel:114 - Register for checkConnection events
2024-04-01 10:53:51,110 [FATAL] Updater:308 - Updater called before beeing initialized
2024-04-01 10:53:51,110 [ERROR] CADModel:125 - Updater not yet initialized, retry later 
2024-04-01 10:53:51,232 [INFO] CADModel:165 - CPN selected for project level
2024-04-01 10:53:51,232 [INFO] CADModel:114 - Register for checkConnection events
2024-04-01 10:53:51,232 [FATAL] Updater:308 - Updater called before beeing initialized
2024-04-01 10:53:51,232 [ERROR] CADModel:125 - Updater not yet initialized, retry later 
2024-04-01 10:53:51,235 [FATAL] Updater:308 - Updater called before beeing initialized
2024-04-01 10:53:51,346 [FATAL] Updater:308 - Updater called before beeing initialized
2024-04-01 10:53:51,353 [INFO] DbMcusAds:53 - JSON generation date=Wed Nov 29 17:52:27 ICT 2023 (1701255147349)
2024-04-01 10:53:51,353 [FATAL] Updater:308 - Updater called before beeing initialized
2024-04-01 10:53:51,420 [WARN] DetailPanel:346 - Failed to get advertising image, set to default
2024-04-01 10:53:51,524 [FATAL] Updater:308 - Updater called before beeing initialized
2024-04-01 10:53:51,526 [FATAL] Updater:308 - Updater called before beeing initialized
2024-04-01 10:53:51,526 [FATAL] Updater:308 - Updater called before beeing initialized
2024-04-01 10:53:51,526 [WARN] DetailPanel:346 - Failed to get advertising image, set to default
2024-04-01 10:53:51,527 [FATAL] Updater:308 - Updater called before beeing initialized
2024-04-01 10:53:51,587 [ERROR] Updater:1120 - MainUpdater not yet initialized. External WinMGr cannot be set.
2024-04-01 10:53:51,596 [INFO] Updater:1056 - Updater Version found : 6.10.0
2024-04-01 10:53:51,612 [INFO] ApplicationProperties:184 - Using Application install path: G:\stm32cubeide\stm32cubeide114\STM32CubeIDE_1.14.0\STM32CubeIDE\plugins\com.st.stm32cube.common.mx_6.10.0.202311202037
2024-04-01 10:53:51,989 [INFO] MainUpdater:2873 - connection check result : 10
2024-04-01 10:53:51,990 [INFO] MainUpdater:290 - Updater Check For Update Now.
2024-04-01 10:53:51,990 [INFO] MicroXplorer:498 - Change Database Version : DB.6.0.100
2024-04-01 10:53:52,008 [INFO] McuFinderGlobals:63 - Set McuFinder mode to 2 (CubeIDE integrated)
2024-04-01 10:53:52,046 [WARN] MainUpdater:1194 - Updater busy. Cannot search thirdparties
2024-04-01 10:53:52,047 [INFO] ThirdPartyUpdaterWithRetryManager:96 - Updater plugin is busy. [1/15]
2024-04-01 10:53:52,206 [INFO] CheckServerUpdateThread:120 - End of CheckServer Thread
2024-04-01 10:53:52,424 [INFO] UserAuth:404 - Internet connection configuration mode: 1
2024-04-01 10:53:52,445 [INFO] JxBrowserEngine:152 - Initiate JxBrowser Engine with user profile folder
2024-04-01 10:53:55,043 [INFO] WebApp:161 - Instantiating new browser for Auth
2024-04-01 10:53:55,344 [WARN] PackLoader:240 - Cannot read IP mode file for STMicroelectronics.X-CUBE-SMBUS.2.1.0
2024-04-01 10:53:55,360 [WARN] PackLoader:240 - Cannot read IP mode file for STMicroelectronics.X-CUBE-TOUCHGFX.4.23.1
2024-04-01 10:53:55,370 [WARN] PackLoader:240 - Cannot read IP mode file for STMicroelectronics.X-CUBE-TOUCHGFX.4.23.0
2024-04-01 10:53:55,416 [WARN] PackLoader:240 - Cannot read IP mode file for STMicroelectronics.X-CUBE-AZRTOS-F7.1.1.0
2024-04-01 10:53:55,435 [WARN] PackLoader:240 - Cannot read IP mode file for STMicroelectronics.FP-SNS-MOTENV1.4.3.2
2024-04-01 10:53:55,452 [WARN] PackLoader:240 - Cannot read IP mode file for STMicroelectronics.FP-SNS-FLIGHT1.5.0.2
2024-04-01 10:53:55,471 [WARN] PackLoader:240 - Cannot read IP mode file for STMicroelectronics.X-CUBE-DISPLAY.3.0.0
2024-04-01 10:53:55,494 [WARN] PackLoader:240 - Cannot read IP mode file for STMicroelectronics.X-CUBE-BLE1.7.0.0
2024-04-01 10:53:55,508 [WARN] PackLoader:240 - Cannot read IP mode file for emotas.I-CUBE-CANOPEN.1.3.0
2024-04-01 10:53:55,522 [WARN] PackLoader:240 - Cannot read IP mode file for STMicroelectronics.X-CUBE-TOUCHGFX.4.22.1
2024-04-01 10:53:55,540 [WARN] PackLoader:240 - Cannot read IP mode file for STMicroelectronics.X-CUBE-BLEMGR.3.1.0
2024-04-01 10:53:55,562 [WARN] PackLoader:240 - Cannot read IP mode file for STMicroelectronics.FP-SNS-SMARTAG2.1.2.0
2024-04-01 10:53:55,591 [INFO] LogOutputStream:77 - [STDOUT_REDIRECT] 1 : Invalid condition id : UX_CORESTACK_Condition cause : null
2024-04-01 10:53:55,591 [INFO] LogOutputStream:77 - [STDOUT_REDIRECT] 1 : Invalid condition id : UX_CORESTACK_Condition cause : null
2024-04-01 10:53:55,593 [INFO] LogOutputStream:77 - [STDOUT_REDIRECT] 1 : Invalid condition id : UX_CORESTACK_Condition cause : null
2024-04-01 10:53:55,594 [INFO] LogOutputStream:77 - [STDOUT_REDIRECT] 1 : Invalid condition id : UX_CORESTACK_Condition cause : null
2024-04-01 10:53:55,595 [INFO] LogOutputStream:77 - [STDOUT_REDIRECT] 1 : Invalid condition id : UX_CORESTACK_Condition cause : null
2024-04-01 10:53:55,607 [WARN] PackLoader:240 - Cannot read IP mode file for STMicroelectronics.X-CUBE-AZRTOS-WL.2.0.0
2024-04-01 10:53:55,622 [WARN] PackLoader:240 - Cannot read IP mode file for STMicroelectronics.FP-SNS-MOTENV1.5.0.0
2024-04-01 10:53:55,644 [WARN] PackLoader:240 - Cannot read IP mode file for WES.I-CUBE-Cesium.1.3.0
2024-04-01 10:53:55,659 [WARN] PackLoader:240 - Cannot read IP mode file for STMicroelectronics.X-CUBE-BLE2.3.3.0
2024-04-01 10:53:55,671 [WARN] PackLoader:240 - Cannot read IP mode file for STMicroelectronics.X-CUBE-ALGOBUILD.1.3.0
2024-04-01 10:53:55,699 [WARN] PackLoader:240 - Cannot read IP mode file for STMicroelectronics.X-CUBE-AZRTOS-G0.1.1.0
2024-04-01 10:53:55,718 [WARN] PackLoader:240 - Cannot read IP mode file for STMicroelectronics.X-CUBE-SAFEA1.1.2.2
2024-04-01 10:53:55,733 [WARN] PackLoader:240 - Cannot read IP mode file for STMicroelectronics.X-CUBE-NFC4.3.0.0
2024-04-01 10:53:55,753 [WARN] PackLoader:240 - Cannot read IP mode file for STMicroelectronics.X-CUBE-BLEMGR.3.0.0
2024-04-01 10:53:55,771 [WARN] PackLoader:240 - Cannot read IP mode file for STMicroelectronics.FP-ATR-SIGFOX1.3.2.0
2024-04-01 10:53:55,787 [WARN] PackLoader:240 - Cannot read IP mode file for STMicroelectronics.X-CUBE-EEPRMA1.5.1.0
2024-04-01 10:53:55,842 [WARN] PackLoader:240 - Cannot read IP mode file for SEGGER.I-CUBE-embOS.1.3.1
2024-04-01 10:53:55,872 [INFO] WebApp:780 - Register for checkConnection events
2024-04-01 10:53:55,873 [INFO] WebApp:414 - Apply proxy settings
2024-04-01 10:53:55,873 [INFO] WebApp:499 - Chromium requires no authentication
2024-04-01 10:53:55,885 [INFO] WebApp:442 - Direct internet connection detected
2024-04-01 10:53:55,892 [WARN] PackLoader:240 - Cannot read IP mode file for STMicroelectronics.X-CUBE-GNSS1.6.0.0
2024-04-01 10:53:55,920 [WARN] PackLoader:240 - Cannot read IP mode file for STMicroelectronics.X-CUBE-AZRTOS-F4.1.1.0
2024-04-01 10:53:55,938 [WARN] PackLoader:240 - Cannot read IP mode file for wolfSSL.I-CUBE-wolfSSL.5.6.3
2024-04-01 10:53:55,970 [WARN] PackLoader:240 - Cannot read IP mode file for STMicroelectronics.X-CUBE-AZRTOS-L5.2.0.0
2024-04-01 10:53:56,035 [WARN] PackLoader:240 - Cannot read IP mode file for STMicroelectronics.X-CUBE-MEMS1.9.6.0
2024-04-01 10:53:56,158 [INFO] WebApp:192 - Starting web application
2024-04-01 10:53:56,158 [INFO] WebApp:544 - Web application path used G:\stm32cubeide\stm32cubeide114\STM32CubeIDE_1.14.0\STM32CubeIDE\plugins\com.st.stm32cube.common.mx_6.10.0.202311202037\db\plugins\mcufinder\reactClient1\index.html
2024-04-01 10:53:56,167 [WARN] PackLoader:240 - Cannot read IP mode file for STMicroelectronics.X-CUBE-EEPRMA1.4.2.0
2024-04-01 10:53:56,186 [WARN] PackLoader:240 - Cannot read IP mode file for STMicroelectronics.X-CUBE-NFC6.3.1.0
2024-04-01 10:53:56,205 [WARN] PackLoader:240 - Cannot read IP mode file for ITTIA_DB.I-CUBE-ITTIADB.8.8.0
2024-04-01 10:53:56,220 [WARN] PackLoader:240 - Cannot read IP mode file for STMicroelectronics.X-CUBE-BLEMGR.2.0.0
2024-04-01 10:53:56,259 [WARN] ConditionMgr:438 - getConditionDescription Invalid condition id : UX DEVICE CLASS RTOS Condition cause : null
2024-04-01 10:53:56,259 [WARN] ConditionMgr:438 - getConditionDescription Invalid condition id : UX DEVICE CLASS RTOS Condition cause : null
2024-04-01 10:53:56,267 [WARN] PackLoader:240 - Cannot read IP mode file for STMicroelectronics.X-CUBE-AZRTOS-H7.3.1.0
2024-04-01 10:53:56,269 [WARN] ConditionMgr:1039 - genDependencies : Invalid condition id : UX DEVICE CLASS RTOS Condition cause : null
2024-04-01 10:53:56,269 [WARN] ConditionMgr:1039 - genDependencies : Invalid condition id : UX DEVICE CLASS RTOS Condition cause : null
2024-04-01 10:53:56,270 [WARN] ConditionMgr:1039 - genDependencies : Invalid condition id : UX DEVICE CLASS RTOS Condition cause : null
2024-04-01 10:53:56,270 [WARN] ConditionMgr:1039 - genDependencies : Invalid condition id : UX DEVICE CLASS RTOS Condition cause : null
2024-04-01 10:53:56,270 [WARN] ConditionMgr:1039 - genDependencies : Invalid condition id : UX DEVICE CLASS RTOS Condition cause : null
2024-04-01 10:53:56,285 [WARN] PackLoader:240 - Cannot read IP mode file for STMicroelectronics.X-CUBE-NFC7.1.0.1
2024-04-01 10:53:56,300 [WARN] PackLoader:240 - Cannot read IP mode file for STMicroelectronics.X-CUBE-NFC6.3.0.0
2024-04-01 10:53:56,317 [WARN] PackLoader:240 - Cannot read IP mode file for STMicroelectronics.X-CUBE-EEPRMA1.4.1.0
2024-04-01 10:53:56,334 [WARN] PackLoader:240 - Cannot read IP mode file for STMicroelectronics.X-CUBE-AI.8.1.0
2024-04-01 10:53:56,370 [WARN] ConditionMgr:438 - getConditionDescription Invalid condition id : LAN8742 Phy interface Condition cause : null
2024-04-01 10:53:56,372 [WARN] PackLoader:240 - Cannot read IP mode file for STMicroelectronics.X-CUBE-AZRTOS-L4.2.0.0
2024-04-01 10:53:56,373 [WARN] ConditionMgr:1039 - genDependencies : Invalid condition id : LAN8742 Phy interface Condition cause : null
2024-04-01 10:53:56,374 [WARN] ConditionMgr:1039 - genDependencies : Invalid condition id : LAN8742 Phy interface Condition cause : null
2024-04-01 10:53:56,374 [WARN] ConditionMgr:1039 - genDependencies : Invalid condition id : LAN8742 Phy interface Condition cause : null
2024-04-01 10:53:56,401 [WARN] PackLoader:240 - Cannot read IP mode file for STMicroelectronics.X-CUBE-SFXS2LP1.4.0.0
2024-04-01 10:53:56,421 [WARN] PackLoader:240 - Cannot read IP mode file for STMicroelectronics.X-CUBE-ISPU.1.1.0
2024-04-01 10:53:56,453 [WARN] ConditionMgr:438 - getConditionDescription Invalid condition id : UX DEVICE CLASS RTOS Condition cause : null
2024-04-01 10:53:56,454 [WARN] ConditionMgr:438 - getConditionDescription Invalid condition id : UX DEVICE CLASS RTOS Condition cause : null
2024-04-01 10:53:56,458 [WARN] PackLoader:240 - Cannot read IP mode file for STMicroelectronics.X-CUBE-AZRTOS-WB.2.0.0
2024-04-01 10:53:56,459 [WARN] ConditionMgr:1039 - genDependencies : Invalid condition id : UX DEVICE CLASS RTOS Condition cause : null
2024-04-01 10:53:56,460 [WARN] ConditionMgr:1039 - genDependencies : Invalid condition id : UX DEVICE CLASS RTOS Condition cause : null
2024-04-01 10:53:56,461 [WARN] ConditionMgr:1039 - genDependencies : Invalid condition id : UX DEVICE CLASS RTOS Condition cause : null
2024-04-01 10:53:56,461 [WARN] ConditionMgr:1039 - genDependencies : Invalid condition id : UX DEVICE CLASS RTOS Condition cause : null
2024-04-01 10:53:56,462 [WARN] ConditionMgr:1039 - genDependencies : Invalid condition id : UX DEVICE CLASS RTOS Condition cause : null
2024-04-01 10:53:56,496 [WARN] PackLoader:240 - Cannot read IP mode file for STMicroelectronics.X-CUBE-SUBG2.5.0.0
2024-04-01 10:53:56,526 [WARN] PackLoader:240 - Cannot read IP mode file for STMicroelectronics.X-CUBE-TOF1.3.3.1
2024-04-01 10:53:56,571 [WARN] PackLoader:240 - Cannot read IP mode file for STMicroelectronics.X-CUBE-AZRTOS-G4.2.0.0
2024-04-01 10:53:56,605 [WARN] PackLoader:240 - Cannot read IP mode file for Infineon.AIROC-Wi-Fi-Bluetooth-STM32.1.5.1
2024-04-01 10:53:56,628 [WARN] PackLoader:240 - Cannot read IP mode file for STMicroelectronics.FP-SNS-MOTENVWB1.1.3.0
2024-04-01 10:53:56,646 [WARN] PackLoader:240 - Cannot read IP mode file for STMicroelectronics.FP-SNS-MOTENVWB1.1.3.1
2024-04-01 10:53:56,661 [WARN] PackLoader:240 - Cannot read IP mode file for STMicroelectronics.X-CUBE-ISPU.2.0.0
2024-04-01 10:53:56,713 [WARN] PackLoader:240 - Cannot read IP mode file for STMicroelectronics.X-CUBE-MEMS1.10.0.0
2024-04-01 10:53:56,838 [WARN] PackLoader:240 - Cannot read IP mode file for STMicroelectronics.X-CUBE-FREERTOS.1.1.0
2024-04-01 10:53:56,854 [WARN] PackLoader:240 - Cannot read IP mode file for portGmbH.I-Cube-SoM-uGOAL.1.1.0
2024-04-01 10:53:56,868 [WARN] PackLoader:240 - Cannot read IP mode file for STMicroelectronics.X-CUBE-ALS.1.0.1
2024-04-01 10:53:56,884 [WARN] PackLoader:240 - Cannot read IP mode file for STMicroelectronics.FP-ATR-ASTRA1.2.0.0
2024-04-01 10:53:56,908 [WARN] PackLoader:240 - Cannot read IP mode file for STMicroelectronics.X-CUBE-TOF1.3.4.0
2024-04-01 10:53:56,938 [WARN] PackLoader:240 - Cannot read IP mode file for STMicroelectronics.X-CUBE-TOF1.3.4.1
2024-04-01 10:53:56,981 [WARN] PackLoader:240 - Cannot read IP mode file for STMicroelectronics.X-CUBE-AZRTOS-H7.3.2.0
2024-04-01 10:53:56,985 [INFO] ThirdParty:978 - Integrity check success = true
2024-04-01 10:53:56,985 [INFO] IntegrityCheckThread:100 - exiting critical section [integrity check]
2024-04-01 10:53:56,986 [INFO] IntegrityCheckThread:103 - End integrity checks thread
2024-04-01 10:54:17,229 [ERROR] LogOutputStream:75 - [STDERR_REDIRECT] SLF4J: Failed to load class "org.slf4j.impl.StaticLoggerBinder".
2024-04-01 10:54:17,229 [ERROR] LogOutputStream:75 - [STDERR_REDIRECT] SLF4J: Defaulting to no-operation (NOP) logger implementation
2024-04-01 10:54:17,230 [ERROR] LogOutputStream:75 - [STDERR_REDIRECT] SLF4J: See http://www.slf4j.org/codes.html#StaticLoggerBinder for further details.
2024-04-01 12:12:43,155 [ERROR] LogOutputStream:75 - [STDERR_REDIRECT] 
