2024-04-06 12:20:00,415 [INFO] Activator:176 - 


2024-04-06 12:20:00,419 [INFO] Activator:177 - !SESSION log4j initialized
2024-04-06 12:20:07,928 [INFO] LogOutputStream:77 - [STDOUT_REDIRECT] 
2024-04-06 12:20:14,404 [INFO] ApplicationProperties:184 - Using Application install path: G:\stm32cubeide\stm32cubeide114\STM32CubeIDE_1.14.0\STM32CubeIDE\plugins\com.st.stm32cube.common.mx_6.10.0.202311202037
2024-04-06 12:20:14,425 [INFO] DbMcusXml:78 - Set database path to: G:\stm32cubeide\stm32cubeide114\STM32CubeIDE_1.14.0\STM32CubeIDE\plugins\com.st.stm32cube.common.mx_6.10.0.202311202037\\db\/mcu/
2024-04-06 12:20:14,426 [INFO] ApiDb:274 - Set plugin database path to: G:\stm32cubeide\stm32cubeide114\STM32CubeIDE_1.14.0\STM32CubeIDE\plugins\com.st.stm32cube.common.mx_6.10.0.202311202037\\db\/plugins/boardmanager/
2024-04-06 12:20:14,426 [WARN] ApiDb:259 - Overriding images path with different value:  => G:\stm32cubeide\stm32cubeide114\STM32CubeIDE_1.14.0\STM32CubeIDE\plugins\com.st.stm32cube.common.mx_6.10.0.202311202037\\db\/plugins/mcufinder/images/
2024-04-06 12:20:14,440 [INFO] ApiDb:250 - Set database path to: C:\Users\Nghia\.stmcufinder\plugins\mcufinder//mcu/
2024-04-06 12:20:14,441 [INFO] DbMcusAds:125 - Set database path to: C:\Users\Nghia\.stmcufinder\plugins\mcufinder//mcu/
2024-04-06 12:20:14,443 [INFO] CrossReferenceDbSqlite:203 - Set database path to: C:\Users\Nghia\.stmcufinder\plugins\mcufinder//mcu/cs/
2024-04-06 12:20:14,542 [INFO] RulesReader:64 - Compatibility file has been processed (297 Rules)
2024-04-06 12:20:14,624 [INFO] DbMcusXml:78 - Set database path to: G:\stm32cubeide\stm32cubeide114\STM32CubeIDE_1.14.0\STM32CubeIDE\plugins\com.st.stm32cube.common.mx_6.10.0.202311202037\\db\/mcu/
2024-04-06 12:20:14,624 [INFO] ApiDb:274 - Set plugin database path to: G:\stm32cubeide\stm32cubeide114\STM32CubeIDE_1.14.0\STM32CubeIDE\plugins\com.st.stm32cube.common.mx_6.10.0.202311202037\\db\/plugins/boardmanager/
2024-04-06 12:20:14,624 [INFO] ApiDb:261 - Set plugin images path to: G:\stm32cubeide\stm32cubeide114\STM32CubeIDE_1.14.0\STM32CubeIDE\plugins\com.st.stm32cube.common.mx_6.10.0.202311202037\\db\/plugins/mcufinder/images/
2024-04-06 12:20:14,624 [WARN] DbFile:41 - Overriding database path with different value: C:\Users\Nghia\.stmcufinder\plugins\mcufinder/ => C:\Users\Nghia\.stmcufinder\plugins\mcufinder
2024-04-06 12:20:14,624 [INFO] ApiDb:250 - Set database path to: C:\Users\Nghia\.stmcufinder\plugins\mcufinder//mcu/
2024-04-06 12:20:14,624 [WARN] DbFile:41 - Overriding database path with different value: C:\Users\Nghia\.stmcufinder\plugins\mcufinder/ => C:\Users\Nghia\.stmcufinder\plugins\mcufinder
2024-04-06 12:20:14,624 [INFO] DbMcusAds:125 - Set database path to: C:\Users\Nghia\.stmcufinder\plugins\mcufinder//mcu/
2024-04-06 12:20:14,625 [WARN] DbFile:41 - Overriding database path with different value: C:\Users\Nghia\.stmcufinder\plugins\mcufinder/ => C:\Users\Nghia\.stmcufinder\plugins\mcufinder
2024-04-06 12:20:14,625 [WARN] DbFile:41 - Overriding database path with different value: C:\Users\Nghia\.stmcufinder\plugins\mcufinder/ => C:\Users\Nghia\.stmcufinder\plugins\mcufinder
2024-04-06 12:20:14,625 [INFO] CrossReferenceDbSqlite:203 - Set database path to: C:\Users\Nghia\.stmcufinder\plugins\mcufinder//mcu/cs/
2024-04-06 12:20:14,700 [INFO] MainPanel:264 - HeapMemory: 268435456
2024-04-06 12:20:14,785 [INFO] DbMcusXml:78 - Set database path to: G:\stm32cubeide\stm32cubeide114\STM32CubeIDE_1.14.0\STM32CubeIDE\plugins\com.st.stm32cube.common.mx_6.10.0.202311202037\\db\/mcu/
2024-04-06 12:20:14,786 [INFO] ApiDb:274 - Set plugin database path to: G:\stm32cubeide\stm32cubeide114\STM32CubeIDE_1.14.0\STM32CubeIDE\plugins\com.st.stm32cube.common.mx_6.10.0.202311202037\\db\/plugins/boardmanager/
2024-04-06 12:20:14,786 [INFO] ApiDb:261 - Set plugin images path to: G:\stm32cubeide\stm32cubeide114\STM32CubeIDE_1.14.0\STM32CubeIDE\plugins\com.st.stm32cube.common.mx_6.10.0.202311202037\\db\/plugins/mcufinder/images/
2024-04-06 12:20:14,786 [WARN] DbFile:41 - Overriding database path with different value: C:\Users\Nghia\.stmcufinder\plugins\mcufinder/ => C:\Users\Nghia\.stmcufinder\plugins\mcufinder
2024-04-06 12:20:14,786 [INFO] ApiDb:250 - Set database path to: C:\Users\Nghia\.stmcufinder\plugins\mcufinder//mcu/
2024-04-06 12:20:14,786 [WARN] DbFile:41 - Overriding database path with different value: C:\Users\Nghia\.stmcufinder\plugins\mcufinder/ => C:\Users\Nghia\.stmcufinder\plugins\mcufinder
2024-04-06 12:20:14,786 [INFO] DbMcusAds:125 - Set database path to: C:\Users\Nghia\.stmcufinder\plugins\mcufinder//mcu/
2024-04-06 12:20:14,786 [WARN] DbFile:41 - Overriding database path with different value: C:\Users\Nghia\.stmcufinder\plugins\mcufinder/ => C:\Users\Nghia\.stmcufinder\plugins\mcufinder
2024-04-06 12:20:14,786 [WARN] DbFile:41 - Overriding database path with different value: C:\Users\Nghia\.stmcufinder\plugins\mcufinder/ => C:\Users\Nghia\.stmcufinder\plugins\mcufinder
2024-04-06 12:20:14,786 [INFO] CrossReferenceDbSqlite:203 - Set database path to: C:\Users\Nghia\.stmcufinder\plugins\mcufinder//mcu/cs/
2024-04-06 12:20:14,803 [INFO] ApplicationProperties:184 - Using Application install path: G:\stm32cubeide\stm32cubeide114\STM32CubeIDE_1.14.0\STM32CubeIDE\plugins\com.st.stm32cube.common.mx_6.10.0.202311202037
2024-04-06 12:20:14,804 [INFO] PluginManage:196 - Search for loadable plugins [exclusion list=, ]
2024-04-06 12:20:14,806 [INFO] PluginManage:310 - Check plugin analytics
2024-04-06 12:20:19,858 [INFO] AnalyticsPlugin:253 - Accepted Software Licenses: STM32CubeMX.6.8.0,STM32CubeMX.6.1.1
2024-04-06 12:20:19,859 [INFO] AnalyticsPlugin:255 - Accepted CMSIS Pack Licenses: 
2024-04-06 12:20:19,859 [INFO] AnalyticsPlugin:257 - Accepted Firmware Licenses: FW.F4.1.27.0,FW.F4.1.28.0
2024-04-06 12:20:19,861 [INFO] PluginManage:359 - Loaded plugin analytics (category:tool,tabindex:-1)
2024-04-06 12:20:19,862 [INFO] PluginManage:310 - Check plugin cadmodel
2024-04-06 12:20:19,874 [INFO] CADModel:105 - Init CAD model plugin
2024-04-06 12:20:19,874 [INFO] PluginManage:359 - Loaded plugin cadmodel (category:power,tabindex:5)
2024-04-06 12:20:19,875 [INFO] PluginManage:310 - Check plugin clock
2024-04-06 12:20:19,892 [INFO] PluginManage:359 - Loaded plugin clock (category:base,tabindex:2)
2024-04-06 12:20:19,892 [INFO] PluginManage:310 - Check plugin ddr
2024-04-06 12:20:19,894 [INFO] PluginManage:359 - Loaded plugin ddr (category:tool,tabindex:6)
2024-04-06 12:20:19,894 [INFO] PluginManage:310 - Check plugin filemanager
2024-04-06 12:20:20,013 [INFO] PluginManage:359 - Loaded plugin filemanager (category:base,tabindex:10)
2024-04-06 12:20:20,013 [INFO] PluginManage:310 - Check plugin ipmanager
2024-04-06 12:20:20,020 [INFO] PluginManage:359 - Loaded plugin ipmanager (category:base,tabindex:5)
2024-04-06 12:20:20,020 [INFO] PluginManage:310 - Check plugin lpbam
2024-04-06 12:20:20,035 [INFO] PluginManage:359 - Loaded plugin lpbam (category:base,tabindex:0)
2024-04-06 12:20:20,035 [INFO] PluginManage:310 - Check plugin memorymap
2024-04-06 12:20:20,060 [INFO] PluginManage:359 - Loaded plugin memorymap (category:base,tabindex:4)
2024-04-06 12:20:20,060 [INFO] PluginManage:310 - Check plugin pinoutandconfiguration
2024-04-06 12:20:20,074 [INFO] PluginManage:359 - Loaded plugin pinoutandconfiguration (category:base,tabindex:1)
2024-04-06 12:20:20,074 [INFO] PluginManage:310 - Check plugin pinoutconfig
2024-04-06 12:20:20,156 [WARN] SupportedApi:132 - Cannot load RTOS API schema: s4s-elt-must-match.1: The content of 'definitions' must match (annotation?, (simpleType | complexType)?, (unique | key | keyref)*)). A problem was found starting at: attribute.
2024-04-06 12:20:20,269 [INFO] PluginManage:359 - Loaded plugin pinoutconfig (category:base,tabindex:0)
2024-04-06 12:20:20,270 [INFO] PluginManage:310 - Check plugin power
2024-04-06 12:20:20,289 [INFO] PluginManage:359 - Loaded plugin power (category:power,tabindex:4)
2024-04-06 12:20:20,289 [INFO] PluginManage:310 - Check plugin projectmanager
2024-04-06 12:20:20,302 [INFO] PluginManage:359 - Loaded plugin projectmanager (category:projectmanager,tabindex:3)
2024-04-06 12:20:20,303 [INFO] PluginManage:310 - Check plugin thirdparty
2024-04-06 12:20:20,546 [INFO] PluginManage:359 - Loaded plugin thirdparty (category:base,tabindex:-1)
2024-04-06 12:20:20,546 [WARN] IntegrityCheckThread:84 - waiting for thirdparty lock release [integrity check]
2024-04-06 12:20:20,546 [INFO] PluginManage:310 - Check plugin tools
2024-04-06 12:20:20,546 [INFO] IntegrityCheckThread:86 - entering critical section [integrity check]
2024-04-06 12:20:20,547 [INFO] ThirdPartyUpdaterWithRetryManager:70 - Updater plugin not ready yet. [1/15]
2024-04-06 12:20:20,576 [INFO] PluginManage:359 - Loaded plugin tools (category:base,tabindex:7)
2024-04-06 12:20:20,576 [INFO] PluginManage:310 - Check plugin tutovideos
2024-04-06 12:20:20,736 [INFO] PluginManage:359 - Loaded plugin tutovideos (category:base,tabindex:-1)
2024-04-06 12:20:20,736 [INFO] PluginManage:310 - Check plugin updater
2024-04-06 12:20:20,746 [INFO] PluginManage:359 - Loaded plugin updater (category:base,tabindex:12)
2024-04-06 12:20:20,746 [INFO] PluginManage:310 - Check plugin userauth
2024-04-06 12:20:20,750 [INFO] UserAuth:114 - Init User Auth plugin
2024-04-06 12:20:20,750 [INFO] PluginManage:359 - Loaded plugin userauth (category:base,tabindex:14)
2024-04-06 12:20:20,751 [INFO] PluginManage:283 - PluginManage : Loaded plugins [17]
2024-04-06 12:20:20,940 [INFO] PinOutPanel:1499 - setPackage(No Configuration,No Configuration)
2024-04-06 12:20:21,007 [INFO] CADModel:165 - CPN selected for project level
2024-04-06 12:20:21,007 [INFO] CADModel:114 - Register for checkConnection events
2024-04-06 12:20:21,033 [INFO] IPUIPlugin:80 - create IPUIPlugin
2024-04-06 12:20:21,033 [INFO] PluginManager:220 - loadIPPluginJar : add adc
2024-04-06 12:20:21,094 [INFO] IPUIPlugin:80 - create IPUIPlugin
2024-04-06 12:20:21,095 [INFO] PluginManager:220 - loadIPPluginJar : add aes
2024-04-06 12:20:21,141 [INFO] IPUIPlugin:80 - create IPUIPlugin
2024-04-06 12:20:21,142 [INFO] PluginManager:220 - loadIPPluginJar : add can
2024-04-06 12:20:21,170 [INFO] IPUIPlugin:80 - create IPUIPlugin
2024-04-06 12:20:21,170 [INFO] PluginManager:220 - loadIPPluginJar : add comp
2024-04-06 12:20:21,211 [INFO] IPUIPlugin:80 - create IPUIPlugin
2024-04-06 12:20:21,211 [INFO] PluginManager:220 - loadIPPluginJar : add cryp
2024-04-06 12:20:21,247 [INFO] IPUIPlugin:80 - create IPUIPlugin
2024-04-06 12:20:21,247 [INFO] PluginManager:220 - loadIPPluginJar : add dfsdm
2024-04-06 12:20:21,266 [INFO] IPUIPlugin:80 - create IPUIPlugin
2024-04-06 12:20:21,266 [INFO] PluginManager:220 - loadIPPluginJar : add dma
2024-04-06 12:20:21,322 [INFO] IPUIPlugin:80 - create IPUIPlugin
2024-04-06 12:20:21,323 [INFO] PluginManager:220 - loadIPPluginJar : add dma3
2024-04-06 12:20:21,343 [INFO] IPUIPlugin:80 - create IPUIPlugin
2024-04-06 12:20:21,343 [INFO] PluginManager:220 - loadIPPluginJar : add fatfs
2024-04-06 12:20:21,382 [INFO] IPUIPlugin:80 - create IPUIPlugin
2024-04-06 12:20:21,383 [INFO] PluginManager:220 - loadIPPluginJar : add fmc
2024-04-06 12:20:21,395 [INFO] IPUIPlugin:80 - create IPUIPlugin
2024-04-06 12:20:21,395 [INFO] PluginManager:220 - loadIPPluginJar : add freertos
2024-04-06 12:20:21,411 [INFO] IPUIPlugin:80 - create IPUIPlugin
2024-04-06 12:20:21,411 [INFO] PluginManager:220 - loadIPPluginJar : add genericplugin
2024-04-06 12:20:21,491 [INFO] IPUIPlugin:80 - create IPUIPlugin
2024-04-06 12:20:21,491 [INFO] PluginManager:220 - loadIPPluginJar : add gfxmmu
2024-04-06 12:20:21,597 [INFO] IPUIPlugin:80 - create IPUIPlugin
2024-04-06 12:20:21,597 [INFO] PluginManager:220 - loadIPPluginJar : add gic
2024-04-06 12:20:21,607 [INFO] IPUIPlugin:80 - create IPUIPlugin
2024-04-06 12:20:21,607 [INFO] PluginManager:220 - loadIPPluginJar : add gpio
2024-04-06 12:20:21,685 [INFO] IPUIPlugin:80 - create IPUIPlugin
2024-04-06 12:20:21,686 [INFO] PluginManager:220 - loadIPPluginJar : add gtzc
2024-04-06 12:20:21,713 [INFO] IPUIPlugin:80 - create IPUIPlugin
2024-04-06 12:20:21,713 [INFO] PluginManager:220 - loadIPPluginJar : add hash
2024-04-06 12:20:21,757 [INFO] IPUIPlugin:80 - create IPUIPlugin
2024-04-06 12:20:21,757 [INFO] PluginManager:220 - loadIPPluginJar : add i2c
2024-04-06 12:20:21,788 [INFO] IPUIPlugin:80 - create IPUIPlugin
2024-04-06 12:20:21,788 [INFO] PluginManager:220 - loadIPPluginJar : add i2s
2024-04-06 12:20:21,822 [INFO] IPUIPlugin:80 - create IPUIPlugin
2024-04-06 12:20:21,822 [INFO] PluginManager:220 - loadIPPluginJar : add i3c
2024-04-06 12:20:21,911 [INFO] IPUIPlugin:80 - create IPUIPlugin
2024-04-06 12:20:21,911 [INFO] PluginManager:220 - loadIPPluginJar : add ipddr
2024-04-06 12:20:21,990 [INFO] IPUIPlugin:80 - create IPUIPlugin
2024-04-06 12:20:21,990 [INFO] PluginManager:220 - loadIPPluginJar : add linkedlist
2024-04-06 12:20:22,020 [INFO] IPUIPlugin:80 - create IPUIPlugin
2024-04-06 12:20:22,020 [INFO] PluginManager:220 - loadIPPluginJar : add lorawan
2024-04-06 12:20:22,053 [INFO] IPUIPlugin:80 - create IPUIPlugin
2024-04-06 12:20:22,053 [INFO] PluginManager:220 - loadIPPluginJar : add ltdc
2024-04-06 12:20:22,066 [INFO] IPUIPlugin:80 - create IPUIPlugin
2024-04-06 12:20:22,066 [INFO] PluginManager:220 - loadIPPluginJar : add mdma
2024-04-06 12:20:22,076 [INFO] IPUIPlugin:80 - create IPUIPlugin
2024-04-06 12:20:22,076 [INFO] PluginManager:220 - loadIPPluginJar : add nvic
2024-04-06 12:20:22,107 [INFO] IPUIPlugin:80 - create IPUIPlugin
2024-04-06 12:20:22,107 [INFO] PluginManager:220 - loadIPPluginJar : add opamp
2024-04-06 12:20:22,160 [INFO] IPUIPlugin:80 - create IPUIPlugin
2024-04-06 12:20:22,161 [INFO] PluginManager:220 - loadIPPluginJar : add openamp
2024-04-06 12:20:22,196 [INFO] IPUIPlugin:80 - create IPUIPlugin
2024-04-06 12:20:22,197 [INFO] PluginManager:220 - loadIPPluginJar : add pdm2pcm
2024-04-06 12:20:22,208 [INFO] IPUIPlugin:80 - create IPUIPlugin
2024-04-06 12:20:22,209 [INFO] PluginManager:220 - loadIPPluginJar : add plateformsettings
2024-04-06 12:20:22,227 [INFO] IPUIPlugin:80 - create IPUIPlugin
2024-04-06 12:20:22,227 [INFO] PluginManager:220 - loadIPPluginJar : add quadspi
2024-04-06 12:20:22,236 [INFO] IPUIPlugin:80 - create IPUIPlugin
2024-04-06 12:20:22,237 [INFO] PluginManager:220 - loadIPPluginJar : add resmgrutility
2024-04-06 12:20:22,276 [INFO] IPUIPlugin:80 - create IPUIPlugin
2024-04-06 12:20:22,276 [INFO] PluginManager:220 - loadIPPluginJar : add sai
2024-04-06 12:20:22,304 [INFO] IPUIPlugin:80 - create IPUIPlugin
2024-04-06 12:20:22,304 [INFO] PluginManager:220 - loadIPPluginJar : add spi
2024-04-06 12:20:22,372 [INFO] IPUIPlugin:80 - create IPUIPlugin
2024-04-06 12:20:22,372 [INFO] PluginManager:220 - loadIPPluginJar : add stm32_wpan
2024-04-06 12:20:22,408 [INFO] IPUIPlugin:80 - create IPUIPlugin
2024-04-06 12:20:22,408 [INFO] PluginManager:220 - loadIPPluginJar : add tim
2024-04-06 12:20:22,479 [INFO] IPUIPlugin:80 - create IPUIPlugin
2024-04-06 12:20:22,479 [INFO] PluginManager:220 - loadIPPluginJar : add touchsensing
2024-04-06 12:20:22,506 [INFO] IPUIPlugin:80 - create IPUIPlugin
2024-04-06 12:20:22,506 [INFO] PluginManager:220 - loadIPPluginJar : add tracer_emb
2024-04-06 12:20:22,533 [INFO] IPUIPlugin:80 - create IPUIPlugin
2024-04-06 12:20:22,533 [INFO] PluginManager:220 - loadIPPluginJar : add ts
2024-04-06 12:20:22,559 [INFO] IPUIPlugin:80 - create IPUIPlugin
2024-04-06 12:20:22,559 [INFO] PluginManager:220 - loadIPPluginJar : add tsc
2024-04-06 12:20:22,581 [INFO] IPUIPlugin:80 - create IPUIPlugin
2024-04-06 12:20:22,582 [INFO] PluginManager:220 - loadIPPluginJar : add ucpd
2024-04-06 12:20:22,621 [INFO] IPUIPlugin:80 - create IPUIPlugin
2024-04-06 12:20:22,621 [INFO] PluginManager:220 - loadIPPluginJar : add usart
2024-04-06 12:20:22,658 [INFO] IPUIPlugin:80 - create IPUIPlugin
2024-04-06 12:20:22,658 [INFO] PluginManager:220 - loadIPPluginJar : add usbx
2024-04-06 12:20:22,795 [INFO] CADModel:165 - CPN selected for project level
2024-04-06 12:20:22,795 [INFO] CADModel:114 - Register for checkConnection events
2024-04-06 12:20:22,795 [FATAL] Updater:308 - Updater called before beeing initialized
2024-04-06 12:20:22,795 [ERROR] CADModel:125 - Updater not yet initialized, retry later 
2024-04-06 12:20:22,919 [INFO] CADModel:165 - CPN selected for project level
2024-04-06 12:20:22,919 [INFO] CADModel:114 - Register for checkConnection events
2024-04-06 12:20:22,919 [FATAL] Updater:308 - Updater called before beeing initialized
2024-04-06 12:20:22,919 [ERROR] CADModel:125 - Updater not yet initialized, retry later 
2024-04-06 12:20:22,922 [FATAL] Updater:308 - Updater called before beeing initialized
2024-04-06 12:20:23,031 [FATAL] Updater:308 - Updater called before beeing initialized
2024-04-06 12:20:23,039 [INFO] DbMcusAds:53 - JSON generation date=Wed Nov 29 17:52:27 ICT 2023 (1701255147349)
2024-04-06 12:20:23,039 [FATAL] Updater:308 - Updater called before beeing initialized
2024-04-06 12:20:23,105 [WARN] DetailPanel:346 - Failed to get advertising image, set to default
2024-04-06 12:20:23,185 [FATAL] Updater:308 - Updater called before beeing initialized
2024-04-06 12:20:23,186 [FATAL] Updater:308 - Updater called before beeing initialized
2024-04-06 12:20:23,186 [FATAL] Updater:308 - Updater called before beeing initialized
2024-04-06 12:20:23,186 [WARN] DetailPanel:346 - Failed to get advertising image, set to default
2024-04-06 12:20:23,187 [FATAL] Updater:308 - Updater called before beeing initialized
2024-04-06 12:20:23,246 [ERROR] Updater:1120 - MainUpdater not yet initialized. External WinMGr cannot be set.
2024-04-06 12:20:23,255 [INFO] Updater:1056 - Updater Version found : 6.10.0
2024-04-06 12:20:23,274 [INFO] ApplicationProperties:184 - Using Application install path: G:\stm32cubeide\stm32cubeide114\STM32CubeIDE_1.14.0\STM32CubeIDE\plugins\com.st.stm32cube.common.mx_6.10.0.202311202037
2024-04-06 12:20:23,548 [INFO] ThirdPartyUpdaterWithRetryManager:70 - Updater plugin not ready yet. [2/15]
2024-04-06 12:20:24,422 [INFO] MainUpdater:2873 - connection check result : 10
2024-04-06 12:20:24,423 [INFO] MainUpdater:290 - Updater Check For Update Now.
2024-04-06 12:20:24,423 [INFO] MicroXplorer:498 - Change Database Version : DB.6.0.100
2024-04-06 12:20:24,437 [INFO] McuFinderGlobals:63 - Set McuFinder mode to 2 (CubeIDE integrated)
2024-04-06 12:20:24,629 [INFO] CheckServerUpdateThread:120 - End of CheckServer Thread
2024-04-06 12:20:24,905 [INFO] UserAuth:404 - Internet connection configuration mode: 1
2024-04-06 12:20:24,929 [INFO] JxBrowserEngine:152 - Initiate JxBrowser Engine with user profile folder
2024-04-06 12:20:26,035 [ERROR] LogOutputStream:75 - [STDERR_REDIRECT] 
2024-04-06 19:43:44,199 [INFO] Activator:176 - 


2024-04-06 19:43:44,201 [INFO] Activator:177 - !SESSION log4j initialized
2024-04-06 19:43:50,478 [INFO] LogOutputStream:77 - [STDOUT_REDIRECT] 
2024-04-06 19:43:57,048 [INFO] ApplicationProperties:184 - Using Application install path: G:\stm32cubeide\stm32cubeide114\STM32CubeIDE_1.14.0\STM32CubeIDE\plugins\com.st.stm32cube.common.mx_6.10.0.202311202037
2024-04-06 19:43:57,072 [INFO] DbMcusXml:78 - Set database path to: G:\stm32cubeide\stm32cubeide114\STM32CubeIDE_1.14.0\STM32CubeIDE\plugins\com.st.stm32cube.common.mx_6.10.0.202311202037\\db\/mcu/
2024-04-06 19:43:57,072 [INFO] ApiDb:274 - Set plugin database path to: G:\stm32cubeide\stm32cubeide114\STM32CubeIDE_1.14.0\STM32CubeIDE\plugins\com.st.stm32cube.common.mx_6.10.0.202311202037\\db\/plugins/boardmanager/
2024-04-06 19:43:57,073 [WARN] ApiDb:259 - Overriding images path with different value:  => G:\stm32cubeide\stm32cubeide114\STM32CubeIDE_1.14.0\STM32CubeIDE\plugins\com.st.stm32cube.common.mx_6.10.0.202311202037\\db\/plugins/mcufinder/images/
2024-04-06 19:43:57,088 [INFO] ApiDb:250 - Set database path to: C:\Users\Nghia\.stmcufinder\plugins\mcufinder//mcu/
2024-04-06 19:43:57,089 [INFO] DbMcusAds:125 - Set database path to: C:\Users\Nghia\.stmcufinder\plugins\mcufinder//mcu/
2024-04-06 19:43:57,093 [INFO] CrossReferenceDbSqlite:203 - Set database path to: C:\Users\Nghia\.stmcufinder\plugins\mcufinder//mcu/cs/
2024-04-06 19:43:57,229 [INFO] RulesReader:64 - Compatibility file has been processed (297 Rules)
2024-04-06 19:43:57,321 [INFO] DbMcusXml:78 - Set database path to: G:\stm32cubeide\stm32cubeide114\STM32CubeIDE_1.14.0\STM32CubeIDE\plugins\com.st.stm32cube.common.mx_6.10.0.202311202037\\db\/mcu/
2024-04-06 19:43:57,321 [INFO] ApiDb:274 - Set plugin database path to: G:\stm32cubeide\stm32cubeide114\STM32CubeIDE_1.14.0\STM32CubeIDE\plugins\com.st.stm32cube.common.mx_6.10.0.202311202037\\db\/plugins/boardmanager/
2024-04-06 19:43:57,321 [INFO] ApiDb:261 - Set plugin images path to: G:\stm32cubeide\stm32cubeide114\STM32CubeIDE_1.14.0\STM32CubeIDE\plugins\com.st.stm32cube.common.mx_6.10.0.202311202037\\db\/plugins/mcufinder/images/
2024-04-06 19:43:57,321 [WARN] DbFile:41 - Overriding database path with different value: C:\Users\Nghia\.stmcufinder\plugins\mcufinder/ => C:\Users\Nghia\.stmcufinder\plugins\mcufinder
2024-04-06 19:43:57,321 [INFO] ApiDb:250 - Set database path to: C:\Users\Nghia\.stmcufinder\plugins\mcufinder//mcu/
2024-04-06 19:43:57,321 [WARN] DbFile:41 - Overriding database path with different value: C:\Users\Nghia\.stmcufinder\plugins\mcufinder/ => C:\Users\Nghia\.stmcufinder\plugins\mcufinder
2024-04-06 19:43:57,322 [INFO] DbMcusAds:125 - Set database path to: C:\Users\Nghia\.stmcufinder\plugins\mcufinder//mcu/
2024-04-06 19:43:57,322 [WARN] DbFile:41 - Overriding database path with different value: C:\Users\Nghia\.stmcufinder\plugins\mcufinder/ => C:\Users\Nghia\.stmcufinder\plugins\mcufinder
2024-04-06 19:43:57,322 [WARN] DbFile:41 - Overriding database path with different value: C:\Users\Nghia\.stmcufinder\plugins\mcufinder/ => C:\Users\Nghia\.stmcufinder\plugins\mcufinder
2024-04-06 19:43:57,322 [INFO] CrossReferenceDbSqlite:203 - Set database path to: C:\Users\Nghia\.stmcufinder\plugins\mcufinder//mcu/cs/
2024-04-06 19:43:57,394 [INFO] MainPanel:264 - HeapMemory: 268435456
2024-04-06 19:43:57,483 [INFO] DbMcusXml:78 - Set database path to: G:\stm32cubeide\stm32cubeide114\STM32CubeIDE_1.14.0\STM32CubeIDE\plugins\com.st.stm32cube.common.mx_6.10.0.202311202037\\db\/mcu/
2024-04-06 19:43:57,483 [INFO] ApiDb:274 - Set plugin database path to: G:\stm32cubeide\stm32cubeide114\STM32CubeIDE_1.14.0\STM32CubeIDE\plugins\com.st.stm32cube.common.mx_6.10.0.202311202037\\db\/plugins/boardmanager/
2024-04-06 19:43:57,483 [INFO] ApiDb:261 - Set plugin images path to: G:\stm32cubeide\stm32cubeide114\STM32CubeIDE_1.14.0\STM32CubeIDE\plugins\com.st.stm32cube.common.mx_6.10.0.202311202037\\db\/plugins/mcufinder/images/
2024-04-06 19:43:57,483 [WARN] DbFile:41 - Overriding database path with different value: C:\Users\Nghia\.stmcufinder\plugins\mcufinder/ => C:\Users\Nghia\.stmcufinder\plugins\mcufinder
2024-04-06 19:43:57,484 [INFO] ApiDb:250 - Set database path to: C:\Users\Nghia\.stmcufinder\plugins\mcufinder//mcu/
2024-04-06 19:43:57,484 [WARN] DbFile:41 - Overriding database path with different value: C:\Users\Nghia\.stmcufinder\plugins\mcufinder/ => C:\Users\Nghia\.stmcufinder\plugins\mcufinder
2024-04-06 19:43:57,484 [INFO] DbMcusAds:125 - Set database path to: C:\Users\Nghia\.stmcufinder\plugins\mcufinder//mcu/
2024-04-06 19:43:57,484 [WARN] DbFile:41 - Overriding database path with different value: C:\Users\Nghia\.stmcufinder\plugins\mcufinder/ => C:\Users\Nghia\.stmcufinder\plugins\mcufinder
2024-04-06 19:43:57,484 [WARN] DbFile:41 - Overriding database path with different value: C:\Users\Nghia\.stmcufinder\plugins\mcufinder/ => C:\Users\Nghia\.stmcufinder\plugins\mcufinder
2024-04-06 19:43:57,484 [INFO] CrossReferenceDbSqlite:203 - Set database path to: C:\Users\Nghia\.stmcufinder\plugins\mcufinder//mcu/cs/
2024-04-06 19:43:57,502 [INFO] ApplicationProperties:184 - Using Application install path: G:\stm32cubeide\stm32cubeide114\STM32CubeIDE_1.14.0\STM32CubeIDE\plugins\com.st.stm32cube.common.mx_6.10.0.202311202037
2024-04-06 19:43:57,503 [INFO] PluginManage:196 - Search for loadable plugins [exclusion list=, ]
2024-04-06 19:43:57,505 [INFO] PluginManage:310 - Check plugin analytics
2024-04-06 19:44:02,613 [INFO] AnalyticsPlugin:253 - Accepted Software Licenses: STM32CubeMX.6.8.0,STM32CubeMX.6.1.1
2024-04-06 19:44:02,614 [INFO] AnalyticsPlugin:255 - Accepted CMSIS Pack Licenses: 
2024-04-06 19:44:02,614 [INFO] AnalyticsPlugin:257 - Accepted Firmware Licenses: FW.F4.1.27.0,FW.F4.1.28.0
2024-04-06 19:44:02,616 [INFO] PluginManage:359 - Loaded plugin analytics (category:tool,tabindex:-1)
2024-04-06 19:44:02,617 [INFO] PluginManage:310 - Check plugin cadmodel
2024-04-06 19:44:02,634 [INFO] CADModel:105 - Init CAD model plugin
2024-04-06 19:44:02,634 [INFO] PluginManage:359 - Loaded plugin cadmodel (category:power,tabindex:5)
2024-04-06 19:44:02,634 [INFO] PluginManage:310 - Check plugin clock
2024-04-06 19:44:02,663 [INFO] PluginManage:359 - Loaded plugin clock (category:base,tabindex:2)
2024-04-06 19:44:02,663 [INFO] PluginManage:310 - Check plugin ddr
2024-04-06 19:44:02,670 [INFO] PluginManage:359 - Loaded plugin ddr (category:tool,tabindex:6)
2024-04-06 19:44:02,670 [INFO] PluginManage:310 - Check plugin filemanager
2024-04-06 19:44:02,892 [INFO] PluginManage:359 - Loaded plugin filemanager (category:base,tabindex:10)
2024-04-06 19:44:02,892 [INFO] PluginManage:310 - Check plugin ipmanager
2024-04-06 19:44:02,908 [INFO] PluginManage:359 - Loaded plugin ipmanager (category:base,tabindex:5)
2024-04-06 19:44:02,909 [INFO] PluginManage:310 - Check plugin lpbam
2024-04-06 19:44:02,933 [INFO] PluginManage:359 - Loaded plugin lpbam (category:base,tabindex:0)
2024-04-06 19:44:02,933 [INFO] PluginManage:310 - Check plugin memorymap
2024-04-06 19:44:02,969 [INFO] PluginManage:359 - Loaded plugin memorymap (category:base,tabindex:4)
2024-04-06 19:44:02,969 [INFO] PluginManage:310 - Check plugin pinoutandconfiguration
2024-04-06 19:44:02,990 [INFO] PluginManage:359 - Loaded plugin pinoutandconfiguration (category:base,tabindex:1)
2024-04-06 19:44:02,991 [INFO] PluginManage:310 - Check plugin pinoutconfig
2024-04-06 19:44:03,122 [WARN] SupportedApi:132 - Cannot load RTOS API schema: s4s-elt-must-match.1: The content of 'definitions' must match (annotation?, (simpleType | complexType)?, (unique | key | keyref)*)). A problem was found starting at: attribute.
2024-04-06 19:44:03,357 [INFO] PluginManage:359 - Loaded plugin pinoutconfig (category:base,tabindex:0)
2024-04-06 19:44:03,357 [INFO] PluginManage:310 - Check plugin power
2024-04-06 19:44:03,401 [INFO] PluginManage:359 - Loaded plugin power (category:power,tabindex:4)
2024-04-06 19:44:03,402 [INFO] PluginManage:310 - Check plugin projectmanager
2024-04-06 19:44:03,422 [INFO] PluginManage:359 - Loaded plugin projectmanager (category:projectmanager,tabindex:3)
2024-04-06 19:44:03,422 [INFO] PluginManage:310 - Check plugin thirdparty
2024-04-06 19:44:03,783 [INFO] PluginManage:359 - Loaded plugin thirdparty (category:base,tabindex:-1)
2024-04-06 19:44:03,783 [INFO] PluginManage:310 - Check plugin tools
2024-04-06 19:44:03,783 [WARN] IntegrityCheckThread:84 - waiting for thirdparty lock release [integrity check]
2024-04-06 19:44:03,784 [INFO] IntegrityCheckThread:86 - entering critical section [integrity check]
2024-04-06 19:44:03,784 [INFO] ThirdPartyUpdaterWithRetryManager:70 - Updater plugin not ready yet. [1/15]
2024-04-06 19:44:03,846 [INFO] PluginManage:359 - Loaded plugin tools (category:base,tabindex:7)
2024-04-06 19:44:03,847 [INFO] PluginManage:310 - Check plugin tutovideos
2024-04-06 19:44:04,130 [INFO] PluginManage:359 - Loaded plugin tutovideos (category:base,tabindex:-1)
2024-04-06 19:44:04,130 [INFO] PluginManage:310 - Check plugin updater
2024-04-06 19:44:04,144 [INFO] PluginManage:359 - Loaded plugin updater (category:base,tabindex:12)
2024-04-06 19:44:04,144 [INFO] PluginManage:310 - Check plugin userauth
2024-04-06 19:44:04,152 [INFO] UserAuth:114 - Init User Auth plugin
2024-04-06 19:44:04,153 [INFO] PluginManage:359 - Loaded plugin userauth (category:base,tabindex:14)
2024-04-06 19:44:04,154 [INFO] PluginManage:283 - PluginManage : Loaded plugins [17]
2024-04-06 19:44:04,384 [INFO] PinOutPanel:1499 - setPackage(No Configuration,No Configuration)
2024-04-06 19:44:04,460 [INFO] CADModel:165 - CPN selected for project level
2024-04-06 19:44:04,460 [INFO] CADModel:114 - Register for checkConnection events
2024-04-06 19:44:04,486 [INFO] IPUIPlugin:80 - create IPUIPlugin
2024-04-06 19:44:04,486 [INFO] PluginManager:220 - loadIPPluginJar : add adc
2024-04-06 19:44:04,518 [INFO] IPUIPlugin:80 - create IPUIPlugin
2024-04-06 19:44:04,518 [INFO] PluginManager:220 - loadIPPluginJar : add aes
2024-04-06 19:44:04,553 [INFO] IPUIPlugin:80 - create IPUIPlugin
2024-04-06 19:44:04,554 [INFO] PluginManager:220 - loadIPPluginJar : add can
2024-04-06 19:44:04,573 [INFO] IPUIPlugin:80 - create IPUIPlugin
2024-04-06 19:44:04,573 [INFO] PluginManager:220 - loadIPPluginJar : add comp
2024-04-06 19:44:04,603 [INFO] IPUIPlugin:80 - create IPUIPlugin
2024-04-06 19:44:04,603 [INFO] PluginManager:220 - loadIPPluginJar : add cryp
2024-04-06 19:44:04,630 [INFO] IPUIPlugin:80 - create IPUIPlugin
2024-04-06 19:44:04,630 [INFO] PluginManager:220 - loadIPPluginJar : add dfsdm
2024-04-06 19:44:04,643 [INFO] IPUIPlugin:80 - create IPUIPlugin
2024-04-06 19:44:04,643 [INFO] PluginManager:220 - loadIPPluginJar : add dma
2024-04-06 19:44:04,681 [INFO] IPUIPlugin:80 - create IPUIPlugin
2024-04-06 19:44:04,682 [INFO] PluginManager:220 - loadIPPluginJar : add dma3
2024-04-06 19:44:04,699 [INFO] IPUIPlugin:80 - create IPUIPlugin
2024-04-06 19:44:04,699 [INFO] PluginManager:220 - loadIPPluginJar : add fatfs
2024-04-06 19:44:04,748 [INFO] IPUIPlugin:80 - create IPUIPlugin
2024-04-06 19:44:04,748 [INFO] PluginManager:220 - loadIPPluginJar : add fmc
2024-04-06 19:44:04,762 [INFO] IPUIPlugin:80 - create IPUIPlugin
2024-04-06 19:44:04,762 [INFO] PluginManager:220 - loadIPPluginJar : add freertos
2024-04-06 19:44:04,799 [INFO] IPUIPlugin:80 - create IPUIPlugin
2024-04-06 19:44:04,799 [INFO] PluginManager:220 - loadIPPluginJar : add genericplugin
2024-04-06 19:44:04,906 [INFO] IPUIPlugin:80 - create IPUIPlugin
2024-04-06 19:44:04,906 [INFO] PluginManager:220 - loadIPPluginJar : add gfxmmu
2024-04-06 19:44:05,050 [INFO] IPUIPlugin:80 - create IPUIPlugin
2024-04-06 19:44:05,050 [INFO] PluginManager:220 - loadIPPluginJar : add gic
2024-04-06 19:44:05,067 [INFO] IPUIPlugin:80 - create IPUIPlugin
2024-04-06 19:44:05,067 [INFO] PluginManager:220 - loadIPPluginJar : add gpio
2024-04-06 19:44:05,174 [INFO] IPUIPlugin:80 - create IPUIPlugin
2024-04-06 19:44:05,175 [INFO] PluginManager:220 - loadIPPluginJar : add gtzc
2024-04-06 19:44:05,218 [INFO] IPUIPlugin:80 - create IPUIPlugin
2024-04-06 19:44:05,219 [INFO] PluginManager:220 - loadIPPluginJar : add hash
2024-04-06 19:44:05,313 [INFO] IPUIPlugin:80 - create IPUIPlugin
2024-04-06 19:44:05,314 [INFO] PluginManager:220 - loadIPPluginJar : add i2c
2024-04-06 19:44:05,382 [INFO] IPUIPlugin:80 - create IPUIPlugin
2024-04-06 19:44:05,382 [INFO] PluginManager:220 - loadIPPluginJar : add i2s
2024-04-06 19:44:05,436 [INFO] IPUIPlugin:80 - create IPUIPlugin
2024-04-06 19:44:05,437 [INFO] PluginManager:220 - loadIPPluginJar : add i3c
2024-04-06 19:44:05,559 [INFO] IPUIPlugin:80 - create IPUIPlugin
2024-04-06 19:44:05,559 [INFO] PluginManager:220 - loadIPPluginJar : add ipddr
2024-04-06 19:44:05,685 [INFO] IPUIPlugin:80 - create IPUIPlugin
2024-04-06 19:44:05,685 [INFO] PluginManager:220 - loadIPPluginJar : add linkedlist
2024-04-06 19:44:05,739 [INFO] IPUIPlugin:80 - create IPUIPlugin
2024-04-06 19:44:05,739 [INFO] PluginManager:220 - loadIPPluginJar : add lorawan
2024-04-06 19:44:05,786 [INFO] IPUIPlugin:80 - create IPUIPlugin
2024-04-06 19:44:05,786 [INFO] PluginManager:220 - loadIPPluginJar : add ltdc
2024-04-06 19:44:05,809 [INFO] IPUIPlugin:80 - create IPUIPlugin
2024-04-06 19:44:05,809 [INFO] PluginManager:220 - loadIPPluginJar : add mdma
2024-04-06 19:44:05,828 [INFO] IPUIPlugin:80 - create IPUIPlugin
2024-04-06 19:44:05,828 [INFO] PluginManager:220 - loadIPPluginJar : add nvic
2024-04-06 19:44:05,874 [INFO] IPUIPlugin:80 - create IPUIPlugin
2024-04-06 19:44:05,874 [INFO] PluginManager:220 - loadIPPluginJar : add opamp
2024-04-06 19:44:05,947 [INFO] IPUIPlugin:80 - create IPUIPlugin
2024-04-06 19:44:05,947 [INFO] PluginManager:220 - loadIPPluginJar : add openamp
2024-04-06 19:44:05,997 [INFO] IPUIPlugin:80 - create IPUIPlugin
2024-04-06 19:44:05,997 [INFO] PluginManager:220 - loadIPPluginJar : add pdm2pcm
2024-04-06 19:44:06,014 [INFO] IPUIPlugin:80 - create IPUIPlugin
2024-04-06 19:44:06,019 [INFO] PluginManager:220 - loadIPPluginJar : add plateformsettings
2024-04-06 19:44:06,048 [INFO] IPUIPlugin:80 - create IPUIPlugin
2024-04-06 19:44:06,048 [INFO] PluginManager:220 - loadIPPluginJar : add quadspi
2024-04-06 19:44:06,062 [INFO] IPUIPlugin:80 - create IPUIPlugin
2024-04-06 19:44:06,062 [INFO] PluginManager:220 - loadIPPluginJar : add resmgrutility
2024-04-06 19:44:06,115 [INFO] IPUIPlugin:80 - create IPUIPlugin
2024-04-06 19:44:06,115 [INFO] PluginManager:220 - loadIPPluginJar : add sai
2024-04-06 19:44:06,159 [INFO] IPUIPlugin:80 - create IPUIPlugin
2024-04-06 19:44:06,160 [INFO] PluginManager:220 - loadIPPluginJar : add spi
2024-04-06 19:44:06,249 [INFO] IPUIPlugin:80 - create IPUIPlugin
2024-04-06 19:44:06,249 [INFO] PluginManager:220 - loadIPPluginJar : add stm32_wpan
2024-04-06 19:44:06,273 [INFO] IPUIPlugin:80 - create IPUIPlugin
2024-04-06 19:44:06,273 [INFO] PluginManager:220 - loadIPPluginJar : add tim
2024-04-06 19:44:06,333 [INFO] IPUIPlugin:80 - create IPUIPlugin
2024-04-06 19:44:06,333 [INFO] PluginManager:220 - loadIPPluginJar : add touchsensing
2024-04-06 19:44:06,355 [INFO] IPUIPlugin:80 - create IPUIPlugin
2024-04-06 19:44:06,356 [INFO] PluginManager:220 - loadIPPluginJar : add tracer_emb
2024-04-06 19:44:06,380 [INFO] IPUIPlugin:80 - create IPUIPlugin
2024-04-06 19:44:06,381 [INFO] PluginManager:220 - loadIPPluginJar : add ts
2024-04-06 19:44:06,404 [INFO] IPUIPlugin:80 - create IPUIPlugin
2024-04-06 19:44:06,404 [INFO] PluginManager:220 - loadIPPluginJar : add tsc
2024-04-06 19:44:06,434 [INFO] IPUIPlugin:80 - create IPUIPlugin
2024-04-06 19:44:06,434 [INFO] PluginManager:220 - loadIPPluginJar : add ucpd
2024-04-06 19:44:06,490 [INFO] IPUIPlugin:80 - create IPUIPlugin
2024-04-06 19:44:06,491 [INFO] PluginManager:220 - loadIPPluginJar : add usart
2024-04-06 19:44:06,547 [INFO] IPUIPlugin:80 - create IPUIPlugin
2024-04-06 19:44:06,547 [INFO] PluginManager:220 - loadIPPluginJar : add usbx
2024-04-06 19:44:06,712 [INFO] CADModel:165 - CPN selected for project level
2024-04-06 19:44:06,712 [INFO] CADModel:114 - Register for checkConnection events
2024-04-06 19:44:06,713 [FATAL] Updater:308 - Updater called before beeing initialized
2024-04-06 19:44:06,713 [ERROR] CADModel:125 - Updater not yet initialized, retry later 
2024-04-06 19:44:06,786 [INFO] ThirdPartyUpdaterWithRetryManager:70 - Updater plugin not ready yet. [2/15]
2024-04-06 19:44:06,910 [INFO] CADModel:165 - CPN selected for project level
2024-04-06 19:44:06,911 [INFO] CADModel:114 - Register for checkConnection events
2024-04-06 19:44:06,911 [FATAL] Updater:308 - Updater called before beeing initialized
2024-04-06 19:44:06,911 [ERROR] CADModel:125 - Updater not yet initialized, retry later 
2024-04-06 19:44:06,916 [FATAL] Updater:308 - Updater called before beeing initialized
2024-04-06 19:44:07,039 [FATAL] Updater:308 - Updater called before beeing initialized
2024-04-06 19:44:07,048 [INFO] DbMcusAds:53 - JSON generation date=Wed Nov 29 17:52:27 ICT 2023 (1701255147349)
2024-04-06 19:44:07,048 [FATAL] Updater:308 - Updater called before beeing initialized
2024-04-06 19:44:07,126 [WARN] DetailPanel:346 - Failed to get advertising image, set to default
2024-04-06 19:44:07,220 [FATAL] Updater:308 - Updater called before beeing initialized
2024-04-06 19:44:07,222 [FATAL] Updater:308 - Updater called before beeing initialized
2024-04-06 19:44:07,223 [FATAL] Updater:308 - Updater called before beeing initialized
2024-04-06 19:44:07,223 [WARN] DetailPanel:346 - Failed to get advertising image, set to default
2024-04-06 19:44:07,224 [FATAL] Updater:308 - Updater called before beeing initialized
2024-04-06 19:44:07,294 [ERROR] Updater:1120 - MainUpdater not yet initialized. External WinMGr cannot be set.
2024-04-06 19:44:07,306 [INFO] Updater:1056 - Updater Version found : 6.10.0
2024-04-06 19:44:07,326 [INFO] ApplicationProperties:184 - Using Application install path: G:\stm32cubeide\stm32cubeide114\STM32CubeIDE_1.14.0\STM32CubeIDE\plugins\com.st.stm32cube.common.mx_6.10.0.202311202037
2024-04-06 19:44:07,848 [INFO] MainUpdater:2873 - connection check result : 10
2024-04-06 19:44:07,849 [INFO] MainUpdater:290 - Updater Check For Update Now.
2024-04-06 19:44:07,849 [INFO] MicroXplorer:498 - Change Database Version : DB.6.0.100
2024-04-06 19:44:07,875 [INFO] McuFinderGlobals:63 - Set McuFinder mode to 2 (CubeIDE integrated)
2024-04-06 19:44:08,048 [INFO] CheckServerUpdateThread:120 - End of CheckServer Thread
2024-04-06 19:44:08,310 [INFO] UserAuth:404 - Internet connection configuration mode: 1
2024-04-06 19:44:08,333 [INFO] JxBrowserEngine:152 - Initiate JxBrowser Engine with user profile folder
2024-04-06 19:44:10,025 [WARN] PackLoader:240 - Cannot read IP mode file for STMicroelectronics.X-CUBE-SMBUS.2.1.0
2024-04-06 19:44:10,044 [WARN] PackLoader:240 - Cannot read IP mode file for STMicroelectronics.X-CUBE-TOUCHGFX.4.23.1
2024-04-06 19:44:10,058 [WARN] PackLoader:240 - Cannot read IP mode file for STMicroelectronics.X-CUBE-TOUCHGFX.4.23.0
2024-04-06 19:44:10,068 [WARN] PackLoader:240 - Cannot read IP mode file for STMicroelectronics.X-CUBE-TOUCHGFX.4.23.2
2024-04-06 19:44:10,107 [WARN] PackLoader:240 - Cannot read IP mode file for STMicroelectronics.X-CUBE-AZRTOS-F7.1.1.0
2024-04-06 19:44:10,126 [WARN] PackLoader:240 - Cannot read IP mode file for STMicroelectronics.FP-SNS-MOTENV1.4.3.2
2024-04-06 19:44:10,140 [WARN] PackLoader:240 - Cannot read IP mode file for STMicroelectronics.FP-SNS-FLIGHT1.5.0.2
2024-04-06 19:44:10,157 [WARN] PackLoader:240 - Cannot read IP mode file for STMicroelectronics.X-CUBE-DISPLAY.3.0.0
2024-04-06 19:44:10,178 [WARN] PackLoader:240 - Cannot read IP mode file for STMicroelectronics.X-CUBE-BLE1.7.0.0
2024-04-06 19:44:10,191 [WARN] PackLoader:240 - Cannot read IP mode file for emotas.I-CUBE-CANOPEN.1.3.0
2024-04-06 19:44:10,203 [WARN] PackLoader:240 - Cannot read IP mode file for STMicroelectronics.X-CUBE-TOUCHGFX.4.22.1
2024-04-06 19:44:10,227 [WARN] PackLoader:240 - Cannot read IP mode file for STMicroelectronics.X-CUBE-BLEMGR.3.1.0
2024-04-06 19:44:10,244 [WARN] PackLoader:240 - Cannot read IP mode file for STMicroelectronics.FP-SNS-SMARTAG2.1.2.0
2024-04-06 19:44:10,262 [INFO] LogOutputStream:77 - [STDOUT_REDIRECT] 1 : Invalid condition id : UX_CORESTACK_Condition cause : null
2024-04-06 19:44:10,262 [INFO] LogOutputStream:77 - [STDOUT_REDIRECT] 1 : Invalid condition id : UX_CORESTACK_Condition cause : null
2024-04-06 19:44:10,264 [INFO] LogOutputStream:77 - [STDOUT_REDIRECT] 1 : Invalid condition id : UX_CORESTACK_Condition cause : null
2024-04-06 19:44:10,265 [INFO] LogOutputStream:77 - [STDOUT_REDIRECT] 1 : Invalid condition id : UX_CORESTACK_Condition cause : null
2024-04-06 19:44:10,266 [INFO] LogOutputStream:77 - [STDOUT_REDIRECT] 1 : Invalid condition id : UX_CORESTACK_Condition cause : null
2024-04-06 19:44:10,269 [WARN] PackLoader:240 - Cannot read IP mode file for STMicroelectronics.X-CUBE-AZRTOS-WL.2.0.0
2024-04-06 19:44:10,286 [WARN] PackLoader:240 - Cannot read IP mode file for STMicroelectronics.FP-SNS-MOTENV1.5.0.0
2024-04-06 19:44:10,302 [WARN] PackLoader:240 - Cannot read IP mode file for WES.I-CUBE-Cesium.1.3.0
2024-04-06 19:44:10,317 [WARN] PackLoader:240 - Cannot read IP mode file for STMicroelectronics.X-CUBE-BLE2.3.3.0
2024-04-06 19:44:10,329 [WARN] PackLoader:240 - Cannot read IP mode file for STMicroelectronics.X-CUBE-ALGOBUILD.1.3.0
2024-04-06 19:44:10,357 [WARN] PackLoader:240 - Cannot read IP mode file for STMicroelectronics.X-CUBE-AZRTOS-G0.1.1.0
2024-04-06 19:44:10,376 [WARN] PackLoader:240 - Cannot read IP mode file for STMicroelectronics.X-CUBE-SAFEA1.1.2.2
2024-04-06 19:44:10,398 [WARN] PackLoader:240 - Cannot read IP mode file for STMicroelectronics.X-CUBE-NFC4.3.0.0
2024-04-06 19:44:10,421 [WARN] PackLoader:240 - Cannot read IP mode file for STMicroelectronics.X-CUBE-BLEMGR.3.0.0
2024-04-06 19:44:10,436 [WARN] PackLoader:240 - Cannot read IP mode file for STMicroelectronics.FP-ATR-SIGFOX1.3.2.0
2024-04-06 19:44:10,452 [WARN] PackLoader:240 - Cannot read IP mode file for STMicroelectronics.X-CUBE-EEPRMA1.5.1.0
2024-04-06 19:44:10,488 [WARN] PackLoader:240 - Cannot read IP mode file for SEGGER.I-CUBE-embOS.1.3.1
2024-04-06 19:44:10,534 [WARN] PackLoader:240 - Cannot read IP mode file for STMicroelectronics.X-CUBE-GNSS1.6.0.0
2024-04-06 19:44:10,562 [WARN] PackLoader:240 - Cannot read IP mode file for STMicroelectronics.X-CUBE-AZRTOS-F4.1.1.0
2024-04-06 19:44:10,576 [WARN] PackLoader:240 - Cannot read IP mode file for wolfSSL.I-CUBE-wolfSSL.5.6.3
2024-04-06 19:44:10,605 [WARN] PackLoader:240 - Cannot read IP mode file for STMicroelectronics.X-CUBE-AZRTOS-L5.2.0.0
2024-04-06 19:44:10,661 [WARN] PackLoader:240 - Cannot read IP mode file for STMicroelectronics.X-CUBE-MEMS1.9.6.0
2024-04-06 19:44:10,832 [WARN] PackLoader:240 - Cannot read IP mode file for STMicroelectronics.X-CUBE-EEPRMA1.4.2.0
2024-04-06 19:44:10,850 [WARN] PackLoader:240 - Cannot read IP mode file for STMicroelectronics.X-CUBE-NFC6.3.1.0
2024-04-06 19:44:10,927 [WARN] PackLoader:240 - Cannot read IP mode file for ITTIA_DB.I-CUBE-ITTIADB.8.8.0
2024-04-06 19:44:10,947 [WARN] PackLoader:240 - Cannot read IP mode file for STMicroelectronics.X-CUBE-BLEMGR.2.0.0
2024-04-06 19:44:10,979 [WARN] ConditionMgr:438 - getConditionDescription Invalid condition id : UX DEVICE CLASS RTOS Condition cause : null
2024-04-06 19:44:10,980 [WARN] ConditionMgr:438 - getConditionDescription Invalid condition id : UX DEVICE CLASS RTOS Condition cause : null
2024-04-06 19:44:10,983 [WARN] PackLoader:240 - Cannot read IP mode file for STMicroelectronics.X-CUBE-AZRTOS-H7.3.1.0
2024-04-06 19:44:10,984 [WARN] ConditionMgr:1039 - genDependencies : Invalid condition id : UX DEVICE CLASS RTOS Condition cause : null
2024-04-06 19:44:10,984 [WARN] ConditionMgr:1039 - genDependencies : Invalid condition id : UX DEVICE CLASS RTOS Condition cause : null
2024-04-06 19:44:10,985 [WARN] ConditionMgr:1039 - genDependencies : Invalid condition id : UX DEVICE CLASS RTOS Condition cause : null
2024-04-06 19:44:10,985 [WARN] ConditionMgr:1039 - genDependencies : Invalid condition id : UX DEVICE CLASS RTOS Condition cause : null
2024-04-06 19:44:10,986 [WARN] ConditionMgr:1039 - genDependencies : Invalid condition id : UX DEVICE CLASS RTOS Condition cause : null
2024-04-06 19:44:11,063 [WARN] PackLoader:240 - Cannot read IP mode file for STMicroelectronics.X-CUBE-NFC7.1.0.1
2024-04-06 19:44:11,128 [WARN] PackLoader:240 - Cannot read IP mode file for STMicroelectronics.X-CUBE-NFC6.3.0.0
2024-04-06 19:44:11,144 [WARN] PackLoader:240 - Cannot read IP mode file for STMicroelectronics.X-CUBE-EEPRMA1.4.1.0
2024-04-06 19:44:11,156 [WARN] PackLoader:240 - Cannot read IP mode file for STMicroelectronics.X-CUBE-AI.8.1.0
2024-04-06 19:44:11,190 [WARN] ConditionMgr:438 - getConditionDescription Invalid condition id : LAN8742 Phy interface Condition cause : null
2024-04-06 19:44:11,191 [WARN] PackLoader:240 - Cannot read IP mode file for STMicroelectronics.X-CUBE-AZRTOS-L4.2.0.0
2024-04-06 19:44:11,192 [WARN] ConditionMgr:1039 - genDependencies : Invalid condition id : LAN8742 Phy interface Condition cause : null
2024-04-06 19:44:11,193 [WARN] ConditionMgr:1039 - genDependencies : Invalid condition id : LAN8742 Phy interface Condition cause : null
2024-04-06 19:44:11,193 [WARN] ConditionMgr:1039 - genDependencies : Invalid condition id : LAN8742 Phy interface Condition cause : null
2024-04-06 19:44:11,207 [WARN] PackLoader:240 - Cannot read IP mode file for STMicroelectronics.X-CUBE-SFXS2LP1.4.0.0
2024-04-06 19:44:11,221 [WARN] PackLoader:240 - Cannot read IP mode file for STMicroelectronics.X-CUBE-ISPU.1.1.0
2024-04-06 19:44:11,250 [WARN] ConditionMgr:438 - getConditionDescription Invalid condition id : UX DEVICE CLASS RTOS Condition cause : null
2024-04-06 19:44:11,250 [WARN] ConditionMgr:438 - getConditionDescription Invalid condition id : UX DEVICE CLASS RTOS Condition cause : null
2024-04-06 19:44:11,252 [WARN] PackLoader:240 - Cannot read IP mode file for STMicroelectronics.X-CUBE-AZRTOS-WB.2.0.0
2024-04-06 19:44:11,253 [WARN] ConditionMgr:1039 - genDependencies : Invalid condition id : UX DEVICE CLASS RTOS Condition cause : null
2024-04-06 19:44:11,253 [WARN] ConditionMgr:1039 - genDependencies : Invalid condition id : UX DEVICE CLASS RTOS Condition cause : null
2024-04-06 19:44:11,253 [WARN] ConditionMgr:1039 - genDependencies : Invalid condition id : UX DEVICE CLASS RTOS Condition cause : null
2024-04-06 19:44:11,253 [WARN] ConditionMgr:1039 - genDependencies : Invalid condition id : UX DEVICE CLASS RTOS Condition cause : null
2024-04-06 19:44:11,253 [WARN] ConditionMgr:1039 - genDependencies : Invalid condition id : UX DEVICE CLASS RTOS Condition cause : null
2024-04-06 19:44:11,271 [WARN] PackLoader:240 - Cannot read IP mode file for STMicroelectronics.X-CUBE-SUBG2.5.0.0
2024-04-06 19:44:11,297 [WARN] PackLoader:240 - Cannot read IP mode file for STMicroelectronics.X-CUBE-TOF1.3.3.1
2024-04-06 19:44:11,331 [WARN] PackLoader:240 - Cannot read IP mode file for STMicroelectronics.X-CUBE-AZRTOS-G4.2.0.0
2024-04-06 19:44:11,365 [WARN] PackLoader:240 - Cannot read IP mode file for Infineon.AIROC-Wi-Fi-Bluetooth-STM32.1.5.1
2024-04-06 19:44:11,416 [WARN] PackLoader:240 - Cannot read IP mode file for STMicroelectronics.FP-SNS-MOTENVWB1.1.3.0
2024-04-06 19:44:11,505 [WARN] PackLoader:240 - Cannot read IP mode file for STMicroelectronics.FP-SNS-MOTENVWB1.1.3.1
2024-04-06 19:44:11,518 [WARN] PackLoader:240 - Cannot read IP mode file for STMicroelectronics.X-CUBE-ISPU.2.0.0
2024-04-06 19:44:11,578 [WARN] PackLoader:240 - Cannot read IP mode file for STMicroelectronics.X-CUBE-MEMS1.10.0.0
2024-04-06 19:44:11,985 [WARN] PackLoader:240 - Cannot read IP mode file for STMicroelectronics.X-CUBE-FREERTOS.1.1.0
2024-04-06 19:44:12,004 [WARN] PackLoader:240 - Cannot read IP mode file for portGmbH.I-Cube-SoM-uGOAL.1.1.0
2024-04-06 19:44:12,026 [WARN] PackLoader:240 - Cannot read IP mode file for STMicroelectronics.X-CUBE-ALS.1.0.1
2024-04-06 19:44:12,044 [WARN] PackLoader:240 - Cannot read IP mode file for STMicroelectronics.FP-ATR-ASTRA1.2.0.0
2024-04-06 19:44:12,071 [WARN] PackLoader:240 - Cannot read IP mode file for STMicroelectronics.X-CUBE-TOF1.3.4.0
2024-04-06 19:44:12,114 [WARN] PackLoader:240 - Cannot read IP mode file for STMicroelectronics.X-CUBE-TOF1.3.4.1
2024-04-06 19:44:12,172 [WARN] PackLoader:240 - Cannot read IP mode file for STMicroelectronics.X-CUBE-AZRTOS-H7.3.2.0
2024-04-06 19:44:12,176 [INFO] ThirdParty:978 - Integrity check success = true
2024-04-06 19:44:12,176 [INFO] IntegrityCheckThread:100 - exiting critical section [integrity check]
2024-04-06 19:44:12,177 [INFO] IntegrityCheckThread:103 - End integrity checks thread
2024-04-06 19:44:12,208 [INFO] WebApp:161 - Instantiating new browser for Auth
2024-04-06 19:44:13,379 [INFO] WebApp:780 - Register for checkConnection events
2024-04-06 19:44:13,379 [INFO] WebApp:414 - Apply proxy settings
2024-04-06 19:44:13,379 [INFO] WebApp:499 - Chromium requires no authentication
2024-04-06 19:44:13,387 [INFO] WebApp:442 - Direct internet connection detected
2024-04-06 19:44:13,622 [INFO] WebApp:192 - Starting web application
2024-04-06 19:44:13,622 [INFO] WebApp:544 - Web application path used G:\stm32cubeide\stm32cubeide114\STM32CubeIDE_1.14.0\STM32CubeIDE\plugins\com.st.stm32cube.common.mx_6.10.0.202311202037\db\plugins\mcufinder\reactClient1\index.html
2024-04-06 19:44:34,812 [ERROR] LogOutputStream:75 - [STDERR_REDIRECT] SLF4J: Failed to load class "org.slf4j.impl.StaticLoggerBinder".
2024-04-06 19:44:34,813 [ERROR] LogOutputStream:75 - [STDERR_REDIRECT] SLF4J: Defaulting to no-operation (NOP) logger implementation
2024-04-06 19:44:34,814 [ERROR] LogOutputStream:75 - [STDERR_REDIRECT] SLF4J: See http://www.slf4j.org/codes.html#StaticLoggerBinder for further details.
2024-04-06 20:32:42,749 [ERROR] LogOutputStream:75 - [STDERR_REDIRECT] 
2024-04-06 20:36:18,763 [INFO] Activator:176 - 


2024-04-06 20:36:18,765 [INFO] Activator:177 - !SESSION log4j initialized
2024-04-06 20:36:23,929 [INFO] LogOutputStream:77 - [STDOUT_REDIRECT] 
2024-04-06 20:36:29,566 [INFO] ApplicationProperties:184 - Using Application install path: G:\stm32cubeide\stm32cubeide114\STM32CubeIDE_1.14.0\STM32CubeIDE\plugins\com.st.stm32cube.common.mx_6.10.0.202311202037
2024-04-06 20:36:29,585 [INFO] DbMcusXml:78 - Set database path to: G:\stm32cubeide\stm32cubeide114\STM32CubeIDE_1.14.0\STM32CubeIDE\plugins\com.st.stm32cube.common.mx_6.10.0.202311202037\\db\/mcu/
2024-04-06 20:36:29,585 [INFO] ApiDb:274 - Set plugin database path to: G:\stm32cubeide\stm32cubeide114\STM32CubeIDE_1.14.0\STM32CubeIDE\plugins\com.st.stm32cube.common.mx_6.10.0.202311202037\\db\/plugins/boardmanager/
2024-04-06 20:36:29,586 [WARN] ApiDb:259 - Overriding images path with different value:  => G:\stm32cubeide\stm32cubeide114\STM32CubeIDE_1.14.0\STM32CubeIDE\plugins\com.st.stm32cube.common.mx_6.10.0.202311202037\\db\/plugins/mcufinder/images/
2024-04-06 20:36:29,592 [INFO] ApiDb:250 - Set database path to: C:\Users\Nghia\.stmcufinder\plugins\mcufinder//mcu/
2024-04-06 20:36:29,593 [INFO] DbMcusAds:125 - Set database path to: C:\Users\Nghia\.stmcufinder\plugins\mcufinder//mcu/
2024-04-06 20:36:29,596 [INFO] CrossReferenceDbSqlite:203 - Set database path to: C:\Users\Nghia\.stmcufinder\plugins\mcufinder//mcu/cs/
2024-04-06 20:36:29,702 [INFO] RulesReader:64 - Compatibility file has been processed (297 Rules)
2024-04-06 20:36:29,778 [INFO] DbMcusXml:78 - Set database path to: G:\stm32cubeide\stm32cubeide114\STM32CubeIDE_1.14.0\STM32CubeIDE\plugins\com.st.stm32cube.common.mx_6.10.0.202311202037\\db\/mcu/
2024-04-06 20:36:29,778 [INFO] ApiDb:274 - Set plugin database path to: G:\stm32cubeide\stm32cubeide114\STM32CubeIDE_1.14.0\STM32CubeIDE\plugins\com.st.stm32cube.common.mx_6.10.0.202311202037\\db\/plugins/boardmanager/
2024-04-06 20:36:29,778 [INFO] ApiDb:261 - Set plugin images path to: G:\stm32cubeide\stm32cubeide114\STM32CubeIDE_1.14.0\STM32CubeIDE\plugins\com.st.stm32cube.common.mx_6.10.0.202311202037\\db\/plugins/mcufinder/images/
2024-04-06 20:36:29,778 [WARN] DbFile:41 - Overriding database path with different value: C:\Users\Nghia\.stmcufinder\plugins\mcufinder/ => C:\Users\Nghia\.stmcufinder\plugins\mcufinder
2024-04-06 20:36:29,778 [INFO] ApiDb:250 - Set database path to: C:\Users\Nghia\.stmcufinder\plugins\mcufinder//mcu/
2024-04-06 20:36:29,778 [WARN] DbFile:41 - Overriding database path with different value: C:\Users\Nghia\.stmcufinder\plugins\mcufinder/ => C:\Users\Nghia\.stmcufinder\plugins\mcufinder
2024-04-06 20:36:29,779 [INFO] DbMcusAds:125 - Set database path to: C:\Users\Nghia\.stmcufinder\plugins\mcufinder//mcu/
2024-04-06 20:36:29,779 [WARN] DbFile:41 - Overriding database path with different value: C:\Users\Nghia\.stmcufinder\plugins\mcufinder/ => C:\Users\Nghia\.stmcufinder\plugins\mcufinder
2024-04-06 20:36:29,779 [WARN] DbFile:41 - Overriding database path with different value: C:\Users\Nghia\.stmcufinder\plugins\mcufinder/ => C:\Users\Nghia\.stmcufinder\plugins\mcufinder
2024-04-06 20:36:29,779 [INFO] CrossReferenceDbSqlite:203 - Set database path to: C:\Users\Nghia\.stmcufinder\plugins\mcufinder//mcu/cs/
2024-04-06 20:36:29,850 [INFO] MainPanel:264 - HeapMemory: 268435456
2024-04-06 20:36:29,935 [INFO] DbMcusXml:78 - Set database path to: G:\stm32cubeide\stm32cubeide114\STM32CubeIDE_1.14.0\STM32CubeIDE\plugins\com.st.stm32cube.common.mx_6.10.0.202311202037\\db\/mcu/
2024-04-06 20:36:29,935 [INFO] ApiDb:274 - Set plugin database path to: G:\stm32cubeide\stm32cubeide114\STM32CubeIDE_1.14.0\STM32CubeIDE\plugins\com.st.stm32cube.common.mx_6.10.0.202311202037\\db\/plugins/boardmanager/
2024-04-06 20:36:29,935 [INFO] ApiDb:261 - Set plugin images path to: G:\stm32cubeide\stm32cubeide114\STM32CubeIDE_1.14.0\STM32CubeIDE\plugins\com.st.stm32cube.common.mx_6.10.0.202311202037\\db\/plugins/mcufinder/images/
2024-04-06 20:36:29,936 [WARN] DbFile:41 - Overriding database path with different value: C:\Users\Nghia\.stmcufinder\plugins\mcufinder/ => C:\Users\Nghia\.stmcufinder\plugins\mcufinder
2024-04-06 20:36:29,936 [INFO] ApiDb:250 - Set database path to: C:\Users\Nghia\.stmcufinder\plugins\mcufinder//mcu/
2024-04-06 20:36:29,936 [WARN] DbFile:41 - Overriding database path with different value: C:\Users\Nghia\.stmcufinder\plugins\mcufinder/ => C:\Users\Nghia\.stmcufinder\plugins\mcufinder
2024-04-06 20:36:29,936 [INFO] DbMcusAds:125 - Set database path to: C:\Users\Nghia\.stmcufinder\plugins\mcufinder//mcu/
2024-04-06 20:36:29,936 [WARN] DbFile:41 - Overriding database path with different value: C:\Users\Nghia\.stmcufinder\plugins\mcufinder/ => C:\Users\Nghia\.stmcufinder\plugins\mcufinder
2024-04-06 20:36:29,936 [WARN] DbFile:41 - Overriding database path with different value: C:\Users\Nghia\.stmcufinder\plugins\mcufinder/ => C:\Users\Nghia\.stmcufinder\plugins\mcufinder
2024-04-06 20:36:29,936 [INFO] CrossReferenceDbSqlite:203 - Set database path to: C:\Users\Nghia\.stmcufinder\plugins\mcufinder//mcu/cs/
2024-04-06 20:36:29,953 [INFO] ApplicationProperties:184 - Using Application install path: G:\stm32cubeide\stm32cubeide114\STM32CubeIDE_1.14.0\STM32CubeIDE\plugins\com.st.stm32cube.common.mx_6.10.0.202311202037
2024-04-06 20:36:29,955 [INFO] PluginManage:196 - Search for loadable plugins [exclusion list=, ]
2024-04-06 20:36:29,957 [INFO] PluginManage:310 - Check plugin analytics
2024-04-06 20:36:35,025 [INFO] AnalyticsPlugin:253 - Accepted Software Licenses: STM32CubeMX.6.8.0,STM32CubeMX.6.1.1
2024-04-06 20:36:35,026 [INFO] AnalyticsPlugin:255 - Accepted CMSIS Pack Licenses: 
2024-04-06 20:36:35,026 [INFO] AnalyticsPlugin:257 - Accepted Firmware Licenses: FW.F4.1.27.0,FW.F4.1.28.0
2024-04-06 20:36:35,029 [INFO] PluginManage:359 - Loaded plugin analytics (category:tool,tabindex:-1)
2024-04-06 20:36:35,030 [INFO] PluginManage:310 - Check plugin cadmodel
2024-04-06 20:36:35,038 [INFO] CADModel:105 - Init CAD model plugin
2024-04-06 20:36:35,038 [INFO] PluginManage:359 - Loaded plugin cadmodel (category:power,tabindex:5)
2024-04-06 20:36:35,038 [INFO] PluginManage:310 - Check plugin clock
2024-04-06 20:36:35,052 [INFO] PluginManage:359 - Loaded plugin clock (category:base,tabindex:2)
2024-04-06 20:36:35,052 [INFO] PluginManage:310 - Check plugin ddr
2024-04-06 20:36:35,055 [INFO] PluginManage:359 - Loaded plugin ddr (category:tool,tabindex:6)
2024-04-06 20:36:35,055 [INFO] PluginManage:310 - Check plugin filemanager
2024-04-06 20:36:35,215 [INFO] PluginManage:359 - Loaded plugin filemanager (category:base,tabindex:10)
2024-04-06 20:36:35,215 [INFO] PluginManage:310 - Check plugin ipmanager
2024-04-06 20:36:35,222 [INFO] PluginManage:359 - Loaded plugin ipmanager (category:base,tabindex:5)
2024-04-06 20:36:35,222 [INFO] PluginManage:310 - Check plugin lpbam
2024-04-06 20:36:35,229 [INFO] PluginManage:359 - Loaded plugin lpbam (category:base,tabindex:0)
2024-04-06 20:36:35,230 [INFO] PluginManage:310 - Check plugin memorymap
2024-04-06 20:36:35,247 [INFO] PluginManage:359 - Loaded plugin memorymap (category:base,tabindex:4)
2024-04-06 20:36:35,247 [INFO] PluginManage:310 - Check plugin pinoutandconfiguration
2024-04-06 20:36:35,256 [INFO] PluginManage:359 - Loaded plugin pinoutandconfiguration (category:base,tabindex:1)
2024-04-06 20:36:35,256 [INFO] PluginManage:310 - Check plugin pinoutconfig
2024-04-06 20:36:35,338 [WARN] SupportedApi:132 - Cannot load RTOS API schema: s4s-elt-must-match.1: The content of 'definitions' must match (annotation?, (simpleType | complexType)?, (unique | key | keyref)*)). A problem was found starting at: attribute.
2024-04-06 20:36:35,473 [INFO] PluginManage:359 - Loaded plugin pinoutconfig (category:base,tabindex:0)
2024-04-06 20:36:35,473 [INFO] PluginManage:310 - Check plugin power
2024-04-06 20:36:35,483 [INFO] PluginManage:359 - Loaded plugin power (category:power,tabindex:4)
2024-04-06 20:36:35,483 [INFO] PluginManage:310 - Check plugin projectmanager
2024-04-06 20:36:35,498 [INFO] PluginManage:359 - Loaded plugin projectmanager (category:projectmanager,tabindex:3)
2024-04-06 20:36:35,498 [INFO] PluginManage:310 - Check plugin thirdparty
2024-04-06 20:36:35,628 [INFO] PluginManage:359 - Loaded plugin thirdparty (category:base,tabindex:-1)
2024-04-06 20:36:35,628 [INFO] PluginManage:310 - Check plugin tools
2024-04-06 20:36:35,628 [WARN] IntegrityCheckThread:84 - waiting for thirdparty lock release [integrity check]
2024-04-06 20:36:35,628 [INFO] IntegrityCheckThread:86 - entering critical section [integrity check]
2024-04-06 20:36:35,628 [INFO] ThirdPartyUpdaterWithRetryManager:70 - Updater plugin not ready yet. [1/15]
2024-04-06 20:36:35,630 [INFO] PluginManage:359 - Loaded plugin tools (category:base,tabindex:7)
2024-04-06 20:36:35,630 [INFO] PluginManage:310 - Check plugin tutovideos
2024-04-06 20:36:35,797 [INFO] PluginManage:359 - Loaded plugin tutovideos (category:base,tabindex:-1)
2024-04-06 20:36:35,797 [INFO] PluginManage:310 - Check plugin updater
2024-04-06 20:36:35,810 [INFO] PluginManage:359 - Loaded plugin updater (category:base,tabindex:12)
2024-04-06 20:36:35,810 [INFO] PluginManage:310 - Check plugin userauth
2024-04-06 20:36:35,816 [INFO] UserAuth:114 - Init User Auth plugin
2024-04-06 20:36:35,816 [INFO] PluginManage:359 - Loaded plugin userauth (category:base,tabindex:14)
2024-04-06 20:36:35,816 [INFO] PluginManage:283 - PluginManage : Loaded plugins [17]
2024-04-06 20:36:36,062 [INFO] PinOutPanel:1499 - setPackage(No Configuration,No Configuration)
2024-04-06 20:36:36,220 [INFO] CADModel:165 - CPN selected for project level
2024-04-06 20:36:36,220 [INFO] CADModel:114 - Register for checkConnection events
2024-04-06 20:36:36,271 [INFO] IPUIPlugin:80 - create IPUIPlugin
2024-04-06 20:36:36,271 [INFO] PluginManager:220 - loadIPPluginJar : add adc
2024-04-06 20:36:36,283 [INFO] IPUIPlugin:80 - create IPUIPlugin
2024-04-06 20:36:36,283 [INFO] PluginManager:220 - loadIPPluginJar : add aes
2024-04-06 20:36:36,290 [INFO] IPUIPlugin:80 - create IPUIPlugin
2024-04-06 20:36:36,290 [INFO] PluginManager:220 - loadIPPluginJar : add can
2024-04-06 20:36:36,292 [INFO] IPUIPlugin:80 - create IPUIPlugin
2024-04-06 20:36:36,293 [INFO] PluginManager:220 - loadIPPluginJar : add comp
2024-04-06 20:36:36,298 [INFO] IPUIPlugin:80 - create IPUIPlugin
2024-04-06 20:36:36,299 [INFO] PluginManager:220 - loadIPPluginJar : add cryp
2024-04-06 20:36:36,306 [INFO] IPUIPlugin:80 - create IPUIPlugin
2024-04-06 20:36:36,306 [INFO] PluginManager:220 - loadIPPluginJar : add dfsdm
2024-04-06 20:36:36,317 [INFO] IPUIPlugin:80 - create IPUIPlugin
2024-04-06 20:36:36,318 [INFO] PluginManager:220 - loadIPPluginJar : add dma
2024-04-06 20:36:36,323 [INFO] IPUIPlugin:80 - create IPUIPlugin
2024-04-06 20:36:36,323 [INFO] PluginManager:220 - loadIPPluginJar : add dma3
2024-04-06 20:36:36,327 [INFO] IPUIPlugin:80 - create IPUIPlugin
2024-04-06 20:36:36,327 [INFO] PluginManager:220 - loadIPPluginJar : add fatfs
2024-04-06 20:36:36,338 [INFO] IPUIPlugin:80 - create IPUIPlugin
2024-04-06 20:36:36,338 [INFO] PluginManager:220 - loadIPPluginJar : add fmc
2024-04-06 20:36:36,351 [INFO] IPUIPlugin:80 - create IPUIPlugin
2024-04-06 20:36:36,353 [INFO] PluginManager:220 - loadIPPluginJar : add freertos
2024-04-06 20:36:36,358 [INFO] IPUIPlugin:80 - create IPUIPlugin
2024-04-06 20:36:36,358 [INFO] PluginManager:220 - loadIPPluginJar : add genericplugin
2024-04-06 20:36:36,370 [INFO] IPUIPlugin:80 - create IPUIPlugin
2024-04-06 20:36:36,370 [INFO] PluginManager:220 - loadIPPluginJar : add gfxmmu
2024-04-06 20:36:36,380 [INFO] IPUIPlugin:80 - create IPUIPlugin
2024-04-06 20:36:36,381 [INFO] PluginManager:220 - loadIPPluginJar : add gic
2024-04-06 20:36:36,392 [INFO] IPUIPlugin:80 - create IPUIPlugin
2024-04-06 20:36:36,392 [INFO] PluginManager:220 - loadIPPluginJar : add gpio
2024-04-06 20:36:36,396 [INFO] IPUIPlugin:80 - create IPUIPlugin
2024-04-06 20:36:36,396 [INFO] PluginManager:220 - loadIPPluginJar : add gtzc
2024-04-06 20:36:36,403 [INFO] IPUIPlugin:80 - create IPUIPlugin
2024-04-06 20:36:36,405 [INFO] PluginManager:220 - loadIPPluginJar : add hash
2024-04-06 20:36:36,412 [INFO] IPUIPlugin:80 - create IPUIPlugin
2024-04-06 20:36:36,413 [INFO] PluginManager:220 - loadIPPluginJar : add i2c
2024-04-06 20:36:36,426 [INFO] IPUIPlugin:80 - create IPUIPlugin
2024-04-06 20:36:36,427 [INFO] PluginManager:220 - loadIPPluginJar : add i2s
2024-04-06 20:36:36,433 [INFO] IPUIPlugin:80 - create IPUIPlugin
2024-04-06 20:36:36,434 [INFO] PluginManager:220 - loadIPPluginJar : add i3c
2024-04-06 20:36:36,441 [INFO] IPUIPlugin:80 - create IPUIPlugin
2024-04-06 20:36:36,441 [INFO] PluginManager:220 - loadIPPluginJar : add ipddr
2024-04-06 20:36:36,461 [INFO] IPUIPlugin:80 - create IPUIPlugin
2024-04-06 20:36:36,462 [INFO] PluginManager:220 - loadIPPluginJar : add linkedlist
2024-04-06 20:36:36,468 [INFO] IPUIPlugin:80 - create IPUIPlugin
2024-04-06 20:36:36,468 [INFO] PluginManager:220 - loadIPPluginJar : add lorawan
2024-04-06 20:36:36,471 [INFO] IPUIPlugin:80 - create IPUIPlugin
2024-04-06 20:36:36,471 [INFO] PluginManager:220 - loadIPPluginJar : add ltdc
2024-04-06 20:36:36,480 [INFO] IPUIPlugin:80 - create IPUIPlugin
2024-04-06 20:36:36,482 [INFO] PluginManager:220 - loadIPPluginJar : add mdma
2024-04-06 20:36:36,489 [INFO] IPUIPlugin:80 - create IPUIPlugin
2024-04-06 20:36:36,489 [INFO] PluginManager:220 - loadIPPluginJar : add nvic
2024-04-06 20:36:36,492 [INFO] IPUIPlugin:80 - create IPUIPlugin
2024-04-06 20:36:36,493 [INFO] PluginManager:220 - loadIPPluginJar : add opamp
2024-04-06 20:36:36,499 [INFO] IPUIPlugin:80 - create IPUIPlugin
2024-04-06 20:36:36,499 [INFO] PluginManager:220 - loadIPPluginJar : add openamp
2024-04-06 20:36:36,505 [INFO] IPUIPlugin:80 - create IPUIPlugin
2024-04-06 20:36:36,505 [INFO] PluginManager:220 - loadIPPluginJar : add pdm2pcm
2024-04-06 20:36:36,513 [INFO] IPUIPlugin:80 - create IPUIPlugin
2024-04-06 20:36:36,520 [INFO] PluginManager:220 - loadIPPluginJar : add plateformsettings
2024-04-06 20:36:36,524 [INFO] IPUIPlugin:80 - create IPUIPlugin
2024-04-06 20:36:36,524 [INFO] PluginManager:220 - loadIPPluginJar : add quadspi
2024-04-06 20:36:36,530 [INFO] IPUIPlugin:80 - create IPUIPlugin
2024-04-06 20:36:36,530 [INFO] PluginManager:220 - loadIPPluginJar : add resmgrutility
2024-04-06 20:36:36,533 [INFO] IPUIPlugin:80 - create IPUIPlugin
2024-04-06 20:36:36,534 [INFO] PluginManager:220 - loadIPPluginJar : add sai
2024-04-06 20:36:36,539 [INFO] IPUIPlugin:80 - create IPUIPlugin
2024-04-06 20:36:36,540 [INFO] PluginManager:220 - loadIPPluginJar : add spi
2024-04-06 20:36:36,549 [INFO] IPUIPlugin:80 - create IPUIPlugin
2024-04-06 20:36:36,550 [INFO] PluginManager:220 - loadIPPluginJar : add stm32_wpan
2024-04-06 20:36:36,553 [INFO] IPUIPlugin:80 - create IPUIPlugin
2024-04-06 20:36:36,553 [INFO] PluginManager:220 - loadIPPluginJar : add tim
2024-04-06 20:36:36,557 [INFO] IPUIPlugin:80 - create IPUIPlugin
2024-04-06 20:36:36,557 [INFO] PluginManager:220 - loadIPPluginJar : add touchsensing
2024-04-06 20:36:36,560 [INFO] IPUIPlugin:80 - create IPUIPlugin
2024-04-06 20:36:36,560 [INFO] PluginManager:220 - loadIPPluginJar : add tracer_emb
2024-04-06 20:36:36,561 [INFO] IPUIPlugin:80 - create IPUIPlugin
2024-04-06 20:36:36,561 [INFO] PluginManager:220 - loadIPPluginJar : add ts
2024-04-06 20:36:36,564 [INFO] IPUIPlugin:80 - create IPUIPlugin
2024-04-06 20:36:36,564 [INFO] PluginManager:220 - loadIPPluginJar : add tsc
2024-04-06 20:36:36,567 [INFO] IPUIPlugin:80 - create IPUIPlugin
2024-04-06 20:36:36,568 [INFO] PluginManager:220 - loadIPPluginJar : add ucpd
2024-04-06 20:36:36,570 [INFO] IPUIPlugin:80 - create IPUIPlugin
2024-04-06 20:36:36,570 [INFO] PluginManager:220 - loadIPPluginJar : add usart
2024-04-06 20:36:36,574 [INFO] IPUIPlugin:80 - create IPUIPlugin
2024-04-06 20:36:36,575 [INFO] PluginManager:220 - loadIPPluginJar : add usbx
2024-04-06 20:36:36,733 [INFO] CADModel:165 - CPN selected for project level
2024-04-06 20:36:36,735 [INFO] CADModel:114 - Register for checkConnection events
2024-04-06 20:36:36,735 [FATAL] Updater:308 - Updater called before beeing initialized
2024-04-06 20:36:36,735 [ERROR] CADModel:125 - Updater not yet initialized, retry later 
2024-04-06 20:36:36,933 [INFO] CADModel:165 - CPN selected for project level
2024-04-06 20:36:36,933 [INFO] CADModel:114 - Register for checkConnection events
2024-04-06 20:36:36,933 [FATAL] Updater:308 - Updater called before beeing initialized
2024-04-06 20:36:36,935 [ERROR] CADModel:125 - Updater not yet initialized, retry later 
2024-04-06 20:36:36,937 [FATAL] Updater:308 - Updater called before beeing initialized
2024-04-06 20:36:37,058 [FATAL] Updater:308 - Updater called before beeing initialized
2024-04-06 20:36:37,062 [INFO] DbMcusAds:53 - JSON generation date=Wed Nov 29 17:52:27 ICT 2023 (1701255147349)
2024-04-06 20:36:37,062 [FATAL] Updater:308 - Updater called before beeing initialized
2024-04-06 20:36:37,105 [WARN] DetailPanel:346 - Failed to get advertising image, set to default
2024-04-06 20:36:37,202 [FATAL] Updater:308 - Updater called before beeing initialized
2024-04-06 20:36:37,206 [FATAL] Updater:308 - Updater called before beeing initialized
2024-04-06 20:36:37,207 [FATAL] Updater:308 - Updater called before beeing initialized
2024-04-06 20:36:37,207 [WARN] DetailPanel:346 - Failed to get advertising image, set to default
2024-04-06 20:36:37,207 [FATAL] Updater:308 - Updater called before beeing initialized
2024-04-06 20:36:37,315 [ERROR] Updater:1120 - MainUpdater not yet initialized. External WinMGr cannot be set.
2024-04-06 20:36:37,319 [INFO] Updater:1056 - Updater Version found : 6.10.0
2024-04-06 20:36:37,373 [INFO] ApplicationProperties:184 - Using Application install path: G:\stm32cubeide\stm32cubeide114\STM32CubeIDE_1.14.0\STM32CubeIDE\plugins\com.st.stm32cube.common.mx_6.10.0.202311202037
2024-04-06 20:36:38,418 [INFO] MainUpdater:2873 - connection check result : 10
2024-04-06 20:36:38,422 [INFO] MainUpdater:290 - Updater Check For Update Now.
2024-04-06 20:36:38,423 [INFO] MicroXplorer:498 - Change Database Version : DB.6.0.100
2024-04-06 20:36:38,443 [INFO] McuFinderGlobals:63 - Set McuFinder mode to 2 (CubeIDE integrated)
2024-04-06 20:36:38,629 [WARN] MainUpdater:1194 - Updater busy. Cannot search thirdparties
2024-04-06 20:36:38,630 [INFO] ThirdPartyUpdaterWithRetryManager:96 - Updater plugin is busy. [1/15]
2024-04-06 20:36:38,754 [INFO] CheckServerUpdateThread:120 - End of CheckServer Thread
2024-04-06 20:36:38,830 [INFO] UserAuth:404 - Internet connection configuration mode: 1
2024-04-06 20:36:38,842 [INFO] JxBrowserEngine:152 - Initiate JxBrowser Engine with user profile folder
2024-04-06 20:36:39,497 [INFO] WebApp:161 - Instantiating new browser for Auth
2024-04-06 20:36:40,107 [INFO] WebApp:780 - Register for checkConnection events
2024-04-06 20:36:40,108 [INFO] WebApp:414 - Apply proxy settings
2024-04-06 20:36:40,108 [INFO] WebApp:499 - Chromium requires no authentication
2024-04-06 20:36:40,114 [INFO] WebApp:442 - Direct internet connection detected
2024-04-06 20:36:40,263 [INFO] WebApp:192 - Starting web application
2024-04-06 20:36:40,263 [INFO] WebApp:544 - Web application path used G:\stm32cubeide\stm32cubeide114\STM32CubeIDE_1.14.0\STM32CubeIDE\plugins\com.st.stm32cube.common.mx_6.10.0.202311202037\db\plugins\mcufinder\reactClient1\index.html
2024-04-06 20:36:41,832 [WARN] PackLoader:240 - Cannot read IP mode file for STMicroelectronics.X-CUBE-SMBUS.2.1.0
2024-04-06 20:36:41,845 [WARN] PackLoader:240 - Cannot read IP mode file for STMicroelectronics.X-CUBE-TOUCHGFX.4.23.1
2024-04-06 20:36:41,850 [WARN] PackLoader:240 - Cannot read IP mode file for STMicroelectronics.X-CUBE-TOUCHGFX.4.23.0
2024-04-06 20:36:41,853 [WARN] PackLoader:240 - Cannot read IP mode file for STMicroelectronics.X-CUBE-TOUCHGFX.4.23.2
2024-04-06 20:36:41,888 [WARN] PackLoader:240 - Cannot read IP mode file for STMicroelectronics.X-CUBE-AZRTOS-F7.1.1.0
2024-04-06 20:36:41,906 [WARN] PackLoader:240 - Cannot read IP mode file for STMicroelectronics.FP-SNS-MOTENV1.4.3.2
2024-04-06 20:36:41,916 [WARN] PackLoader:240 - Cannot read IP mode file for STMicroelectronics.FP-SNS-FLIGHT1.5.0.2
2024-04-06 20:36:41,932 [WARN] PackLoader:240 - Cannot read IP mode file for STMicroelectronics.X-CUBE-DISPLAY.3.0.0
2024-04-06 20:36:41,949 [WARN] PackLoader:240 - Cannot read IP mode file for STMicroelectronics.X-CUBE-BLE1.7.0.0
2024-04-06 20:36:41,958 [WARN] PackLoader:240 - Cannot read IP mode file for emotas.I-CUBE-CANOPEN.1.3.0
2024-04-06 20:36:41,964 [WARN] PackLoader:240 - Cannot read IP mode file for STMicroelectronics.X-CUBE-TOUCHGFX.4.22.1
2024-04-06 20:36:41,979 [WARN] PackLoader:240 - Cannot read IP mode file for STMicroelectronics.X-CUBE-BLEMGR.3.1.0
2024-04-06 20:36:41,993 [WARN] PackLoader:240 - Cannot read IP mode file for STMicroelectronics.FP-SNS-SMARTAG2.1.2.0
2024-04-06 20:36:42,010 [INFO] LogOutputStream:77 - [STDOUT_REDIRECT] 1 : Invalid condition id : UX_CORESTACK_Condition cause : null
2024-04-06 20:36:42,011 [INFO] LogOutputStream:77 - [STDOUT_REDIRECT] 1 : Invalid condition id : UX_CORESTACK_Condition cause : null
2024-04-06 20:36:42,012 [INFO] LogOutputStream:77 - [STDOUT_REDIRECT] 1 : Invalid condition id : UX_CORESTACK_Condition cause : null
2024-04-06 20:36:42,012 [INFO] LogOutputStream:77 - [STDOUT_REDIRECT] 1 : Invalid condition id : UX_CORESTACK_Condition cause : null
2024-04-06 20:36:42,013 [INFO] LogOutputStream:77 - [STDOUT_REDIRECT] 1 : Invalid condition id : UX_CORESTACK_Condition cause : null
2024-04-06 20:36:42,018 [WARN] PackLoader:240 - Cannot read IP mode file for STMicroelectronics.X-CUBE-AZRTOS-WL.2.0.0
2024-04-06 20:36:42,026 [WARN] PackLoader:240 - Cannot read IP mode file for STMicroelectronics.FP-SNS-MOTENV1.5.0.0
2024-04-06 20:36:42,040 [WARN] PackLoader:240 - Cannot read IP mode file for WES.I-CUBE-Cesium.1.3.0
2024-04-06 20:36:42,048 [WARN] PackLoader:240 - Cannot read IP mode file for STMicroelectronics.X-CUBE-BLE2.3.3.0
2024-04-06 20:36:42,059 [WARN] PackLoader:240 - Cannot read IP mode file for STMicroelectronics.X-CUBE-ALGOBUILD.1.3.0
2024-04-06 20:36:42,079 [WARN] PackLoader:240 - Cannot read IP mode file for STMicroelectronics.X-CUBE-AZRTOS-G0.1.1.0
2024-04-06 20:36:42,088 [WARN] PackLoader:240 - Cannot read IP mode file for STMicroelectronics.X-CUBE-SAFEA1.1.2.2
2024-04-06 20:36:42,094 [WARN] PackLoader:240 - Cannot read IP mode file for STMicroelectronics.X-CUBE-NFC4.3.0.0
2024-04-06 20:36:42,107 [WARN] PackLoader:240 - Cannot read IP mode file for STMicroelectronics.X-CUBE-BLEMGR.3.0.0
2024-04-06 20:36:42,116 [WARN] PackLoader:240 - Cannot read IP mode file for STMicroelectronics.FP-ATR-SIGFOX1.3.2.0
2024-04-06 20:36:42,123 [WARN] PackLoader:240 - Cannot read IP mode file for STMicroelectronics.X-CUBE-EEPRMA1.5.1.0
2024-04-06 20:36:42,165 [WARN] PackLoader:240 - Cannot read IP mode file for SEGGER.I-CUBE-embOS.1.3.1
2024-04-06 20:36:42,222 [WARN] PackLoader:240 - Cannot read IP mode file for STMicroelectronics.X-CUBE-GNSS1.6.0.0
2024-04-06 20:36:42,241 [WARN] PackLoader:240 - Cannot read IP mode file for STMicroelectronics.X-CUBE-AZRTOS-F4.1.1.0
2024-04-06 20:36:42,249 [WARN] PackLoader:240 - Cannot read IP mode file for wolfSSL.I-CUBE-wolfSSL.5.6.3
2024-04-06 20:36:42,266 [WARN] PackLoader:240 - Cannot read IP mode file for STMicroelectronics.X-CUBE-AZRTOS-L5.2.0.0
2024-04-06 20:36:42,314 [WARN] PackLoader:240 - Cannot read IP mode file for STMicroelectronics.X-CUBE-MEMS1.9.6.0
2024-04-06 20:36:42,526 [WARN] PackLoader:240 - Cannot read IP mode file for STMicroelectronics.X-CUBE-EEPRMA1.4.2.0
2024-04-06 20:36:42,546 [WARN] PackLoader:240 - Cannot read IP mode file for STMicroelectronics.X-CUBE-NFC6.3.1.0
2024-04-06 20:36:42,558 [WARN] PackLoader:240 - Cannot read IP mode file for ITTIA_DB.I-CUBE-ITTIADB.8.8.0
2024-04-06 20:36:42,569 [WARN] PackLoader:240 - Cannot read IP mode file for STMicroelectronics.X-CUBE-BLEMGR.2.0.0
2024-04-06 20:36:42,613 [WARN] ConditionMgr:438 - getConditionDescription Invalid condition id : UX DEVICE CLASS RTOS Condition cause : null
2024-04-06 20:36:42,615 [WARN] ConditionMgr:438 - getConditionDescription Invalid condition id : UX DEVICE CLASS RTOS Condition cause : null
2024-04-06 20:36:42,623 [WARN] PackLoader:240 - Cannot read IP mode file for STMicroelectronics.X-CUBE-AZRTOS-H7.3.1.0
2024-04-06 20:36:42,625 [WARN] ConditionMgr:1039 - genDependencies : Invalid condition id : UX DEVICE CLASS RTOS Condition cause : null
2024-04-06 20:36:42,625 [WARN] ConditionMgr:1039 - genDependencies : Invalid condition id : UX DEVICE CLASS RTOS Condition cause : null
2024-04-06 20:36:42,630 [WARN] ConditionMgr:1039 - genDependencies : Invalid condition id : UX DEVICE CLASS RTOS Condition cause : null
2024-04-06 20:36:42,630 [WARN] ConditionMgr:1039 - genDependencies : Invalid condition id : UX DEVICE CLASS RTOS Condition cause : null
2024-04-06 20:36:42,631 [WARN] ConditionMgr:1039 - genDependencies : Invalid condition id : UX DEVICE CLASS RTOS Condition cause : null
2024-04-06 20:36:42,641 [WARN] PackLoader:240 - Cannot read IP mode file for STMicroelectronics.X-CUBE-NFC7.1.0.1
2024-04-06 20:36:42,651 [WARN] PackLoader:240 - Cannot read IP mode file for STMicroelectronics.X-CUBE-NFC6.3.0.0
2024-04-06 20:36:42,661 [WARN] PackLoader:240 - Cannot read IP mode file for STMicroelectronics.X-CUBE-EEPRMA1.4.1.0
2024-04-06 20:36:42,667 [WARN] PackLoader:240 - Cannot read IP mode file for STMicroelectronics.X-CUBE-AI.8.1.0
2024-04-06 20:36:42,698 [WARN] ConditionMgr:438 - getConditionDescription Invalid condition id : LAN8742 Phy interface Condition cause : null
2024-04-06 20:36:42,699 [WARN] PackLoader:240 - Cannot read IP mode file for STMicroelectronics.X-CUBE-AZRTOS-L4.2.0.0
2024-04-06 20:36:42,700 [WARN] ConditionMgr:1039 - genDependencies : Invalid condition id : LAN8742 Phy interface Condition cause : null
2024-04-06 20:36:42,700 [WARN] ConditionMgr:1039 - genDependencies : Invalid condition id : LAN8742 Phy interface Condition cause : null
2024-04-06 20:36:42,700 [WARN] ConditionMgr:1039 - genDependencies : Invalid condition id : LAN8742 Phy interface Condition cause : null
2024-04-06 20:36:42,708 [WARN] PackLoader:240 - Cannot read IP mode file for STMicroelectronics.X-CUBE-SFXS2LP1.4.0.0
2024-04-06 20:36:42,718 [WARN] PackLoader:240 - Cannot read IP mode file for STMicroelectronics.X-CUBE-ISPU.1.1.0
2024-04-06 20:36:42,735 [WARN] ConditionMgr:438 - getConditionDescription Invalid condition id : UX DEVICE CLASS RTOS Condition cause : null
2024-04-06 20:36:42,735 [WARN] ConditionMgr:438 - getConditionDescription Invalid condition id : UX DEVICE CLASS RTOS Condition cause : null
2024-04-06 20:36:42,741 [WARN] PackLoader:240 - Cannot read IP mode file for STMicroelectronics.X-CUBE-AZRTOS-WB.2.0.0
2024-04-06 20:36:42,742 [WARN] ConditionMgr:1039 - genDependencies : Invalid condition id : UX DEVICE CLASS RTOS Condition cause : null
2024-04-06 20:36:42,742 [WARN] ConditionMgr:1039 - genDependencies : Invalid condition id : UX DEVICE CLASS RTOS Condition cause : null
2024-04-06 20:36:42,743 [WARN] ConditionMgr:1039 - genDependencies : Invalid condition id : UX DEVICE CLASS RTOS Condition cause : null
2024-04-06 20:36:42,743 [WARN] ConditionMgr:1039 - genDependencies : Invalid condition id : UX DEVICE CLASS RTOS Condition cause : null
2024-04-06 20:36:42,743 [WARN] ConditionMgr:1039 - genDependencies : Invalid condition id : UX DEVICE CLASS RTOS Condition cause : null
2024-04-06 20:36:42,757 [WARN] PackLoader:240 - Cannot read IP mode file for STMicroelectronics.X-CUBE-SUBG2.5.0.0
2024-04-06 20:36:42,777 [WARN] PackLoader:240 - Cannot read IP mode file for STMicroelectronics.X-CUBE-TOF1.3.3.1
2024-04-06 20:36:42,807 [WARN] PackLoader:240 - Cannot read IP mode file for STMicroelectronics.X-CUBE-AZRTOS-G4.2.0.0
2024-04-06 20:36:42,825 [WARN] PackLoader:240 - Cannot read IP mode file for Infineon.AIROC-Wi-Fi-Bluetooth-STM32.1.5.1
2024-04-06 20:36:42,834 [WARN] PackLoader:240 - Cannot read IP mode file for STMicroelectronics.FP-SNS-MOTENVWB1.1.3.0
2024-04-06 20:36:42,838 [WARN] PackLoader:240 - Cannot read IP mode file for STMicroelectronics.FP-SNS-MOTENVWB1.1.3.1
2024-04-06 20:36:42,844 [WARN] PackLoader:240 - Cannot read IP mode file for STMicroelectronics.X-CUBE-ISPU.2.0.0
2024-04-06 20:36:42,886 [WARN] PackLoader:240 - Cannot read IP mode file for STMicroelectronics.X-CUBE-MEMS1.10.0.0
2024-04-06 20:36:43,018 [WARN] PackLoader:240 - Cannot read IP mode file for STMicroelectronics.X-CUBE-FREERTOS.1.1.0
2024-04-06 20:36:43,028 [WARN] PackLoader:240 - Cannot read IP mode file for portGmbH.I-Cube-SoM-uGOAL.1.1.0
2024-04-06 20:36:43,040 [WARN] PackLoader:240 - Cannot read IP mode file for STMicroelectronics.X-CUBE-ALS.1.0.1
2024-04-06 20:36:43,053 [WARN] PackLoader:240 - Cannot read IP mode file for STMicroelectronics.FP-ATR-ASTRA1.2.0.0
2024-04-06 20:36:43,089 [WARN] PackLoader:240 - Cannot read IP mode file for STMicroelectronics.X-CUBE-TOF1.3.4.0
2024-04-06 20:36:43,183 [WARN] PackLoader:240 - Cannot read IP mode file for STMicroelectronics.X-CUBE-TOF1.3.4.1
2024-04-06 20:36:43,234 [WARN] PackLoader:240 - Cannot read IP mode file for STMicroelectronics.X-CUBE-AZRTOS-H7.3.2.0
2024-04-06 20:36:43,240 [INFO] ThirdParty:978 - Integrity check success = true
2024-04-06 20:36:43,241 [INFO] IntegrityCheckThread:100 - exiting critical section [integrity check]
2024-04-06 20:36:43,241 [INFO] IntegrityCheckThread:103 - End integrity checks thread
2024-04-06 20:37:01,020 [ERROR] LogOutputStream:75 - [STDERR_REDIRECT] SLF4J: Failed to load class "org.slf4j.impl.StaticLoggerBinder".
2024-04-06 20:37:01,022 [ERROR] LogOutputStream:75 - [STDERR_REDIRECT] SLF4J: Defaulting to no-operation (NOP) logger implementation
2024-04-06 20:37:01,024 [ERROR] LogOutputStream:75 - [STDERR_REDIRECT] SLF4J: See http://www.slf4j.org/codes.html#StaticLoggerBinder for further details.
2024-04-06 20:47:24,657 [ERROR] LogOutputStream:75 - [STDERR_REDIRECT] 
