2024-03-18 23:35:02,262 [INFO] Activator:176 - 


2024-03-18 23:35:02,275 [INFO] Activator:177 - !SESSION log4j initialized
2024-03-18 23:35:13,023 [INFO] LogOutputStream:77 - [STDOUT_REDIRECT] 
2024-03-18 23:35:20,854 [INFO] ApplicationProperties:184 - Using Application install path: G:\stm32cubeide\stm32cubeide114\STM32CubeIDE_1.14.0\STM32CubeIDE\plugins\com.st.stm32cube.common.mx_6.10.0.202311202037
2024-03-18 23:35:20,874 [INFO] DbMcusXml:78 - Set database path to: G:\stm32cubeide\stm32cubeide114\STM32CubeIDE_1.14.0\STM32CubeIDE\plugins\com.st.stm32cube.common.mx_6.10.0.202311202037\\db\/mcu/
2024-03-18 23:35:20,874 [INFO] ApiDb:274 - Set plugin database path to: G:\stm32cubeide\stm32cubeide114\STM32CubeIDE_1.14.0\STM32CubeIDE\plugins\com.st.stm32cube.common.mx_6.10.0.202311202037\\db\/plugins/boardmanager/
2024-03-18 23:35:20,875 [WARN] ApiDb:259 - Overriding images path with different value:  => G:\stm32cubeide\stm32cubeide114\STM32CubeIDE_1.14.0\STM32CubeIDE\plugins\com.st.stm32cube.common.mx_6.10.0.202311202037\\db\/plugins/mcufinder/images/
2024-03-18 23:35:20,892 [INFO] ApiDb:250 - Set database path to: C:\Users\Nghia\.stmcufinder\plugins\mcufinder//mcu/
2024-03-18 23:35:20,893 [INFO] DbMcusAds:125 - Set database path to: C:\Users\Nghia\.stmcufinder\plugins\mcufinder//mcu/
2024-03-18 23:35:20,895 [INFO] CrossReferenceDbSqlite:203 - Set database path to: C:\Users\Nghia\.stmcufinder\plugins\mcufinder//mcu/cs/
2024-03-18 23:35:21,053 [INFO] RulesReader:64 - Compatibility file has been processed (297 Rules)
2024-03-18 23:35:21,171 [INFO] DbMcusXml:78 - Set database path to: G:\stm32cubeide\stm32cubeide114\STM32CubeIDE_1.14.0\STM32CubeIDE\plugins\com.st.stm32cube.common.mx_6.10.0.202311202037\\db\/mcu/
2024-03-18 23:35:21,171 [INFO] ApiDb:274 - Set plugin database path to: G:\stm32cubeide\stm32cubeide114\STM32CubeIDE_1.14.0\STM32CubeIDE\plugins\com.st.stm32cube.common.mx_6.10.0.202311202037\\db\/plugins/boardmanager/
2024-03-18 23:35:21,171 [INFO] ApiDb:261 - Set plugin images path to: G:\stm32cubeide\stm32cubeide114\STM32CubeIDE_1.14.0\STM32CubeIDE\plugins\com.st.stm32cube.common.mx_6.10.0.202311202037\\db\/plugins/mcufinder/images/
2024-03-18 23:35:21,172 [WARN] DbFile:41 - Overriding database path with different value: C:\Users\Nghia\.stmcufinder\plugins\mcufinder/ => C:\Users\Nghia\.stmcufinder\plugins\mcufinder
2024-03-18 23:35:21,172 [INFO] ApiDb:250 - Set database path to: C:\Users\Nghia\.stmcufinder\plugins\mcufinder//mcu/
2024-03-18 23:35:21,172 [WARN] DbFile:41 - Overriding database path with different value: C:\Users\Nghia\.stmcufinder\plugins\mcufinder/ => C:\Users\Nghia\.stmcufinder\plugins\mcufinder
2024-03-18 23:35:21,172 [INFO] DbMcusAds:125 - Set database path to: C:\Users\Nghia\.stmcufinder\plugins\mcufinder//mcu/
2024-03-18 23:35:21,172 [WARN] DbFile:41 - Overriding database path with different value: C:\Users\Nghia\.stmcufinder\plugins\mcufinder/ => C:\Users\Nghia\.stmcufinder\plugins\mcufinder
2024-03-18 23:35:21,172 [WARN] DbFile:41 - Overriding database path with different value: C:\Users\Nghia\.stmcufinder\plugins\mcufinder/ => C:\Users\Nghia\.stmcufinder\plugins\mcufinder
2024-03-18 23:35:21,172 [INFO] CrossReferenceDbSqlite:203 - Set database path to: C:\Users\Nghia\.stmcufinder\plugins\mcufinder//mcu/cs/
2024-03-18 23:35:21,261 [INFO] MainPanel:264 - HeapMemory: 268435456
2024-03-18 23:35:21,394 [INFO] DbMcusXml:78 - Set database path to: G:\stm32cubeide\stm32cubeide114\STM32CubeIDE_1.14.0\STM32CubeIDE\plugins\com.st.stm32cube.common.mx_6.10.0.202311202037\\db\/mcu/
2024-03-18 23:35:21,394 [INFO] ApiDb:274 - Set plugin database path to: G:\stm32cubeide\stm32cubeide114\STM32CubeIDE_1.14.0\STM32CubeIDE\plugins\com.st.stm32cube.common.mx_6.10.0.202311202037\\db\/plugins/boardmanager/
2024-03-18 23:35:21,394 [INFO] ApiDb:261 - Set plugin images path to: G:\stm32cubeide\stm32cubeide114\STM32CubeIDE_1.14.0\STM32CubeIDE\plugins\com.st.stm32cube.common.mx_6.10.0.202311202037\\db\/plugins/mcufinder/images/
2024-03-18 23:35:21,395 [WARN] DbFile:41 - Overriding database path with different value: C:\Users\Nghia\.stmcufinder\plugins\mcufinder/ => C:\Users\Nghia\.stmcufinder\plugins\mcufinder
2024-03-18 23:35:21,395 [INFO] ApiDb:250 - Set database path to: C:\Users\Nghia\.stmcufinder\plugins\mcufinder//mcu/
2024-03-18 23:35:21,395 [WARN] DbFile:41 - Overriding database path with different value: C:\Users\Nghia\.stmcufinder\plugins\mcufinder/ => C:\Users\Nghia\.stmcufinder\plugins\mcufinder
2024-03-18 23:35:21,396 [INFO] DbMcusAds:125 - Set database path to: C:\Users\Nghia\.stmcufinder\plugins\mcufinder//mcu/
2024-03-18 23:35:21,396 [WARN] DbFile:41 - Overriding database path with different value: C:\Users\Nghia\.stmcufinder\plugins\mcufinder/ => C:\Users\Nghia\.stmcufinder\plugins\mcufinder
2024-03-18 23:35:21,396 [WARN] DbFile:41 - Overriding database path with different value: C:\Users\Nghia\.stmcufinder\plugins\mcufinder/ => C:\Users\Nghia\.stmcufinder\plugins\mcufinder
2024-03-18 23:35:21,396 [INFO] CrossReferenceDbSqlite:203 - Set database path to: C:\Users\Nghia\.stmcufinder\plugins\mcufinder//mcu/cs/
2024-03-18 23:35:21,424 [INFO] ApplicationProperties:184 - Using Application install path: G:\stm32cubeide\stm32cubeide114\STM32CubeIDE_1.14.0\STM32CubeIDE\plugins\com.st.stm32cube.common.mx_6.10.0.202311202037
2024-03-18 23:35:21,426 [INFO] PluginManage:196 - Search for loadable plugins [exclusion list=, ]
2024-03-18 23:35:21,429 [INFO] PluginManage:310 - Check plugin analytics
2024-03-18 23:35:26,271 [INFO] AnalyticsPlugin:253 - Accepted Software Licenses: STM32CubeMX.6.8.0,STM32CubeMX.6.1.1
2024-03-18 23:35:26,271 [INFO] AnalyticsPlugin:255 - Accepted CMSIS Pack Licenses: 
2024-03-18 23:35:26,271 [INFO] AnalyticsPlugin:257 - Accepted Firmware Licenses: FW.F4.1.27.0,FW.F4.1.28.0
2024-03-18 23:35:26,275 [INFO] PluginManage:359 - Loaded plugin analytics (category:tool,tabindex:-1)
2024-03-18 23:35:26,276 [INFO] PluginManage:310 - Check plugin cadmodel
2024-03-18 23:35:26,294 [INFO] CADModel:105 - Init CAD model plugin
2024-03-18 23:35:26,295 [INFO] PluginManage:359 - Loaded plugin cadmodel (category:power,tabindex:5)
2024-03-18 23:35:26,295 [INFO] PluginManage:310 - Check plugin clock
2024-03-18 23:35:26,316 [INFO] PluginManage:359 - Loaded plugin clock (category:base,tabindex:2)
2024-03-18 23:35:26,317 [INFO] PluginManage:310 - Check plugin ddr
2024-03-18 23:35:26,319 [INFO] PluginManage:359 - Loaded plugin ddr (category:tool,tabindex:6)
2024-03-18 23:35:26,320 [INFO] PluginManage:310 - Check plugin filemanager
2024-03-18 23:35:26,477 [INFO] PluginManage:359 - Loaded plugin filemanager (category:base,tabindex:10)
2024-03-18 23:35:26,477 [INFO] PluginManage:310 - Check plugin ipmanager
2024-03-18 23:35:26,486 [INFO] PluginManage:359 - Loaded plugin ipmanager (category:base,tabindex:5)
2024-03-18 23:35:26,486 [INFO] PluginManage:310 - Check plugin lpbam
2024-03-18 23:35:26,512 [INFO] PluginManage:359 - Loaded plugin lpbam (category:base,tabindex:0)
2024-03-18 23:35:26,512 [INFO] PluginManage:310 - Check plugin memorymap
2024-03-18 23:35:26,543 [INFO] PluginManage:359 - Loaded plugin memorymap (category:base,tabindex:4)
2024-03-18 23:35:26,543 [INFO] PluginManage:310 - Check plugin pinoutandconfiguration
2024-03-18 23:35:26,565 [INFO] PluginManage:359 - Loaded plugin pinoutandconfiguration (category:base,tabindex:1)
2024-03-18 23:35:26,565 [INFO] PluginManage:310 - Check plugin pinoutconfig
2024-03-18 23:35:26,681 [WARN] SupportedApi:132 - Cannot load RTOS API schema: s4s-elt-must-match.1: The content of 'definitions' must match (annotation?, (simpleType | complexType)?, (unique | key | keyref)*)). A problem was found starting at: attribute.
2024-03-18 23:35:26,826 [INFO] PluginManage:359 - Loaded plugin pinoutconfig (category:base,tabindex:0)
2024-03-18 23:35:26,826 [INFO] PluginManage:310 - Check plugin power
2024-03-18 23:35:26,846 [INFO] PluginManage:359 - Loaded plugin power (category:power,tabindex:4)
2024-03-18 23:35:26,846 [INFO] PluginManage:310 - Check plugin projectmanager
2024-03-18 23:35:26,870 [INFO] PluginManage:359 - Loaded plugin projectmanager (category:projectmanager,tabindex:3)
2024-03-18 23:35:26,870 [INFO] PluginManage:310 - Check plugin thirdparty
2024-03-18 23:35:27,226 [WARN] IntegrityCheckThread:84 - waiting for thirdparty lock release [integrity check]
2024-03-18 23:35:27,227 [INFO] IntegrityCheckThread:86 - entering critical section [integrity check]
2024-03-18 23:35:27,227 [INFO] PluginManage:359 - Loaded plugin thirdparty (category:base,tabindex:-1)
2024-03-18 23:35:27,228 [INFO] PluginManage:310 - Check plugin tools
2024-03-18 23:35:27,228 [INFO] ThirdPartyUpdaterWithRetryManager:70 - Updater plugin not ready yet. [1/15]
2024-03-18 23:35:27,275 [INFO] PluginManage:359 - Loaded plugin tools (category:base,tabindex:7)
2024-03-18 23:35:27,275 [INFO] PluginManage:310 - Check plugin tutovideos
2024-03-18 23:35:27,502 [INFO] PluginManage:359 - Loaded plugin tutovideos (category:base,tabindex:-1)
2024-03-18 23:35:27,503 [INFO] PluginManage:310 - Check plugin updater
2024-03-18 23:35:27,516 [INFO] PluginManage:359 - Loaded plugin updater (category:base,tabindex:12)
2024-03-18 23:35:27,517 [INFO] PluginManage:310 - Check plugin userauth
2024-03-18 23:35:27,523 [INFO] UserAuth:114 - Init User Auth plugin
2024-03-18 23:35:27,524 [INFO] PluginManage:359 - Loaded plugin userauth (category:base,tabindex:14)
2024-03-18 23:35:27,524 [INFO] PluginManage:283 - PluginManage : Loaded plugins [17]
2024-03-18 23:35:27,863 [INFO] PinOutPanel:1499 - setPackage(No Configuration,No Configuration)
2024-03-18 23:35:27,974 [INFO] CADModel:165 - CPN selected for project level
2024-03-18 23:35:27,974 [INFO] CADModel:114 - Register for checkConnection events
2024-03-18 23:35:28,012 [INFO] IPUIPlugin:80 - create IPUIPlugin
2024-03-18 23:35:28,012 [INFO] PluginManager:220 - loadIPPluginJar : add adc
2024-03-18 23:35:28,066 [INFO] IPUIPlugin:80 - create IPUIPlugin
2024-03-18 23:35:28,066 [INFO] PluginManager:220 - loadIPPluginJar : add aes
2024-03-18 23:35:28,125 [INFO] IPUIPlugin:80 - create IPUIPlugin
2024-03-18 23:35:28,125 [INFO] PluginManager:220 - loadIPPluginJar : add can
2024-03-18 23:35:28,157 [INFO] IPUIPlugin:80 - create IPUIPlugin
2024-03-18 23:35:28,158 [INFO] PluginManager:220 - loadIPPluginJar : add comp
2024-03-18 23:35:28,205 [INFO] IPUIPlugin:80 - create IPUIPlugin
2024-03-18 23:35:28,205 [INFO] PluginManager:220 - loadIPPluginJar : add cryp
2024-03-18 23:35:28,237 [INFO] IPUIPlugin:80 - create IPUIPlugin
2024-03-18 23:35:28,237 [INFO] PluginManager:220 - loadIPPluginJar : add dfsdm
2024-03-18 23:35:28,256 [INFO] IPUIPlugin:80 - create IPUIPlugin
2024-03-18 23:35:28,257 [INFO] PluginManager:220 - loadIPPluginJar : add dma
2024-03-18 23:35:28,305 [INFO] IPUIPlugin:80 - create IPUIPlugin
2024-03-18 23:35:28,306 [INFO] PluginManager:220 - loadIPPluginJar : add dma3
2024-03-18 23:35:28,327 [INFO] IPUIPlugin:80 - create IPUIPlugin
2024-03-18 23:35:28,327 [INFO] PluginManager:220 - loadIPPluginJar : add fatfs
2024-03-18 23:35:28,380 [INFO] IPUIPlugin:80 - create IPUIPlugin
2024-03-18 23:35:28,380 [INFO] PluginManager:220 - loadIPPluginJar : add fmc
2024-03-18 23:35:28,397 [INFO] IPUIPlugin:80 - create IPUIPlugin
2024-03-18 23:35:28,397 [INFO] PluginManager:220 - loadIPPluginJar : add freertos
2024-03-18 23:35:28,419 [INFO] IPUIPlugin:80 - create IPUIPlugin
2024-03-18 23:35:28,419 [INFO] PluginManager:220 - loadIPPluginJar : add genericplugin
2024-03-18 23:35:28,544 [INFO] IPUIPlugin:80 - create IPUIPlugin
2024-03-18 23:35:28,545 [INFO] PluginManager:220 - loadIPPluginJar : add gfxmmu
2024-03-18 23:35:28,726 [INFO] IPUIPlugin:80 - create IPUIPlugin
2024-03-18 23:35:28,727 [INFO] PluginManager:220 - loadIPPluginJar : add gic
2024-03-18 23:35:28,741 [INFO] IPUIPlugin:80 - create IPUIPlugin
2024-03-18 23:35:28,741 [INFO] PluginManager:220 - loadIPPluginJar : add gpio
2024-03-18 23:35:28,874 [INFO] IPUIPlugin:80 - create IPUIPlugin
2024-03-18 23:35:28,874 [INFO] PluginManager:220 - loadIPPluginJar : add gtzc
2024-03-18 23:35:28,920 [INFO] IPUIPlugin:80 - create IPUIPlugin
2024-03-18 23:35:28,920 [INFO] PluginManager:220 - loadIPPluginJar : add hash
2024-03-18 23:35:29,027 [INFO] IPUIPlugin:80 - create IPUIPlugin
2024-03-18 23:35:29,027 [INFO] PluginManager:220 - loadIPPluginJar : add i2c
2024-03-18 23:35:29,106 [INFO] IPUIPlugin:80 - create IPUIPlugin
2024-03-18 23:35:29,106 [INFO] PluginManager:220 - loadIPPluginJar : add i2s
2024-03-18 23:35:29,188 [INFO] IPUIPlugin:80 - create IPUIPlugin
2024-03-18 23:35:29,189 [INFO] PluginManager:220 - loadIPPluginJar : add i3c
2024-03-18 23:35:29,379 [INFO] IPUIPlugin:80 - create IPUIPlugin
2024-03-18 23:35:29,379 [INFO] PluginManager:220 - loadIPPluginJar : add ipddr
2024-03-18 23:35:29,523 [INFO] IPUIPlugin:80 - create IPUIPlugin
2024-03-18 23:35:29,523 [INFO] PluginManager:220 - loadIPPluginJar : add linkedlist
2024-03-18 23:35:29,579 [INFO] IPUIPlugin:80 - create IPUIPlugin
2024-03-18 23:35:29,579 [INFO] PluginManager:220 - loadIPPluginJar : add lorawan
2024-03-18 23:35:29,645 [INFO] IPUIPlugin:80 - create IPUIPlugin
2024-03-18 23:35:29,646 [INFO] PluginManager:220 - loadIPPluginJar : add ltdc
2024-03-18 23:35:29,665 [INFO] IPUIPlugin:80 - create IPUIPlugin
2024-03-18 23:35:29,666 [INFO] PluginManager:220 - loadIPPluginJar : add mdma
2024-03-18 23:35:29,683 [INFO] IPUIPlugin:80 - create IPUIPlugin
2024-03-18 23:35:29,684 [INFO] PluginManager:220 - loadIPPluginJar : add nvic
2024-03-18 23:35:29,731 [INFO] IPUIPlugin:80 - create IPUIPlugin
2024-03-18 23:35:29,731 [INFO] PluginManager:220 - loadIPPluginJar : add opamp
2024-03-18 23:35:29,819 [INFO] IPUIPlugin:80 - create IPUIPlugin
2024-03-18 23:35:29,819 [INFO] PluginManager:220 - loadIPPluginJar : add openamp
2024-03-18 23:35:29,883 [INFO] IPUIPlugin:80 - create IPUIPlugin
2024-03-18 23:35:29,883 [INFO] PluginManager:220 - loadIPPluginJar : add pdm2pcm
2024-03-18 23:35:29,902 [INFO] IPUIPlugin:80 - create IPUIPlugin
2024-03-18 23:35:29,906 [INFO] PluginManager:220 - loadIPPluginJar : add plateformsettings
2024-03-18 23:35:29,938 [INFO] IPUIPlugin:80 - create IPUIPlugin
2024-03-18 23:35:29,938 [INFO] PluginManager:220 - loadIPPluginJar : add quadspi
2024-03-18 23:35:29,952 [INFO] IPUIPlugin:80 - create IPUIPlugin
2024-03-18 23:35:29,952 [INFO] PluginManager:220 - loadIPPluginJar : add resmgrutility
2024-03-18 23:35:30,028 [INFO] IPUIPlugin:80 - create IPUIPlugin
2024-03-18 23:35:30,028 [INFO] PluginManager:220 - loadIPPluginJar : add sai
2024-03-18 23:35:30,098 [INFO] IPUIPlugin:80 - create IPUIPlugin
2024-03-18 23:35:30,098 [INFO] PluginManager:220 - loadIPPluginJar : add spi
2024-03-18 23:35:30,229 [INFO] ThirdPartyUpdaterWithRetryManager:70 - Updater plugin not ready yet. [2/15]
2024-03-18 23:35:30,230 [INFO] IPUIPlugin:80 - create IPUIPlugin
2024-03-18 23:35:30,230 [INFO] PluginManager:220 - loadIPPluginJar : add stm32_wpan
2024-03-18 23:35:30,258 [INFO] IPUIPlugin:80 - create IPUIPlugin
2024-03-18 23:35:30,258 [INFO] PluginManager:220 - loadIPPluginJar : add tim
2024-03-18 23:35:30,338 [INFO] IPUIPlugin:80 - create IPUIPlugin
2024-03-18 23:35:30,338 [INFO] PluginManager:220 - loadIPPluginJar : add touchsensing
2024-03-18 23:35:30,371 [INFO] IPUIPlugin:80 - create IPUIPlugin
2024-03-18 23:35:30,372 [INFO] PluginManager:220 - loadIPPluginJar : add tracer_emb
2024-03-18 23:35:30,406 [INFO] IPUIPlugin:80 - create IPUIPlugin
2024-03-18 23:35:30,406 [INFO] PluginManager:220 - loadIPPluginJar : add ts
2024-03-18 23:35:30,434 [INFO] IPUIPlugin:80 - create IPUIPlugin
2024-03-18 23:35:30,434 [INFO] PluginManager:220 - loadIPPluginJar : add tsc
2024-03-18 23:35:30,464 [INFO] IPUIPlugin:80 - create IPUIPlugin
2024-03-18 23:35:30,464 [INFO] PluginManager:220 - loadIPPluginJar : add ucpd
2024-03-18 23:35:30,533 [INFO] IPUIPlugin:80 - create IPUIPlugin
2024-03-18 23:35:30,533 [INFO] PluginManager:220 - loadIPPluginJar : add usart
2024-03-18 23:35:30,611 [INFO] IPUIPlugin:80 - create IPUIPlugin
2024-03-18 23:35:30,611 [INFO] PluginManager:220 - loadIPPluginJar : add usbx
2024-03-18 23:35:30,770 [INFO] CADModel:165 - CPN selected for project level
2024-03-18 23:35:30,770 [INFO] CADModel:114 - Register for checkConnection events
2024-03-18 23:35:30,771 [FATAL] Updater:308 - Updater called before beeing initialized
2024-03-18 23:35:30,771 [ERROR] CADModel:125 - Updater not yet initialized, retry later 
2024-03-18 23:35:30,970 [INFO] CADModel:165 - CPN selected for project level
2024-03-18 23:35:30,971 [INFO] CADModel:114 - Register for checkConnection events
2024-03-18 23:35:30,971 [FATAL] Updater:308 - Updater called before beeing initialized
2024-03-18 23:35:30,971 [ERROR] CADModel:125 - Updater not yet initialized, retry later 
2024-03-18 23:35:30,975 [FATAL] Updater:308 - Updater called before beeing initialized
2024-03-18 23:35:31,213 [FATAL] Updater:308 - Updater called before beeing initialized
2024-03-18 23:35:31,228 [INFO] DbMcusAds:53 - JSON generation date=Wed Nov 29 17:52:27 ICT 2023 (1701255147349)
2024-03-18 23:35:31,228 [FATAL] Updater:308 - Updater called before beeing initialized
2024-03-18 23:35:31,329 [WARN] DetailPanel:346 - Failed to get advertising image, set to default
2024-03-18 23:35:31,497 [FATAL] Updater:308 - Updater called before beeing initialized
2024-03-18 23:35:31,505 [FATAL] Updater:308 - Updater called before beeing initialized
2024-03-18 23:35:31,505 [FATAL] Updater:308 - Updater called before beeing initialized
2024-03-18 23:35:31,505 [WARN] DetailPanel:346 - Failed to get advertising image, set to default
2024-03-18 23:35:31,507 [FATAL] Updater:308 - Updater called before beeing initialized
2024-03-18 23:35:31,751 [ERROR] Updater:1120 - MainUpdater not yet initialized. External WinMGr cannot be set.
2024-03-18 23:35:31,766 [INFO] Updater:1056 - Updater Version found : 6.10.0
2024-03-18 23:35:31,798 [INFO] ApplicationProperties:184 - Using Application install path: G:\stm32cubeide\stm32cubeide114\STM32CubeIDE_1.14.0\STM32CubeIDE\plugins\com.st.stm32cube.common.mx_6.10.0.202311202037
2024-03-18 23:35:32,400 [INFO] MainUpdater:2873 - connection check result : 10
2024-03-18 23:35:32,401 [INFO] MainUpdater:290 - Updater Check For Update Now.
2024-03-18 23:35:32,401 [INFO] MicroXplorer:498 - Change Database Version : DB.6.0.100
2024-03-18 23:35:32,423 [INFO] McuFinderGlobals:63 - Set McuFinder mode to 2 (CubeIDE integrated)
2024-03-18 23:35:32,630 [INFO] CheckServerUpdateThread:120 - End of CheckServer Thread
2024-03-18 23:35:32,632 [INFO] UserAuth:404 - Internet connection configuration mode: 1
2024-03-18 23:35:32,655 [INFO] JxBrowserEngine:152 - Initiate JxBrowser Engine with user profile folder
2024-03-18 23:35:33,469 [WARN] PackLoader:240 - Cannot read IP mode file for STMicroelectronics.X-CUBE-SMBUS.2.1.0
2024-03-18 23:35:33,486 [WARN] PackLoader:240 - Cannot read IP mode file for STMicroelectronics.X-CUBE-TOUCHGFX.4.23.0
2024-03-18 23:35:33,528 [WARN] PackLoader:240 - Cannot read IP mode file for STMicroelectronics.X-CUBE-AZRTOS-F7.1.1.0
2024-03-18 23:35:33,549 [WARN] PackLoader:240 - Cannot read IP mode file for STMicroelectronics.FP-SNS-MOTENV1.4.3.2
2024-03-18 23:35:33,565 [WARN] PackLoader:240 - Cannot read IP mode file for STMicroelectronics.FP-SNS-FLIGHT1.5.0.2
2024-03-18 23:35:33,586 [WARN] PackLoader:240 - Cannot read IP mode file for STMicroelectronics.X-CUBE-DISPLAY.3.0.0
2024-03-18 23:35:33,614 [WARN] PackLoader:240 - Cannot read IP mode file for STMicroelectronics.X-CUBE-BLE1.7.0.0
2024-03-18 23:35:33,632 [WARN] PackLoader:240 - Cannot read IP mode file for emotas.I-CUBE-CANOPEN.1.3.0
2024-03-18 23:35:33,650 [WARN] PackLoader:240 - Cannot read IP mode file for STMicroelectronics.X-CUBE-TOUCHGFX.4.22.1
2024-03-18 23:35:33,677 [WARN] PackLoader:240 - Cannot read IP mode file for STMicroelectronics.X-CUBE-BLEMGR.3.1.0
2024-03-18 23:35:33,698 [WARN] PackLoader:240 - Cannot read IP mode file for STMicroelectronics.FP-SNS-SMARTAG2.1.2.0
2024-03-18 23:35:33,731 [INFO] LogOutputStream:77 - [STDOUT_REDIRECT] 1 : Invalid condition id : UX_CORESTACK_Condition cause : null
2024-03-18 23:35:33,732 [INFO] LogOutputStream:77 - [STDOUT_REDIRECT] 1 : Invalid condition id : UX_CORESTACK_Condition cause : null
2024-03-18 23:35:33,733 [INFO] LogOutputStream:77 - [STDOUT_REDIRECT] 1 : Invalid condition id : UX_CORESTACK_Condition cause : null
2024-03-18 23:35:33,734 [INFO] LogOutputStream:77 - [STDOUT_REDIRECT] 1 : Invalid condition id : UX_CORESTACK_Condition cause : null
2024-03-18 23:35:33,736 [INFO] LogOutputStream:77 - [STDOUT_REDIRECT] 1 : Invalid condition id : UX_CORESTACK_Condition cause : null
2024-03-18 23:35:33,741 [WARN] PackLoader:240 - Cannot read IP mode file for STMicroelectronics.X-CUBE-AZRTOS-WL.2.0.0
2024-03-18 23:35:33,762 [WARN] PackLoader:240 - Cannot read IP mode file for WES.I-CUBE-Cesium.1.3.0
2024-03-18 23:35:33,775 [WARN] PackLoader:240 - Cannot read IP mode file for STMicroelectronics.X-CUBE-BLE2.3.3.0
2024-03-18 23:35:33,791 [WARN] PackLoader:240 - Cannot read IP mode file for STMicroelectronics.X-CUBE-ALGOBUILD.1.3.0
2024-03-18 23:35:33,834 [WARN] PackLoader:240 - Cannot read IP mode file for STMicroelectronics.X-CUBE-AZRTOS-G0.1.1.0
2024-03-18 23:35:33,859 [WARN] PackLoader:240 - Cannot read IP mode file for STMicroelectronics.X-CUBE-NFC4.3.0.0
2024-03-18 23:35:33,878 [WARN] PackLoader:240 - Cannot read IP mode file for STMicroelectronics.X-CUBE-BLEMGR.3.0.0
2024-03-18 23:35:33,892 [WARN] PackLoader:240 - Cannot read IP mode file for STMicroelectronics.FP-ATR-SIGFOX1.3.2.0
2024-03-18 23:35:33,904 [WARN] PackLoader:240 - Cannot read IP mode file for STMicroelectronics.X-CUBE-EEPRMA1.5.1.0
2024-03-18 23:35:33,940 [WARN] PackLoader:240 - Cannot read IP mode file for SEGGER.I-CUBE-embOS.1.3.1
2024-03-18 23:35:33,989 [WARN] PackLoader:240 - Cannot read IP mode file for STMicroelectronics.X-CUBE-GNSS1.6.0.0
2024-03-18 23:35:34,017 [WARN] PackLoader:240 - Cannot read IP mode file for STMicroelectronics.X-CUBE-AZRTOS-F4.1.1.0
2024-03-18 23:35:34,031 [WARN] PackLoader:240 - Cannot read IP mode file for wolfSSL.I-CUBE-wolfSSL.5.6.3
2024-03-18 23:35:34,058 [WARN] PackLoader:240 - Cannot read IP mode file for STMicroelectronics.X-CUBE-AZRTOS-L5.2.0.0
2024-03-18 23:35:34,145 [WARN] PackLoader:240 - Cannot read IP mode file for STMicroelectronics.X-CUBE-MEMS1.9.6.0
2024-03-18 23:35:34,367 [WARN] PackLoader:240 - Cannot read IP mode file for STMicroelectronics.X-CUBE-EEPRMA1.4.2.0
2024-03-18 23:35:34,381 [WARN] PackLoader:240 - Cannot read IP mode file for ITTIA_DB.I-CUBE-ITTIADB.8.8.0
2024-03-18 23:35:34,397 [WARN] PackLoader:240 - Cannot read IP mode file for STMicroelectronics.X-CUBE-BLEMGR.2.0.0
2024-03-18 23:35:34,429 [WARN] ConditionMgr:438 - getConditionDescription Invalid condition id : UX DEVICE CLASS RTOS Condition cause : null
2024-03-18 23:35:34,429 [WARN] ConditionMgr:438 - getConditionDescription Invalid condition id : UX DEVICE CLASS RTOS Condition cause : null
2024-03-18 23:35:34,431 [WARN] PackLoader:240 - Cannot read IP mode file for STMicroelectronics.X-CUBE-AZRTOS-H7.3.1.0
2024-03-18 23:35:34,432 [WARN] ConditionMgr:1039 - genDependencies : Invalid condition id : UX DEVICE CLASS RTOS Condition cause : null
2024-03-18 23:35:34,433 [WARN] ConditionMgr:1039 - genDependencies : Invalid condition id : UX DEVICE CLASS RTOS Condition cause : null
2024-03-18 23:35:34,433 [WARN] ConditionMgr:1039 - genDependencies : Invalid condition id : UX DEVICE CLASS RTOS Condition cause : null
2024-03-18 23:35:34,433 [WARN] ConditionMgr:1039 - genDependencies : Invalid condition id : UX DEVICE CLASS RTOS Condition cause : null
2024-03-18 23:35:34,433 [WARN] ConditionMgr:1039 - genDependencies : Invalid condition id : UX DEVICE CLASS RTOS Condition cause : null
2024-03-18 23:35:34,446 [WARN] PackLoader:240 - Cannot read IP mode file for STMicroelectronics.X-CUBE-NFC7.1.0.1
2024-03-18 23:35:34,461 [WARN] PackLoader:240 - Cannot read IP mode file for STMicroelectronics.X-CUBE-NFC6.3.0.0
2024-03-18 23:35:34,477 [WARN] PackLoader:240 - Cannot read IP mode file for STMicroelectronics.X-CUBE-EEPRMA1.4.1.0
2024-03-18 23:35:34,489 [WARN] PackLoader:240 - Cannot read IP mode file for STMicroelectronics.X-CUBE-AI.8.1.0
2024-03-18 23:35:34,533 [WARN] ConditionMgr:438 - getConditionDescription Invalid condition id : LAN8742 Phy interface Condition cause : null
2024-03-18 23:35:34,534 [WARN] PackLoader:240 - Cannot read IP mode file for STMicroelectronics.X-CUBE-AZRTOS-L4.2.0.0
2024-03-18 23:35:34,536 [WARN] ConditionMgr:1039 - genDependencies : Invalid condition id : LAN8742 Phy interface Condition cause : null
2024-03-18 23:35:34,536 [WARN] ConditionMgr:1039 - genDependencies : Invalid condition id : LAN8742 Phy interface Condition cause : null
2024-03-18 23:35:34,537 [WARN] ConditionMgr:1039 - genDependencies : Invalid condition id : LAN8742 Phy interface Condition cause : null
2024-03-18 23:35:34,562 [WARN] PackLoader:240 - Cannot read IP mode file for STMicroelectronics.X-CUBE-SFXS2LP1.4.0.0
2024-03-18 23:35:34,584 [WARN] PackLoader:240 - Cannot read IP mode file for STMicroelectronics.X-CUBE-ISPU.1.1.0
2024-03-18 23:35:34,617 [WARN] ConditionMgr:438 - getConditionDescription Invalid condition id : UX DEVICE CLASS RTOS Condition cause : null
2024-03-18 23:35:34,617 [WARN] ConditionMgr:438 - getConditionDescription Invalid condition id : UX DEVICE CLASS RTOS Condition cause : null
2024-03-18 23:35:34,620 [WARN] PackLoader:240 - Cannot read IP mode file for STMicroelectronics.X-CUBE-AZRTOS-WB.2.0.0
2024-03-18 23:35:34,621 [WARN] ConditionMgr:1039 - genDependencies : Invalid condition id : UX DEVICE CLASS RTOS Condition cause : null
2024-03-18 23:35:34,621 [WARN] ConditionMgr:1039 - genDependencies : Invalid condition id : UX DEVICE CLASS RTOS Condition cause : null
2024-03-18 23:35:34,621 [WARN] ConditionMgr:1039 - genDependencies : Invalid condition id : UX DEVICE CLASS RTOS Condition cause : null
2024-03-18 23:35:34,622 [WARN] ConditionMgr:1039 - genDependencies : Invalid condition id : UX DEVICE CLASS RTOS Condition cause : null
2024-03-18 23:35:34,622 [WARN] ConditionMgr:1039 - genDependencies : Invalid condition id : UX DEVICE CLASS RTOS Condition cause : null
2024-03-18 23:35:34,647 [WARN] PackLoader:240 - Cannot read IP mode file for STMicroelectronics.X-CUBE-SUBG2.5.0.0
2024-03-18 23:35:34,674 [WARN] PackLoader:240 - Cannot read IP mode file for STMicroelectronics.X-CUBE-TOF1.3.3.1
2024-03-18 23:35:34,714 [WARN] PackLoader:240 - Cannot read IP mode file for STMicroelectronics.X-CUBE-AZRTOS-G4.2.0.0
2024-03-18 23:35:34,742 [WARN] PackLoader:240 - Cannot read IP mode file for Infineon.AIROC-Wi-Fi-Bluetooth-STM32.1.5.1
2024-03-18 23:35:34,766 [WARN] PackLoader:240 - Cannot read IP mode file for STMicroelectronics.FP-SNS-MOTENVWB1.1.3.0
2024-03-18 23:35:34,780 [WARN] PackLoader:240 - Cannot read IP mode file for STMicroelectronics.FP-SNS-MOTENVWB1.1.3.1
2024-03-18 23:35:34,795 [WARN] PackLoader:240 - Cannot read IP mode file for STMicroelectronics.X-CUBE-ISPU.2.0.0
2024-03-18 23:35:34,852 [WARN] PackLoader:240 - Cannot read IP mode file for STMicroelectronics.X-CUBE-MEMS1.10.0.0
2024-03-18 23:35:35,003 [WARN] PackLoader:240 - Cannot read IP mode file for STMicroelectronics.X-CUBE-FREERTOS.1.1.0
2024-03-18 23:35:35,020 [WARN] PackLoader:240 - Cannot read IP mode file for portGmbH.I-Cube-SoM-uGOAL.1.1.0
2024-03-18 23:35:35,033 [WARN] PackLoader:240 - Cannot read IP mode file for STMicroelectronics.X-CUBE-ALS.1.0.1
2024-03-18 23:35:35,047 [WARN] PackLoader:240 - Cannot read IP mode file for STMicroelectronics.FP-ATR-ASTRA1.2.0.0
2024-03-18 23:35:35,102 [WARN] PackLoader:240 - Cannot read IP mode file for STMicroelectronics.X-CUBE-TOF1.3.4.0
2024-03-18 23:35:35,259 [WARN] PackLoader:240 - Cannot read IP mode file for STMicroelectronics.X-CUBE-TOF1.3.4.1
2024-03-18 23:35:35,316 [WARN] PackLoader:240 - Cannot read IP mode file for STMicroelectronics.X-CUBE-AZRTOS-H7.3.2.0
2024-03-18 23:35:35,321 [INFO] ThirdParty:978 - Integrity check success = true
2024-03-18 23:35:35,321 [INFO] IntegrityCheckThread:100 - exiting critical section [integrity check]
2024-03-18 23:35:35,321 [INFO] IntegrityCheckThread:103 - End integrity checks thread
2024-03-18 23:35:36,843 [INFO] WebApp:161 - Instantiating new browser for Auth
2024-03-18 23:35:38,301 [INFO] WebApp:780 - Register for checkConnection events
2024-03-18 23:35:38,302 [INFO] WebApp:414 - Apply proxy settings
2024-03-18 23:35:38,303 [INFO] WebApp:499 - Chromium requires no authentication
2024-03-18 23:35:38,313 [INFO] WebApp:442 - Direct internet connection detected
2024-03-18 23:35:38,556 [INFO] WebApp:192 - Starting web application
2024-03-18 23:35:38,556 [INFO] WebApp:544 - Web application path used G:\stm32cubeide\stm32cubeide114\STM32CubeIDE_1.14.0\STM32CubeIDE\plugins\com.st.stm32cube.common.mx_6.10.0.202311202037\db\plugins\mcufinder\reactClient1\index.html
2024-03-18 23:35:59,922 [ERROR] LogOutputStream:75 - [STDERR_REDIRECT] SLF4J: Failed to load class "org.slf4j.impl.StaticLoggerBinder".
2024-03-18 23:35:59,922 [ERROR] LogOutputStream:75 - [STDERR_REDIRECT] SLF4J: Defaulting to no-operation (NOP) logger implementation
2024-03-18 23:35:59,924 [ERROR] LogOutputStream:75 - [STDERR_REDIRECT] SLF4J: See http://www.slf4j.org/codes.html#StaticLoggerBinder for further details.
2024-03-18 23:50:01,856 [ERROR] LogOutputStream:75 - [STDERR_REDIRECT] 
