2024-01-26 20:23:02,058 [INFO] Activator:176 - 


2024-01-26 20:23:02,067 [INFO] Activator:177 - !SESSION log4j initialized
2024-01-26 20:23:08,657 [INFO] LogOutputStream:77 - [STDOUT_REDIRECT] 
2024-01-26 20:23:15,165 [INFO] ApplicationProperties:184 - Using Application install path: G:\stm32cubeide\stm32cubeide114\STM32CubeIDE_1.14.0\STM32CubeIDE\plugins\com.st.stm32cube.common.mx_6.10.0.202311202037
2024-01-26 20:23:15,202 [INFO] DbMcusXml:78 - Set database path to: G:\stm32cubeide\stm32cubeide114\STM32CubeIDE_1.14.0\STM32CubeIDE\plugins\com.st.stm32cube.common.mx_6.10.0.202311202037\\db\/mcu/
2024-01-26 20:23:15,202 [INFO] ApiDb:274 - Set plugin database path to: G:\stm32cubeide\stm32cubeide114\STM32CubeIDE_1.14.0\STM32CubeIDE\plugins\com.st.stm32cube.common.mx_6.10.0.202311202037\\db\/plugins/boardmanager/
2024-01-26 20:23:15,203 [WARN] ApiDb:259 - Overriding images path with different value:  => G:\stm32cubeide\stm32cubeide114\STM32CubeIDE_1.14.0\STM32CubeIDE\plugins\com.st.stm32cube.common.mx_6.10.0.202311202037\\db\/plugins/mcufinder/images/
2024-01-26 20:23:15,219 [INFO] ApiDb:250 - Set database path to: C:\Users\Nghia\.stmcufinder\plugins\mcufinder//mcu/
2024-01-26 20:23:15,221 [INFO] DbMcusAds:125 - Set database path to: C:\Users\Nghia\.stmcufinder\plugins\mcufinder//mcu/
2024-01-26 20:23:15,224 [INFO] CrossReferenceDbSqlite:203 - Set database path to: C:\Users\Nghia\.stmcufinder\plugins\mcufinder//mcu/cs/
2024-01-26 20:23:15,369 [INFO] RulesReader:64 - Compatibility file has been processed (297 Rules)
2024-01-26 20:23:15,546 [INFO] DbMcusXml:78 - Set database path to: G:\stm32cubeide\stm32cubeide114\STM32CubeIDE_1.14.0\STM32CubeIDE\plugins\com.st.stm32cube.common.mx_6.10.0.202311202037\\db\/mcu/
2024-01-26 20:23:15,546 [INFO] ApiDb:274 - Set plugin database path to: G:\stm32cubeide\stm32cubeide114\STM32CubeIDE_1.14.0\STM32CubeIDE\plugins\com.st.stm32cube.common.mx_6.10.0.202311202037\\db\/plugins/boardmanager/
2024-01-26 20:23:15,546 [INFO] ApiDb:261 - Set plugin images path to: G:\stm32cubeide\stm32cubeide114\STM32CubeIDE_1.14.0\STM32CubeIDE\plugins\com.st.stm32cube.common.mx_6.10.0.202311202037\\db\/plugins/mcufinder/images/
2024-01-26 20:23:15,546 [WARN] DbFile:41 - Overriding database path with different value: C:\Users\Nghia\.stmcufinder\plugins\mcufinder/ => C:\Users\Nghia\.stmcufinder\plugins\mcufinder
2024-01-26 20:23:15,546 [INFO] ApiDb:250 - Set database path to: C:\Users\Nghia\.stmcufinder\plugins\mcufinder//mcu/
2024-01-26 20:23:15,547 [WARN] DbFile:41 - Overriding database path with different value: C:\Users\Nghia\.stmcufinder\plugins\mcufinder/ => C:\Users\Nghia\.stmcufinder\plugins\mcufinder
2024-01-26 20:23:15,547 [INFO] DbMcusAds:125 - Set database path to: C:\Users\Nghia\.stmcufinder\plugins\mcufinder//mcu/
2024-01-26 20:23:15,547 [WARN] DbFile:41 - Overriding database path with different value: C:\Users\Nghia\.stmcufinder\plugins\mcufinder/ => C:\Users\Nghia\.stmcufinder\plugins\mcufinder
2024-01-26 20:23:15,547 [WARN] DbFile:41 - Overriding database path with different value: C:\Users\Nghia\.stmcufinder\plugins\mcufinder/ => C:\Users\Nghia\.stmcufinder\plugins\mcufinder
2024-01-26 20:23:15,547 [INFO] CrossReferenceDbSqlite:203 - Set database path to: C:\Users\Nghia\.stmcufinder\plugins\mcufinder//mcu/cs/
2024-01-26 20:23:15,654 [INFO] MainPanel:264 - HeapMemory: 268435456
2024-01-26 20:23:15,759 [INFO] DbMcusXml:78 - Set database path to: G:\stm32cubeide\stm32cubeide114\STM32CubeIDE_1.14.0\STM32CubeIDE\plugins\com.st.stm32cube.common.mx_6.10.0.202311202037\\db\/mcu/
2024-01-26 20:23:15,759 [INFO] ApiDb:274 - Set plugin database path to: G:\stm32cubeide\stm32cubeide114\STM32CubeIDE_1.14.0\STM32CubeIDE\plugins\com.st.stm32cube.common.mx_6.10.0.202311202037\\db\/plugins/boardmanager/
2024-01-26 20:23:15,759 [INFO] ApiDb:261 - Set plugin images path to: G:\stm32cubeide\stm32cubeide114\STM32CubeIDE_1.14.0\STM32CubeIDE\plugins\com.st.stm32cube.common.mx_6.10.0.202311202037\\db\/plugins/mcufinder/images/
2024-01-26 20:23:15,759 [WARN] DbFile:41 - Overriding database path with different value: C:\Users\Nghia\.stmcufinder\plugins\mcufinder/ => C:\Users\Nghia\.stmcufinder\plugins\mcufinder
2024-01-26 20:23:15,761 [INFO] ApiDb:250 - Set database path to: C:\Users\Nghia\.stmcufinder\plugins\mcufinder//mcu/
2024-01-26 20:23:15,761 [WARN] DbFile:41 - Overriding database path with different value: C:\Users\Nghia\.stmcufinder\plugins\mcufinder/ => C:\Users\Nghia\.stmcufinder\plugins\mcufinder
2024-01-26 20:23:15,761 [INFO] DbMcusAds:125 - Set database path to: C:\Users\Nghia\.stmcufinder\plugins\mcufinder//mcu/
2024-01-26 20:23:15,761 [WARN] DbFile:41 - Overriding database path with different value: C:\Users\Nghia\.stmcufinder\plugins\mcufinder/ => C:\Users\Nghia\.stmcufinder\plugins\mcufinder
2024-01-26 20:23:15,761 [WARN] DbFile:41 - Overriding database path with different value: C:\Users\Nghia\.stmcufinder\plugins\mcufinder/ => C:\Users\Nghia\.stmcufinder\plugins\mcufinder
2024-01-26 20:23:15,761 [INFO] CrossReferenceDbSqlite:203 - Set database path to: C:\Users\Nghia\.stmcufinder\plugins\mcufinder//mcu/cs/
2024-01-26 20:23:15,795 [INFO] ApplicationProperties:184 - Using Application install path: G:\stm32cubeide\stm32cubeide114\STM32CubeIDE_1.14.0\STM32CubeIDE\plugins\com.st.stm32cube.common.mx_6.10.0.202311202037
2024-01-26 20:23:15,797 [INFO] PluginManage:196 - Search for loadable plugins [exclusion list=, ]
2024-01-26 20:23:15,801 [INFO] PluginManage:310 - Check plugin analytics
2024-01-26 20:23:20,926 [INFO] AnalyticsPlugin:253 - Accepted Software Licenses: STM32CubeMX.6.8.0,STM32CubeMX.6.1.1
2024-01-26 20:23:20,926 [INFO] AnalyticsPlugin:255 - Accepted CMSIS Pack Licenses: 
2024-01-26 20:23:20,927 [INFO] AnalyticsPlugin:257 - Accepted Firmware Licenses: FW.F4.1.27.0,FW.F4.1.28.0
2024-01-26 20:23:20,930 [INFO] PluginManage:359 - Loaded plugin analytics (category:tool,tabindex:-1)
2024-01-26 20:23:20,930 [INFO] PluginManage:310 - Check plugin cadmodel
2024-01-26 20:23:20,948 [INFO] CADModel:105 - Init CAD model plugin
2024-01-26 20:23:20,948 [INFO] PluginManage:359 - Loaded plugin cadmodel (category:power,tabindex:5)
2024-01-26 20:23:20,948 [INFO] PluginManage:310 - Check plugin clock
2024-01-26 20:23:20,969 [INFO] PluginManage:359 - Loaded plugin clock (category:base,tabindex:2)
2024-01-26 20:23:20,970 [INFO] PluginManage:310 - Check plugin ddr
2024-01-26 20:23:20,973 [INFO] PluginManage:359 - Loaded plugin ddr (category:tool,tabindex:6)
2024-01-26 20:23:20,973 [INFO] PluginManage:310 - Check plugin filemanager
2024-01-26 20:23:21,118 [INFO] PluginManage:359 - Loaded plugin filemanager (category:base,tabindex:10)
2024-01-26 20:23:21,118 [INFO] PluginManage:310 - Check plugin ipmanager
2024-01-26 20:23:21,127 [INFO] PluginManage:359 - Loaded plugin ipmanager (category:base,tabindex:5)
2024-01-26 20:23:21,127 [INFO] PluginManage:310 - Check plugin lpbam
2024-01-26 20:23:21,149 [INFO] PluginManage:359 - Loaded plugin lpbam (category:base,tabindex:0)
2024-01-26 20:23:21,150 [INFO] PluginManage:310 - Check plugin memorymap
2024-01-26 20:23:21,177 [INFO] PluginManage:359 - Loaded plugin memorymap (category:base,tabindex:4)
2024-01-26 20:23:21,177 [INFO] PluginManage:310 - Check plugin pinoutandconfiguration
2024-01-26 20:23:21,193 [INFO] PluginManage:359 - Loaded plugin pinoutandconfiguration (category:base,tabindex:1)
2024-01-26 20:23:21,193 [INFO] PluginManage:310 - Check plugin pinoutconfig
2024-01-26 20:23:21,295 [WARN] SupportedApi:132 - Cannot load RTOS API schema: s4s-elt-must-match.1: The content of 'definitions' must match (annotation?, (simpleType | complexType)?, (unique | key | keyref)*)). A problem was found starting at: attribute.
2024-01-26 20:23:21,436 [INFO] PluginManage:359 - Loaded plugin pinoutconfig (category:base,tabindex:0)
2024-01-26 20:23:21,436 [INFO] PluginManage:310 - Check plugin power
2024-01-26 20:23:21,455 [INFO] PluginManage:359 - Loaded plugin power (category:power,tabindex:4)
2024-01-26 20:23:21,455 [INFO] PluginManage:310 - Check plugin projectmanager
2024-01-26 20:23:21,469 [INFO] PluginManage:359 - Loaded plugin projectmanager (category:projectmanager,tabindex:3)
2024-01-26 20:23:21,469 [INFO] PluginManage:310 - Check plugin thirdparty
2024-01-26 20:23:21,754 [INFO] PluginManage:359 - Loaded plugin thirdparty (category:base,tabindex:-1)
2024-01-26 20:23:21,754 [WARN] IntegrityCheckThread:84 - waiting for thirdparty lock release [integrity check]
2024-01-26 20:23:21,754 [INFO] PluginManage:310 - Check plugin tools
2024-01-26 20:23:21,754 [INFO] IntegrityCheckThread:86 - entering critical section [integrity check]
2024-01-26 20:23:21,755 [INFO] ThirdPartyUpdaterWithRetryManager:70 - Updater plugin not ready yet. [1/15]
2024-01-26 20:23:21,797 [INFO] PluginManage:359 - Loaded plugin tools (category:base,tabindex:7)
2024-01-26 20:23:21,798 [INFO] PluginManage:310 - Check plugin tutovideos
2024-01-26 20:23:22,068 [INFO] PluginManage:359 - Loaded plugin tutovideos (category:base,tabindex:-1)
2024-01-26 20:23:22,068 [INFO] PluginManage:310 - Check plugin updater
2024-01-26 20:23:22,079 [INFO] PluginManage:359 - Loaded plugin updater (category:base,tabindex:12)
2024-01-26 20:23:22,079 [INFO] PluginManage:310 - Check plugin userauth
2024-01-26 20:23:22,085 [INFO] UserAuth:114 - Init User Auth plugin
2024-01-26 20:23:22,085 [INFO] PluginManage:359 - Loaded plugin userauth (category:base,tabindex:14)
2024-01-26 20:23:22,085 [INFO] PluginManage:283 - PluginManage : Loaded plugins [17]
2024-01-26 20:23:22,298 [INFO] PinOutPanel:1499 - setPackage(No Configuration,No Configuration)
2024-01-26 20:23:22,390 [INFO] CADModel:165 - CPN selected for project level
2024-01-26 20:23:22,390 [INFO] CADModel:114 - Register for checkConnection events
2024-01-26 20:23:22,439 [INFO] IPUIPlugin:80 - create IPUIPlugin
2024-01-26 20:23:22,439 [INFO] PluginManager:220 - loadIPPluginJar : add adc
2024-01-26 20:23:22,483 [INFO] IPUIPlugin:80 - create IPUIPlugin
2024-01-26 20:23:22,483 [INFO] PluginManager:220 - loadIPPluginJar : add aes
2024-01-26 20:23:22,554 [INFO] IPUIPlugin:80 - create IPUIPlugin
2024-01-26 20:23:22,555 [INFO] PluginManager:220 - loadIPPluginJar : add can
2024-01-26 20:23:22,584 [INFO] IPUIPlugin:80 - create IPUIPlugin
2024-01-26 20:23:22,584 [INFO] PluginManager:220 - loadIPPluginJar : add comp
2024-01-26 20:23:22,615 [INFO] IPUIPlugin:80 - create IPUIPlugin
2024-01-26 20:23:22,615 [INFO] PluginManager:220 - loadIPPluginJar : add cryp
2024-01-26 20:23:22,647 [INFO] IPUIPlugin:80 - create IPUIPlugin
2024-01-26 20:23:22,647 [INFO] PluginManager:220 - loadIPPluginJar : add dfsdm
2024-01-26 20:23:22,662 [INFO] IPUIPlugin:80 - create IPUIPlugin
2024-01-26 20:23:22,662 [INFO] PluginManager:220 - loadIPPluginJar : add dma
2024-01-26 20:23:22,709 [INFO] IPUIPlugin:80 - create IPUIPlugin
2024-01-26 20:23:22,709 [INFO] PluginManager:220 - loadIPPluginJar : add dma3
2024-01-26 20:23:22,731 [INFO] IPUIPlugin:80 - create IPUIPlugin
2024-01-26 20:23:22,731 [INFO] PluginManager:220 - loadIPPluginJar : add fatfs
2024-01-26 20:23:22,775 [INFO] IPUIPlugin:80 - create IPUIPlugin
2024-01-26 20:23:22,775 [INFO] PluginManager:220 - loadIPPluginJar : add fmc
2024-01-26 20:23:22,788 [INFO] IPUIPlugin:80 - create IPUIPlugin
2024-01-26 20:23:22,789 [INFO] PluginManager:220 - loadIPPluginJar : add freertos
2024-01-26 20:23:22,818 [INFO] IPUIPlugin:80 - create IPUIPlugin
2024-01-26 20:23:22,818 [INFO] PluginManager:220 - loadIPPluginJar : add genericplugin
2024-01-26 20:23:22,925 [INFO] IPUIPlugin:80 - create IPUIPlugin
2024-01-26 20:23:22,925 [INFO] PluginManager:220 - loadIPPluginJar : add gfxmmu
2024-01-26 20:23:23,046 [INFO] IPUIPlugin:80 - create IPUIPlugin
2024-01-26 20:23:23,046 [INFO] PluginManager:220 - loadIPPluginJar : add gic
2024-01-26 20:23:23,056 [INFO] IPUIPlugin:80 - create IPUIPlugin
2024-01-26 20:23:23,056 [INFO] PluginManager:220 - loadIPPluginJar : add gpio
2024-01-26 20:23:23,137 [INFO] IPUIPlugin:80 - create IPUIPlugin
2024-01-26 20:23:23,137 [INFO] PluginManager:220 - loadIPPluginJar : add gtzc
2024-01-26 20:23:23,169 [INFO] IPUIPlugin:80 - create IPUIPlugin
2024-01-26 20:23:23,169 [INFO] PluginManager:220 - loadIPPluginJar : add hash
2024-01-26 20:23:23,215 [INFO] IPUIPlugin:80 - create IPUIPlugin
2024-01-26 20:23:23,215 [INFO] PluginManager:220 - loadIPPluginJar : add i2c
2024-01-26 20:23:23,249 [INFO] IPUIPlugin:80 - create IPUIPlugin
2024-01-26 20:23:23,250 [INFO] PluginManager:220 - loadIPPluginJar : add i2s
2024-01-26 20:23:23,284 [INFO] IPUIPlugin:80 - create IPUIPlugin
2024-01-26 20:23:23,285 [INFO] PluginManager:220 - loadIPPluginJar : add i3c
2024-01-26 20:23:23,389 [INFO] IPUIPlugin:80 - create IPUIPlugin
2024-01-26 20:23:23,389 [INFO] PluginManager:220 - loadIPPluginJar : add ipddr
2024-01-26 20:23:23,474 [INFO] IPUIPlugin:80 - create IPUIPlugin
2024-01-26 20:23:23,475 [INFO] PluginManager:220 - loadIPPluginJar : add linkedlist
2024-01-26 20:23:23,505 [INFO] IPUIPlugin:80 - create IPUIPlugin
2024-01-26 20:23:23,505 [INFO] PluginManager:220 - loadIPPluginJar : add lorawan
2024-01-26 20:23:23,536 [INFO] IPUIPlugin:80 - create IPUIPlugin
2024-01-26 20:23:23,536 [INFO] PluginManager:220 - loadIPPluginJar : add ltdc
2024-01-26 20:23:23,548 [INFO] IPUIPlugin:80 - create IPUIPlugin
2024-01-26 20:23:23,548 [INFO] PluginManager:220 - loadIPPluginJar : add mdma
2024-01-26 20:23:23,559 [INFO] IPUIPlugin:80 - create IPUIPlugin
2024-01-26 20:23:23,559 [INFO] PluginManager:220 - loadIPPluginJar : add nvic
2024-01-26 20:23:23,591 [INFO] IPUIPlugin:80 - create IPUIPlugin
2024-01-26 20:23:23,591 [INFO] PluginManager:220 - loadIPPluginJar : add opamp
2024-01-26 20:23:23,644 [INFO] IPUIPlugin:80 - create IPUIPlugin
2024-01-26 20:23:23,645 [INFO] PluginManager:220 - loadIPPluginJar : add openamp
2024-01-26 20:23:23,682 [INFO] IPUIPlugin:80 - create IPUIPlugin
2024-01-26 20:23:23,682 [INFO] PluginManager:220 - loadIPPluginJar : add pdm2pcm
2024-01-26 20:23:23,694 [INFO] IPUIPlugin:80 - create IPUIPlugin
2024-01-26 20:23:23,695 [INFO] PluginManager:220 - loadIPPluginJar : add plateformsettings
2024-01-26 20:23:23,713 [INFO] IPUIPlugin:80 - create IPUIPlugin
2024-01-26 20:23:23,713 [INFO] PluginManager:220 - loadIPPluginJar : add quadspi
2024-01-26 20:23:23,724 [INFO] IPUIPlugin:80 - create IPUIPlugin
2024-01-26 20:23:23,724 [INFO] PluginManager:220 - loadIPPluginJar : add resmgrutility
2024-01-26 20:23:23,765 [INFO] IPUIPlugin:80 - create IPUIPlugin
2024-01-26 20:23:23,765 [INFO] PluginManager:220 - loadIPPluginJar : add sai
2024-01-26 20:23:23,798 [INFO] IPUIPlugin:80 - create IPUIPlugin
2024-01-26 20:23:23,798 [INFO] PluginManager:220 - loadIPPluginJar : add spi
2024-01-26 20:23:23,864 [INFO] IPUIPlugin:80 - create IPUIPlugin
2024-01-26 20:23:23,864 [INFO] PluginManager:220 - loadIPPluginJar : add stm32_wpan
2024-01-26 20:23:23,890 [INFO] IPUIPlugin:80 - create IPUIPlugin
2024-01-26 20:23:23,890 [INFO] PluginManager:220 - loadIPPluginJar : add tim
2024-01-26 20:23:23,939 [INFO] IPUIPlugin:80 - create IPUIPlugin
2024-01-26 20:23:23,939 [INFO] PluginManager:220 - loadIPPluginJar : add touchsensing
2024-01-26 20:23:23,960 [INFO] IPUIPlugin:80 - create IPUIPlugin
2024-01-26 20:23:23,960 [INFO] PluginManager:220 - loadIPPluginJar : add tracer_emb
2024-01-26 20:23:23,994 [INFO] IPUIPlugin:80 - create IPUIPlugin
2024-01-26 20:23:23,994 [INFO] PluginManager:220 - loadIPPluginJar : add ts
2024-01-26 20:23:24,024 [INFO] IPUIPlugin:80 - create IPUIPlugin
2024-01-26 20:23:24,024 [INFO] PluginManager:220 - loadIPPluginJar : add tsc
2024-01-26 20:23:24,059 [INFO] IPUIPlugin:80 - create IPUIPlugin
2024-01-26 20:23:24,059 [INFO] PluginManager:220 - loadIPPluginJar : add ucpd
2024-01-26 20:23:24,122 [INFO] IPUIPlugin:80 - create IPUIPlugin
2024-01-26 20:23:24,123 [INFO] PluginManager:220 - loadIPPluginJar : add usart
2024-01-26 20:23:24,194 [INFO] IPUIPlugin:80 - create IPUIPlugin
2024-01-26 20:23:24,195 [INFO] PluginManager:220 - loadIPPluginJar : add usbx
2024-01-26 20:23:24,343 [INFO] CADModel:165 - CPN selected for project level
2024-01-26 20:23:24,343 [INFO] CADModel:114 - Register for checkConnection events
2024-01-26 20:23:24,343 [FATAL] Updater:308 - Updater called before beeing initialized
2024-01-26 20:23:24,343 [ERROR] CADModel:125 - Updater not yet initialized, retry later 
2024-01-26 20:23:24,523 [INFO] CADModel:165 - CPN selected for project level
2024-01-26 20:23:24,523 [INFO] CADModel:114 - Register for checkConnection events
2024-01-26 20:23:24,523 [FATAL] Updater:308 - Updater called before beeing initialized
2024-01-26 20:23:24,523 [ERROR] CADModel:125 - Updater not yet initialized, retry later 
2024-01-26 20:23:24,527 [FATAL] Updater:308 - Updater called before beeing initialized
2024-01-26 20:23:24,649 [FATAL] Updater:308 - Updater called before beeing initialized
2024-01-26 20:23:24,661 [INFO] DbMcusAds:53 - JSON generation date=Wed Nov 29 17:52:27 ICT 2023 (1701255147349)
2024-01-26 20:23:24,661 [FATAL] Updater:308 - Updater called before beeing initialized
2024-01-26 20:23:24,757 [INFO] ThirdPartyUpdaterWithRetryManager:70 - Updater plugin not ready yet. [2/15]
2024-01-26 20:23:24,776 [WARN] DetailPanel:346 - Failed to get advertising image, set to default
2024-01-26 20:23:24,886 [FATAL] Updater:308 - Updater called before beeing initialized
2024-01-26 20:23:24,890 [FATAL] Updater:308 - Updater called before beeing initialized
2024-01-26 20:23:24,890 [FATAL] Updater:308 - Updater called before beeing initialized
2024-01-26 20:23:24,890 [WARN] DetailPanel:346 - Failed to get advertising image, set to default
2024-01-26 20:23:24,891 [FATAL] Updater:308 - Updater called before beeing initialized
2024-01-26 20:23:24,958 [ERROR] Updater:1120 - MainUpdater not yet initialized. External WinMGr cannot be set.
2024-01-26 20:23:24,968 [INFO] Updater:1056 - Updater Version found : 6.10.0
2024-01-26 20:23:24,985 [INFO] ApplicationProperties:184 - Using Application install path: G:\stm32cubeide\stm32cubeide114\STM32CubeIDE_1.14.0\STM32CubeIDE\plugins\com.st.stm32cube.common.mx_6.10.0.202311202037
2024-01-26 20:23:26,156 [INFO] MainUpdater:2873 - connection check result : 10
2024-01-26 20:23:26,158 [INFO] MainUpdater:290 - Updater Check For Update Now.
2024-01-26 20:23:26,159 [INFO] MicroXplorer:498 - Change Database Version : DB.6.0.100
2024-01-26 20:23:26,177 [INFO] McuFinderGlobals:63 - Set McuFinder mode to 2 (CubeIDE integrated)
2024-01-26 20:23:26,357 [INFO] CheckServerUpdateThread:120 - End of CheckServer Thread
2024-01-26 20:23:26,534 [INFO] UserAuth:404 - Internet connection configuration mode: 1
2024-01-26 20:23:26,557 [INFO] JxBrowserEngine:152 - Initiate JxBrowser Engine with user profile folder
2024-01-26 20:23:28,059 [WARN] PackLoader:240 - Cannot read IP mode file for STMicroelectronics.X-CUBE-SMBUS.2.1.0
2024-01-26 20:23:28,086 [WARN] PackLoader:240 - Cannot read IP mode file for STMicroelectronics.X-CUBE-TOUCHGFX.4.23.0
2024-01-26 20:23:28,143 [WARN] PackLoader:240 - Cannot read IP mode file for STMicroelectronics.X-CUBE-AZRTOS-F7.1.1.0
2024-01-26 20:23:28,176 [WARN] PackLoader:240 - Cannot read IP mode file for STMicroelectronics.FP-SNS-MOTENV1.4.3.2
2024-01-26 20:23:28,199 [WARN] PackLoader:240 - Cannot read IP mode file for STMicroelectronics.FP-SNS-FLIGHT1.5.0.2
2024-01-26 20:23:28,226 [WARN] PackLoader:240 - Cannot read IP mode file for STMicroelectronics.X-CUBE-DISPLAY.3.0.0
2024-01-26 20:23:28,256 [WARN] PackLoader:240 - Cannot read IP mode file for STMicroelectronics.X-CUBE-BLE1.7.0.0
2024-01-26 20:23:28,287 [WARN] PackLoader:240 - Cannot read IP mode file for emotas.I-CUBE-CANOPEN.1.3.0
2024-01-26 20:23:28,315 [WARN] PackLoader:240 - Cannot read IP mode file for STMicroelectronics.X-CUBE-TOUCHGFX.4.22.1
2024-01-26 20:23:28,341 [WARN] PackLoader:240 - Cannot read IP mode file for STMicroelectronics.FP-SNS-SMARTAG2.1.2.0
2024-01-26 20:23:28,412 [INFO] LogOutputStream:77 - [STDOUT_REDIRECT] 1 : Invalid condition id : UX_CORESTACK_Condition cause : null
2024-01-26 20:23:28,417 [INFO] LogOutputStream:77 - [STDOUT_REDIRECT] 1 : Invalid condition id : UX_CORESTACK_Condition cause : null
2024-01-26 20:23:28,418 [INFO] LogOutputStream:77 - [STDOUT_REDIRECT] 1 : Invalid condition id : UX_CORESTACK_Condition cause : null
2024-01-26 20:23:28,419 [INFO] LogOutputStream:77 - [STDOUT_REDIRECT] 1 : Invalid condition id : UX_CORESTACK_Condition cause : null
2024-01-26 20:23:28,422 [INFO] LogOutputStream:77 - [STDOUT_REDIRECT] 1 : Invalid condition id : UX_CORESTACK_Condition cause : null
2024-01-26 20:23:28,430 [WARN] PackLoader:240 - Cannot read IP mode file for STMicroelectronics.X-CUBE-AZRTOS-WL.2.0.0
2024-01-26 20:23:28,469 [WARN] PackLoader:240 - Cannot read IP mode file for WES.I-CUBE-Cesium.1.3.0
2024-01-26 20:23:28,501 [WARN] PackLoader:240 - Cannot read IP mode file for STMicroelectronics.X-CUBE-BLE2.3.3.0
2024-01-26 20:23:28,587 [WARN] PackLoader:240 - Cannot read IP mode file for STMicroelectronics.X-CUBE-ALGOBUILD.1.3.0
2024-01-26 20:23:28,648 [WARN] PackLoader:240 - Cannot read IP mode file for STMicroelectronics.X-CUBE-AZRTOS-G0.1.1.0
2024-01-26 20:23:28,669 [WARN] PackLoader:240 - Cannot read IP mode file for STMicroelectronics.X-CUBE-NFC4.3.0.0
2024-01-26 20:23:28,691 [WARN] PackLoader:240 - Cannot read IP mode file for STMicroelectronics.X-CUBE-BLEMGR.3.0.0
2024-01-26 20:23:28,705 [WARN] PackLoader:240 - Cannot read IP mode file for STMicroelectronics.FP-ATR-SIGFOX1.3.2.0
2024-01-26 20:23:28,752 [WARN] PackLoader:240 - Cannot read IP mode file for SEGGER.I-CUBE-embOS.1.3.1
2024-01-26 20:23:28,809 [WARN] PackLoader:240 - Cannot read IP mode file for STMicroelectronics.X-CUBE-GNSS1.6.0.0
2024-01-26 20:23:28,845 [WARN] PackLoader:240 - Cannot read IP mode file for STMicroelectronics.X-CUBE-AZRTOS-F4.1.1.0
2024-01-26 20:23:28,861 [WARN] PackLoader:240 - Cannot read IP mode file for wolfSSL.I-CUBE-wolfSSL.5.6.3
2024-01-26 20:23:28,898 [WARN] PackLoader:240 - Cannot read IP mode file for STMicroelectronics.X-CUBE-AZRTOS-L5.2.0.0
2024-01-26 20:23:28,961 [WARN] PackLoader:240 - Cannot read IP mode file for STMicroelectronics.X-CUBE-MEMS1.9.6.0
2024-01-26 20:23:29,107 [WARN] PackLoader:240 - Cannot read IP mode file for STMicroelectronics.X-CUBE-EEPRMA1.4.2.0
2024-01-26 20:23:29,126 [WARN] PackLoader:240 - Cannot read IP mode file for ITTIA_DB.I-CUBE-ITTIADB.8.8.0
2024-01-26 20:23:29,146 [WARN] PackLoader:240 - Cannot read IP mode file for STMicroelectronics.X-CUBE-BLEMGR.2.0.0
2024-01-26 20:23:29,183 [WARN] ConditionMgr:438 - getConditionDescription Invalid condition id : UX DEVICE CLASS RTOS Condition cause : null
2024-01-26 20:23:29,184 [WARN] ConditionMgr:438 - getConditionDescription Invalid condition id : UX DEVICE CLASS RTOS Condition cause : null
2024-01-26 20:23:29,187 [WARN] PackLoader:240 - Cannot read IP mode file for STMicroelectronics.X-CUBE-AZRTOS-H7.3.1.0
2024-01-26 20:23:29,191 [WARN] ConditionMgr:1039 - genDependencies : Invalid condition id : UX DEVICE CLASS RTOS Condition cause : null
2024-01-26 20:23:29,191 [WARN] ConditionMgr:1039 - genDependencies : Invalid condition id : UX DEVICE CLASS RTOS Condition cause : null
2024-01-26 20:23:29,192 [WARN] ConditionMgr:1039 - genDependencies : Invalid condition id : UX DEVICE CLASS RTOS Condition cause : null
2024-01-26 20:23:29,192 [WARN] ConditionMgr:1039 - genDependencies : Invalid condition id : UX DEVICE CLASS RTOS Condition cause : null
2024-01-26 20:23:29,192 [WARN] ConditionMgr:1039 - genDependencies : Invalid condition id : UX DEVICE CLASS RTOS Condition cause : null
2024-01-26 20:23:29,206 [WARN] PackLoader:240 - Cannot read IP mode file for STMicroelectronics.X-CUBE-NFC7.1.0.1
2024-01-26 20:23:29,225 [WARN] PackLoader:240 - Cannot read IP mode file for STMicroelectronics.X-CUBE-NFC6.3.0.0
2024-01-26 20:23:29,240 [WARN] PackLoader:240 - Cannot read IP mode file for STMicroelectronics.X-CUBE-EEPRMA1.4.1.0
2024-01-26 20:23:29,256 [WARN] PackLoader:240 - Cannot read IP mode file for STMicroelectronics.X-CUBE-AI.8.1.0
2024-01-26 20:23:29,292 [WARN] ConditionMgr:438 - getConditionDescription Invalid condition id : LAN8742 Phy interface Condition cause : null
2024-01-26 20:23:29,293 [WARN] PackLoader:240 - Cannot read IP mode file for STMicroelectronics.X-CUBE-AZRTOS-L4.2.0.0
2024-01-26 20:23:29,294 [WARN] ConditionMgr:1039 - genDependencies : Invalid condition id : LAN8742 Phy interface Condition cause : null
2024-01-26 20:23:29,296 [WARN] ConditionMgr:1039 - genDependencies : Invalid condition id : LAN8742 Phy interface Condition cause : null
2024-01-26 20:23:29,297 [WARN] ConditionMgr:1039 - genDependencies : Invalid condition id : LAN8742 Phy interface Condition cause : null
2024-01-26 20:23:29,316 [WARN] PackLoader:240 - Cannot read IP mode file for STMicroelectronics.X-CUBE-SFXS2LP1.4.0.0
2024-01-26 20:23:29,337 [WARN] PackLoader:240 - Cannot read IP mode file for STMicroelectronics.X-CUBE-ISPU.1.1.0
2024-01-26 20:23:29,372 [WARN] ConditionMgr:438 - getConditionDescription Invalid condition id : UX DEVICE CLASS RTOS Condition cause : null
2024-01-26 20:23:29,372 [WARN] ConditionMgr:438 - getConditionDescription Invalid condition id : UX DEVICE CLASS RTOS Condition cause : null
2024-01-26 20:23:29,375 [WARN] PackLoader:240 - Cannot read IP mode file for STMicroelectronics.X-CUBE-AZRTOS-WB.2.0.0
2024-01-26 20:23:29,376 [WARN] ConditionMgr:1039 - genDependencies : Invalid condition id : UX DEVICE CLASS RTOS Condition cause : null
2024-01-26 20:23:29,376 [WARN] ConditionMgr:1039 - genDependencies : Invalid condition id : UX DEVICE CLASS RTOS Condition cause : null
2024-01-26 20:23:29,377 [WARN] ConditionMgr:1039 - genDependencies : Invalid condition id : UX DEVICE CLASS RTOS Condition cause : null
2024-01-26 20:23:29,377 [WARN] ConditionMgr:1039 - genDependencies : Invalid condition id : UX DEVICE CLASS RTOS Condition cause : null
2024-01-26 20:23:29,377 [WARN] ConditionMgr:1039 - genDependencies : Invalid condition id : UX DEVICE CLASS RTOS Condition cause : null
2024-01-26 20:23:29,404 [WARN] PackLoader:240 - Cannot read IP mode file for STMicroelectronics.X-CUBE-SUBG2.5.0.0
2024-01-26 20:23:29,433 [WARN] PackLoader:240 - Cannot read IP mode file for STMicroelectronics.X-CUBE-TOF1.3.3.1
2024-01-26 20:23:29,481 [WARN] PackLoader:240 - Cannot read IP mode file for STMicroelectronics.X-CUBE-AZRTOS-G4.2.0.0
2024-01-26 20:23:29,508 [WARN] PackLoader:240 - Cannot read IP mode file for Infineon.AIROC-Wi-Fi-Bluetooth-STM32.1.5.1
2024-01-26 20:23:29,523 [WARN] PackLoader:240 - Cannot read IP mode file for STMicroelectronics.FP-SNS-MOTENVWB1.1.3.0
2024-01-26 20:23:29,537 [WARN] PackLoader:240 - Cannot read IP mode file for STMicroelectronics.FP-SNS-MOTENVWB1.1.3.1
2024-01-26 20:23:29,549 [WARN] PackLoader:240 - Cannot read IP mode file for STMicroelectronics.X-CUBE-ISPU.2.0.0
2024-01-26 20:23:29,617 [WARN] PackLoader:240 - Cannot read IP mode file for STMicroelectronics.X-CUBE-MEMS1.10.0.0
2024-01-26 20:23:29,752 [WARN] PackLoader:240 - Cannot read IP mode file for STMicroelectronics.X-CUBE-FREERTOS.1.1.0
2024-01-26 20:23:29,772 [WARN] PackLoader:240 - Cannot read IP mode file for portGmbH.I-Cube-SoM-uGOAL.1.1.0
2024-01-26 20:23:29,788 [WARN] PackLoader:240 - Cannot read IP mode file for STMicroelectronics.X-CUBE-ALS.1.0.1
2024-01-26 20:23:29,802 [WARN] PackLoader:240 - Cannot read IP mode file for STMicroelectronics.FP-ATR-ASTRA1.2.0.0
2024-01-26 20:23:29,830 [WARN] PackLoader:240 - Cannot read IP mode file for STMicroelectronics.X-CUBE-TOF1.3.4.0
2024-01-26 20:23:29,883 [WARN] PackLoader:240 - Cannot read IP mode file for STMicroelectronics.X-CUBE-AZRTOS-H7.3.2.0
2024-01-26 20:23:29,886 [INFO] ThirdParty:978 - Integrity check success = true
2024-01-26 20:23:29,887 [INFO] IntegrityCheckThread:100 - exiting critical section [integrity check]
2024-01-26 20:23:29,887 [INFO] IntegrityCheckThread:103 - End integrity checks thread
2024-01-26 20:23:31,043 [INFO] WebApp:161 - Instantiating new browser for Auth
2024-01-26 20:23:32,612 [INFO] WebApp:780 - Register for checkConnection events
2024-01-26 20:23:32,612 [INFO] WebApp:414 - Apply proxy settings
2024-01-26 20:23:32,614 [INFO] WebApp:499 - Chromium requires no authentication
2024-01-26 20:23:32,625 [INFO] WebApp:442 - Direct internet connection detected
2024-01-26 20:23:33,003 [INFO] WebApp:192 - Starting web application
2024-01-26 20:23:33,003 [INFO] WebApp:544 - Web application path used G:\stm32cubeide\stm32cubeide114\STM32CubeIDE_1.14.0\STM32CubeIDE\plugins\com.st.stm32cube.common.mx_6.10.0.202311202037\db\plugins\mcufinder\reactClient1\index.html
2024-01-26 20:23:54,145 [ERROR] LogOutputStream:75 - [STDERR_REDIRECT] SLF4J: Failed to load class "org.slf4j.impl.StaticLoggerBinder".
2024-01-26 20:23:54,147 [ERROR] LogOutputStream:75 - [STDERR_REDIRECT] SLF4J: Defaulting to no-operation (NOP) logger implementation
2024-01-26 20:23:54,148 [ERROR] LogOutputStream:75 - [STDERR_REDIRECT] SLF4J: See http://www.slf4j.org/codes.html#StaticLoggerBinder for further details.
2024-01-26 20:25:04,183 [ERROR] ConfigurationRetriever:142 - IOException on connection: Connect timed out
2024-01-26 20:25:23,640 [ERROR] LogOutputStream:75 - [STDERR_REDIRECT] 
