2024-04-08 19:14:36,037 [INFO] Activator:176 - 


2024-04-08 19:14:36,042 [INFO] Activator:177 - !SESSION log4j initialized
2024-04-08 19:14:45,627 [INFO] LogOutputStream:77 - [STDOUT_REDIRECT] 
2024-04-08 19:14:52,522 [INFO] ApplicationProperties:184 - Using Application install path: G:\stm32cubeide\stm32cubeide114\STM32CubeIDE_1.14.0\STM32CubeIDE\plugins\com.st.stm32cube.common.mx_6.10.0.202311202037
2024-04-08 19:14:52,540 [INFO] DbMcusXml:78 - Set database path to: G:\stm32cubeide\stm32cubeide114\STM32CubeIDE_1.14.0\STM32CubeIDE\plugins\com.st.stm32cube.common.mx_6.10.0.202311202037\\db\/mcu/
2024-04-08 19:14:52,540 [INFO] ApiDb:274 - Set plugin database path to: G:\stm32cubeide\stm32cubeide114\STM32CubeIDE_1.14.0\STM32CubeIDE\plugins\com.st.stm32cube.common.mx_6.10.0.202311202037\\db\/plugins/boardmanager/
2024-04-08 19:14:52,541 [WARN] ApiDb:259 - Overriding images path with different value:  => G:\stm32cubeide\stm32cubeide114\STM32CubeIDE_1.14.0\STM32CubeIDE\plugins\com.st.stm32cube.common.mx_6.10.0.202311202037\\db\/plugins/mcufinder/images/
2024-04-08 19:14:52,556 [INFO] ApiDb:250 - Set database path to: C:\Users\Nghia\.stmcufinder\plugins\mcufinder//mcu/
2024-04-08 19:14:52,557 [INFO] DbMcusAds:125 - Set database path to: C:\Users\Nghia\.stmcufinder\plugins\mcufinder//mcu/
2024-04-08 19:14:52,559 [INFO] CrossReferenceDbSqlite:203 - Set database path to: C:\Users\Nghia\.stmcufinder\plugins\mcufinder//mcu/cs/
2024-04-08 19:14:52,671 [INFO] RulesReader:64 - Compatibility file has been processed (297 Rules)
2024-04-08 19:14:52,746 [INFO] DbMcusXml:78 - Set database path to: G:\stm32cubeide\stm32cubeide114\STM32CubeIDE_1.14.0\STM32CubeIDE\plugins\com.st.stm32cube.common.mx_6.10.0.202311202037\\db\/mcu/
2024-04-08 19:14:52,746 [INFO] ApiDb:274 - Set plugin database path to: G:\stm32cubeide\stm32cubeide114\STM32CubeIDE_1.14.0\STM32CubeIDE\plugins\com.st.stm32cube.common.mx_6.10.0.202311202037\\db\/plugins/boardmanager/
2024-04-08 19:14:52,747 [INFO] ApiDb:261 - Set plugin images path to: G:\stm32cubeide\stm32cubeide114\STM32CubeIDE_1.14.0\STM32CubeIDE\plugins\com.st.stm32cube.common.mx_6.10.0.202311202037\\db\/plugins/mcufinder/images/
2024-04-08 19:14:52,747 [WARN] DbFile:41 - Overriding database path with different value: C:\Users\Nghia\.stmcufinder\plugins\mcufinder/ => C:\Users\Nghia\.stmcufinder\plugins\mcufinder
2024-04-08 19:14:52,747 [INFO] ApiDb:250 - Set database path to: C:\Users\Nghia\.stmcufinder\plugins\mcufinder//mcu/
2024-04-08 19:14:52,747 [WARN] DbFile:41 - Overriding database path with different value: C:\Users\Nghia\.stmcufinder\plugins\mcufinder/ => C:\Users\Nghia\.stmcufinder\plugins\mcufinder
2024-04-08 19:14:52,747 [INFO] DbMcusAds:125 - Set database path to: C:\Users\Nghia\.stmcufinder\plugins\mcufinder//mcu/
2024-04-08 19:14:52,747 [WARN] DbFile:41 - Overriding database path with different value: C:\Users\Nghia\.stmcufinder\plugins\mcufinder/ => C:\Users\Nghia\.stmcufinder\plugins\mcufinder
2024-04-08 19:14:52,747 [WARN] DbFile:41 - Overriding database path with different value: C:\Users\Nghia\.stmcufinder\plugins\mcufinder/ => C:\Users\Nghia\.stmcufinder\plugins\mcufinder
2024-04-08 19:14:52,747 [INFO] CrossReferenceDbSqlite:203 - Set database path to: C:\Users\Nghia\.stmcufinder\plugins\mcufinder//mcu/cs/
2024-04-08 19:14:52,821 [INFO] MainPanel:264 - HeapMemory: 268435456
2024-04-08 19:14:52,904 [INFO] DbMcusXml:78 - Set database path to: G:\stm32cubeide\stm32cubeide114\STM32CubeIDE_1.14.0\STM32CubeIDE\plugins\com.st.stm32cube.common.mx_6.10.0.202311202037\\db\/mcu/
2024-04-08 19:14:52,905 [INFO] ApiDb:274 - Set plugin database path to: G:\stm32cubeide\stm32cubeide114\STM32CubeIDE_1.14.0\STM32CubeIDE\plugins\com.st.stm32cube.common.mx_6.10.0.202311202037\\db\/plugins/boardmanager/
2024-04-08 19:14:52,905 [INFO] ApiDb:261 - Set plugin images path to: G:\stm32cubeide\stm32cubeide114\STM32CubeIDE_1.14.0\STM32CubeIDE\plugins\com.st.stm32cube.common.mx_6.10.0.202311202037\\db\/plugins/mcufinder/images/
2024-04-08 19:14:52,905 [WARN] DbFile:41 - Overriding database path with different value: C:\Users\Nghia\.stmcufinder\plugins\mcufinder/ => C:\Users\Nghia\.stmcufinder\plugins\mcufinder
2024-04-08 19:14:52,905 [INFO] ApiDb:250 - Set database path to: C:\Users\Nghia\.stmcufinder\plugins\mcufinder//mcu/
2024-04-08 19:14:52,905 [WARN] DbFile:41 - Overriding database path with different value: C:\Users\Nghia\.stmcufinder\plugins\mcufinder/ => C:\Users\Nghia\.stmcufinder\plugins\mcufinder
2024-04-08 19:14:52,905 [INFO] DbMcusAds:125 - Set database path to: C:\Users\Nghia\.stmcufinder\plugins\mcufinder//mcu/
2024-04-08 19:14:52,905 [WARN] DbFile:41 - Overriding database path with different value: C:\Users\Nghia\.stmcufinder\plugins\mcufinder/ => C:\Users\Nghia\.stmcufinder\plugins\mcufinder
2024-04-08 19:14:52,905 [WARN] DbFile:41 - Overriding database path with different value: C:\Users\Nghia\.stmcufinder\plugins\mcufinder/ => C:\Users\Nghia\.stmcufinder\plugins\mcufinder
2024-04-08 19:14:52,906 [INFO] CrossReferenceDbSqlite:203 - Set database path to: C:\Users\Nghia\.stmcufinder\plugins\mcufinder//mcu/cs/
2024-04-08 19:14:52,922 [INFO] ApplicationProperties:184 - Using Application install path: G:\stm32cubeide\stm32cubeide114\STM32CubeIDE_1.14.0\STM32CubeIDE\plugins\com.st.stm32cube.common.mx_6.10.0.202311202037
2024-04-08 19:14:52,924 [INFO] PluginManage:196 - Search for loadable plugins [exclusion list=, ]
2024-04-08 19:14:52,926 [INFO] PluginManage:310 - Check plugin analytics
2024-04-08 19:14:57,987 [INFO] AnalyticsPlugin:253 - Accepted Software Licenses: STM32CubeMX.6.8.0,STM32CubeMX.6.1.1
2024-04-08 19:14:57,988 [INFO] AnalyticsPlugin:255 - Accepted CMSIS Pack Licenses: 
2024-04-08 19:14:57,988 [INFO] AnalyticsPlugin:257 - Accepted Firmware Licenses: FW.F4.1.27.0,FW.F4.1.28.0
2024-04-08 19:14:57,990 [INFO] PluginManage:359 - Loaded plugin analytics (category:tool,tabindex:-1)
2024-04-08 19:14:57,990 [INFO] PluginManage:310 - Check plugin cadmodel
2024-04-08 19:14:58,005 [INFO] CADModel:105 - Init CAD model plugin
2024-04-08 19:14:58,005 [INFO] PluginManage:359 - Loaded plugin cadmodel (category:power,tabindex:5)
2024-04-08 19:14:58,005 [INFO] PluginManage:310 - Check plugin clock
2024-04-08 19:14:58,027 [INFO] PluginManage:359 - Loaded plugin clock (category:base,tabindex:2)
2024-04-08 19:14:58,027 [INFO] PluginManage:310 - Check plugin ddr
2024-04-08 19:14:58,030 [INFO] PluginManage:359 - Loaded plugin ddr (category:tool,tabindex:6)
2024-04-08 19:14:58,030 [INFO] PluginManage:310 - Check plugin filemanager
2024-04-08 19:14:58,163 [INFO] PluginManage:359 - Loaded plugin filemanager (category:base,tabindex:10)
2024-04-08 19:14:58,164 [INFO] PluginManage:310 - Check plugin ipmanager
2024-04-08 19:14:58,171 [INFO] PluginManage:359 - Loaded plugin ipmanager (category:base,tabindex:5)
2024-04-08 19:14:58,171 [INFO] PluginManage:310 - Check plugin lpbam
2024-04-08 19:14:58,185 [INFO] PluginManage:359 - Loaded plugin lpbam (category:base,tabindex:0)
2024-04-08 19:14:58,185 [INFO] PluginManage:310 - Check plugin memorymap
2024-04-08 19:14:58,204 [INFO] PluginManage:359 - Loaded plugin memorymap (category:base,tabindex:4)
2024-04-08 19:14:58,204 [INFO] PluginManage:310 - Check plugin pinoutandconfiguration
2024-04-08 19:14:58,218 [INFO] PluginManage:359 - Loaded plugin pinoutandconfiguration (category:base,tabindex:1)
2024-04-08 19:14:58,218 [INFO] PluginManage:310 - Check plugin pinoutconfig
2024-04-08 19:14:58,298 [WARN] SupportedApi:132 - Cannot load RTOS API schema: s4s-elt-must-match.1: The content of 'definitions' must match (annotation?, (simpleType | complexType)?, (unique | key | keyref)*)). A problem was found starting at: attribute.
2024-04-08 19:14:58,417 [INFO] PluginManage:359 - Loaded plugin pinoutconfig (category:base,tabindex:0)
2024-04-08 19:14:58,417 [INFO] PluginManage:310 - Check plugin power
2024-04-08 19:14:58,432 [INFO] PluginManage:359 - Loaded plugin power (category:power,tabindex:4)
2024-04-08 19:14:58,432 [INFO] PluginManage:310 - Check plugin projectmanager
2024-04-08 19:14:58,450 [INFO] PluginManage:359 - Loaded plugin projectmanager (category:projectmanager,tabindex:3)
2024-04-08 19:14:58,450 [INFO] PluginManage:310 - Check plugin thirdparty
2024-04-08 19:14:58,691 [INFO] PluginManage:359 - Loaded plugin thirdparty (category:base,tabindex:-1)
2024-04-08 19:14:58,691 [WARN] IntegrityCheckThread:84 - waiting for thirdparty lock release [integrity check]
2024-04-08 19:14:58,691 [INFO] PluginManage:310 - Check plugin tools
2024-04-08 19:14:58,691 [INFO] IntegrityCheckThread:86 - entering critical section [integrity check]
2024-04-08 19:14:58,692 [INFO] ThirdPartyUpdaterWithRetryManager:70 - Updater plugin not ready yet. [1/15]
2024-04-08 19:14:58,725 [INFO] PluginManage:359 - Loaded plugin tools (category:base,tabindex:7)
2024-04-08 19:14:58,725 [INFO] PluginManage:310 - Check plugin tutovideos
2024-04-08 19:14:58,896 [INFO] PluginManage:359 - Loaded plugin tutovideos (category:base,tabindex:-1)
2024-04-08 19:14:58,897 [INFO] PluginManage:310 - Check plugin updater
2024-04-08 19:14:58,907 [INFO] PluginManage:359 - Loaded plugin updater (category:base,tabindex:12)
2024-04-08 19:14:58,907 [INFO] PluginManage:310 - Check plugin userauth
2024-04-08 19:14:58,913 [INFO] UserAuth:114 - Init User Auth plugin
2024-04-08 19:14:58,913 [INFO] PluginManage:359 - Loaded plugin userauth (category:base,tabindex:14)
2024-04-08 19:14:58,914 [INFO] PluginManage:283 - PluginManage : Loaded plugins [17]
2024-04-08 19:14:59,124 [INFO] PinOutPanel:1499 - setPackage(No Configuration,No Configuration)
2024-04-08 19:14:59,214 [INFO] CADModel:165 - CPN selected for project level
2024-04-08 19:14:59,214 [INFO] CADModel:114 - Register for checkConnection events
2024-04-08 19:14:59,237 [INFO] IPUIPlugin:80 - create IPUIPlugin
2024-04-08 19:14:59,238 [INFO] PluginManager:220 - loadIPPluginJar : add adc
2024-04-08 19:14:59,268 [INFO] IPUIPlugin:80 - create IPUIPlugin
2024-04-08 19:14:59,268 [INFO] PluginManager:220 - loadIPPluginJar : add aes
2024-04-08 19:14:59,301 [INFO] IPUIPlugin:80 - create IPUIPlugin
2024-04-08 19:14:59,301 [INFO] PluginManager:220 - loadIPPluginJar : add can
2024-04-08 19:14:59,323 [INFO] IPUIPlugin:80 - create IPUIPlugin
2024-04-08 19:14:59,323 [INFO] PluginManager:220 - loadIPPluginJar : add comp
2024-04-08 19:14:59,349 [INFO] IPUIPlugin:80 - create IPUIPlugin
2024-04-08 19:14:59,349 [INFO] PluginManager:220 - loadIPPluginJar : add cryp
2024-04-08 19:14:59,375 [INFO] IPUIPlugin:80 - create IPUIPlugin
2024-04-08 19:14:59,375 [INFO] PluginManager:220 - loadIPPluginJar : add dfsdm
2024-04-08 19:14:59,391 [INFO] IPUIPlugin:80 - create IPUIPlugin
2024-04-08 19:14:59,392 [INFO] PluginManager:220 - loadIPPluginJar : add dma
2024-04-08 19:14:59,427 [INFO] IPUIPlugin:80 - create IPUIPlugin
2024-04-08 19:14:59,427 [INFO] PluginManager:220 - loadIPPluginJar : add dma3
2024-04-08 19:14:59,447 [INFO] IPUIPlugin:80 - create IPUIPlugin
2024-04-08 19:14:59,448 [INFO] PluginManager:220 - loadIPPluginJar : add fatfs
2024-04-08 19:14:59,487 [INFO] IPUIPlugin:80 - create IPUIPlugin
2024-04-08 19:14:59,487 [INFO] PluginManager:220 - loadIPPluginJar : add fmc
2024-04-08 19:14:59,502 [INFO] IPUIPlugin:80 - create IPUIPlugin
2024-04-08 19:14:59,502 [INFO] PluginManager:220 - loadIPPluginJar : add freertos
2024-04-08 19:14:59,519 [INFO] IPUIPlugin:80 - create IPUIPlugin
2024-04-08 19:14:59,519 [INFO] PluginManager:220 - loadIPPluginJar : add genericplugin
2024-04-08 19:14:59,601 [INFO] IPUIPlugin:80 - create IPUIPlugin
2024-04-08 19:14:59,601 [INFO] PluginManager:220 - loadIPPluginJar : add gfxmmu
2024-04-08 19:14:59,710 [INFO] IPUIPlugin:80 - create IPUIPlugin
2024-04-08 19:14:59,710 [INFO] PluginManager:220 - loadIPPluginJar : add gic
2024-04-08 19:14:59,723 [INFO] IPUIPlugin:80 - create IPUIPlugin
2024-04-08 19:14:59,723 [INFO] PluginManager:220 - loadIPPluginJar : add gpio
2024-04-08 19:14:59,803 [INFO] IPUIPlugin:80 - create IPUIPlugin
2024-04-08 19:14:59,803 [INFO] PluginManager:220 - loadIPPluginJar : add gtzc
2024-04-08 19:14:59,838 [INFO] IPUIPlugin:80 - create IPUIPlugin
2024-04-08 19:14:59,838 [INFO] PluginManager:220 - loadIPPluginJar : add hash
2024-04-08 19:14:59,880 [INFO] IPUIPlugin:80 - create IPUIPlugin
2024-04-08 19:14:59,881 [INFO] PluginManager:220 - loadIPPluginJar : add i2c
2024-04-08 19:14:59,915 [INFO] IPUIPlugin:80 - create IPUIPlugin
2024-04-08 19:14:59,915 [INFO] PluginManager:220 - loadIPPluginJar : add i2s
2024-04-08 19:14:59,951 [INFO] IPUIPlugin:80 - create IPUIPlugin
2024-04-08 19:14:59,951 [INFO] PluginManager:220 - loadIPPluginJar : add i3c
2024-04-08 19:15:00,044 [INFO] IPUIPlugin:80 - create IPUIPlugin
2024-04-08 19:15:00,044 [INFO] PluginManager:220 - loadIPPluginJar : add ipddr
2024-04-08 19:15:00,130 [INFO] IPUIPlugin:80 - create IPUIPlugin
2024-04-08 19:15:00,131 [INFO] PluginManager:220 - loadIPPluginJar : add linkedlist
2024-04-08 19:15:00,161 [INFO] IPUIPlugin:80 - create IPUIPlugin
2024-04-08 19:15:00,161 [INFO] PluginManager:220 - loadIPPluginJar : add lorawan
2024-04-08 19:15:00,190 [INFO] IPUIPlugin:80 - create IPUIPlugin
2024-04-08 19:15:00,191 [INFO] PluginManager:220 - loadIPPluginJar : add ltdc
2024-04-08 19:15:00,202 [INFO] IPUIPlugin:80 - create IPUIPlugin
2024-04-08 19:15:00,202 [INFO] PluginManager:220 - loadIPPluginJar : add mdma
2024-04-08 19:15:00,212 [INFO] IPUIPlugin:80 - create IPUIPlugin
2024-04-08 19:15:00,212 [INFO] PluginManager:220 - loadIPPluginJar : add nvic
2024-04-08 19:15:00,242 [INFO] IPUIPlugin:80 - create IPUIPlugin
2024-04-08 19:15:00,242 [INFO] PluginManager:220 - loadIPPluginJar : add opamp
2024-04-08 19:15:00,296 [INFO] IPUIPlugin:80 - create IPUIPlugin
2024-04-08 19:15:00,297 [INFO] PluginManager:220 - loadIPPluginJar : add openamp
2024-04-08 19:15:00,341 [INFO] IPUIPlugin:80 - create IPUIPlugin
2024-04-08 19:15:00,342 [INFO] PluginManager:220 - loadIPPluginJar : add pdm2pcm
2024-04-08 19:15:00,354 [INFO] IPUIPlugin:80 - create IPUIPlugin
2024-04-08 19:15:00,356 [INFO] PluginManager:220 - loadIPPluginJar : add plateformsettings
2024-04-08 19:15:00,375 [INFO] IPUIPlugin:80 - create IPUIPlugin
2024-04-08 19:15:00,375 [INFO] PluginManager:220 - loadIPPluginJar : add quadspi
2024-04-08 19:15:00,386 [INFO] IPUIPlugin:80 - create IPUIPlugin
2024-04-08 19:15:00,386 [INFO] PluginManager:220 - loadIPPluginJar : add resmgrutility
2024-04-08 19:15:00,426 [INFO] IPUIPlugin:80 - create IPUIPlugin
2024-04-08 19:15:00,426 [INFO] PluginManager:220 - loadIPPluginJar : add sai
2024-04-08 19:15:00,456 [INFO] IPUIPlugin:80 - create IPUIPlugin
2024-04-08 19:15:00,456 [INFO] PluginManager:220 - loadIPPluginJar : add spi
2024-04-08 19:15:00,513 [INFO] IPUIPlugin:80 - create IPUIPlugin
2024-04-08 19:15:00,514 [INFO] PluginManager:220 - loadIPPluginJar : add stm32_wpan
2024-04-08 19:15:00,532 [INFO] IPUIPlugin:80 - create IPUIPlugin
2024-04-08 19:15:00,532 [INFO] PluginManager:220 - loadIPPluginJar : add tim
2024-04-08 19:15:00,582 [INFO] IPUIPlugin:80 - create IPUIPlugin
2024-04-08 19:15:00,583 [INFO] PluginManager:220 - loadIPPluginJar : add touchsensing
2024-04-08 19:15:00,600 [INFO] IPUIPlugin:80 - create IPUIPlugin
2024-04-08 19:15:00,600 [INFO] PluginManager:220 - loadIPPluginJar : add tracer_emb
2024-04-08 19:15:00,621 [INFO] IPUIPlugin:80 - create IPUIPlugin
2024-04-08 19:15:00,621 [INFO] PluginManager:220 - loadIPPluginJar : add ts
2024-04-08 19:15:00,643 [INFO] IPUIPlugin:80 - create IPUIPlugin
2024-04-08 19:15:00,643 [INFO] PluginManager:220 - loadIPPluginJar : add tsc
2024-04-08 19:15:00,665 [INFO] IPUIPlugin:80 - create IPUIPlugin
2024-04-08 19:15:00,665 [INFO] PluginManager:220 - loadIPPluginJar : add ucpd
2024-04-08 19:15:00,707 [INFO] IPUIPlugin:80 - create IPUIPlugin
2024-04-08 19:15:00,707 [INFO] PluginManager:220 - loadIPPluginJar : add usart
2024-04-08 19:15:00,746 [INFO] IPUIPlugin:80 - create IPUIPlugin
2024-04-08 19:15:00,746 [INFO] PluginManager:220 - loadIPPluginJar : add usbx
2024-04-08 19:15:00,887 [INFO] CADModel:165 - CPN selected for project level
2024-04-08 19:15:00,887 [INFO] CADModel:114 - Register for checkConnection events
2024-04-08 19:15:00,887 [FATAL] Updater:308 - Updater called before beeing initialized
2024-04-08 19:15:00,887 [ERROR] CADModel:125 - Updater not yet initialized, retry later 
2024-04-08 19:15:01,020 [INFO] CADModel:165 - CPN selected for project level
2024-04-08 19:15:01,020 [INFO] CADModel:114 - Register for checkConnection events
2024-04-08 19:15:01,020 [FATAL] Updater:308 - Updater called before beeing initialized
2024-04-08 19:15:01,020 [ERROR] CADModel:125 - Updater not yet initialized, retry later 
2024-04-08 19:15:01,023 [FATAL] Updater:308 - Updater called before beeing initialized
2024-04-08 19:15:01,131 [FATAL] Updater:308 - Updater called before beeing initialized
2024-04-08 19:15:01,138 [INFO] DbMcusAds:53 - JSON generation date=Wed Nov 29 17:52:27 ICT 2023 (1701255147349)
2024-04-08 19:15:01,138 [FATAL] Updater:308 - Updater called before beeing initialized
2024-04-08 19:15:01,205 [WARN] DetailPanel:346 - Failed to get advertising image, set to default
2024-04-08 19:15:01,286 [FATAL] Updater:308 - Updater called before beeing initialized
2024-04-08 19:15:01,287 [FATAL] Updater:308 - Updater called before beeing initialized
2024-04-08 19:15:01,288 [FATAL] Updater:308 - Updater called before beeing initialized
2024-04-08 19:15:01,288 [WARN] DetailPanel:346 - Failed to get advertising image, set to default
2024-04-08 19:15:01,288 [FATAL] Updater:308 - Updater called before beeing initialized
2024-04-08 19:15:01,351 [ERROR] Updater:1120 - MainUpdater not yet initialized. External WinMGr cannot be set.
2024-04-08 19:15:01,361 [INFO] Updater:1056 - Updater Version found : 6.10.0
2024-04-08 19:15:01,380 [INFO] ApplicationProperties:184 - Using Application install path: G:\stm32cubeide\stm32cubeide114\STM32CubeIDE_1.14.0\STM32CubeIDE\plugins\com.st.stm32cube.common.mx_6.10.0.202311202037
2024-04-08 19:15:01,695 [INFO] ThirdPartyUpdaterWithRetryManager:70 - Updater plugin not ready yet. [2/15]
2024-04-08 19:15:01,941 [INFO] MainUpdater:2873 - connection check result : 10
2024-04-08 19:15:01,942 [INFO] MainUpdater:290 - Updater Check For Update Now.
2024-04-08 19:15:01,943 [INFO] MicroXplorer:498 - Change Database Version : DB.6.0.100
2024-04-08 19:15:01,966 [INFO] McuFinderGlobals:63 - Set McuFinder mode to 2 (CubeIDE integrated)
2024-04-08 19:15:02,201 [INFO] CheckServerUpdateThread:120 - End of CheckServer Thread
2024-04-08 19:15:02,557 [INFO] UserAuth:404 - Internet connection configuration mode: 1
2024-04-08 19:15:02,586 [INFO] JxBrowserEngine:152 - Initiate JxBrowser Engine with user profile folder
2024-04-08 19:15:04,964 [WARN] PackLoader:240 - Cannot read IP mode file for STMicroelectronics.X-CUBE-SMBUS.2.1.0
2024-04-08 19:15:04,985 [WARN] PackLoader:240 - Cannot read IP mode file for STMicroelectronics.X-CUBE-TOUCHGFX.4.23.1
2024-04-08 19:15:05,015 [WARN] PackLoader:240 - Cannot read IP mode file for STMicroelectronics.X-CUBE-TOUCHGFX.4.23.0
2024-04-08 19:15:05,107 [WARN] PackLoader:240 - Cannot read IP mode file for STMicroelectronics.X-CUBE-TOUCHGFX.4.23.2
2024-04-08 19:15:05,150 [WARN] PackLoader:240 - Cannot read IP mode file for STMicroelectronics.X-CUBE-AZRTOS-F7.1.1.0
2024-04-08 19:15:05,174 [WARN] PackLoader:240 - Cannot read IP mode file for STMicroelectronics.FP-SNS-MOTENV1.4.3.2
2024-04-08 19:15:05,192 [WARN] PackLoader:240 - Cannot read IP mode file for STMicroelectronics.FP-SNS-FLIGHT1.5.0.2
2024-04-08 19:15:05,210 [WARN] PackLoader:240 - Cannot read IP mode file for STMicroelectronics.X-CUBE-DISPLAY.3.0.0
2024-04-08 19:15:05,233 [WARN] PackLoader:240 - Cannot read IP mode file for STMicroelectronics.X-CUBE-BLE1.7.0.0
2024-04-08 19:15:05,255 [WARN] PackLoader:240 - Cannot read IP mode file for emotas.I-CUBE-CANOPEN.1.3.0
2024-04-08 19:15:05,284 [WARN] PackLoader:240 - Cannot read IP mode file for STMicroelectronics.X-CUBE-TOUCHGFX.4.22.1
2024-04-08 19:15:05,331 [WARN] PackLoader:240 - Cannot read IP mode file for STMicroelectronics.X-CUBE-BLEMGR.3.1.0
2024-04-08 19:15:05,360 [WARN] PackLoader:240 - Cannot read IP mode file for STMicroelectronics.FP-SNS-SMARTAG2.1.2.0
2024-04-08 19:15:05,392 [INFO] LogOutputStream:77 - [STDOUT_REDIRECT] 1 : Invalid condition id : UX_CORESTACK_Condition cause : null
2024-04-08 19:15:05,393 [INFO] LogOutputStream:77 - [STDOUT_REDIRECT] 1 : Invalid condition id : UX_CORESTACK_Condition cause : null
2024-04-08 19:15:05,394 [INFO] LogOutputStream:77 - [STDOUT_REDIRECT] 1 : Invalid condition id : UX_CORESTACK_Condition cause : null
2024-04-08 19:15:05,396 [INFO] LogOutputStream:77 - [STDOUT_REDIRECT] 1 : Invalid condition id : UX_CORESTACK_Condition cause : null
2024-04-08 19:15:05,398 [INFO] LogOutputStream:77 - [STDOUT_REDIRECT] 1 : Invalid condition id : UX_CORESTACK_Condition cause : null
2024-04-08 19:15:05,402 [WARN] PackLoader:240 - Cannot read IP mode file for STMicroelectronics.X-CUBE-AZRTOS-WL.2.0.0
2024-04-08 19:15:05,421 [WARN] PackLoader:240 - Cannot read IP mode file for STMicroelectronics.FP-SNS-MOTENV1.5.0.0
2024-04-08 19:15:05,444 [WARN] PackLoader:240 - Cannot read IP mode file for WES.I-CUBE-Cesium.1.3.0
2024-04-08 19:15:05,462 [WARN] PackLoader:240 - Cannot read IP mode file for STMicroelectronics.X-CUBE-BLE2.3.3.0
2024-04-08 19:15:05,486 [WARN] PackLoader:240 - Cannot read IP mode file for STMicroelectronics.X-CUBE-ALGOBUILD.1.3.0
2024-04-08 19:15:05,523 [WARN] PackLoader:240 - Cannot read IP mode file for STMicroelectronics.X-CUBE-AZRTOS-G0.1.1.0
2024-04-08 19:15:05,544 [WARN] PackLoader:240 - Cannot read IP mode file for STMicroelectronics.X-CUBE-SAFEA1.1.2.2
2024-04-08 19:15:05,570 [WARN] PackLoader:240 - Cannot read IP mode file for STMicroelectronics.X-CUBE-NFC4.3.0.0
2024-04-08 19:15:05,571 [INFO] WebApp:161 - Instantiating new browser for Auth
2024-04-08 19:15:05,598 [WARN] PackLoader:240 - Cannot read IP mode file for STMicroelectronics.X-CUBE-BLEMGR.3.0.0
2024-04-08 19:15:05,622 [WARN] PackLoader:240 - Cannot read IP mode file for STMicroelectronics.FP-ATR-SIGFOX1.3.2.0
2024-04-08 19:15:05,641 [WARN] PackLoader:240 - Cannot read IP mode file for STMicroelectronics.X-CUBE-EEPRMA1.5.1.0
2024-04-08 19:15:05,696 [WARN] PackLoader:240 - Cannot read IP mode file for SEGGER.I-CUBE-embOS.1.3.1
2024-04-08 19:15:05,758 [WARN] PackLoader:240 - Cannot read IP mode file for STMicroelectronics.X-CUBE-GNSS1.6.0.0
2024-04-08 19:15:05,792 [WARN] PackLoader:240 - Cannot read IP mode file for STMicroelectronics.X-CUBE-AZRTOS-F4.1.1.0
2024-04-08 19:15:05,831 [WARN] PackLoader:240 - Cannot read IP mode file for wolfSSL.I-CUBE-wolfSSL.5.6.3
2024-04-08 19:15:05,906 [WARN] PackLoader:240 - Cannot read IP mode file for STMicroelectronics.X-CUBE-AZRTOS-L5.2.0.0
2024-04-08 19:15:05,980 [WARN] PackLoader:240 - Cannot read IP mode file for STMicroelectronics.X-CUBE-MEMS1.9.6.0
2024-04-08 19:15:06,120 [WARN] PackLoader:240 - Cannot read IP mode file for STMicroelectronics.X-CUBE-EEPRMA1.4.2.0
2024-04-08 19:15:06,135 [WARN] PackLoader:240 - Cannot read IP mode file for STMicroelectronics.X-CUBE-NFC6.3.1.0
2024-04-08 19:15:06,152 [WARN] PackLoader:240 - Cannot read IP mode file for ITTIA_DB.I-CUBE-ITTIADB.8.8.0
2024-04-08 19:15:06,165 [WARN] PackLoader:240 - Cannot read IP mode file for STMicroelectronics.X-CUBE-BLEMGR.2.0.0
2024-04-08 19:15:06,211 [WARN] ConditionMgr:438 - getConditionDescription Invalid condition id : UX DEVICE CLASS RTOS Condition cause : null
2024-04-08 19:15:06,212 [WARN] ConditionMgr:438 - getConditionDescription Invalid condition id : UX DEVICE CLASS RTOS Condition cause : null
2024-04-08 19:15:06,215 [WARN] PackLoader:240 - Cannot read IP mode file for STMicroelectronics.X-CUBE-AZRTOS-H7.3.1.0
2024-04-08 19:15:06,216 [WARN] ConditionMgr:1039 - genDependencies : Invalid condition id : UX DEVICE CLASS RTOS Condition cause : null
2024-04-08 19:15:06,216 [WARN] ConditionMgr:1039 - genDependencies : Invalid condition id : UX DEVICE CLASS RTOS Condition cause : null
2024-04-08 19:15:06,217 [WARN] ConditionMgr:1039 - genDependencies : Invalid condition id : UX DEVICE CLASS RTOS Condition cause : null
2024-04-08 19:15:06,218 [WARN] ConditionMgr:1039 - genDependencies : Invalid condition id : UX DEVICE CLASS RTOS Condition cause : null
2024-04-08 19:15:06,218 [WARN] ConditionMgr:1039 - genDependencies : Invalid condition id : UX DEVICE CLASS RTOS Condition cause : null
2024-04-08 19:15:06,238 [WARN] PackLoader:240 - Cannot read IP mode file for STMicroelectronics.X-CUBE-NFC7.1.0.1
2024-04-08 19:15:06,257 [WARN] PackLoader:240 - Cannot read IP mode file for STMicroelectronics.X-CUBE-NFC6.3.0.0
2024-04-08 19:15:06,280 [WARN] PackLoader:240 - Cannot read IP mode file for STMicroelectronics.X-CUBE-EEPRMA1.4.1.0
2024-04-08 19:15:06,297 [WARN] PackLoader:240 - Cannot read IP mode file for STMicroelectronics.X-CUBE-AI.8.1.0
2024-04-08 19:15:06,356 [WARN] ConditionMgr:438 - getConditionDescription Invalid condition id : LAN8742 Phy interface Condition cause : null
2024-04-08 19:15:06,357 [WARN] PackLoader:240 - Cannot read IP mode file for STMicroelectronics.X-CUBE-AZRTOS-L4.2.0.0
2024-04-08 19:15:06,359 [WARN] ConditionMgr:1039 - genDependencies : Invalid condition id : LAN8742 Phy interface Condition cause : null
2024-04-08 19:15:06,359 [WARN] ConditionMgr:1039 - genDependencies : Invalid condition id : LAN8742 Phy interface Condition cause : null
2024-04-08 19:15:06,360 [WARN] ConditionMgr:1039 - genDependencies : Invalid condition id : LAN8742 Phy interface Condition cause : null
2024-04-08 19:15:06,380 [WARN] PackLoader:240 - Cannot read IP mode file for STMicroelectronics.X-CUBE-SFXS2LP1.4.0.0
2024-04-08 19:15:06,397 [WARN] PackLoader:240 - Cannot read IP mode file for STMicroelectronics.X-CUBE-ISPU.1.1.0
2024-04-08 19:15:06,421 [WARN] ConditionMgr:438 - getConditionDescription Invalid condition id : UX DEVICE CLASS RTOS Condition cause : null
2024-04-08 19:15:06,421 [WARN] ConditionMgr:438 - getConditionDescription Invalid condition id : UX DEVICE CLASS RTOS Condition cause : null
2024-04-08 19:15:06,423 [WARN] PackLoader:240 - Cannot read IP mode file for STMicroelectronics.X-CUBE-AZRTOS-WB.2.0.0
2024-04-08 19:15:06,423 [WARN] ConditionMgr:1039 - genDependencies : Invalid condition id : UX DEVICE CLASS RTOS Condition cause : null
2024-04-08 19:15:06,423 [WARN] ConditionMgr:1039 - genDependencies : Invalid condition id : UX DEVICE CLASS RTOS Condition cause : null
2024-04-08 19:15:06,423 [WARN] ConditionMgr:1039 - genDependencies : Invalid condition id : UX DEVICE CLASS RTOS Condition cause : null
2024-04-08 19:15:06,425 [WARN] ConditionMgr:1039 - genDependencies : Invalid condition id : UX DEVICE CLASS RTOS Condition cause : null
2024-04-08 19:15:06,425 [WARN] ConditionMgr:1039 - genDependencies : Invalid condition id : UX DEVICE CLASS RTOS Condition cause : null
2024-04-08 19:15:06,446 [WARN] PackLoader:240 - Cannot read IP mode file for STMicroelectronics.X-CUBE-SUBG2.5.0.0
2024-04-08 19:15:06,485 [WARN] PackLoader:240 - Cannot read IP mode file for STMicroelectronics.X-CUBE-TOF1.3.3.1
2024-04-08 19:15:06,529 [WARN] PackLoader:240 - Cannot read IP mode file for STMicroelectronics.X-CUBE-AZRTOS-G4.2.0.0
2024-04-08 19:15:06,560 [WARN] PackLoader:240 - Cannot read IP mode file for Infineon.AIROC-Wi-Fi-Bluetooth-STM32.1.5.1
2024-04-08 19:15:06,579 [WARN] PackLoader:240 - Cannot read IP mode file for STMicroelectronics.FP-SNS-MOTENVWB1.1.3.0
2024-04-08 19:15:06,594 [INFO] WebApp:780 - Register for checkConnection events
2024-04-08 19:15:06,594 [INFO] WebApp:414 - Apply proxy settings
2024-04-08 19:15:06,595 [INFO] WebApp:499 - Chromium requires no authentication
2024-04-08 19:15:06,601 [WARN] PackLoader:240 - Cannot read IP mode file for STMicroelectronics.FP-SNS-MOTENVWB1.1.3.1
2024-04-08 19:15:06,606 [INFO] WebApp:442 - Direct internet connection detected
2024-04-08 19:15:06,615 [WARN] PackLoader:240 - Cannot read IP mode file for STMicroelectronics.X-CUBE-ISPU.2.0.0
2024-04-08 19:15:06,688 [WARN] PackLoader:240 - Cannot read IP mode file for STMicroelectronics.X-CUBE-MEMS1.10.0.0
2024-04-08 19:15:06,854 [WARN] PackLoader:240 - Cannot read IP mode file for STMicroelectronics.X-CUBE-FREERTOS.1.1.0
2024-04-08 19:15:06,868 [WARN] PackLoader:240 - Cannot read IP mode file for portGmbH.I-Cube-SoM-uGOAL.1.1.0
2024-04-08 19:15:06,880 [WARN] PackLoader:240 - Cannot read IP mode file for STMicroelectronics.X-CUBE-ALS.1.0.1
2024-04-08 19:15:06,893 [WARN] PackLoader:240 - Cannot read IP mode file for STMicroelectronics.FP-ATR-ASTRA1.2.0.0
2024-04-08 19:15:06,911 [INFO] WebApp:192 - Starting web application
2024-04-08 19:15:06,912 [INFO] WebApp:544 - Web application path used G:\stm32cubeide\stm32cubeide114\STM32CubeIDE_1.14.0\STM32CubeIDE\plugins\com.st.stm32cube.common.mx_6.10.0.202311202037\db\plugins\mcufinder\reactClient1\index.html
2024-04-08 19:15:06,916 [WARN] PackLoader:240 - Cannot read IP mode file for STMicroelectronics.X-CUBE-TOF1.3.4.0
2024-04-08 19:15:06,953 [WARN] PackLoader:240 - Cannot read IP mode file for STMicroelectronics.X-CUBE-TOF1.3.4.1
2024-04-08 19:15:07,012 [WARN] PackLoader:240 - Cannot read IP mode file for STMicroelectronics.X-CUBE-AZRTOS-H7.3.2.0
2024-04-08 19:15:07,017 [INFO] ThirdParty:978 - Integrity check success = true
2024-04-08 19:15:07,017 [INFO] IntegrityCheckThread:100 - exiting critical section [integrity check]
2024-04-08 19:15:07,018 [INFO] IntegrityCheckThread:103 - End integrity checks thread
2024-04-08 19:15:28,001 [ERROR] LogOutputStream:75 - [STDERR_REDIRECT] SLF4J: Failed to load class "org.slf4j.impl.StaticLoggerBinder".
2024-04-08 19:15:28,001 [ERROR] LogOutputStream:75 - [STDERR_REDIRECT] SLF4J: Defaulting to no-operation (NOP) logger implementation
2024-04-08 19:15:28,002 [ERROR] LogOutputStream:75 - [STDERR_REDIRECT] SLF4J: See http://www.slf4j.org/codes.html#StaticLoggerBinder for further details.
2024-04-08 20:32:32,955 [ERROR] ConfigurationRetriever:142 - IOException on connection: Read timed out
2024-04-08 20:32:36,268 [ERROR] ConfigurationRetriever:142 - IOException on connection: Read timed out
2024-04-08 20:32:41,143 [ERROR] ConfigurationRetriever:142 - IOException on connection: Connect timed out
2024-04-08 20:53:42,787 [ERROR] ConfigurationRetriever:142 - IOException on connection: Read timed out
2024-04-08 20:53:45,131 [ERROR] ConfigurationRetriever:142 - IOException on connection: Read timed out
2024-04-08 20:53:53,824 [ERROR] ConfigurationRetriever:142 - IOException on connection: Connect timed out
2024-04-08 21:27:16,630 [ERROR] LogOutputStream:75 - [STDERR_REDIRECT] 
