2024-04-13 19:51:28,627 [INFO] Activator:176 - 


2024-04-13 19:51:28,632 [INFO] Activator:177 - !SESSION log4j initialized
2024-04-13 19:51:34,134 [INFO] LogOutputStream:77 - [STDOUT_REDIRECT] 
2024-04-13 19:51:40,594 [INFO] ApplicationProperties:184 - Using Application install path: G:\stm32cubeide\stm32cubeide114\STM32CubeIDE_1.14.0\STM32CubeIDE\plugins\com.st.stm32cube.common.mx_6.10.0.202311202037
2024-04-13 19:51:40,610 [INFO] DbMcusXml:78 - Set database path to: G:\stm32cubeide\stm32cubeide114\STM32CubeIDE_1.14.0\STM32CubeIDE\plugins\com.st.stm32cube.common.mx_6.10.0.202311202037\\db\/mcu/
2024-04-13 19:51:40,611 [INFO] ApiDb:274 - Set plugin database path to: G:\stm32cubeide\stm32cubeide114\STM32CubeIDE_1.14.0\STM32CubeIDE\plugins\com.st.stm32cube.common.mx_6.10.0.202311202037\\db\/plugins/boardmanager/
2024-04-13 19:51:40,612 [WARN] ApiDb:259 - Overriding images path with different value:  => G:\stm32cubeide\stm32cubeide114\STM32CubeIDE_1.14.0\STM32CubeIDE\plugins\com.st.stm32cube.common.mx_6.10.0.202311202037\\db\/plugins/mcufinder/images/
2024-04-13 19:51:40,623 [INFO] ApiDb:250 - Set database path to: C:\Users\Nghia\.stmcufinder\plugins\mcufinder//mcu/
2024-04-13 19:51:40,624 [INFO] DbMcusAds:125 - Set database path to: C:\Users\Nghia\.stmcufinder\plugins\mcufinder//mcu/
2024-04-13 19:51:40,626 [INFO] CrossReferenceDbSqlite:203 - Set database path to: C:\Users\Nghia\.stmcufinder\plugins\mcufinder//mcu/cs/
2024-04-13 19:51:40,722 [INFO] RulesReader:64 - Compatibility file has been processed (297 Rules)
2024-04-13 19:51:40,796 [INFO] DbMcusXml:78 - Set database path to: G:\stm32cubeide\stm32cubeide114\STM32CubeIDE_1.14.0\STM32CubeIDE\plugins\com.st.stm32cube.common.mx_6.10.0.202311202037\\db\/mcu/
2024-04-13 19:51:40,796 [INFO] ApiDb:274 - Set plugin database path to: G:\stm32cubeide\stm32cubeide114\STM32CubeIDE_1.14.0\STM32CubeIDE\plugins\com.st.stm32cube.common.mx_6.10.0.202311202037\\db\/plugins/boardmanager/
2024-04-13 19:51:40,796 [INFO] ApiDb:261 - Set plugin images path to: G:\stm32cubeide\stm32cubeide114\STM32CubeIDE_1.14.0\STM32CubeIDE\plugins\com.st.stm32cube.common.mx_6.10.0.202311202037\\db\/plugins/mcufinder/images/
2024-04-13 19:51:40,796 [WARN] DbFile:41 - Overriding database path with different value: C:\Users\Nghia\.stmcufinder\plugins\mcufinder/ => C:\Users\Nghia\.stmcufinder\plugins\mcufinder
2024-04-13 19:51:40,797 [INFO] ApiDb:250 - Set database path to: C:\Users\Nghia\.stmcufinder\plugins\mcufinder//mcu/
2024-04-13 19:51:40,797 [WARN] DbFile:41 - Overriding database path with different value: C:\Users\Nghia\.stmcufinder\plugins\mcufinder/ => C:\Users\Nghia\.stmcufinder\plugins\mcufinder
2024-04-13 19:51:40,797 [INFO] DbMcusAds:125 - Set database path to: C:\Users\Nghia\.stmcufinder\plugins\mcufinder//mcu/
2024-04-13 19:51:40,797 [WARN] DbFile:41 - Overriding database path with different value: C:\Users\Nghia\.stmcufinder\plugins\mcufinder/ => C:\Users\Nghia\.stmcufinder\plugins\mcufinder
2024-04-13 19:51:40,797 [WARN] DbFile:41 - Overriding database path with different value: C:\Users\Nghia\.stmcufinder\plugins\mcufinder/ => C:\Users\Nghia\.stmcufinder\plugins\mcufinder
2024-04-13 19:51:40,797 [INFO] CrossReferenceDbSqlite:203 - Set database path to: C:\Users\Nghia\.stmcufinder\plugins\mcufinder//mcu/cs/
2024-04-13 19:51:40,862 [INFO] MainPanel:264 - HeapMemory: 268435456
2024-04-13 19:51:40,946 [INFO] DbMcusXml:78 - Set database path to: G:\stm32cubeide\stm32cubeide114\STM32CubeIDE_1.14.0\STM32CubeIDE\plugins\com.st.stm32cube.common.mx_6.10.0.202311202037\\db\/mcu/
2024-04-13 19:51:40,947 [INFO] ApiDb:274 - Set plugin database path to: G:\stm32cubeide\stm32cubeide114\STM32CubeIDE_1.14.0\STM32CubeIDE\plugins\com.st.stm32cube.common.mx_6.10.0.202311202037\\db\/plugins/boardmanager/
2024-04-13 19:51:40,947 [INFO] ApiDb:261 - Set plugin images path to: G:\stm32cubeide\stm32cubeide114\STM32CubeIDE_1.14.0\STM32CubeIDE\plugins\com.st.stm32cube.common.mx_6.10.0.202311202037\\db\/plugins/mcufinder/images/
2024-04-13 19:51:40,947 [WARN] DbFile:41 - Overriding database path with different value: C:\Users\Nghia\.stmcufinder\plugins\mcufinder/ => C:\Users\Nghia\.stmcufinder\plugins\mcufinder
2024-04-13 19:51:40,947 [INFO] ApiDb:250 - Set database path to: C:\Users\Nghia\.stmcufinder\plugins\mcufinder//mcu/
2024-04-13 19:51:40,947 [WARN] DbFile:41 - Overriding database path with different value: C:\Users\Nghia\.stmcufinder\plugins\mcufinder/ => C:\Users\Nghia\.stmcufinder\plugins\mcufinder
2024-04-13 19:51:40,947 [INFO] DbMcusAds:125 - Set database path to: C:\Users\Nghia\.stmcufinder\plugins\mcufinder//mcu/
2024-04-13 19:51:40,947 [WARN] DbFile:41 - Overriding database path with different value: C:\Users\Nghia\.stmcufinder\plugins\mcufinder/ => C:\Users\Nghia\.stmcufinder\plugins\mcufinder
2024-04-13 19:51:40,947 [WARN] DbFile:41 - Overriding database path with different value: C:\Users\Nghia\.stmcufinder\plugins\mcufinder/ => C:\Users\Nghia\.stmcufinder\plugins\mcufinder
2024-04-13 19:51:40,947 [INFO] CrossReferenceDbSqlite:203 - Set database path to: C:\Users\Nghia\.stmcufinder\plugins\mcufinder//mcu/cs/
2024-04-13 19:51:40,966 [INFO] ApplicationProperties:184 - Using Application install path: G:\stm32cubeide\stm32cubeide114\STM32CubeIDE_1.14.0\STM32CubeIDE\plugins\com.st.stm32cube.common.mx_6.10.0.202311202037
2024-04-13 19:51:40,968 [INFO] PluginManage:196 - Search for loadable plugins [exclusion list=, ]
2024-04-13 19:51:40,969 [INFO] PluginManage:310 - Check plugin analytics
2024-04-13 19:51:46,029 [INFO] AnalyticsPlugin:253 - Accepted Software Licenses: STM32CubeMX.6.8.0,STM32CubeMX.6.1.1
2024-04-13 19:51:46,030 [INFO] AnalyticsPlugin:255 - Accepted CMSIS Pack Licenses: 
2024-04-13 19:51:46,030 [INFO] AnalyticsPlugin:257 - Accepted Firmware Licenses: FW.F4.1.27.0,FW.F4.1.28.0
2024-04-13 19:51:46,032 [INFO] PluginManage:359 - Loaded plugin analytics (category:tool,tabindex:-1)
2024-04-13 19:51:46,033 [INFO] PluginManage:310 - Check plugin cadmodel
2024-04-13 19:51:46,047 [INFO] CADModel:105 - Init CAD model plugin
2024-04-13 19:51:46,047 [INFO] PluginManage:359 - Loaded plugin cadmodel (category:power,tabindex:5)
2024-04-13 19:51:46,047 [INFO] PluginManage:310 - Check plugin clock
2024-04-13 19:51:46,063 [INFO] PluginManage:359 - Loaded plugin clock (category:base,tabindex:2)
2024-04-13 19:51:46,063 [INFO] PluginManage:310 - Check plugin ddr
2024-04-13 19:51:46,065 [INFO] PluginManage:359 - Loaded plugin ddr (category:tool,tabindex:6)
2024-04-13 19:51:46,066 [INFO] PluginManage:310 - Check plugin filemanager
2024-04-13 19:51:46,186 [INFO] PluginManage:359 - Loaded plugin filemanager (category:base,tabindex:10)
2024-04-13 19:51:46,187 [INFO] PluginManage:310 - Check plugin ipmanager
2024-04-13 19:51:46,193 [INFO] PluginManage:359 - Loaded plugin ipmanager (category:base,tabindex:5)
2024-04-13 19:51:46,194 [INFO] PluginManage:310 - Check plugin lpbam
2024-04-13 19:51:46,209 [INFO] PluginManage:359 - Loaded plugin lpbam (category:base,tabindex:0)
2024-04-13 19:51:46,209 [INFO] PluginManage:310 - Check plugin memorymap
2024-04-13 19:51:46,230 [INFO] PluginManage:359 - Loaded plugin memorymap (category:base,tabindex:4)
2024-04-13 19:51:46,230 [INFO] PluginManage:310 - Check plugin pinoutandconfiguration
2024-04-13 19:51:46,247 [INFO] PluginManage:359 - Loaded plugin pinoutandconfiguration (category:base,tabindex:1)
2024-04-13 19:51:46,247 [INFO] PluginManage:310 - Check plugin pinoutconfig
2024-04-13 19:51:46,342 [WARN] SupportedApi:132 - Cannot load RTOS API schema: s4s-elt-must-match.1: The content of 'definitions' must match (annotation?, (simpleType | complexType)?, (unique | key | keyref)*)). A problem was found starting at: attribute.
2024-04-13 19:51:46,455 [INFO] PluginManage:359 - Loaded plugin pinoutconfig (category:base,tabindex:0)
2024-04-13 19:51:46,456 [INFO] PluginManage:310 - Check plugin power
2024-04-13 19:51:46,474 [INFO] PluginManage:359 - Loaded plugin power (category:power,tabindex:4)
2024-04-13 19:51:46,474 [INFO] PluginManage:310 - Check plugin projectmanager
2024-04-13 19:51:46,488 [INFO] PluginManage:359 - Loaded plugin projectmanager (category:projectmanager,tabindex:3)
2024-04-13 19:51:46,488 [INFO] PluginManage:310 - Check plugin thirdparty
2024-04-13 19:51:46,734 [INFO] PluginManage:359 - Loaded plugin thirdparty (category:base,tabindex:-1)
2024-04-13 19:51:46,734 [WARN] IntegrityCheckThread:84 - waiting for thirdparty lock release [integrity check]
2024-04-13 19:51:46,734 [INFO] PluginManage:310 - Check plugin tools
2024-04-13 19:51:46,734 [INFO] IntegrityCheckThread:86 - entering critical section [integrity check]
2024-04-13 19:51:46,735 [INFO] ThirdPartyUpdaterWithRetryManager:70 - Updater plugin not ready yet. [1/15]
2024-04-13 19:51:46,774 [INFO] PluginManage:359 - Loaded plugin tools (category:base,tabindex:7)
2024-04-13 19:51:46,774 [INFO] PluginManage:310 - Check plugin tutovideos
2024-04-13 19:51:46,974 [INFO] PluginManage:359 - Loaded plugin tutovideos (category:base,tabindex:-1)
2024-04-13 19:51:46,975 [INFO] PluginManage:310 - Check plugin updater
2024-04-13 19:51:46,987 [INFO] PluginManage:359 - Loaded plugin updater (category:base,tabindex:12)
2024-04-13 19:51:46,987 [INFO] PluginManage:310 - Check plugin userauth
2024-04-13 19:51:46,992 [INFO] UserAuth:114 - Init User Auth plugin
2024-04-13 19:51:46,993 [INFO] PluginManage:359 - Loaded plugin userauth (category:base,tabindex:14)
2024-04-13 19:51:46,993 [INFO] PluginManage:283 - PluginManage : Loaded plugins [17]
2024-04-13 19:51:47,198 [INFO] PinOutPanel:1499 - setPackage(No Configuration,No Configuration)
2024-04-13 19:51:47,271 [INFO] CADModel:165 - CPN selected for project level
2024-04-13 19:51:47,271 [INFO] CADModel:114 - Register for checkConnection events
2024-04-13 19:51:47,295 [INFO] IPUIPlugin:80 - create IPUIPlugin
2024-04-13 19:51:47,295 [INFO] PluginManager:220 - loadIPPluginJar : add adc
2024-04-13 19:51:47,327 [INFO] IPUIPlugin:80 - create IPUIPlugin
2024-04-13 19:51:47,327 [INFO] PluginManager:220 - loadIPPluginJar : add aes
2024-04-13 19:51:47,362 [INFO] IPUIPlugin:80 - create IPUIPlugin
2024-04-13 19:51:47,362 [INFO] PluginManager:220 - loadIPPluginJar : add can
2024-04-13 19:51:47,383 [INFO] IPUIPlugin:80 - create IPUIPlugin
2024-04-13 19:51:47,383 [INFO] PluginManager:220 - loadIPPluginJar : add comp
2024-04-13 19:51:47,412 [INFO] IPUIPlugin:80 - create IPUIPlugin
2024-04-13 19:51:47,412 [INFO] PluginManager:220 - loadIPPluginJar : add cryp
2024-04-13 19:51:47,437 [INFO] IPUIPlugin:80 - create IPUIPlugin
2024-04-13 19:51:47,437 [INFO] PluginManager:220 - loadIPPluginJar : add dfsdm
2024-04-13 19:51:47,450 [INFO] IPUIPlugin:80 - create IPUIPlugin
2024-04-13 19:51:47,450 [INFO] PluginManager:220 - loadIPPluginJar : add dma
2024-04-13 19:51:47,487 [INFO] IPUIPlugin:80 - create IPUIPlugin
2024-04-13 19:51:47,487 [INFO] PluginManager:220 - loadIPPluginJar : add dma3
2024-04-13 19:51:47,505 [INFO] IPUIPlugin:80 - create IPUIPlugin
2024-04-13 19:51:47,505 [INFO] PluginManager:220 - loadIPPluginJar : add fatfs
2024-04-13 19:51:47,546 [INFO] IPUIPlugin:80 - create IPUIPlugin
2024-04-13 19:51:47,546 [INFO] PluginManager:220 - loadIPPluginJar : add fmc
2024-04-13 19:51:47,559 [INFO] IPUIPlugin:80 - create IPUIPlugin
2024-04-13 19:51:47,559 [INFO] PluginManager:220 - loadIPPluginJar : add freertos
2024-04-13 19:51:47,577 [INFO] IPUIPlugin:80 - create IPUIPlugin
2024-04-13 19:51:47,578 [INFO] PluginManager:220 - loadIPPluginJar : add genericplugin
2024-04-13 19:51:47,661 [INFO] IPUIPlugin:80 - create IPUIPlugin
2024-04-13 19:51:47,661 [INFO] PluginManager:220 - loadIPPluginJar : add gfxmmu
2024-04-13 19:51:47,774 [INFO] IPUIPlugin:80 - create IPUIPlugin
2024-04-13 19:51:47,774 [INFO] PluginManager:220 - loadIPPluginJar : add gic
2024-04-13 19:51:47,786 [INFO] IPUIPlugin:80 - create IPUIPlugin
2024-04-13 19:51:47,786 [INFO] PluginManager:220 - loadIPPluginJar : add gpio
2024-04-13 19:51:47,867 [INFO] IPUIPlugin:80 - create IPUIPlugin
2024-04-13 19:51:47,867 [INFO] PluginManager:220 - loadIPPluginJar : add gtzc
2024-04-13 19:51:47,895 [INFO] IPUIPlugin:80 - create IPUIPlugin
2024-04-13 19:51:47,895 [INFO] PluginManager:220 - loadIPPluginJar : add hash
2024-04-13 19:51:47,943 [INFO] IPUIPlugin:80 - create IPUIPlugin
2024-04-13 19:51:47,943 [INFO] PluginManager:220 - loadIPPluginJar : add i2c
2024-04-13 19:51:47,978 [INFO] IPUIPlugin:80 - create IPUIPlugin
2024-04-13 19:51:47,978 [INFO] PluginManager:220 - loadIPPluginJar : add i2s
2024-04-13 19:51:48,013 [INFO] IPUIPlugin:80 - create IPUIPlugin
2024-04-13 19:51:48,013 [INFO] PluginManager:220 - loadIPPluginJar : add i3c
2024-04-13 19:51:48,112 [INFO] IPUIPlugin:80 - create IPUIPlugin
2024-04-13 19:51:48,112 [INFO] PluginManager:220 - loadIPPluginJar : add ipddr
2024-04-13 19:51:48,194 [INFO] IPUIPlugin:80 - create IPUIPlugin
2024-04-13 19:51:48,194 [INFO] PluginManager:220 - loadIPPluginJar : add linkedlist
2024-04-13 19:51:48,225 [INFO] IPUIPlugin:80 - create IPUIPlugin
2024-04-13 19:51:48,225 [INFO] PluginManager:220 - loadIPPluginJar : add lorawan
2024-04-13 19:51:48,257 [INFO] IPUIPlugin:80 - create IPUIPlugin
2024-04-13 19:51:48,257 [INFO] PluginManager:220 - loadIPPluginJar : add ltdc
2024-04-13 19:51:48,268 [INFO] IPUIPlugin:80 - create IPUIPlugin
2024-04-13 19:51:48,269 [INFO] PluginManager:220 - loadIPPluginJar : add mdma
2024-04-13 19:51:48,279 [INFO] IPUIPlugin:80 - create IPUIPlugin
2024-04-13 19:51:48,279 [INFO] PluginManager:220 - loadIPPluginJar : add nvic
2024-04-13 19:51:48,314 [INFO] IPUIPlugin:80 - create IPUIPlugin
2024-04-13 19:51:48,314 [INFO] PluginManager:220 - loadIPPluginJar : add opamp
2024-04-13 19:51:48,367 [INFO] IPUIPlugin:80 - create IPUIPlugin
2024-04-13 19:51:48,367 [INFO] PluginManager:220 - loadIPPluginJar : add openamp
2024-04-13 19:51:48,408 [INFO] IPUIPlugin:80 - create IPUIPlugin
2024-04-13 19:51:48,408 [INFO] PluginManager:220 - loadIPPluginJar : add pdm2pcm
2024-04-13 19:51:48,420 [INFO] IPUIPlugin:80 - create IPUIPlugin
2024-04-13 19:51:48,422 [INFO] PluginManager:220 - loadIPPluginJar : add plateformsettings
2024-04-13 19:51:48,440 [INFO] IPUIPlugin:80 - create IPUIPlugin
2024-04-13 19:51:48,440 [INFO] PluginManager:220 - loadIPPluginJar : add quadspi
2024-04-13 19:51:48,450 [INFO] IPUIPlugin:80 - create IPUIPlugin
2024-04-13 19:51:48,450 [INFO] PluginManager:220 - loadIPPluginJar : add resmgrutility
2024-04-13 19:51:48,490 [INFO] IPUIPlugin:80 - create IPUIPlugin
2024-04-13 19:51:48,490 [INFO] PluginManager:220 - loadIPPluginJar : add sai
2024-04-13 19:51:48,522 [INFO] IPUIPlugin:80 - create IPUIPlugin
2024-04-13 19:51:48,522 [INFO] PluginManager:220 - loadIPPluginJar : add spi
2024-04-13 19:51:48,582 [INFO] IPUIPlugin:80 - create IPUIPlugin
2024-04-13 19:51:48,582 [INFO] PluginManager:220 - loadIPPluginJar : add stm32_wpan
2024-04-13 19:51:48,601 [INFO] IPUIPlugin:80 - create IPUIPlugin
2024-04-13 19:51:48,601 [INFO] PluginManager:220 - loadIPPluginJar : add tim
2024-04-13 19:51:48,652 [INFO] IPUIPlugin:80 - create IPUIPlugin
2024-04-13 19:51:48,652 [INFO] PluginManager:220 - loadIPPluginJar : add touchsensing
2024-04-13 19:51:48,671 [INFO] IPUIPlugin:80 - create IPUIPlugin
2024-04-13 19:51:48,672 [INFO] PluginManager:220 - loadIPPluginJar : add tracer_emb
2024-04-13 19:51:48,691 [INFO] IPUIPlugin:80 - create IPUIPlugin
2024-04-13 19:51:48,691 [INFO] PluginManager:220 - loadIPPluginJar : add ts
2024-04-13 19:51:48,709 [INFO] IPUIPlugin:80 - create IPUIPlugin
2024-04-13 19:51:48,709 [INFO] PluginManager:220 - loadIPPluginJar : add tsc
2024-04-13 19:51:48,727 [INFO] IPUIPlugin:80 - create IPUIPlugin
2024-04-13 19:51:48,728 [INFO] PluginManager:220 - loadIPPluginJar : add ucpd
2024-04-13 19:51:48,764 [INFO] IPUIPlugin:80 - create IPUIPlugin
2024-04-13 19:51:48,764 [INFO] PluginManager:220 - loadIPPluginJar : add usart
2024-04-13 19:51:48,802 [INFO] IPUIPlugin:80 - create IPUIPlugin
2024-04-13 19:51:48,802 [INFO] PluginManager:220 - loadIPPluginJar : add usbx
2024-04-13 19:51:48,926 [INFO] CADModel:165 - CPN selected for project level
2024-04-13 19:51:48,926 [INFO] CADModel:114 - Register for checkConnection events
2024-04-13 19:51:48,926 [FATAL] Updater:308 - Updater called before beeing initialized
2024-04-13 19:51:48,927 [ERROR] CADModel:125 - Updater not yet initialized, retry later 
2024-04-13 19:51:49,060 [INFO] CADModel:165 - CPN selected for project level
2024-04-13 19:51:49,060 [INFO] CADModel:114 - Register for checkConnection events
2024-04-13 19:51:49,060 [FATAL] Updater:308 - Updater called before beeing initialized
2024-04-13 19:51:49,060 [ERROR] CADModel:125 - Updater not yet initialized, retry later 
2024-04-13 19:51:49,063 [FATAL] Updater:308 - Updater called before beeing initialized
2024-04-13 19:51:49,175 [FATAL] Updater:308 - Updater called before beeing initialized
2024-04-13 19:51:49,183 [INFO] DbMcusAds:53 - JSON generation date=Wed Nov 29 17:52:27 ICT 2023 (1701255147349)
2024-04-13 19:51:49,183 [FATAL] Updater:308 - Updater called before beeing initialized
2024-04-13 19:51:49,252 [WARN] DetailPanel:346 - Failed to get advertising image, set to default
2024-04-13 19:51:49,353 [FATAL] Updater:308 - Updater called before beeing initialized
2024-04-13 19:51:49,355 [FATAL] Updater:308 - Updater called before beeing initialized
2024-04-13 19:51:49,355 [FATAL] Updater:308 - Updater called before beeing initialized
2024-04-13 19:51:49,355 [WARN] DetailPanel:346 - Failed to get advertising image, set to default
2024-04-13 19:51:49,356 [FATAL] Updater:308 - Updater called before beeing initialized
2024-04-13 19:51:49,422 [ERROR] Updater:1120 - MainUpdater not yet initialized. External WinMGr cannot be set.
2024-04-13 19:51:49,433 [INFO] Updater:1056 - Updater Version found : 6.10.0
2024-04-13 19:51:49,457 [INFO] ApplicationProperties:184 - Using Application install path: G:\stm32cubeide\stm32cubeide114\STM32CubeIDE_1.14.0\STM32CubeIDE\plugins\com.st.stm32cube.common.mx_6.10.0.202311202037
2024-04-13 19:51:49,737 [INFO] ThirdPartyUpdaterWithRetryManager:70 - Updater plugin not ready yet. [2/15]
2024-04-13 19:51:50,143 [INFO] MainUpdater:2873 - connection check result : 10
2024-04-13 19:51:50,144 [INFO] MainUpdater:290 - Updater Check For Update Now.
2024-04-13 19:51:50,144 [INFO] MicroXplorer:498 - Change Database Version : DB.6.0.100
2024-04-13 19:51:50,160 [INFO] McuFinderGlobals:63 - Set McuFinder mode to 2 (CubeIDE integrated)
2024-04-13 19:51:50,349 [INFO] CheckServerUpdateThread:120 - End of CheckServer Thread
2024-04-13 19:51:50,416 [INFO] UserAuth:404 - Internet connection configuration mode: 1
2024-04-13 19:51:50,436 [INFO] JxBrowserEngine:152 - Initiate JxBrowser Engine with user profile folder
2024-04-13 19:51:53,092 [WARN] PackLoader:240 - Cannot read IP mode file for STMicroelectronics.X-CUBE-SMBUS.2.1.0
2024-04-13 19:51:53,119 [WARN] PackLoader:240 - Cannot read IP mode file for STMicroelectronics.X-CUBE-TOUCHGFX.4.23.1
2024-04-13 19:51:53,136 [WARN] PackLoader:240 - Cannot read IP mode file for STMicroelectronics.X-CUBE-TOUCHGFX.4.23.0
2024-04-13 19:51:53,152 [WARN] PackLoader:240 - Cannot read IP mode file for STMicroelectronics.X-CUBE-TOUCHGFX.4.23.2
2024-04-13 19:51:53,212 [WARN] PackLoader:240 - Cannot read IP mode file for STMicroelectronics.X-CUBE-AZRTOS-F7.1.1.0
2024-04-13 19:51:53,219 [INFO] WebApp:161 - Instantiating new browser for Auth
2024-04-13 19:51:53,242 [WARN] PackLoader:240 - Cannot read IP mode file for STMicroelectronics.FP-SNS-MOTENV1.4.3.2
2024-04-13 19:51:53,278 [WARN] PackLoader:240 - Cannot read IP mode file for STMicroelectronics.FP-SNS-FLIGHT1.5.0.2
2024-04-13 19:51:53,316 [WARN] PackLoader:240 - Cannot read IP mode file for STMicroelectronics.X-CUBE-DISPLAY.3.0.0
2024-04-13 19:51:53,363 [WARN] PackLoader:240 - Cannot read IP mode file for STMicroelectronics.X-CUBE-BLE1.7.0.0
2024-04-13 19:51:53,435 [WARN] PackLoader:240 - Cannot read IP mode file for emotas.I-CUBE-CANOPEN.1.3.0
2024-04-13 19:51:53,485 [WARN] PackLoader:240 - Cannot read IP mode file for STMicroelectronics.X-CUBE-TOUCHGFX.4.22.1
2024-04-13 19:51:53,526 [WARN] PackLoader:240 - Cannot read IP mode file for STMicroelectronics.X-CUBE-BLEMGR.3.1.0
2024-04-13 19:51:53,561 [WARN] PackLoader:240 - Cannot read IP mode file for STMicroelectronics.FP-SNS-SMARTAG2.1.2.0
2024-04-13 19:51:53,596 [INFO] LogOutputStream:77 - [STDOUT_REDIRECT] 1 : Invalid condition id : UX_CORESTACK_Condition cause : null
2024-04-13 19:51:53,596 [INFO] LogOutputStream:77 - [STDOUT_REDIRECT] 1 : Invalid condition id : UX_CORESTACK_Condition cause : null
2024-04-13 19:51:53,598 [INFO] LogOutputStream:77 - [STDOUT_REDIRECT] 1 : Invalid condition id : UX_CORESTACK_Condition cause : null
2024-04-13 19:51:53,599 [INFO] LogOutputStream:77 - [STDOUT_REDIRECT] 1 : Invalid condition id : UX_CORESTACK_Condition cause : null
2024-04-13 19:51:53,600 [INFO] LogOutputStream:77 - [STDOUT_REDIRECT] 1 : Invalid condition id : UX_CORESTACK_Condition cause : null
2024-04-13 19:51:53,603 [WARN] PackLoader:240 - Cannot read IP mode file for STMicroelectronics.X-CUBE-AZRTOS-WL.2.0.0
2024-04-13 19:51:53,620 [WARN] PackLoader:240 - Cannot read IP mode file for STMicroelectronics.FP-SNS-MOTENV1.5.0.0
2024-04-13 19:51:53,636 [WARN] PackLoader:240 - Cannot read IP mode file for WES.I-CUBE-Cesium.1.3.0
2024-04-13 19:51:53,651 [WARN] PackLoader:240 - Cannot read IP mode file for STMicroelectronics.X-CUBE-BLE2.3.3.0
2024-04-13 19:51:53,665 [WARN] PackLoader:240 - Cannot read IP mode file for STMicroelectronics.X-CUBE-TCPP.4.1.0
2024-04-13 19:51:53,686 [WARN] PackLoader:240 - Cannot read IP mode file for STMicroelectronics.X-CUBE-ALGOBUILD.1.3.0
2024-04-13 19:51:53,721 [WARN] PackLoader:240 - Cannot read IP mode file for STMicroelectronics.X-CUBE-AZRTOS-G0.1.1.0
2024-04-13 19:51:53,743 [WARN] PackLoader:240 - Cannot read IP mode file for STMicroelectronics.X-CUBE-SAFEA1.1.2.2
2024-04-13 19:51:53,761 [WARN] PackLoader:240 - Cannot read IP mode file for STMicroelectronics.X-CUBE-NFC4.3.0.0
2024-04-13 19:51:53,783 [WARN] PackLoader:240 - Cannot read IP mode file for STMicroelectronics.X-CUBE-BLEMGR.3.0.0
2024-04-13 19:51:53,798 [WARN] PackLoader:240 - Cannot read IP mode file for STMicroelectronics.FP-ATR-SIGFOX1.3.2.0
2024-04-13 19:51:53,819 [WARN] PackLoader:240 - Cannot read IP mode file for STMicroelectronics.X-CUBE-EEPRMA1.5.1.0
2024-04-13 19:51:53,888 [WARN] PackLoader:240 - Cannot read IP mode file for SEGGER.I-CUBE-embOS.1.3.1
2024-04-13 19:51:53,956 [WARN] PackLoader:240 - Cannot read IP mode file for STMicroelectronics.X-CUBE-GNSS1.6.0.0
2024-04-13 19:51:53,996 [WARN] PackLoader:240 - Cannot read IP mode file for STMicroelectronics.X-CUBE-AZRTOS-F4.1.1.0
2024-04-13 19:51:54,012 [WARN] PackLoader:240 - Cannot read IP mode file for wolfSSL.I-CUBE-wolfSSL.5.6.3
2024-04-13 19:51:54,041 [WARN] PackLoader:240 - Cannot read IP mode file for STMicroelectronics.X-CUBE-AZRTOS-L5.2.0.0
2024-04-13 19:51:54,096 [WARN] PackLoader:240 - Cannot read IP mode file for STMicroelectronics.X-CUBE-MEMS1.9.6.0
2024-04-13 19:51:54,191 [INFO] WebApp:780 - Register for checkConnection events
2024-04-13 19:51:54,191 [INFO] WebApp:414 - Apply proxy settings
2024-04-13 19:51:54,191 [INFO] WebApp:499 - Chromium requires no authentication
2024-04-13 19:51:54,200 [INFO] WebApp:442 - Direct internet connection detected
2024-04-13 19:51:54,261 [WARN] PackLoader:240 - Cannot read IP mode file for STMicroelectronics.X-CUBE-EEPRMA1.4.2.0
2024-04-13 19:51:54,280 [WARN] PackLoader:240 - Cannot read IP mode file for STMicroelectronics.X-CUBE-NFC6.3.1.0
2024-04-13 19:51:54,296 [WARN] PackLoader:240 - Cannot read IP mode file for ITTIA_DB.I-CUBE-ITTIADB.8.8.0
2024-04-13 19:51:54,317 [WARN] PackLoader:240 - Cannot read IP mode file for STMicroelectronics.X-CUBE-BLEMGR.2.0.0
2024-04-13 19:51:54,349 [WARN] ConditionMgr:438 - getConditionDescription Invalid condition id : UX DEVICE CLASS RTOS Condition cause : null
2024-04-13 19:51:54,350 [WARN] ConditionMgr:438 - getConditionDescription Invalid condition id : UX DEVICE CLASS RTOS Condition cause : null
2024-04-13 19:51:54,353 [WARN] PackLoader:240 - Cannot read IP mode file for STMicroelectronics.X-CUBE-AZRTOS-H7.3.1.0
2024-04-13 19:51:54,354 [WARN] ConditionMgr:1039 - genDependencies : Invalid condition id : UX DEVICE CLASS RTOS Condition cause : null
2024-04-13 19:51:54,355 [WARN] ConditionMgr:1039 - genDependencies : Invalid condition id : UX DEVICE CLASS RTOS Condition cause : null
2024-04-13 19:51:54,355 [WARN] ConditionMgr:1039 - genDependencies : Invalid condition id : UX DEVICE CLASS RTOS Condition cause : null
2024-04-13 19:51:54,356 [WARN] ConditionMgr:1039 - genDependencies : Invalid condition id : UX DEVICE CLASS RTOS Condition cause : null
2024-04-13 19:51:54,356 [WARN] ConditionMgr:1039 - genDependencies : Invalid condition id : UX DEVICE CLASS RTOS Condition cause : null
2024-04-13 19:51:54,370 [WARN] PackLoader:240 - Cannot read IP mode file for STMicroelectronics.X-CUBE-NFC7.1.0.1
2024-04-13 19:51:54,389 [WARN] PackLoader:240 - Cannot read IP mode file for STMicroelectronics.X-CUBE-NFC6.3.0.0
2024-04-13 19:51:54,402 [WARN] PackLoader:240 - Cannot read IP mode file for STMicroelectronics.X-CUBE-EEPRMA1.4.1.0
2024-04-13 19:51:54,422 [WARN] PackLoader:240 - Cannot read IP mode file for STMicroelectronics.X-CUBE-AI.8.1.0
2024-04-13 19:51:54,457 [WARN] ConditionMgr:438 - getConditionDescription Invalid condition id : LAN8742 Phy interface Condition cause : null
2024-04-13 19:51:54,458 [WARN] PackLoader:240 - Cannot read IP mode file for STMicroelectronics.X-CUBE-AZRTOS-L4.2.0.0
2024-04-13 19:51:54,459 [WARN] ConditionMgr:1039 - genDependencies : Invalid condition id : LAN8742 Phy interface Condition cause : null
2024-04-13 19:51:54,460 [WARN] ConditionMgr:1039 - genDependencies : Invalid condition id : LAN8742 Phy interface Condition cause : null
2024-04-13 19:51:54,460 [WARN] ConditionMgr:1039 - genDependencies : Invalid condition id : LAN8742 Phy interface Condition cause : null
2024-04-13 19:51:54,482 [WARN] PackLoader:240 - Cannot read IP mode file for STMicroelectronics.X-CUBE-SFXS2LP1.4.0.0
2024-04-13 19:51:54,490 [INFO] WebApp:192 - Starting web application
2024-04-13 19:51:54,490 [INFO] WebApp:544 - Web application path used G:\stm32cubeide\stm32cubeide114\STM32CubeIDE_1.14.0\STM32CubeIDE\plugins\com.st.stm32cube.common.mx_6.10.0.202311202037\db\plugins\mcufinder\reactClient1\index.html
2024-04-13 19:51:54,497 [WARN] PackLoader:240 - Cannot read IP mode file for STMicroelectronics.X-CUBE-ISPU.1.1.0
2024-04-13 19:51:54,530 [WARN] ConditionMgr:438 - getConditionDescription Invalid condition id : UX DEVICE CLASS RTOS Condition cause : null
2024-04-13 19:51:54,530 [WARN] ConditionMgr:438 - getConditionDescription Invalid condition id : UX DEVICE CLASS RTOS Condition cause : null
2024-04-13 19:51:54,533 [WARN] PackLoader:240 - Cannot read IP mode file for STMicroelectronics.X-CUBE-AZRTOS-WB.2.0.0
2024-04-13 19:51:54,534 [WARN] ConditionMgr:1039 - genDependencies : Invalid condition id : UX DEVICE CLASS RTOS Condition cause : null
2024-04-13 19:51:54,534 [WARN] ConditionMgr:1039 - genDependencies : Invalid condition id : UX DEVICE CLASS RTOS Condition cause : null
2024-04-13 19:51:54,536 [WARN] ConditionMgr:1039 - genDependencies : Invalid condition id : UX DEVICE CLASS RTOS Condition cause : null
2024-04-13 19:51:54,536 [WARN] ConditionMgr:1039 - genDependencies : Invalid condition id : UX DEVICE CLASS RTOS Condition cause : null
2024-04-13 19:51:54,537 [WARN] ConditionMgr:1039 - genDependencies : Invalid condition id : UX DEVICE CLASS RTOS Condition cause : null
2024-04-13 19:51:54,560 [WARN] PackLoader:240 - Cannot read IP mode file for STMicroelectronics.X-CUBE-SUBG2.5.0.0
2024-04-13 19:51:54,588 [WARN] PackLoader:240 - Cannot read IP mode file for STMicroelectronics.X-CUBE-TOF1.3.3.1
2024-04-13 19:51:54,626 [WARN] PackLoader:240 - Cannot read IP mode file for STMicroelectronics.X-CUBE-AZRTOS-G4.2.0.0
2024-04-13 19:51:54,658 [WARN] PackLoader:240 - Cannot read IP mode file for Infineon.AIROC-Wi-Fi-Bluetooth-STM32.1.5.1
2024-04-13 19:51:54,680 [WARN] PackLoader:240 - Cannot read IP mode file for STMicroelectronics.FP-SNS-MOTENVWB1.1.3.0
2024-04-13 19:51:54,703 [WARN] PackLoader:240 - Cannot read IP mode file for STMicroelectronics.FP-SNS-MOTENVWB1.1.3.1
2024-04-13 19:51:54,732 [WARN] PackLoader:240 - Cannot read IP mode file for STMicroelectronics.X-CUBE-ISPU.2.0.0
2024-04-13 19:51:54,813 [WARN] PackLoader:240 - Cannot read IP mode file for STMicroelectronics.X-CUBE-MEMS1.10.0.0
2024-04-13 19:51:55,006 [WARN] PackLoader:240 - Cannot read IP mode file for STMicroelectronics.X-CUBE-FREERTOS.1.1.0
2024-04-13 19:51:55,026 [WARN] PackLoader:240 - Cannot read IP mode file for portGmbH.I-Cube-SoM-uGOAL.1.1.0
2024-04-13 19:51:55,041 [WARN] PackLoader:240 - Cannot read IP mode file for STMicroelectronics.X-CUBE-ALS.1.0.1
2024-04-13 19:51:55,057 [WARN] PackLoader:240 - Cannot read IP mode file for STMicroelectronics.FP-ATR-ASTRA1.2.0.0
2024-04-13 19:51:55,084 [WARN] PackLoader:240 - Cannot read IP mode file for STMicroelectronics.X-CUBE-TOF1.3.4.0
2024-04-13 19:51:55,120 [WARN] PackLoader:240 - Cannot read IP mode file for STMicroelectronics.X-CUBE-TOF1.3.4.1
2024-04-13 19:51:55,166 [WARN] PackLoader:240 - Cannot read IP mode file for STMicroelectronics.X-CUBE-AZRTOS-H7.3.2.0
2024-04-13 19:51:55,170 [INFO] ThirdParty:978 - Integrity check success = true
2024-04-13 19:51:55,170 [INFO] IntegrityCheckThread:100 - exiting critical section [integrity check]
2024-04-13 19:51:55,170 [INFO] IntegrityCheckThread:103 - End integrity checks thread
2024-04-13 19:52:15,651 [ERROR] LogOutputStream:75 - [STDERR_REDIRECT] SLF4J: Failed to load class "org.slf4j.impl.StaticLoggerBinder".
2024-04-13 19:52:15,651 [ERROR] LogOutputStream:75 - [STDERR_REDIRECT] SLF4J: Defaulting to no-operation (NOP) logger implementation
2024-04-13 19:52:15,652 [ERROR] LogOutputStream:75 - [STDERR_REDIRECT] SLF4J: See http://www.slf4j.org/codes.html#StaticLoggerBinder for further details.
2024-04-13 20:31:42,441 [ERROR] ConfigurationRetriever:142 - IOException on connection: Read timed out
2024-04-13 20:31:44,680 [ERROR] ConfigurationRetriever:142 - IOException on connection: Read timed out
2024-04-13 20:31:54,212 [ERROR] ConfigurationRetriever:142 - IOException on connection: Read timed out
2024-04-13 20:31:56,355 [ERROR] ConfigurationRetriever:142 - IOException on connection: Read timed out
2024-04-13 21:55:10,111 [ERROR] LogOutputStream:75 - [STDERR_REDIRECT] 
