2024-02-03 19:50:03,632 [INFO] Activator:176 - 


2024-02-03 19:50:03,640 [INFO] Activator:177 - !SESSION log4j initialized
2024-02-03 19:50:11,138 [INFO] LogOutputStream:77 - [STDOUT_REDIRECT] 
2024-02-03 19:50:16,387 [ERROR] ConfigurationRetriever:142 - IOException on connection: sw-center.st.com
2024-02-03 19:50:16,388 [ERROR] ConfigurationRetriever:142 - IOException on connection: sw-center.st.com
2024-02-03 19:50:16,389 [ERROR] ConfigurationRetriever:142 - IOException on connection: sw-center.st.com
2024-02-03 19:50:17,831 [INFO] ApplicationProperties:184 - Using Application install path: G:\stm32cubeide\stm32cubeide114\STM32CubeIDE_1.14.0\STM32CubeIDE\plugins\com.st.stm32cube.common.mx_6.10.0.202311202037
2024-02-03 19:50:17,853 [INFO] DbMcusXml:78 - Set database path to: G:\stm32cubeide\stm32cubeide114\STM32CubeIDE_1.14.0\STM32CubeIDE\plugins\com.st.stm32cube.common.mx_6.10.0.202311202037\\db\/mcu/
2024-02-03 19:50:17,853 [INFO] ApiDb:274 - Set plugin database path to: G:\stm32cubeide\stm32cubeide114\STM32CubeIDE_1.14.0\STM32CubeIDE\plugins\com.st.stm32cube.common.mx_6.10.0.202311202037\\db\/plugins/boardmanager/
2024-02-03 19:50:17,853 [WARN] ApiDb:259 - Overriding images path with different value:  => G:\stm32cubeide\stm32cubeide114\STM32CubeIDE_1.14.0\STM32CubeIDE\plugins\com.st.stm32cube.common.mx_6.10.0.202311202037\\db\/plugins/mcufinder/images/
2024-02-03 19:50:17,868 [INFO] ApiDb:250 - Set database path to: C:\Users\Nghia\.stmcufinder\plugins\mcufinder//mcu/
2024-02-03 19:50:17,869 [INFO] DbMcusAds:125 - Set database path to: C:\Users\Nghia\.stmcufinder\plugins\mcufinder//mcu/
2024-02-03 19:50:17,872 [INFO] CrossReferenceDbSqlite:203 - Set database path to: C:\Users\Nghia\.stmcufinder\plugins\mcufinder//mcu/cs/
2024-02-03 19:50:17,988 [INFO] RulesReader:64 - Compatibility file has been processed (297 Rules)
2024-02-03 19:50:18,069 [INFO] DbMcusXml:78 - Set database path to: G:\stm32cubeide\stm32cubeide114\STM32CubeIDE_1.14.0\STM32CubeIDE\plugins\com.st.stm32cube.common.mx_6.10.0.202311202037\\db\/mcu/
2024-02-03 19:50:18,069 [INFO] ApiDb:274 - Set plugin database path to: G:\stm32cubeide\stm32cubeide114\STM32CubeIDE_1.14.0\STM32CubeIDE\plugins\com.st.stm32cube.common.mx_6.10.0.202311202037\\db\/plugins/boardmanager/
2024-02-03 19:50:18,069 [INFO] ApiDb:261 - Set plugin images path to: G:\stm32cubeide\stm32cubeide114\STM32CubeIDE_1.14.0\STM32CubeIDE\plugins\com.st.stm32cube.common.mx_6.10.0.202311202037\\db\/plugins/mcufinder/images/
2024-02-03 19:50:18,069 [WARN] DbFile:41 - Overriding database path with different value: C:\Users\Nghia\.stmcufinder\plugins\mcufinder/ => C:\Users\Nghia\.stmcufinder\plugins\mcufinder
2024-02-03 19:50:18,069 [INFO] ApiDb:250 - Set database path to: C:\Users\Nghia\.stmcufinder\plugins\mcufinder//mcu/
2024-02-03 19:50:18,069 [WARN] DbFile:41 - Overriding database path with different value: C:\Users\Nghia\.stmcufinder\plugins\mcufinder/ => C:\Users\Nghia\.stmcufinder\plugins\mcufinder
2024-02-03 19:50:18,069 [INFO] DbMcusAds:125 - Set database path to: C:\Users\Nghia\.stmcufinder\plugins\mcufinder//mcu/
2024-02-03 19:50:18,070 [WARN] DbFile:41 - Overriding database path with different value: C:\Users\Nghia\.stmcufinder\plugins\mcufinder/ => C:\Users\Nghia\.stmcufinder\plugins\mcufinder
2024-02-03 19:50:18,070 [WARN] DbFile:41 - Overriding database path with different value: C:\Users\Nghia\.stmcufinder\plugins\mcufinder/ => C:\Users\Nghia\.stmcufinder\plugins\mcufinder
2024-02-03 19:50:18,070 [INFO] CrossReferenceDbSqlite:203 - Set database path to: C:\Users\Nghia\.stmcufinder\plugins\mcufinder//mcu/cs/
2024-02-03 19:50:18,142 [INFO] MainPanel:264 - HeapMemory: 268435456
2024-02-03 19:50:18,220 [INFO] DbMcusXml:78 - Set database path to: G:\stm32cubeide\stm32cubeide114\STM32CubeIDE_1.14.0\STM32CubeIDE\plugins\com.st.stm32cube.common.mx_6.10.0.202311202037\\db\/mcu/
2024-02-03 19:50:18,221 [INFO] ApiDb:274 - Set plugin database path to: G:\stm32cubeide\stm32cubeide114\STM32CubeIDE_1.14.0\STM32CubeIDE\plugins\com.st.stm32cube.common.mx_6.10.0.202311202037\\db\/plugins/boardmanager/
2024-02-03 19:50:18,221 [INFO] ApiDb:261 - Set plugin images path to: G:\stm32cubeide\stm32cubeide114\STM32CubeIDE_1.14.0\STM32CubeIDE\plugins\com.st.stm32cube.common.mx_6.10.0.202311202037\\db\/plugins/mcufinder/images/
2024-02-03 19:50:18,221 [WARN] DbFile:41 - Overriding database path with different value: C:\Users\Nghia\.stmcufinder\plugins\mcufinder/ => C:\Users\Nghia\.stmcufinder\plugins\mcufinder
2024-02-03 19:50:18,221 [INFO] ApiDb:250 - Set database path to: C:\Users\Nghia\.stmcufinder\plugins\mcufinder//mcu/
2024-02-03 19:50:18,221 [WARN] DbFile:41 - Overriding database path with different value: C:\Users\Nghia\.stmcufinder\plugins\mcufinder/ => C:\Users\Nghia\.stmcufinder\plugins\mcufinder
2024-02-03 19:50:18,221 [INFO] DbMcusAds:125 - Set database path to: C:\Users\Nghia\.stmcufinder\plugins\mcufinder//mcu/
2024-02-03 19:50:18,221 [WARN] DbFile:41 - Overriding database path with different value: C:\Users\Nghia\.stmcufinder\plugins\mcufinder/ => C:\Users\Nghia\.stmcufinder\plugins\mcufinder
2024-02-03 19:50:18,221 [WARN] DbFile:41 - Overriding database path with different value: C:\Users\Nghia\.stmcufinder\plugins\mcufinder/ => C:\Users\Nghia\.stmcufinder\plugins\mcufinder
2024-02-03 19:50:18,221 [INFO] CrossReferenceDbSqlite:203 - Set database path to: C:\Users\Nghia\.stmcufinder\plugins\mcufinder//mcu/cs/
2024-02-03 19:50:18,239 [INFO] ApplicationProperties:184 - Using Application install path: G:\stm32cubeide\stm32cubeide114\STM32CubeIDE_1.14.0\STM32CubeIDE\plugins\com.st.stm32cube.common.mx_6.10.0.202311202037
2024-02-03 19:50:18,240 [INFO] PluginManage:196 - Search for loadable plugins [exclusion list=, ]
2024-02-03 19:50:18,241 [INFO] PluginManage:310 - Check plugin analytics
2024-02-03 19:50:23,309 [INFO] AnalyticsPlugin:253 - Accepted Software Licenses: STM32CubeMX.6.8.0,STM32CubeMX.6.1.1
2024-02-03 19:50:23,310 [INFO] AnalyticsPlugin:255 - Accepted CMSIS Pack Licenses: 
2024-02-03 19:50:23,310 [INFO] AnalyticsPlugin:257 - Accepted Firmware Licenses: FW.F4.1.27.0,FW.F4.1.28.0
2024-02-03 19:50:23,312 [INFO] PluginManage:359 - Loaded plugin analytics (category:tool,tabindex:-1)
2024-02-03 19:50:23,312 [ERROR] ConfigurationRetriever:142 - IOException on connection: sw-center.st.com
2024-02-03 19:50:23,312 [INFO] PluginManage:310 - Check plugin cadmodel
2024-02-03 19:50:23,312 [ERROR] ConfigurationRetriever:142 - IOException on connection: sw-center.st.com
2024-02-03 19:50:23,313 [ERROR] ConfigurationRetriever:142 - IOException on connection: sw-center.st.com
2024-02-03 19:50:23,324 [INFO] CADModel:105 - Init CAD model plugin
2024-02-03 19:50:23,325 [INFO] PluginManage:359 - Loaded plugin cadmodel (category:power,tabindex:5)
2024-02-03 19:50:23,325 [INFO] PluginManage:310 - Check plugin clock
2024-02-03 19:50:23,342 [INFO] PluginManage:359 - Loaded plugin clock (category:base,tabindex:2)
2024-02-03 19:50:23,342 [INFO] PluginManage:310 - Check plugin ddr
2024-02-03 19:50:23,345 [INFO] PluginManage:359 - Loaded plugin ddr (category:tool,tabindex:6)
2024-02-03 19:50:23,345 [INFO] PluginManage:310 - Check plugin filemanager
2024-02-03 19:50:23,473 [INFO] PluginManage:359 - Loaded plugin filemanager (category:base,tabindex:10)
2024-02-03 19:50:23,473 [INFO] PluginManage:310 - Check plugin ipmanager
2024-02-03 19:50:23,480 [INFO] PluginManage:359 - Loaded plugin ipmanager (category:base,tabindex:5)
2024-02-03 19:50:23,480 [INFO] PluginManage:310 - Check plugin lpbam
2024-02-03 19:50:23,498 [INFO] PluginManage:359 - Loaded plugin lpbam (category:base,tabindex:0)
2024-02-03 19:50:23,498 [INFO] PluginManage:310 - Check plugin memorymap
2024-02-03 19:50:23,526 [INFO] PluginManage:359 - Loaded plugin memorymap (category:base,tabindex:4)
2024-02-03 19:50:23,526 [INFO] PluginManage:310 - Check plugin pinoutandconfiguration
2024-02-03 19:50:23,541 [INFO] PluginManage:359 - Loaded plugin pinoutandconfiguration (category:base,tabindex:1)
2024-02-03 19:50:23,541 [INFO] PluginManage:310 - Check plugin pinoutconfig
2024-02-03 19:50:23,678 [WARN] SupportedApi:132 - Cannot load RTOS API schema: s4s-elt-must-match.1: The content of 'definitions' must match (annotation?, (simpleType | complexType)?, (unique | key | keyref)*)). A problem was found starting at: attribute.
2024-02-03 19:50:23,837 [INFO] PluginManage:359 - Loaded plugin pinoutconfig (category:base,tabindex:0)
2024-02-03 19:50:23,837 [INFO] PluginManage:310 - Check plugin power
2024-02-03 19:50:23,856 [INFO] PluginManage:359 - Loaded plugin power (category:power,tabindex:4)
2024-02-03 19:50:23,856 [INFO] PluginManage:310 - Check plugin projectmanager
2024-02-03 19:50:23,874 [INFO] PluginManage:359 - Loaded plugin projectmanager (category:projectmanager,tabindex:3)
2024-02-03 19:50:23,875 [INFO] PluginManage:310 - Check plugin thirdparty
2024-02-03 19:50:24,150 [INFO] PluginManage:359 - Loaded plugin thirdparty (category:base,tabindex:-1)
2024-02-03 19:50:24,150 [WARN] IntegrityCheckThread:84 - waiting for thirdparty lock release [integrity check]
2024-02-03 19:50:24,150 [INFO] PluginManage:310 - Check plugin tools
2024-02-03 19:50:24,150 [INFO] IntegrityCheckThread:86 - entering critical section [integrity check]
2024-02-03 19:50:24,150 [INFO] ThirdPartyUpdaterWithRetryManager:70 - Updater plugin not ready yet. [1/15]
2024-02-03 19:50:24,177 [INFO] PluginManage:359 - Loaded plugin tools (category:base,tabindex:7)
2024-02-03 19:50:24,177 [INFO] PluginManage:310 - Check plugin tutovideos
2024-02-03 19:50:24,406 [INFO] PluginManage:359 - Loaded plugin tutovideos (category:base,tabindex:-1)
2024-02-03 19:50:24,406 [INFO] PluginManage:310 - Check plugin updater
2024-02-03 19:50:24,424 [INFO] PluginManage:359 - Loaded plugin updater (category:base,tabindex:12)
2024-02-03 19:50:24,425 [INFO] PluginManage:310 - Check plugin userauth
2024-02-03 19:50:24,433 [INFO] UserAuth:114 - Init User Auth plugin
2024-02-03 19:50:24,433 [INFO] PluginManage:359 - Loaded plugin userauth (category:base,tabindex:14)
2024-02-03 19:50:24,434 [INFO] PluginManage:283 - PluginManage : Loaded plugins [17]
2024-02-03 19:50:24,705 [INFO] PinOutPanel:1499 - setPackage(No Configuration,No Configuration)
2024-02-03 19:50:24,789 [INFO] CADModel:165 - CPN selected for project level
2024-02-03 19:50:24,790 [INFO] CADModel:114 - Register for checkConnection events
2024-02-03 19:50:24,842 [INFO] IPUIPlugin:80 - create IPUIPlugin
2024-02-03 19:50:24,842 [INFO] PluginManager:220 - loadIPPluginJar : add adc
2024-02-03 19:50:24,890 [INFO] IPUIPlugin:80 - create IPUIPlugin
2024-02-03 19:50:24,891 [INFO] PluginManager:220 - loadIPPluginJar : add aes
2024-02-03 19:50:24,934 [INFO] IPUIPlugin:80 - create IPUIPlugin
2024-02-03 19:50:24,934 [INFO] PluginManager:220 - loadIPPluginJar : add can
2024-02-03 19:50:24,958 [INFO] IPUIPlugin:80 - create IPUIPlugin
2024-02-03 19:50:24,958 [INFO] PluginManager:220 - loadIPPluginJar : add comp
2024-02-03 19:50:24,992 [INFO] IPUIPlugin:80 - create IPUIPlugin
2024-02-03 19:50:24,992 [INFO] PluginManager:220 - loadIPPluginJar : add cryp
2024-02-03 19:50:25,022 [INFO] IPUIPlugin:80 - create IPUIPlugin
2024-02-03 19:50:25,022 [INFO] PluginManager:220 - loadIPPluginJar : add dfsdm
2024-02-03 19:50:25,039 [INFO] IPUIPlugin:80 - create IPUIPlugin
2024-02-03 19:50:25,039 [INFO] PluginManager:220 - loadIPPluginJar : add dma
2024-02-03 19:50:25,088 [INFO] IPUIPlugin:80 - create IPUIPlugin
2024-02-03 19:50:25,088 [INFO] PluginManager:220 - loadIPPluginJar : add dma3
2024-02-03 19:50:25,109 [INFO] IPUIPlugin:80 - create IPUIPlugin
2024-02-03 19:50:25,109 [INFO] PluginManager:220 - loadIPPluginJar : add fatfs
2024-02-03 19:50:25,149 [INFO] IPUIPlugin:80 - create IPUIPlugin
2024-02-03 19:50:25,149 [INFO] PluginManager:220 - loadIPPluginJar : add fmc
2024-02-03 19:50:25,163 [INFO] IPUIPlugin:80 - create IPUIPlugin
2024-02-03 19:50:25,164 [INFO] PluginManager:220 - loadIPPluginJar : add freertos
2024-02-03 19:50:25,192 [INFO] IPUIPlugin:80 - create IPUIPlugin
2024-02-03 19:50:25,192 [INFO] PluginManager:220 - loadIPPluginJar : add genericplugin
2024-02-03 19:50:25,300 [INFO] IPUIPlugin:80 - create IPUIPlugin
2024-02-03 19:50:25,301 [INFO] PluginManager:220 - loadIPPluginJar : add gfxmmu
2024-02-03 19:50:25,468 [INFO] IPUIPlugin:80 - create IPUIPlugin
2024-02-03 19:50:25,469 [INFO] PluginManager:220 - loadIPPluginJar : add gic
2024-02-03 19:50:25,483 [INFO] IPUIPlugin:80 - create IPUIPlugin
2024-02-03 19:50:25,483 [INFO] PluginManager:220 - loadIPPluginJar : add gpio
2024-02-03 19:50:25,597 [INFO] IPUIPlugin:80 - create IPUIPlugin
2024-02-03 19:50:25,597 [INFO] PluginManager:220 - loadIPPluginJar : add gtzc
2024-02-03 19:50:25,628 [INFO] IPUIPlugin:80 - create IPUIPlugin
2024-02-03 19:50:25,628 [INFO] PluginManager:220 - loadIPPluginJar : add hash
2024-02-03 19:50:25,675 [INFO] IPUIPlugin:80 - create IPUIPlugin
2024-02-03 19:50:25,675 [INFO] PluginManager:220 - loadIPPluginJar : add i2c
2024-02-03 19:50:25,709 [INFO] IPUIPlugin:80 - create IPUIPlugin
2024-02-03 19:50:25,709 [INFO] PluginManager:220 - loadIPPluginJar : add i2s
2024-02-03 19:50:25,746 [INFO] IPUIPlugin:80 - create IPUIPlugin
2024-02-03 19:50:25,747 [INFO] PluginManager:220 - loadIPPluginJar : add i3c
2024-02-03 19:50:25,854 [INFO] IPUIPlugin:80 - create IPUIPlugin
2024-02-03 19:50:25,854 [INFO] PluginManager:220 - loadIPPluginJar : add ipddr
2024-02-03 19:50:25,932 [INFO] IPUIPlugin:80 - create IPUIPlugin
2024-02-03 19:50:25,933 [INFO] PluginManager:220 - loadIPPluginJar : add linkedlist
2024-02-03 19:50:25,961 [INFO] IPUIPlugin:80 - create IPUIPlugin
2024-02-03 19:50:25,961 [INFO] PluginManager:220 - loadIPPluginJar : add lorawan
2024-02-03 19:50:25,993 [INFO] IPUIPlugin:80 - create IPUIPlugin
2024-02-03 19:50:25,993 [INFO] PluginManager:220 - loadIPPluginJar : add ltdc
2024-02-03 19:50:26,004 [INFO] IPUIPlugin:80 - create IPUIPlugin
2024-02-03 19:50:26,005 [INFO] PluginManager:220 - loadIPPluginJar : add mdma
2024-02-03 19:50:26,013 [INFO] IPUIPlugin:80 - create IPUIPlugin
2024-02-03 19:50:26,013 [INFO] PluginManager:220 - loadIPPluginJar : add nvic
2024-02-03 19:50:26,044 [INFO] IPUIPlugin:80 - create IPUIPlugin
2024-02-03 19:50:26,044 [INFO] PluginManager:220 - loadIPPluginJar : add opamp
2024-02-03 19:50:26,091 [INFO] IPUIPlugin:80 - create IPUIPlugin
2024-02-03 19:50:26,091 [INFO] PluginManager:220 - loadIPPluginJar : add openamp
2024-02-03 19:50:26,124 [INFO] IPUIPlugin:80 - create IPUIPlugin
2024-02-03 19:50:26,124 [INFO] PluginManager:220 - loadIPPluginJar : add pdm2pcm
2024-02-03 19:50:26,135 [INFO] IPUIPlugin:80 - create IPUIPlugin
2024-02-03 19:50:26,137 [INFO] PluginManager:220 - loadIPPluginJar : add plateformsettings
2024-02-03 19:50:26,155 [INFO] IPUIPlugin:80 - create IPUIPlugin
2024-02-03 19:50:26,155 [INFO] PluginManager:220 - loadIPPluginJar : add quadspi
2024-02-03 19:50:26,164 [INFO] IPUIPlugin:80 - create IPUIPlugin
2024-02-03 19:50:26,165 [INFO] PluginManager:220 - loadIPPluginJar : add resmgrutility
2024-02-03 19:50:26,205 [INFO] IPUIPlugin:80 - create IPUIPlugin
2024-02-03 19:50:26,205 [INFO] PluginManager:220 - loadIPPluginJar : add sai
2024-02-03 19:50:26,233 [INFO] IPUIPlugin:80 - create IPUIPlugin
2024-02-03 19:50:26,233 [INFO] PluginManager:220 - loadIPPluginJar : add spi
2024-02-03 19:50:26,289 [INFO] IPUIPlugin:80 - create IPUIPlugin
2024-02-03 19:50:26,289 [INFO] PluginManager:220 - loadIPPluginJar : add stm32_wpan
2024-02-03 19:50:26,307 [INFO] IPUIPlugin:80 - create IPUIPlugin
2024-02-03 19:50:26,307 [INFO] PluginManager:220 - loadIPPluginJar : add tim
2024-02-03 19:50:26,351 [INFO] IPUIPlugin:80 - create IPUIPlugin
2024-02-03 19:50:26,351 [INFO] PluginManager:220 - loadIPPluginJar : add touchsensing
2024-02-03 19:50:26,372 [INFO] IPUIPlugin:80 - create IPUIPlugin
2024-02-03 19:50:26,372 [INFO] PluginManager:220 - loadIPPluginJar : add tracer_emb
2024-02-03 19:50:26,392 [INFO] IPUIPlugin:80 - create IPUIPlugin
2024-02-03 19:50:26,392 [INFO] PluginManager:220 - loadIPPluginJar : add ts
2024-02-03 19:50:26,411 [INFO] IPUIPlugin:80 - create IPUIPlugin
2024-02-03 19:50:26,412 [INFO] PluginManager:220 - loadIPPluginJar : add tsc
2024-02-03 19:50:26,433 [INFO] IPUIPlugin:80 - create IPUIPlugin
2024-02-03 19:50:26,433 [INFO] PluginManager:220 - loadIPPluginJar : add ucpd
2024-02-03 19:50:26,472 [INFO] IPUIPlugin:80 - create IPUIPlugin
2024-02-03 19:50:26,472 [INFO] PluginManager:220 - loadIPPluginJar : add usart
2024-02-03 19:50:26,508 [INFO] IPUIPlugin:80 - create IPUIPlugin
2024-02-03 19:50:26,508 [INFO] PluginManager:220 - loadIPPluginJar : add usbx
2024-02-03 19:50:26,632 [INFO] CADModel:165 - CPN selected for project level
2024-02-03 19:50:26,632 [INFO] CADModel:114 - Register for checkConnection events
2024-02-03 19:50:26,632 [FATAL] Updater:308 - Updater called before beeing initialized
2024-02-03 19:50:26,632 [ERROR] CADModel:125 - Updater not yet initialized, retry later 
2024-02-03 19:50:26,754 [INFO] CADModel:165 - CPN selected for project level
2024-02-03 19:50:26,754 [INFO] CADModel:114 - Register for checkConnection events
2024-02-03 19:50:26,754 [FATAL] Updater:308 - Updater called before beeing initialized
2024-02-03 19:50:26,755 [ERROR] CADModel:125 - Updater not yet initialized, retry later 
2024-02-03 19:50:26,757 [FATAL] Updater:308 - Updater called before beeing initialized
2024-02-03 19:50:26,867 [FATAL] Updater:308 - Updater called before beeing initialized
2024-02-03 19:50:26,878 [INFO] DbMcusAds:53 - JSON generation date=Wed Nov 29 17:52:27 ICT 2023 (1701255147349)
2024-02-03 19:50:26,879 [FATAL] Updater:308 - Updater called before beeing initialized
2024-02-03 19:50:26,971 [WARN] DetailPanel:346 - Failed to get advertising image, set to default
2024-02-03 19:50:27,060 [FATAL] Updater:308 - Updater called before beeing initialized
2024-02-03 19:50:27,062 [FATAL] Updater:308 - Updater called before beeing initialized
2024-02-03 19:50:27,062 [FATAL] Updater:308 - Updater called before beeing initialized
2024-02-03 19:50:27,062 [WARN] DetailPanel:346 - Failed to get advertising image, set to default
2024-02-03 19:50:27,063 [FATAL] Updater:308 - Updater called before beeing initialized
2024-02-03 19:50:27,133 [ERROR] Updater:1120 - MainUpdater not yet initialized. External WinMGr cannot be set.
2024-02-03 19:50:27,144 [INFO] Updater:1056 - Updater Version found : 6.10.0
2024-02-03 19:50:27,151 [INFO] ThirdPartyUpdaterWithRetryManager:70 - Updater plugin not ready yet. [2/15]
2024-02-03 19:50:27,178 [INFO] ApplicationProperties:184 - Using Application install path: G:\stm32cubeide\stm32cubeide114\STM32CubeIDE_1.14.0\STM32CubeIDE\plugins\com.st.stm32cube.common.mx_6.10.0.202311202037
2024-02-03 19:50:27,668 [INFO] MainUpdater:2873 - connection check result : 22
2024-02-03 19:50:27,669 [INFO] MainUpdater:290 - Updater Check For Update Now.
2024-02-03 19:50:27,669 [INFO] MicroXplorer:498 - Change Database Version : DB.6.0.100
2024-02-03 19:50:27,687 [INFO] McuFinderGlobals:63 - Set McuFinder mode to 2 (CubeIDE integrated)
2024-02-03 19:50:27,753 [INFO] UserAuth:404 - Internet connection configuration mode: 2
2024-02-03 19:50:27,889 [INFO] CheckServerUpdateThread:120 - End of CheckServer Thread
2024-02-03 19:50:30,337 [WARN] PackLoader:240 - Cannot read IP mode file for STMicroelectronics.X-CUBE-SMBUS.2.1.0
2024-02-03 19:50:30,358 [WARN] PackLoader:240 - Cannot read IP mode file for STMicroelectronics.X-CUBE-TOUCHGFX.4.23.0
2024-02-03 19:50:30,411 [WARN] PackLoader:240 - Cannot read IP mode file for STMicroelectronics.X-CUBE-AZRTOS-F7.1.1.0
2024-02-03 19:50:30,436 [WARN] PackLoader:240 - Cannot read IP mode file for STMicroelectronics.FP-SNS-MOTENV1.4.3.2
2024-02-03 19:50:30,456 [WARN] PackLoader:240 - Cannot read IP mode file for STMicroelectronics.FP-SNS-FLIGHT1.5.0.2
2024-02-03 19:50:30,483 [WARN] PackLoader:240 - Cannot read IP mode file for STMicroelectronics.X-CUBE-DISPLAY.3.0.0
2024-02-03 19:50:30,511 [WARN] PackLoader:240 - Cannot read IP mode file for STMicroelectronics.X-CUBE-BLE1.7.0.0
2024-02-03 19:50:30,532 [WARN] PackLoader:240 - Cannot read IP mode file for emotas.I-CUBE-CANOPEN.1.3.0
2024-02-03 19:50:30,546 [WARN] PackLoader:240 - Cannot read IP mode file for STMicroelectronics.X-CUBE-TOUCHGFX.4.22.1
2024-02-03 19:50:30,561 [WARN] PackLoader:240 - Cannot read IP mode file for STMicroelectronics.FP-SNS-SMARTAG2.1.2.0
2024-02-03 19:50:30,584 [INFO] LogOutputStream:77 - [STDOUT_REDIRECT] 1 : Invalid condition id : UX_CORESTACK_Condition cause : null
2024-02-03 19:50:30,585 [INFO] LogOutputStream:77 - [STDOUT_REDIRECT] 1 : Invalid condition id : UX_CORESTACK_Condition cause : null
2024-02-03 19:50:30,585 [INFO] LogOutputStream:77 - [STDOUT_REDIRECT] 1 : Invalid condition id : UX_CORESTACK_Condition cause : null
2024-02-03 19:50:30,586 [INFO] LogOutputStream:77 - [STDOUT_REDIRECT] 1 : Invalid condition id : UX_CORESTACK_Condition cause : null
2024-02-03 19:50:30,588 [INFO] LogOutputStream:77 - [STDOUT_REDIRECT] 1 : Invalid condition id : UX_CORESTACK_Condition cause : null
2024-02-03 19:50:30,593 [WARN] PackLoader:240 - Cannot read IP mode file for STMicroelectronics.X-CUBE-AZRTOS-WL.2.0.0
2024-02-03 19:50:30,613 [WARN] PackLoader:240 - Cannot read IP mode file for WES.I-CUBE-Cesium.1.3.0
2024-02-03 19:50:30,630 [WARN] PackLoader:240 - Cannot read IP mode file for STMicroelectronics.X-CUBE-BLE2.3.3.0
2024-02-03 19:50:30,648 [WARN] PackLoader:240 - Cannot read IP mode file for STMicroelectronics.X-CUBE-ALGOBUILD.1.3.0
2024-02-03 19:50:30,682 [WARN] PackLoader:240 - Cannot read IP mode file for STMicroelectronics.X-CUBE-AZRTOS-G0.1.1.0
2024-02-03 19:50:30,700 [WARN] PackLoader:240 - Cannot read IP mode file for STMicroelectronics.X-CUBE-NFC4.3.0.0
2024-02-03 19:50:30,720 [WARN] PackLoader:240 - Cannot read IP mode file for STMicroelectronics.X-CUBE-BLEMGR.3.0.0
2024-02-03 19:50:30,737 [WARN] PackLoader:240 - Cannot read IP mode file for STMicroelectronics.FP-ATR-SIGFOX1.3.2.0
2024-02-03 19:50:30,750 [WARN] PackLoader:240 - Cannot read IP mode file for STMicroelectronics.X-CUBE-EEPRMA1.5.1.0
2024-02-03 19:50:30,810 [WARN] PackLoader:240 - Cannot read IP mode file for SEGGER.I-CUBE-embOS.1.3.1
2024-02-03 19:50:30,875 [WARN] PackLoader:240 - Cannot read IP mode file for STMicroelectronics.X-CUBE-GNSS1.6.0.0
2024-02-03 19:50:30,920 [WARN] PackLoader:240 - Cannot read IP mode file for STMicroelectronics.X-CUBE-AZRTOS-F4.1.1.0
2024-02-03 19:50:30,940 [WARN] PackLoader:240 - Cannot read IP mode file for wolfSSL.I-CUBE-wolfSSL.5.6.3
2024-02-03 19:50:30,978 [WARN] PackLoader:240 - Cannot read IP mode file for STMicroelectronics.X-CUBE-AZRTOS-L5.2.0.0
2024-02-03 19:50:31,040 [WARN] PackLoader:240 - Cannot read IP mode file for STMicroelectronics.X-CUBE-MEMS1.9.6.0
2024-02-03 19:50:31,237 [WARN] PackLoader:240 - Cannot read IP mode file for STMicroelectronics.X-CUBE-EEPRMA1.4.2.0
2024-02-03 19:50:31,254 [WARN] PackLoader:240 - Cannot read IP mode file for ITTIA_DB.I-CUBE-ITTIADB.8.8.0
2024-02-03 19:50:31,277 [WARN] PackLoader:240 - Cannot read IP mode file for STMicroelectronics.X-CUBE-BLEMGR.2.0.0
2024-02-03 19:50:31,313 [WARN] ConditionMgr:438 - getConditionDescription Invalid condition id : UX DEVICE CLASS RTOS Condition cause : null
2024-02-03 19:50:31,313 [WARN] ConditionMgr:438 - getConditionDescription Invalid condition id : UX DEVICE CLASS RTOS Condition cause : null
2024-02-03 19:50:31,317 [WARN] PackLoader:240 - Cannot read IP mode file for STMicroelectronics.X-CUBE-AZRTOS-H7.3.1.0
2024-02-03 19:50:31,318 [WARN] ConditionMgr:1039 - genDependencies : Invalid condition id : UX DEVICE CLASS RTOS Condition cause : null
2024-02-03 19:50:31,319 [WARN] ConditionMgr:1039 - genDependencies : Invalid condition id : UX DEVICE CLASS RTOS Condition cause : null
2024-02-03 19:50:31,319 [WARN] ConditionMgr:1039 - genDependencies : Invalid condition id : UX DEVICE CLASS RTOS Condition cause : null
2024-02-03 19:50:31,320 [WARN] ConditionMgr:1039 - genDependencies : Invalid condition id : UX DEVICE CLASS RTOS Condition cause : null
2024-02-03 19:50:31,320 [WARN] ConditionMgr:1039 - genDependencies : Invalid condition id : UX DEVICE CLASS RTOS Condition cause : null
2024-02-03 19:50:31,334 [WARN] PackLoader:240 - Cannot read IP mode file for STMicroelectronics.X-CUBE-NFC7.1.0.1
2024-02-03 19:50:31,347 [WARN] PackLoader:240 - Cannot read IP mode file for STMicroelectronics.X-CUBE-NFC6.3.0.0
2024-02-03 19:50:31,360 [WARN] PackLoader:240 - Cannot read IP mode file for STMicroelectronics.X-CUBE-EEPRMA1.4.1.0
2024-02-03 19:50:31,375 [WARN] PackLoader:240 - Cannot read IP mode file for STMicroelectronics.X-CUBE-AI.8.1.0
2024-02-03 19:50:31,403 [WARN] ConditionMgr:438 - getConditionDescription Invalid condition id : LAN8742 Phy interface Condition cause : null
2024-02-03 19:50:31,403 [WARN] PackLoader:240 - Cannot read IP mode file for STMicroelectronics.X-CUBE-AZRTOS-L4.2.0.0
2024-02-03 19:50:31,405 [WARN] ConditionMgr:1039 - genDependencies : Invalid condition id : LAN8742 Phy interface Condition cause : null
2024-02-03 19:50:31,405 [WARN] ConditionMgr:1039 - genDependencies : Invalid condition id : LAN8742 Phy interface Condition cause : null
2024-02-03 19:50:31,406 [WARN] ConditionMgr:1039 - genDependencies : Invalid condition id : LAN8742 Phy interface Condition cause : null
2024-02-03 19:50:31,422 [WARN] PackLoader:240 - Cannot read IP mode file for STMicroelectronics.X-CUBE-SFXS2LP1.4.0.0
2024-02-03 19:50:31,437 [WARN] PackLoader:240 - Cannot read IP mode file for STMicroelectronics.X-CUBE-ISPU.1.1.0
2024-02-03 19:50:31,459 [WARN] ConditionMgr:438 - getConditionDescription Invalid condition id : UX DEVICE CLASS RTOS Condition cause : null
2024-02-03 19:50:31,459 [WARN] ConditionMgr:438 - getConditionDescription Invalid condition id : UX DEVICE CLASS RTOS Condition cause : null
2024-02-03 19:50:31,465 [WARN] PackLoader:240 - Cannot read IP mode file for STMicroelectronics.X-CUBE-AZRTOS-WB.2.0.0
2024-02-03 19:50:31,466 [WARN] ConditionMgr:1039 - genDependencies : Invalid condition id : UX DEVICE CLASS RTOS Condition cause : null
2024-02-03 19:50:31,466 [WARN] ConditionMgr:1039 - genDependencies : Invalid condition id : UX DEVICE CLASS RTOS Condition cause : null
2024-02-03 19:50:31,467 [WARN] ConditionMgr:1039 - genDependencies : Invalid condition id : UX DEVICE CLASS RTOS Condition cause : null
2024-02-03 19:50:31,467 [WARN] ConditionMgr:1039 - genDependencies : Invalid condition id : UX DEVICE CLASS RTOS Condition cause : null
2024-02-03 19:50:31,467 [WARN] ConditionMgr:1039 - genDependencies : Invalid condition id : UX DEVICE CLASS RTOS Condition cause : null
2024-02-03 19:50:31,501 [WARN] PackLoader:240 - Cannot read IP mode file for STMicroelectronics.X-CUBE-SUBG2.5.0.0
2024-02-03 19:50:31,529 [WARN] PackLoader:240 - Cannot read IP mode file for STMicroelectronics.X-CUBE-TOF1.3.3.1
2024-02-03 19:50:31,581 [WARN] PackLoader:240 - Cannot read IP mode file for STMicroelectronics.X-CUBE-AZRTOS-G4.2.0.0
2024-02-03 19:50:31,615 [WARN] PackLoader:240 - Cannot read IP mode file for Infineon.AIROC-Wi-Fi-Bluetooth-STM32.1.5.1
2024-02-03 19:50:31,633 [WARN] PackLoader:240 - Cannot read IP mode file for STMicroelectronics.FP-SNS-MOTENVWB1.1.3.0
2024-02-03 19:50:31,647 [WARN] PackLoader:240 - Cannot read IP mode file for STMicroelectronics.FP-SNS-MOTENVWB1.1.3.1
2024-02-03 19:50:31,664 [WARN] PackLoader:240 - Cannot read IP mode file for STMicroelectronics.X-CUBE-ISPU.2.0.0
2024-02-03 19:50:31,717 [WARN] PackLoader:240 - Cannot read IP mode file for STMicroelectronics.X-CUBE-MEMS1.10.0.0
2024-02-03 19:50:31,846 [WARN] PackLoader:240 - Cannot read IP mode file for STMicroelectronics.X-CUBE-FREERTOS.1.1.0
2024-02-03 19:50:31,860 [WARN] PackLoader:240 - Cannot read IP mode file for portGmbH.I-Cube-SoM-uGOAL.1.1.0
2024-02-03 19:50:31,872 [WARN] PackLoader:240 - Cannot read IP mode file for STMicroelectronics.X-CUBE-ALS.1.0.1
2024-02-03 19:50:31,885 [WARN] PackLoader:240 - Cannot read IP mode file for STMicroelectronics.FP-ATR-ASTRA1.2.0.0
2024-02-03 19:50:31,907 [WARN] PackLoader:240 - Cannot read IP mode file for STMicroelectronics.X-CUBE-TOF1.3.4.0
2024-02-03 19:50:31,952 [WARN] PackLoader:240 - Cannot read IP mode file for STMicroelectronics.X-CUBE-AZRTOS-H7.3.2.0
2024-02-03 19:50:31,956 [INFO] ThirdParty:978 - Integrity check success = true
2024-02-03 19:50:31,956 [INFO] IntegrityCheckThread:100 - exiting critical section [integrity check]
2024-02-03 19:50:31,956 [INFO] IntegrityCheckThread:103 - End integrity checks thread
2024-02-03 19:50:48,428 [ERROR] LogOutputStream:75 - [STDERR_REDIRECT] SLF4J: Failed to load class "org.slf4j.impl.StaticLoggerBinder".
2024-02-03 19:50:48,428 [ERROR] LogOutputStream:75 - [STDERR_REDIRECT] SLF4J: Defaulting to no-operation (NOP) logger implementation
2024-02-03 19:50:48,429 [ERROR] LogOutputStream:75 - [STDERR_REDIRECT] SLF4J: See http://www.slf4j.org/codes.html#StaticLoggerBinder for further details.
2024-02-03 20:25:26,429 [ERROR] ConfigurationRetriever:142 - IOException on connection: Read timed out
2024-02-03 20:26:19,620 [ERROR] ConfigurationRetriever:142 - IOException on connection: Read timed out
