2024-03-16 13:34:15,546 [INFO] Activator:176 - 


2024-03-16 13:34:15,553 [INFO] Activator:177 - !SESSION log4j initialized
2024-03-16 13:34:22,834 [INFO] LogOutputStream:77 - [STDOUT_REDIRECT] 
2024-03-16 13:34:28,954 [INFO] ApplicationProperties:184 - Using Application install path: G:\stm32cubeide\stm32cubeide114\STM32CubeIDE_1.14.0\STM32CubeIDE\plugins\com.st.stm32cube.common.mx_6.10.0.202311202037
2024-03-16 13:34:28,972 [INFO] DbMcusXml:78 - Set database path to: G:\stm32cubeide\stm32cubeide114\STM32CubeIDE_1.14.0\STM32CubeIDE\plugins\com.st.stm32cube.common.mx_6.10.0.202311202037\\db\/mcu/
2024-03-16 13:34:28,972 [INFO] ApiDb:274 - Set plugin database path to: G:\stm32cubeide\stm32cubeide114\STM32CubeIDE_1.14.0\STM32CubeIDE\plugins\com.st.stm32cube.common.mx_6.10.0.202311202037\\db\/plugins/boardmanager/
2024-03-16 13:34:28,973 [WARN] ApiDb:259 - Overriding images path with different value:  => G:\stm32cubeide\stm32cubeide114\STM32CubeIDE_1.14.0\STM32CubeIDE\plugins\com.st.stm32cube.common.mx_6.10.0.202311202037\\db\/plugins/mcufinder/images/
2024-03-16 13:34:28,985 [INFO] ApiDb:250 - Set database path to: C:\Users\Nghia\.stmcufinder\plugins\mcufinder//mcu/
2024-03-16 13:34:28,986 [INFO] DbMcusAds:125 - Set database path to: C:\Users\Nghia\.stmcufinder\plugins\mcufinder//mcu/
2024-03-16 13:34:28,988 [INFO] CrossReferenceDbSqlite:203 - Set database path to: C:\Users\Nghia\.stmcufinder\plugins\mcufinder//mcu/cs/
2024-03-16 13:34:29,108 [INFO] RulesReader:64 - Compatibility file has been processed (297 Rules)
2024-03-16 13:34:29,193 [INFO] DbMcusXml:78 - Set database path to: G:\stm32cubeide\stm32cubeide114\STM32CubeIDE_1.14.0\STM32CubeIDE\plugins\com.st.stm32cube.common.mx_6.10.0.202311202037\\db\/mcu/
2024-03-16 13:34:29,193 [INFO] ApiDb:274 - Set plugin database path to: G:\stm32cubeide\stm32cubeide114\STM32CubeIDE_1.14.0\STM32CubeIDE\plugins\com.st.stm32cube.common.mx_6.10.0.202311202037\\db\/plugins/boardmanager/
2024-03-16 13:34:29,193 [INFO] ApiDb:261 - Set plugin images path to: G:\stm32cubeide\stm32cubeide114\STM32CubeIDE_1.14.0\STM32CubeIDE\plugins\com.st.stm32cube.common.mx_6.10.0.202311202037\\db\/plugins/mcufinder/images/
2024-03-16 13:34:29,193 [WARN] DbFile:41 - Overriding database path with different value: C:\Users\Nghia\.stmcufinder\plugins\mcufinder/ => C:\Users\Nghia\.stmcufinder\plugins\mcufinder
2024-03-16 13:34:29,193 [INFO] ApiDb:250 - Set database path to: C:\Users\Nghia\.stmcufinder\plugins\mcufinder//mcu/
2024-03-16 13:34:29,193 [WARN] DbFile:41 - Overriding database path with different value: C:\Users\Nghia\.stmcufinder\plugins\mcufinder/ => C:\Users\Nghia\.stmcufinder\plugins\mcufinder
2024-03-16 13:34:29,193 [INFO] DbMcusAds:125 - Set database path to: C:\Users\Nghia\.stmcufinder\plugins\mcufinder//mcu/
2024-03-16 13:34:29,193 [WARN] DbFile:41 - Overriding database path with different value: C:\Users\Nghia\.stmcufinder\plugins\mcufinder/ => C:\Users\Nghia\.stmcufinder\plugins\mcufinder
2024-03-16 13:34:29,193 [WARN] DbFile:41 - Overriding database path with different value: C:\Users\Nghia\.stmcufinder\plugins\mcufinder/ => C:\Users\Nghia\.stmcufinder\plugins\mcufinder
2024-03-16 13:34:29,194 [INFO] CrossReferenceDbSqlite:203 - Set database path to: C:\Users\Nghia\.stmcufinder\plugins\mcufinder//mcu/cs/
2024-03-16 13:34:29,271 [INFO] MainPanel:264 - HeapMemory: 268435456
2024-03-16 13:34:29,360 [INFO] DbMcusXml:78 - Set database path to: G:\stm32cubeide\stm32cubeide114\STM32CubeIDE_1.14.0\STM32CubeIDE\plugins\com.st.stm32cube.common.mx_6.10.0.202311202037\\db\/mcu/
2024-03-16 13:34:29,360 [INFO] ApiDb:274 - Set plugin database path to: G:\stm32cubeide\stm32cubeide114\STM32CubeIDE_1.14.0\STM32CubeIDE\plugins\com.st.stm32cube.common.mx_6.10.0.202311202037\\db\/plugins/boardmanager/
2024-03-16 13:34:29,360 [INFO] ApiDb:261 - Set plugin images path to: G:\stm32cubeide\stm32cubeide114\STM32CubeIDE_1.14.0\STM32CubeIDE\plugins\com.st.stm32cube.common.mx_6.10.0.202311202037\\db\/plugins/mcufinder/images/
2024-03-16 13:34:29,360 [WARN] DbFile:41 - Overriding database path with different value: C:\Users\Nghia\.stmcufinder\plugins\mcufinder/ => C:\Users\Nghia\.stmcufinder\plugins\mcufinder
2024-03-16 13:34:29,361 [INFO] ApiDb:250 - Set database path to: C:\Users\Nghia\.stmcufinder\plugins\mcufinder//mcu/
2024-03-16 13:34:29,361 [WARN] DbFile:41 - Overriding database path with different value: C:\Users\Nghia\.stmcufinder\plugins\mcufinder/ => C:\Users\Nghia\.stmcufinder\plugins\mcufinder
2024-03-16 13:34:29,361 [INFO] DbMcusAds:125 - Set database path to: C:\Users\Nghia\.stmcufinder\plugins\mcufinder//mcu/
2024-03-16 13:34:29,361 [WARN] DbFile:41 - Overriding database path with different value: C:\Users\Nghia\.stmcufinder\plugins\mcufinder/ => C:\Users\Nghia\.stmcufinder\plugins\mcufinder
2024-03-16 13:34:29,361 [WARN] DbFile:41 - Overriding database path with different value: C:\Users\Nghia\.stmcufinder\plugins\mcufinder/ => C:\Users\Nghia\.stmcufinder\plugins\mcufinder
2024-03-16 13:34:29,361 [INFO] CrossReferenceDbSqlite:203 - Set database path to: C:\Users\Nghia\.stmcufinder\plugins\mcufinder//mcu/cs/
2024-03-16 13:34:29,379 [INFO] ApplicationProperties:184 - Using Application install path: G:\stm32cubeide\stm32cubeide114\STM32CubeIDE_1.14.0\STM32CubeIDE\plugins\com.st.stm32cube.common.mx_6.10.0.202311202037
2024-03-16 13:34:29,381 [INFO] PluginManage:196 - Search for loadable plugins [exclusion list=, ]
2024-03-16 13:34:29,383 [INFO] PluginManage:310 - Check plugin analytics
2024-03-16 13:34:34,584 [INFO] AnalyticsPlugin:253 - Accepted Software Licenses: STM32CubeMX.6.8.0,STM32CubeMX.6.1.1
2024-03-16 13:34:34,584 [INFO] AnalyticsPlugin:255 - Accepted CMSIS Pack Licenses: 
2024-03-16 13:34:34,585 [INFO] AnalyticsPlugin:257 - Accepted Firmware Licenses: FW.F4.1.27.0,FW.F4.1.28.0
2024-03-16 13:34:34,588 [INFO] PluginManage:359 - Loaded plugin analytics (category:tool,tabindex:-1)
2024-03-16 13:34:34,588 [INFO] PluginManage:310 - Check plugin cadmodel
2024-03-16 13:34:34,603 [INFO] CADModel:105 - Init CAD model plugin
2024-03-16 13:34:34,603 [INFO] PluginManage:359 - Loaded plugin cadmodel (category:power,tabindex:5)
2024-03-16 13:34:34,604 [INFO] PluginManage:310 - Check plugin clock
2024-03-16 13:34:34,621 [INFO] PluginManage:359 - Loaded plugin clock (category:base,tabindex:2)
2024-03-16 13:34:34,621 [INFO] PluginManage:310 - Check plugin ddr
2024-03-16 13:34:34,623 [INFO] PluginManage:359 - Loaded plugin ddr (category:tool,tabindex:6)
2024-03-16 13:34:34,623 [INFO] PluginManage:310 - Check plugin filemanager
2024-03-16 13:34:34,749 [INFO] PluginManage:359 - Loaded plugin filemanager (category:base,tabindex:10)
2024-03-16 13:34:34,749 [INFO] PluginManage:310 - Check plugin ipmanager
2024-03-16 13:34:34,756 [INFO] PluginManage:359 - Loaded plugin ipmanager (category:base,tabindex:5)
2024-03-16 13:34:34,756 [INFO] PluginManage:310 - Check plugin lpbam
2024-03-16 13:34:34,772 [INFO] PluginManage:359 - Loaded plugin lpbam (category:base,tabindex:0)
2024-03-16 13:34:34,772 [INFO] PluginManage:310 - Check plugin memorymap
2024-03-16 13:34:34,794 [INFO] PluginManage:359 - Loaded plugin memorymap (category:base,tabindex:4)
2024-03-16 13:34:34,795 [INFO] PluginManage:310 - Check plugin pinoutandconfiguration
2024-03-16 13:34:34,809 [INFO] PluginManage:359 - Loaded plugin pinoutandconfiguration (category:base,tabindex:1)
2024-03-16 13:34:34,809 [INFO] PluginManage:310 - Check plugin pinoutconfig
2024-03-16 13:34:34,928 [WARN] SupportedApi:132 - Cannot load RTOS API schema: s4s-elt-must-match.1: The content of 'definitions' must match (annotation?, (simpleType | complexType)?, (unique | key | keyref)*)). A problem was found starting at: attribute.
2024-03-16 13:34:35,074 [INFO] PluginManage:359 - Loaded plugin pinoutconfig (category:base,tabindex:0)
2024-03-16 13:34:35,074 [INFO] PluginManage:310 - Check plugin power
2024-03-16 13:34:35,094 [INFO] PluginManage:359 - Loaded plugin power (category:power,tabindex:4)
2024-03-16 13:34:35,094 [INFO] PluginManage:310 - Check plugin projectmanager
2024-03-16 13:34:35,110 [INFO] PluginManage:359 - Loaded plugin projectmanager (category:projectmanager,tabindex:3)
2024-03-16 13:34:35,110 [INFO] PluginManage:310 - Check plugin thirdparty
2024-03-16 13:34:35,385 [INFO] PluginManage:359 - Loaded plugin thirdparty (category:base,tabindex:-1)
2024-03-16 13:34:35,385 [WARN] IntegrityCheckThread:84 - waiting for thirdparty lock release [integrity check]
2024-03-16 13:34:35,385 [INFO] PluginManage:310 - Check plugin tools
2024-03-16 13:34:35,385 [INFO] IntegrityCheckThread:86 - entering critical section [integrity check]
2024-03-16 13:34:35,385 [INFO] ThirdPartyUpdaterWithRetryManager:70 - Updater plugin not ready yet. [1/15]
2024-03-16 13:34:35,417 [INFO] PluginManage:359 - Loaded plugin tools (category:base,tabindex:7)
2024-03-16 13:34:35,417 [INFO] PluginManage:310 - Check plugin tutovideos
2024-03-16 13:34:35,629 [INFO] PluginManage:359 - Loaded plugin tutovideos (category:base,tabindex:-1)
2024-03-16 13:34:35,629 [INFO] PluginManage:310 - Check plugin updater
2024-03-16 13:34:35,642 [INFO] PluginManage:359 - Loaded plugin updater (category:base,tabindex:12)
2024-03-16 13:34:35,642 [INFO] PluginManage:310 - Check plugin userauth
2024-03-16 13:34:35,648 [INFO] UserAuth:114 - Init User Auth plugin
2024-03-16 13:34:35,648 [INFO] PluginManage:359 - Loaded plugin userauth (category:base,tabindex:14)
2024-03-16 13:34:35,649 [INFO] PluginManage:283 - PluginManage : Loaded plugins [17]
2024-03-16 13:34:35,900 [INFO] PinOutPanel:1499 - setPackage(No Configuration,No Configuration)
2024-03-16 13:34:35,989 [INFO] CADModel:165 - CPN selected for project level
2024-03-16 13:34:35,989 [INFO] CADModel:114 - Register for checkConnection events
2024-03-16 13:34:36,012 [INFO] IPUIPlugin:80 - create IPUIPlugin
2024-03-16 13:34:36,012 [INFO] PluginManager:220 - loadIPPluginJar : add adc
2024-03-16 13:34:36,043 [INFO] IPUIPlugin:80 - create IPUIPlugin
2024-03-16 13:34:36,044 [INFO] PluginManager:220 - loadIPPluginJar : add aes
2024-03-16 13:34:36,079 [INFO] IPUIPlugin:80 - create IPUIPlugin
2024-03-16 13:34:36,080 [INFO] PluginManager:220 - loadIPPluginJar : add can
2024-03-16 13:34:36,099 [INFO] IPUIPlugin:80 - create IPUIPlugin
2024-03-16 13:34:36,100 [INFO] PluginManager:220 - loadIPPluginJar : add comp
2024-03-16 13:34:36,129 [INFO] IPUIPlugin:80 - create IPUIPlugin
2024-03-16 13:34:36,129 [INFO] PluginManager:220 - loadIPPluginJar : add cryp
2024-03-16 13:34:36,155 [INFO] IPUIPlugin:80 - create IPUIPlugin
2024-03-16 13:34:36,155 [INFO] PluginManager:220 - loadIPPluginJar : add dfsdm
2024-03-16 13:34:36,168 [INFO] IPUIPlugin:80 - create IPUIPlugin
2024-03-16 13:34:36,168 [INFO] PluginManager:220 - loadIPPluginJar : add dma
2024-03-16 13:34:36,206 [INFO] IPUIPlugin:80 - create IPUIPlugin
2024-03-16 13:34:36,207 [INFO] PluginManager:220 - loadIPPluginJar : add dma3
2024-03-16 13:34:36,226 [INFO] IPUIPlugin:80 - create IPUIPlugin
2024-03-16 13:34:36,226 [INFO] PluginManager:220 - loadIPPluginJar : add fatfs
2024-03-16 13:34:36,269 [INFO] IPUIPlugin:80 - create IPUIPlugin
2024-03-16 13:34:36,269 [INFO] PluginManager:220 - loadIPPluginJar : add fmc
2024-03-16 13:34:36,282 [INFO] IPUIPlugin:80 - create IPUIPlugin
2024-03-16 13:34:36,283 [INFO] PluginManager:220 - loadIPPluginJar : add freertos
2024-03-16 13:34:36,301 [INFO] IPUIPlugin:80 - create IPUIPlugin
2024-03-16 13:34:36,301 [INFO] PluginManager:220 - loadIPPluginJar : add genericplugin
2024-03-16 13:34:36,393 [INFO] IPUIPlugin:80 - create IPUIPlugin
2024-03-16 13:34:36,394 [INFO] PluginManager:220 - loadIPPluginJar : add gfxmmu
2024-03-16 13:34:36,515 [INFO] IPUIPlugin:80 - create IPUIPlugin
2024-03-16 13:34:36,516 [INFO] PluginManager:220 - loadIPPluginJar : add gic
2024-03-16 13:34:36,528 [INFO] IPUIPlugin:80 - create IPUIPlugin
2024-03-16 13:34:36,528 [INFO] PluginManager:220 - loadIPPluginJar : add gpio
2024-03-16 13:34:36,611 [INFO] IPUIPlugin:80 - create IPUIPlugin
2024-03-16 13:34:36,611 [INFO] PluginManager:220 - loadIPPluginJar : add gtzc
2024-03-16 13:34:36,640 [INFO] IPUIPlugin:80 - create IPUIPlugin
2024-03-16 13:34:36,640 [INFO] PluginManager:220 - loadIPPluginJar : add hash
2024-03-16 13:34:36,688 [INFO] IPUIPlugin:80 - create IPUIPlugin
2024-03-16 13:34:36,688 [INFO] PluginManager:220 - loadIPPluginJar : add i2c
2024-03-16 13:34:36,725 [INFO] IPUIPlugin:80 - create IPUIPlugin
2024-03-16 13:34:36,725 [INFO] PluginManager:220 - loadIPPluginJar : add i2s
2024-03-16 13:34:36,768 [INFO] IPUIPlugin:80 - create IPUIPlugin
2024-03-16 13:34:36,769 [INFO] PluginManager:220 - loadIPPluginJar : add i3c
2024-03-16 13:34:36,863 [INFO] IPUIPlugin:80 - create IPUIPlugin
2024-03-16 13:34:36,863 [INFO] PluginManager:220 - loadIPPluginJar : add ipddr
2024-03-16 13:34:36,952 [INFO] IPUIPlugin:80 - create IPUIPlugin
2024-03-16 13:34:36,952 [INFO] PluginManager:220 - loadIPPluginJar : add linkedlist
2024-03-16 13:34:36,986 [INFO] IPUIPlugin:80 - create IPUIPlugin
2024-03-16 13:34:36,987 [INFO] PluginManager:220 - loadIPPluginJar : add lorawan
2024-03-16 13:34:37,019 [INFO] IPUIPlugin:80 - create IPUIPlugin
2024-03-16 13:34:37,020 [INFO] PluginManager:220 - loadIPPluginJar : add ltdc
2024-03-16 13:34:37,033 [INFO] IPUIPlugin:80 - create IPUIPlugin
2024-03-16 13:34:37,033 [INFO] PluginManager:220 - loadIPPluginJar : add mdma
2024-03-16 13:34:37,044 [INFO] IPUIPlugin:80 - create IPUIPlugin
2024-03-16 13:34:37,044 [INFO] PluginManager:220 - loadIPPluginJar : add nvic
2024-03-16 13:34:37,079 [INFO] IPUIPlugin:80 - create IPUIPlugin
2024-03-16 13:34:37,079 [INFO] PluginManager:220 - loadIPPluginJar : add opamp
2024-03-16 13:34:37,136 [INFO] IPUIPlugin:80 - create IPUIPlugin
2024-03-16 13:34:37,136 [INFO] PluginManager:220 - loadIPPluginJar : add openamp
2024-03-16 13:34:37,177 [INFO] IPUIPlugin:80 - create IPUIPlugin
2024-03-16 13:34:37,177 [INFO] PluginManager:220 - loadIPPluginJar : add pdm2pcm
2024-03-16 13:34:37,189 [INFO] IPUIPlugin:80 - create IPUIPlugin
2024-03-16 13:34:37,192 [INFO] PluginManager:220 - loadIPPluginJar : add plateformsettings
2024-03-16 13:34:37,211 [INFO] IPUIPlugin:80 - create IPUIPlugin
2024-03-16 13:34:37,211 [INFO] PluginManager:220 - loadIPPluginJar : add quadspi
2024-03-16 13:34:37,221 [INFO] IPUIPlugin:80 - create IPUIPlugin
2024-03-16 13:34:37,222 [INFO] PluginManager:220 - loadIPPluginJar : add resmgrutility
2024-03-16 13:34:37,265 [INFO] IPUIPlugin:80 - create IPUIPlugin
2024-03-16 13:34:37,265 [INFO] PluginManager:220 - loadIPPluginJar : add sai
2024-03-16 13:34:37,297 [INFO] IPUIPlugin:80 - create IPUIPlugin
2024-03-16 13:34:37,297 [INFO] PluginManager:220 - loadIPPluginJar : add spi
2024-03-16 13:34:37,361 [INFO] IPUIPlugin:80 - create IPUIPlugin
2024-03-16 13:34:37,361 [INFO] PluginManager:220 - loadIPPluginJar : add stm32_wpan
2024-03-16 13:34:37,381 [INFO] IPUIPlugin:80 - create IPUIPlugin
2024-03-16 13:34:37,381 [INFO] PluginManager:220 - loadIPPluginJar : add tim
2024-03-16 13:34:37,429 [INFO] IPUIPlugin:80 - create IPUIPlugin
2024-03-16 13:34:37,430 [INFO] PluginManager:220 - loadIPPluginJar : add touchsensing
2024-03-16 13:34:37,450 [INFO] IPUIPlugin:80 - create IPUIPlugin
2024-03-16 13:34:37,450 [INFO] PluginManager:220 - loadIPPluginJar : add tracer_emb
2024-03-16 13:34:37,471 [INFO] IPUIPlugin:80 - create IPUIPlugin
2024-03-16 13:34:37,471 [INFO] PluginManager:220 - loadIPPluginJar : add ts
2024-03-16 13:34:37,489 [INFO] IPUIPlugin:80 - create IPUIPlugin
2024-03-16 13:34:37,490 [INFO] PluginManager:220 - loadIPPluginJar : add tsc
2024-03-16 13:34:37,509 [INFO] IPUIPlugin:80 - create IPUIPlugin
2024-03-16 13:34:37,509 [INFO] PluginManager:220 - loadIPPluginJar : add ucpd
2024-03-16 13:34:37,548 [INFO] IPUIPlugin:80 - create IPUIPlugin
2024-03-16 13:34:37,548 [INFO] PluginManager:220 - loadIPPluginJar : add usart
2024-03-16 13:34:37,586 [INFO] IPUIPlugin:80 - create IPUIPlugin
2024-03-16 13:34:37,586 [INFO] PluginManager:220 - loadIPPluginJar : add usbx
2024-03-16 13:34:37,713 [INFO] CADModel:165 - CPN selected for project level
2024-03-16 13:34:37,713 [INFO] CADModel:114 - Register for checkConnection events
2024-03-16 13:34:37,713 [FATAL] Updater:308 - Updater called before beeing initialized
2024-03-16 13:34:37,713 [ERROR] CADModel:125 - Updater not yet initialized, retry later 
2024-03-16 13:34:37,846 [INFO] CADModel:165 - CPN selected for project level
2024-03-16 13:34:37,847 [INFO] CADModel:114 - Register for checkConnection events
2024-03-16 13:34:37,847 [FATAL] Updater:308 - Updater called before beeing initialized
2024-03-16 13:34:37,847 [ERROR] CADModel:125 - Updater not yet initialized, retry later 
2024-03-16 13:34:37,850 [FATAL] Updater:308 - Updater called before beeing initialized
2024-03-16 13:34:37,956 [FATAL] Updater:308 - Updater called before beeing initialized
2024-03-16 13:34:37,965 [INFO] DbMcusAds:53 - JSON generation date=Wed Nov 29 17:52:27 ICT 2023 (1701255147349)
2024-03-16 13:34:37,965 [FATAL] Updater:308 - Updater called before beeing initialized
2024-03-16 13:34:38,038 [WARN] DetailPanel:346 - Failed to get advertising image, set to default
2024-03-16 13:34:38,120 [FATAL] Updater:308 - Updater called before beeing initialized
2024-03-16 13:34:38,121 [FATAL] Updater:308 - Updater called before beeing initialized
2024-03-16 13:34:38,122 [FATAL] Updater:308 - Updater called before beeing initialized
2024-03-16 13:34:38,122 [WARN] DetailPanel:346 - Failed to get advertising image, set to default
2024-03-16 13:34:38,122 [FATAL] Updater:308 - Updater called before beeing initialized
2024-03-16 13:34:38,187 [ERROR] Updater:1120 - MainUpdater not yet initialized. External WinMGr cannot be set.
2024-03-16 13:34:38,197 [INFO] Updater:1056 - Updater Version found : 6.10.0
2024-03-16 13:34:38,216 [INFO] ApplicationProperties:184 - Using Application install path: G:\stm32cubeide\stm32cubeide114\STM32CubeIDE_1.14.0\STM32CubeIDE\plugins\com.st.stm32cube.common.mx_6.10.0.202311202037
2024-03-16 13:34:38,386 [INFO] ThirdPartyUpdaterWithRetryManager:70 - Updater plugin not ready yet. [2/15]
2024-03-16 13:34:38,775 [INFO] MainUpdater:2873 - connection check result : 10
2024-03-16 13:34:38,775 [INFO] MainUpdater:3567 - Updater definition file requires update
2024-03-16 13:34:38,776 [INFO] MainUpdater:290 - Updater Check For Update Now.
2024-03-16 13:34:38,776 [INFO] MicroXplorer:498 - Change Database Version : DB.6.0.100
2024-03-16 13:34:38,792 [INFO] McuFinderGlobals:63 - Set McuFinder mode to 2 (CubeIDE integrated)
2024-03-16 13:34:38,852 [INFO] ServerAccessManage:473 - Download File updaters.zip
2024-03-16 13:34:39,057 [INFO] FileExtend:240 - Unzip File : updaters.zip
2024-03-16 13:34:39,057 [INFO] FileExtend:255 - Standard Zip Deflate
2024-03-16 13:34:39,297 [INFO] UserAuth:404 - Internet connection configuration mode: 1
2024-03-16 13:34:39,334 [INFO] JxBrowserEngine:152 - Initiate JxBrowser Engine with user profile folder
2024-03-16 13:34:39,757 [INFO] ServerAccessManage:473 - Download File PacksControlFlags.xml
2024-03-16 13:34:39,886 [INFO] ServerAccessManage:473 - Download File cubemx.pidx
2024-03-16 13:34:40,023 [INFO] LoadServerUpdatesThread:375 - End of LoadServerUpdate Thread
2024-03-16 13:34:40,240 [INFO] CheckServerUpdateThread:120 - End of CheckServer Thread
2024-03-16 13:34:41,616 [WARN] PackLoader:240 - Cannot read IP mode file for STMicroelectronics.X-CUBE-SMBUS.2.1.0
2024-03-16 13:34:41,635 [WARN] PackLoader:240 - Cannot read IP mode file for STMicroelectronics.X-CUBE-TOUCHGFX.4.23.0
2024-03-16 13:34:41,681 [WARN] PackLoader:240 - Cannot read IP mode file for STMicroelectronics.X-CUBE-AZRTOS-F7.1.1.0
2024-03-16 13:34:41,707 [WARN] PackLoader:240 - Cannot read IP mode file for STMicroelectronics.FP-SNS-MOTENV1.4.3.2
2024-03-16 13:34:41,729 [WARN] PackLoader:240 - Cannot read IP mode file for STMicroelectronics.FP-SNS-FLIGHT1.5.0.2
2024-03-16 13:34:41,755 [WARN] PackLoader:240 - Cannot read IP mode file for STMicroelectronics.X-CUBE-DISPLAY.3.0.0
2024-03-16 13:34:41,784 [WARN] PackLoader:240 - Cannot read IP mode file for STMicroelectronics.X-CUBE-BLE1.7.0.0
2024-03-16 13:34:41,804 [WARN] PackLoader:240 - Cannot read IP mode file for emotas.I-CUBE-CANOPEN.1.3.0
2024-03-16 13:34:41,821 [WARN] PackLoader:240 - Cannot read IP mode file for STMicroelectronics.X-CUBE-TOUCHGFX.4.22.1
2024-03-16 13:34:41,848 [WARN] PackLoader:240 - Cannot read IP mode file for STMicroelectronics.X-CUBE-BLEMGR.3.1.0
2024-03-16 13:34:41,870 [WARN] PackLoader:240 - Cannot read IP mode file for STMicroelectronics.FP-SNS-SMARTAG2.1.2.0
2024-03-16 13:34:41,897 [INFO] LogOutputStream:77 - [STDOUT_REDIRECT] 1 : Invalid condition id : UX_CORESTACK_Condition cause : null
2024-03-16 13:34:41,897 [INFO] LogOutputStream:77 - [STDOUT_REDIRECT] 1 : Invalid condition id : UX_CORESTACK_Condition cause : null
2024-03-16 13:34:41,899 [INFO] LogOutputStream:77 - [STDOUT_REDIRECT] 1 : Invalid condition id : UX_CORESTACK_Condition cause : null
2024-03-16 13:34:41,901 [INFO] LogOutputStream:77 - [STDOUT_REDIRECT] 1 : Invalid condition id : UX_CORESTACK_Condition cause : null
2024-03-16 13:34:41,902 [INFO] LogOutputStream:77 - [STDOUT_REDIRECT] 1 : Invalid condition id : UX_CORESTACK_Condition cause : null
2024-03-16 13:34:41,908 [WARN] PackLoader:240 - Cannot read IP mode file for STMicroelectronics.X-CUBE-AZRTOS-WL.2.0.0
2024-03-16 13:34:41,932 [WARN] PackLoader:240 - Cannot read IP mode file for WES.I-CUBE-Cesium.1.3.0
2024-03-16 13:34:41,950 [WARN] PackLoader:240 - Cannot read IP mode file for STMicroelectronics.X-CUBE-BLE2.3.3.0
2024-03-16 13:34:41,970 [WARN] PackLoader:240 - Cannot read IP mode file for STMicroelectronics.X-CUBE-ALGOBUILD.1.3.0
2024-03-16 13:34:42,010 [WARN] PackLoader:240 - Cannot read IP mode file for STMicroelectronics.X-CUBE-AZRTOS-G0.1.1.0
2024-03-16 13:34:42,031 [WARN] PackLoader:240 - Cannot read IP mode file for STMicroelectronics.X-CUBE-NFC4.3.0.0
2024-03-16 13:34:42,054 [WARN] PackLoader:240 - Cannot read IP mode file for STMicroelectronics.X-CUBE-BLEMGR.3.0.0
2024-03-16 13:34:42,076 [WARN] PackLoader:240 - Cannot read IP mode file for STMicroelectronics.FP-ATR-SIGFOX1.3.2.0
2024-03-16 13:34:42,097 [WARN] PackLoader:240 - Cannot read IP mode file for STMicroelectronics.X-CUBE-EEPRMA1.5.1.0
2024-03-16 13:34:42,151 [WARN] PackLoader:240 - Cannot read IP mode file for SEGGER.I-CUBE-embOS.1.3.1
2024-03-16 13:34:42,221 [WARN] PackLoader:240 - Cannot read IP mode file for STMicroelectronics.X-CUBE-GNSS1.6.0.0
2024-03-16 13:34:42,259 [WARN] PackLoader:240 - Cannot read IP mode file for STMicroelectronics.X-CUBE-AZRTOS-F4.1.1.0
2024-03-16 13:34:42,277 [WARN] PackLoader:240 - Cannot read IP mode file for wolfSSL.I-CUBE-wolfSSL.5.6.3
2024-03-16 13:34:42,311 [WARN] PackLoader:240 - Cannot read IP mode file for STMicroelectronics.X-CUBE-AZRTOS-L5.2.0.0
2024-03-16 13:34:42,391 [WARN] PackLoader:240 - Cannot read IP mode file for STMicroelectronics.X-CUBE-MEMS1.9.6.0
2024-03-16 13:34:42,586 [WARN] PackLoader:240 - Cannot read IP mode file for STMicroelectronics.X-CUBE-EEPRMA1.4.2.0
2024-03-16 13:34:42,610 [WARN] PackLoader:240 - Cannot read IP mode file for ITTIA_DB.I-CUBE-ITTIADB.8.8.0
2024-03-16 13:34:42,703 [WARN] PackLoader:240 - Cannot read IP mode file for STMicroelectronics.X-CUBE-BLEMGR.2.0.0
2024-03-16 13:34:42,754 [WARN] ConditionMgr:438 - getConditionDescription Invalid condition id : UX DEVICE CLASS RTOS Condition cause : null
2024-03-16 13:34:42,754 [WARN] ConditionMgr:438 - getConditionDescription Invalid condition id : UX DEVICE CLASS RTOS Condition cause : null
2024-03-16 13:34:42,759 [WARN] PackLoader:240 - Cannot read IP mode file for STMicroelectronics.X-CUBE-AZRTOS-H7.3.1.0
2024-03-16 13:34:42,761 [WARN] ConditionMgr:1039 - genDependencies : Invalid condition id : UX DEVICE CLASS RTOS Condition cause : null
2024-03-16 13:34:42,761 [WARN] ConditionMgr:1039 - genDependencies : Invalid condition id : UX DEVICE CLASS RTOS Condition cause : null
2024-03-16 13:34:42,762 [WARN] ConditionMgr:1039 - genDependencies : Invalid condition id : UX DEVICE CLASS RTOS Condition cause : null
2024-03-16 13:34:42,762 [WARN] ConditionMgr:1039 - genDependencies : Invalid condition id : UX DEVICE CLASS RTOS Condition cause : null
2024-03-16 13:34:42,763 [WARN] ConditionMgr:1039 - genDependencies : Invalid condition id : UX DEVICE CLASS RTOS Condition cause : null
2024-03-16 13:34:42,787 [WARN] PackLoader:240 - Cannot read IP mode file for STMicroelectronics.X-CUBE-NFC7.1.0.1
2024-03-16 13:34:42,806 [WARN] PackLoader:240 - Cannot read IP mode file for STMicroelectronics.X-CUBE-NFC6.3.0.0
2024-03-16 13:34:42,824 [WARN] PackLoader:240 - Cannot read IP mode file for STMicroelectronics.X-CUBE-EEPRMA1.4.1.0
2024-03-16 13:34:42,839 [WARN] PackLoader:240 - Cannot read IP mode file for STMicroelectronics.X-CUBE-AI.8.1.0
2024-03-16 13:34:42,889 [WARN] ConditionMgr:438 - getConditionDescription Invalid condition id : LAN8742 Phy interface Condition cause : null
2024-03-16 13:34:42,890 [WARN] PackLoader:240 - Cannot read IP mode file for STMicroelectronics.X-CUBE-AZRTOS-L4.2.0.0
2024-03-16 13:34:42,892 [WARN] ConditionMgr:1039 - genDependencies : Invalid condition id : LAN8742 Phy interface Condition cause : null
2024-03-16 13:34:42,893 [WARN] ConditionMgr:1039 - genDependencies : Invalid condition id : LAN8742 Phy interface Condition cause : null
2024-03-16 13:34:42,894 [WARN] ConditionMgr:1039 - genDependencies : Invalid condition id : LAN8742 Phy interface Condition cause : null
2024-03-16 13:34:43,023 [WARN] PackLoader:240 - Cannot read IP mode file for STMicroelectronics.X-CUBE-SFXS2LP1.4.0.0
2024-03-16 13:34:43,062 [WARN] PackLoader:240 - Cannot read IP mode file for STMicroelectronics.X-CUBE-ISPU.1.1.0
2024-03-16 13:34:43,127 [INFO] WebApp:161 - Instantiating new browser for Auth
2024-03-16 13:34:43,170 [WARN] ConditionMgr:438 - getConditionDescription Invalid condition id : UX DEVICE CLASS RTOS Condition cause : null
2024-03-16 13:34:43,171 [WARN] ConditionMgr:438 - getConditionDescription Invalid condition id : UX DEVICE CLASS RTOS Condition cause : null
2024-03-16 13:34:43,174 [WARN] PackLoader:240 - Cannot read IP mode file for STMicroelectronics.X-CUBE-AZRTOS-WB.2.0.0
2024-03-16 13:34:43,175 [WARN] ConditionMgr:1039 - genDependencies : Invalid condition id : UX DEVICE CLASS RTOS Condition cause : null
2024-03-16 13:34:43,176 [WARN] ConditionMgr:1039 - genDependencies : Invalid condition id : UX DEVICE CLASS RTOS Condition cause : null
2024-03-16 13:34:43,177 [WARN] ConditionMgr:1039 - genDependencies : Invalid condition id : UX DEVICE CLASS RTOS Condition cause : null
2024-03-16 13:34:43,177 [WARN] ConditionMgr:1039 - genDependencies : Invalid condition id : UX DEVICE CLASS RTOS Condition cause : null
2024-03-16 13:34:43,178 [WARN] ConditionMgr:1039 - genDependencies : Invalid condition id : UX DEVICE CLASS RTOS Condition cause : null
2024-03-16 13:34:43,227 [WARN] PackLoader:240 - Cannot read IP mode file for STMicroelectronics.X-CUBE-SUBG2.5.0.0
2024-03-16 13:34:43,262 [WARN] PackLoader:240 - Cannot read IP mode file for STMicroelectronics.X-CUBE-TOF1.3.3.1
2024-03-16 13:34:43,321 [WARN] PackLoader:240 - Cannot read IP mode file for STMicroelectronics.X-CUBE-AZRTOS-G4.2.0.0
2024-03-16 13:34:43,357 [WARN] PackLoader:240 - Cannot read IP mode file for Infineon.AIROC-Wi-Fi-Bluetooth-STM32.1.5.1
2024-03-16 13:34:43,383 [WARN] PackLoader:240 - Cannot read IP mode file for STMicroelectronics.FP-SNS-MOTENVWB1.1.3.0
2024-03-16 13:34:43,405 [WARN] PackLoader:240 - Cannot read IP mode file for STMicroelectronics.FP-SNS-MOTENVWB1.1.3.1
2024-03-16 13:34:43,425 [WARN] PackLoader:240 - Cannot read IP mode file for STMicroelectronics.X-CUBE-ISPU.2.0.0
2024-03-16 13:34:43,721 [WARN] PackLoader:240 - Cannot read IP mode file for STMicroelectronics.X-CUBE-MEMS1.10.0.0
2024-03-16 13:34:43,896 [WARN] PackLoader:240 - Cannot read IP mode file for STMicroelectronics.X-CUBE-FREERTOS.1.1.0
2024-03-16 13:34:43,917 [WARN] PackLoader:240 - Cannot read IP mode file for portGmbH.I-Cube-SoM-uGOAL.1.1.0
2024-03-16 13:34:43,945 [WARN] PackLoader:240 - Cannot read IP mode file for STMicroelectronics.X-CUBE-ALS.1.0.1
2024-03-16 13:34:43,974 [WARN] PackLoader:240 - Cannot read IP mode file for STMicroelectronics.FP-ATR-ASTRA1.2.0.0
2024-03-16 13:34:43,999 [WARN] PackLoader:240 - Cannot read IP mode file for STMicroelectronics.X-CUBE-TOF1.3.4.0
2024-03-16 13:34:44,042 [WARN] PackLoader:240 - Cannot read IP mode file for STMicroelectronics.X-CUBE-TOF1.3.4.1
2024-03-16 13:34:44,092 [WARN] PackLoader:240 - Cannot read IP mode file for STMicroelectronics.X-CUBE-AZRTOS-H7.3.2.0
2024-03-16 13:34:44,095 [INFO] ThirdParty:978 - Integrity check success = true
2024-03-16 13:34:44,095 [INFO] IntegrityCheckThread:100 - exiting critical section [integrity check]
2024-03-16 13:34:44,096 [INFO] IntegrityCheckThread:103 - End integrity checks thread
2024-03-16 13:34:44,314 [INFO] WebApp:780 - Register for checkConnection events
2024-03-16 13:34:44,314 [INFO] WebApp:414 - Apply proxy settings
2024-03-16 13:34:44,314 [INFO] WebApp:499 - Chromium requires no authentication
2024-03-16 13:34:44,333 [INFO] WebApp:442 - Direct internet connection detected
2024-03-16 13:34:44,647 [INFO] WebApp:192 - Starting web application
2024-03-16 13:34:44,648 [INFO] WebApp:544 - Web application path used G:\stm32cubeide\stm32cubeide114\STM32CubeIDE_1.14.0\STM32CubeIDE\plugins\com.st.stm32cube.common.mx_6.10.0.202311202037\db\plugins\mcufinder\reactClient1\index.html
2024-03-16 13:35:05,645 [ERROR] LogOutputStream:75 - [STDERR_REDIRECT] SLF4J: Failed to load class "org.slf4j.impl.StaticLoggerBinder".
2024-03-16 13:35:05,646 [ERROR] LogOutputStream:75 - [STDERR_REDIRECT] SLF4J: Defaulting to no-operation (NOP) logger implementation
2024-03-16 13:35:05,647 [ERROR] LogOutputStream:75 - [STDERR_REDIRECT] SLF4J: See http://www.slf4j.org/codes.html#StaticLoggerBinder for further details.
2024-03-16 13:37:59,014 [ERROR] LogOutputStream:75 - [STDERR_REDIRECT] 
2024-03-16 13:38:52,828 [INFO] Activator:176 - 


2024-03-16 13:38:52,832 [INFO] Activator:177 - !SESSION log4j initialized
2024-03-16 13:38:58,288 [INFO] LogOutputStream:77 - [STDOUT_REDIRECT] 
2024-03-16 13:39:04,003 [INFO] ApplicationProperties:184 - Using Application install path: G:\stm32cubeide\stm32cubeide114\STM32CubeIDE_1.14.0\STM32CubeIDE\plugins\com.st.stm32cube.common.mx_6.10.0.202311202037
2024-03-16 13:39:04,030 [INFO] DbMcusXml:78 - Set database path to: G:\stm32cubeide\stm32cubeide114\STM32CubeIDE_1.14.0\STM32CubeIDE\plugins\com.st.stm32cube.common.mx_6.10.0.202311202037\\db\/mcu/
2024-03-16 13:39:04,030 [INFO] ApiDb:274 - Set plugin database path to: G:\stm32cubeide\stm32cubeide114\STM32CubeIDE_1.14.0\STM32CubeIDE\plugins\com.st.stm32cube.common.mx_6.10.0.202311202037\\db\/plugins/boardmanager/
2024-03-16 13:39:04,030 [WARN] ApiDb:259 - Overriding images path with different value:  => G:\stm32cubeide\stm32cubeide114\STM32CubeIDE_1.14.0\STM32CubeIDE\plugins\com.st.stm32cube.common.mx_6.10.0.202311202037\\db\/plugins/mcufinder/images/
2024-03-16 13:39:04,037 [INFO] ApiDb:250 - Set database path to: C:\Users\Nghia\.stmcufinder\plugins\mcufinder//mcu/
2024-03-16 13:39:04,038 [INFO] DbMcusAds:125 - Set database path to: C:\Users\Nghia\.stmcufinder\plugins\mcufinder//mcu/
2024-03-16 13:39:04,040 [INFO] CrossReferenceDbSqlite:203 - Set database path to: C:\Users\Nghia\.stmcufinder\plugins\mcufinder//mcu/cs/
2024-03-16 13:39:04,163 [INFO] RulesReader:64 - Compatibility file has been processed (297 Rules)
2024-03-16 13:39:04,277 [INFO] DbMcusXml:78 - Set database path to: G:\stm32cubeide\stm32cubeide114\STM32CubeIDE_1.14.0\STM32CubeIDE\plugins\com.st.stm32cube.common.mx_6.10.0.202311202037\\db\/mcu/
2024-03-16 13:39:04,277 [INFO] ApiDb:274 - Set plugin database path to: G:\stm32cubeide\stm32cubeide114\STM32CubeIDE_1.14.0\STM32CubeIDE\plugins\com.st.stm32cube.common.mx_6.10.0.202311202037\\db\/plugins/boardmanager/
2024-03-16 13:39:04,277 [INFO] ApiDb:261 - Set plugin images path to: G:\stm32cubeide\stm32cubeide114\STM32CubeIDE_1.14.0\STM32CubeIDE\plugins\com.st.stm32cube.common.mx_6.10.0.202311202037\\db\/plugins/mcufinder/images/
2024-03-16 13:39:04,277 [WARN] DbFile:41 - Overriding database path with different value: C:\Users\Nghia\.stmcufinder\plugins\mcufinder/ => C:\Users\Nghia\.stmcufinder\plugins\mcufinder
2024-03-16 13:39:04,277 [INFO] ApiDb:250 - Set database path to: C:\Users\Nghia\.stmcufinder\plugins\mcufinder//mcu/
2024-03-16 13:39:04,278 [WARN] DbFile:41 - Overriding database path with different value: C:\Users\Nghia\.stmcufinder\plugins\mcufinder/ => C:\Users\Nghia\.stmcufinder\plugins\mcufinder
2024-03-16 13:39:04,278 [INFO] DbMcusAds:125 - Set database path to: C:\Users\Nghia\.stmcufinder\plugins\mcufinder//mcu/
2024-03-16 13:39:04,278 [WARN] DbFile:41 - Overriding database path with different value: C:\Users\Nghia\.stmcufinder\plugins\mcufinder/ => C:\Users\Nghia\.stmcufinder\plugins\mcufinder
2024-03-16 13:39:04,278 [WARN] DbFile:41 - Overriding database path with different value: C:\Users\Nghia\.stmcufinder\plugins\mcufinder/ => C:\Users\Nghia\.stmcufinder\plugins\mcufinder
2024-03-16 13:39:04,278 [INFO] CrossReferenceDbSqlite:203 - Set database path to: C:\Users\Nghia\.stmcufinder\plugins\mcufinder//mcu/cs/
2024-03-16 13:39:04,382 [INFO] MainPanel:264 - HeapMemory: 268435456
2024-03-16 13:39:04,534 [INFO] DbMcusXml:78 - Set database path to: G:\stm32cubeide\stm32cubeide114\STM32CubeIDE_1.14.0\STM32CubeIDE\plugins\com.st.stm32cube.common.mx_6.10.0.202311202037\\db\/mcu/
2024-03-16 13:39:04,535 [INFO] ApiDb:274 - Set plugin database path to: G:\stm32cubeide\stm32cubeide114\STM32CubeIDE_1.14.0\STM32CubeIDE\plugins\com.st.stm32cube.common.mx_6.10.0.202311202037\\db\/plugins/boardmanager/
2024-03-16 13:39:04,535 [INFO] ApiDb:261 - Set plugin images path to: G:\stm32cubeide\stm32cubeide114\STM32CubeIDE_1.14.0\STM32CubeIDE\plugins\com.st.stm32cube.common.mx_6.10.0.202311202037\\db\/plugins/mcufinder/images/
2024-03-16 13:39:04,535 [WARN] DbFile:41 - Overriding database path with different value: C:\Users\Nghia\.stmcufinder\plugins\mcufinder/ => C:\Users\Nghia\.stmcufinder\plugins\mcufinder
2024-03-16 13:39:04,535 [INFO] ApiDb:250 - Set database path to: C:\Users\Nghia\.stmcufinder\plugins\mcufinder//mcu/
2024-03-16 13:39:04,535 [WARN] DbFile:41 - Overriding database path with different value: C:\Users\Nghia\.stmcufinder\plugins\mcufinder/ => C:\Users\Nghia\.stmcufinder\plugins\mcufinder
2024-03-16 13:39:04,535 [INFO] DbMcusAds:125 - Set database path to: C:\Users\Nghia\.stmcufinder\plugins\mcufinder//mcu/
2024-03-16 13:39:04,536 [WARN] DbFile:41 - Overriding database path with different value: C:\Users\Nghia\.stmcufinder\plugins\mcufinder/ => C:\Users\Nghia\.stmcufinder\plugins\mcufinder
2024-03-16 13:39:04,536 [WARN] DbFile:41 - Overriding database path with different value: C:\Users\Nghia\.stmcufinder\plugins\mcufinder/ => C:\Users\Nghia\.stmcufinder\plugins\mcufinder
2024-03-16 13:39:04,536 [INFO] CrossReferenceDbSqlite:203 - Set database path to: C:\Users\Nghia\.stmcufinder\plugins\mcufinder//mcu/cs/
2024-03-16 13:39:04,561 [INFO] ApplicationProperties:184 - Using Application install path: G:\stm32cubeide\stm32cubeide114\STM32CubeIDE_1.14.0\STM32CubeIDE\plugins\com.st.stm32cube.common.mx_6.10.0.202311202037
2024-03-16 13:39:04,563 [INFO] PluginManage:196 - Search for loadable plugins [exclusion list=, ]
2024-03-16 13:39:04,564 [INFO] PluginManage:310 - Check plugin analytics
2024-03-16 13:39:09,731 [INFO] AnalyticsPlugin:253 - Accepted Software Licenses: STM32CubeMX.6.8.0,STM32CubeMX.6.1.1
2024-03-16 13:39:09,732 [INFO] AnalyticsPlugin:255 - Accepted CMSIS Pack Licenses: 
2024-03-16 13:39:09,732 [INFO] AnalyticsPlugin:257 - Accepted Firmware Licenses: FW.F4.1.27.0,FW.F4.1.28.0
2024-03-16 13:39:09,736 [INFO] PluginManage:359 - Loaded plugin analytics (category:tool,tabindex:-1)
2024-03-16 13:39:09,737 [INFO] PluginManage:310 - Check plugin cadmodel
2024-03-16 13:39:09,743 [INFO] CADModel:105 - Init CAD model plugin
2024-03-16 13:39:09,743 [INFO] PluginManage:359 - Loaded plugin cadmodel (category:power,tabindex:5)
2024-03-16 13:39:09,743 [INFO] PluginManage:310 - Check plugin clock
2024-03-16 13:39:09,756 [INFO] PluginManage:359 - Loaded plugin clock (category:base,tabindex:2)
2024-03-16 13:39:09,756 [INFO] PluginManage:310 - Check plugin ddr
2024-03-16 13:39:09,759 [INFO] PluginManage:359 - Loaded plugin ddr (category:tool,tabindex:6)
2024-03-16 13:39:09,759 [INFO] PluginManage:310 - Check plugin filemanager
2024-03-16 13:39:09,938 [INFO] PluginManage:359 - Loaded plugin filemanager (category:base,tabindex:10)
2024-03-16 13:39:09,938 [INFO] PluginManage:310 - Check plugin ipmanager
2024-03-16 13:39:09,949 [INFO] PluginManage:359 - Loaded plugin ipmanager (category:base,tabindex:5)
2024-03-16 13:39:09,949 [INFO] PluginManage:310 - Check plugin lpbam
2024-03-16 13:39:09,959 [INFO] PluginManage:359 - Loaded plugin lpbam (category:base,tabindex:0)
2024-03-16 13:39:09,960 [INFO] PluginManage:310 - Check plugin memorymap
2024-03-16 13:39:09,979 [INFO] PluginManage:359 - Loaded plugin memorymap (category:base,tabindex:4)
2024-03-16 13:39:09,979 [INFO] PluginManage:310 - Check plugin pinoutandconfiguration
2024-03-16 13:39:09,992 [INFO] PluginManage:359 - Loaded plugin pinoutandconfiguration (category:base,tabindex:1)
2024-03-16 13:39:09,992 [INFO] PluginManage:310 - Check plugin pinoutconfig
2024-03-16 13:39:10,111 [WARN] SupportedApi:132 - Cannot load RTOS API schema: s4s-elt-must-match.1: The content of 'definitions' must match (annotation?, (simpleType | complexType)?, (unique | key | keyref)*)). A problem was found starting at: attribute.
2024-03-16 13:39:10,249 [INFO] PluginManage:359 - Loaded plugin pinoutconfig (category:base,tabindex:0)
2024-03-16 13:39:10,249 [INFO] PluginManage:310 - Check plugin power
2024-03-16 13:39:10,264 [INFO] PluginManage:359 - Loaded plugin power (category:power,tabindex:4)
2024-03-16 13:39:10,264 [INFO] PluginManage:310 - Check plugin projectmanager
2024-03-16 13:39:10,285 [INFO] PluginManage:359 - Loaded plugin projectmanager (category:projectmanager,tabindex:3)
2024-03-16 13:39:10,285 [INFO] PluginManage:310 - Check plugin thirdparty
2024-03-16 13:39:10,432 [INFO] PluginManage:359 - Loaded plugin thirdparty (category:base,tabindex:-1)
2024-03-16 13:39:10,432 [WARN] IntegrityCheckThread:84 - waiting for thirdparty lock release [integrity check]
2024-03-16 13:39:10,432 [INFO] PluginManage:310 - Check plugin tools
2024-03-16 13:39:10,432 [INFO] IntegrityCheckThread:86 - entering critical section [integrity check]
2024-03-16 13:39:10,433 [INFO] ThirdPartyUpdaterWithRetryManager:70 - Updater plugin not ready yet. [1/15]
2024-03-16 13:39:10,436 [INFO] PluginManage:359 - Loaded plugin tools (category:base,tabindex:7)
2024-03-16 13:39:10,436 [INFO] PluginManage:310 - Check plugin tutovideos
2024-03-16 13:39:10,677 [INFO] PluginManage:359 - Loaded plugin tutovideos (category:base,tabindex:-1)
2024-03-16 13:39:10,678 [INFO] PluginManage:310 - Check plugin updater
2024-03-16 13:39:10,689 [INFO] PluginManage:359 - Loaded plugin updater (category:base,tabindex:12)
2024-03-16 13:39:10,689 [INFO] PluginManage:310 - Check plugin userauth
2024-03-16 13:39:10,694 [INFO] UserAuth:114 - Init User Auth plugin
2024-03-16 13:39:10,694 [INFO] PluginManage:359 - Loaded plugin userauth (category:base,tabindex:14)
2024-03-16 13:39:10,694 [INFO] PluginManage:283 - PluginManage : Loaded plugins [17]
2024-03-16 13:39:10,927 [INFO] PinOutPanel:1499 - setPackage(No Configuration,No Configuration)
2024-03-16 13:39:11,021 [INFO] CADModel:165 - CPN selected for project level
2024-03-16 13:39:11,022 [INFO] CADModel:114 - Register for checkConnection events
2024-03-16 13:39:11,041 [INFO] IPUIPlugin:80 - create IPUIPlugin
2024-03-16 13:39:11,041 [INFO] PluginManager:220 - loadIPPluginJar : add adc
2024-03-16 13:39:11,044 [INFO] IPUIPlugin:80 - create IPUIPlugin
2024-03-16 13:39:11,044 [INFO] PluginManager:220 - loadIPPluginJar : add aes
2024-03-16 13:39:11,047 [INFO] IPUIPlugin:80 - create IPUIPlugin
2024-03-16 13:39:11,047 [INFO] PluginManager:220 - loadIPPluginJar : add can
2024-03-16 13:39:11,049 [INFO] IPUIPlugin:80 - create IPUIPlugin
2024-03-16 13:39:11,049 [INFO] PluginManager:220 - loadIPPluginJar : add comp
2024-03-16 13:39:11,051 [INFO] IPUIPlugin:80 - create IPUIPlugin
2024-03-16 13:39:11,052 [INFO] PluginManager:220 - loadIPPluginJar : add cryp
2024-03-16 13:39:11,054 [INFO] IPUIPlugin:80 - create IPUIPlugin
2024-03-16 13:39:11,054 [INFO] PluginManager:220 - loadIPPluginJar : add dfsdm
2024-03-16 13:39:11,060 [INFO] IPUIPlugin:80 - create IPUIPlugin
2024-03-16 13:39:11,060 [INFO] PluginManager:220 - loadIPPluginJar : add dma
2024-03-16 13:39:11,063 [INFO] IPUIPlugin:80 - create IPUIPlugin
2024-03-16 13:39:11,063 [INFO] PluginManager:220 - loadIPPluginJar : add dma3
2024-03-16 13:39:11,065 [INFO] IPUIPlugin:80 - create IPUIPlugin
2024-03-16 13:39:11,065 [INFO] PluginManager:220 - loadIPPluginJar : add fatfs
2024-03-16 13:39:11,069 [INFO] IPUIPlugin:80 - create IPUIPlugin
2024-03-16 13:39:11,069 [INFO] PluginManager:220 - loadIPPluginJar : add fmc
2024-03-16 13:39:11,075 [INFO] IPUIPlugin:80 - create IPUIPlugin
2024-03-16 13:39:11,075 [INFO] PluginManager:220 - loadIPPluginJar : add freertos
2024-03-16 13:39:11,077 [INFO] IPUIPlugin:80 - create IPUIPlugin
2024-03-16 13:39:11,077 [INFO] PluginManager:220 - loadIPPluginJar : add genericplugin
2024-03-16 13:39:11,079 [INFO] IPUIPlugin:80 - create IPUIPlugin
2024-03-16 13:39:11,079 [INFO] PluginManager:220 - loadIPPluginJar : add gfxmmu
2024-03-16 13:39:11,084 [INFO] IPUIPlugin:80 - create IPUIPlugin
2024-03-16 13:39:11,084 [INFO] PluginManager:220 - loadIPPluginJar : add gic
2024-03-16 13:39:11,088 [INFO] IPUIPlugin:80 - create IPUIPlugin
2024-03-16 13:39:11,088 [INFO] PluginManager:220 - loadIPPluginJar : add gpio
2024-03-16 13:39:11,091 [INFO] IPUIPlugin:80 - create IPUIPlugin
2024-03-16 13:39:11,091 [INFO] PluginManager:220 - loadIPPluginJar : add gtzc
2024-03-16 13:39:11,094 [INFO] IPUIPlugin:80 - create IPUIPlugin
2024-03-16 13:39:11,094 [INFO] PluginManager:220 - loadIPPluginJar : add hash
2024-03-16 13:39:11,097 [INFO] IPUIPlugin:80 - create IPUIPlugin
2024-03-16 13:39:11,097 [INFO] PluginManager:220 - loadIPPluginJar : add i2c
2024-03-16 13:39:11,099 [INFO] IPUIPlugin:80 - create IPUIPlugin
2024-03-16 13:39:11,099 [INFO] PluginManager:220 - loadIPPluginJar : add i2s
2024-03-16 13:39:11,102 [INFO] IPUIPlugin:80 - create IPUIPlugin
2024-03-16 13:39:11,103 [INFO] PluginManager:220 - loadIPPluginJar : add i3c
2024-03-16 13:39:11,106 [INFO] IPUIPlugin:80 - create IPUIPlugin
2024-03-16 13:39:11,107 [INFO] PluginManager:220 - loadIPPluginJar : add ipddr
2024-03-16 13:39:11,115 [INFO] IPUIPlugin:80 - create IPUIPlugin
2024-03-16 13:39:11,115 [INFO] PluginManager:220 - loadIPPluginJar : add linkedlist
2024-03-16 13:39:11,117 [INFO] IPUIPlugin:80 - create IPUIPlugin
2024-03-16 13:39:11,118 [INFO] PluginManager:220 - loadIPPluginJar : add lorawan
2024-03-16 13:39:11,119 [INFO] IPUIPlugin:80 - create IPUIPlugin
2024-03-16 13:39:11,119 [INFO] PluginManager:220 - loadIPPluginJar : add ltdc
2024-03-16 13:39:11,124 [INFO] IPUIPlugin:80 - create IPUIPlugin
2024-03-16 13:39:11,125 [INFO] PluginManager:220 - loadIPPluginJar : add mdma
2024-03-16 13:39:11,128 [INFO] IPUIPlugin:80 - create IPUIPlugin
2024-03-16 13:39:11,129 [INFO] PluginManager:220 - loadIPPluginJar : add nvic
2024-03-16 13:39:11,131 [INFO] IPUIPlugin:80 - create IPUIPlugin
2024-03-16 13:39:11,131 [INFO] PluginManager:220 - loadIPPluginJar : add opamp
2024-03-16 13:39:11,134 [INFO] IPUIPlugin:80 - create IPUIPlugin
2024-03-16 13:39:11,134 [INFO] PluginManager:220 - loadIPPluginJar : add openamp
2024-03-16 13:39:11,137 [INFO] IPUIPlugin:80 - create IPUIPlugin
2024-03-16 13:39:11,137 [INFO] PluginManager:220 - loadIPPluginJar : add pdm2pcm
2024-03-16 13:39:11,143 [INFO] IPUIPlugin:80 - create IPUIPlugin
2024-03-16 13:39:11,146 [INFO] PluginManager:220 - loadIPPluginJar : add plateformsettings
2024-03-16 13:39:11,148 [INFO] IPUIPlugin:80 - create IPUIPlugin
2024-03-16 13:39:11,149 [INFO] PluginManager:220 - loadIPPluginJar : add quadspi
2024-03-16 13:39:11,151 [INFO] IPUIPlugin:80 - create IPUIPlugin
2024-03-16 13:39:11,152 [INFO] PluginManager:220 - loadIPPluginJar : add resmgrutility
2024-03-16 13:39:11,155 [INFO] IPUIPlugin:80 - create IPUIPlugin
2024-03-16 13:39:11,155 [INFO] PluginManager:220 - loadIPPluginJar : add sai
2024-03-16 13:39:11,158 [INFO] IPUIPlugin:80 - create IPUIPlugin
2024-03-16 13:39:11,158 [INFO] PluginManager:220 - loadIPPluginJar : add spi
2024-03-16 13:39:11,164 [INFO] IPUIPlugin:80 - create IPUIPlugin
2024-03-16 13:39:11,165 [INFO] PluginManager:220 - loadIPPluginJar : add stm32_wpan
2024-03-16 13:39:11,167 [INFO] IPUIPlugin:80 - create IPUIPlugin
2024-03-16 13:39:11,167 [INFO] PluginManager:220 - loadIPPluginJar : add tim
2024-03-16 13:39:11,170 [INFO] IPUIPlugin:80 - create IPUIPlugin
2024-03-16 13:39:11,171 [INFO] PluginManager:220 - loadIPPluginJar : add touchsensing
2024-03-16 13:39:11,173 [INFO] IPUIPlugin:80 - create IPUIPlugin
2024-03-16 13:39:11,173 [INFO] PluginManager:220 - loadIPPluginJar : add tracer_emb
2024-03-16 13:39:11,175 [INFO] IPUIPlugin:80 - create IPUIPlugin
2024-03-16 13:39:11,175 [INFO] PluginManager:220 - loadIPPluginJar : add ts
2024-03-16 13:39:11,177 [INFO] IPUIPlugin:80 - create IPUIPlugin
2024-03-16 13:39:11,177 [INFO] PluginManager:220 - loadIPPluginJar : add tsc
2024-03-16 13:39:11,179 [INFO] IPUIPlugin:80 - create IPUIPlugin
2024-03-16 13:39:11,179 [INFO] PluginManager:220 - loadIPPluginJar : add ucpd
2024-03-16 13:39:11,182 [INFO] IPUIPlugin:80 - create IPUIPlugin
2024-03-16 13:39:11,182 [INFO] PluginManager:220 - loadIPPluginJar : add usart
2024-03-16 13:39:11,186 [INFO] IPUIPlugin:80 - create IPUIPlugin
2024-03-16 13:39:11,186 [INFO] PluginManager:220 - loadIPPluginJar : add usbx
2024-03-16 13:39:11,339 [INFO] CADModel:165 - CPN selected for project level
2024-03-16 13:39:11,339 [INFO] CADModel:114 - Register for checkConnection events
2024-03-16 13:39:11,339 [FATAL] Updater:308 - Updater called before beeing initialized
2024-03-16 13:39:11,339 [ERROR] CADModel:125 - Updater not yet initialized, retry later 
2024-03-16 13:39:11,503 [INFO] CADModel:165 - CPN selected for project level
2024-03-16 13:39:11,503 [INFO] CADModel:114 - Register for checkConnection events
2024-03-16 13:39:11,503 [FATAL] Updater:308 - Updater called before beeing initialized
2024-03-16 13:39:11,503 [ERROR] CADModel:125 - Updater not yet initialized, retry later 
2024-03-16 13:39:11,507 [FATAL] Updater:308 - Updater called before beeing initialized
2024-03-16 13:39:11,667 [FATAL] Updater:308 - Updater called before beeing initialized
2024-03-16 13:39:11,674 [INFO] DbMcusAds:53 - JSON generation date=Wed Nov 29 17:52:27 ICT 2023 (1701255147349)
2024-03-16 13:39:11,674 [FATAL] Updater:308 - Updater called before beeing initialized
2024-03-16 13:39:11,719 [WARN] DetailPanel:346 - Failed to get advertising image, set to default
2024-03-16 13:39:11,817 [FATAL] Updater:308 - Updater called before beeing initialized
2024-03-16 13:39:11,819 [FATAL] Updater:308 - Updater called before beeing initialized
2024-03-16 13:39:11,819 [FATAL] Updater:308 - Updater called before beeing initialized
2024-03-16 13:39:11,819 [WARN] DetailPanel:346 - Failed to get advertising image, set to default
2024-03-16 13:39:11,820 [FATAL] Updater:308 - Updater called before beeing initialized
2024-03-16 13:39:11,878 [ERROR] Updater:1120 - MainUpdater not yet initialized. External WinMGr cannot be set.
2024-03-16 13:39:11,880 [INFO] Updater:1056 - Updater Version found : 6.10.0
2024-03-16 13:39:11,897 [INFO] ApplicationProperties:184 - Using Application install path: G:\stm32cubeide\stm32cubeide114\STM32CubeIDE_1.14.0\STM32CubeIDE\plugins\com.st.stm32cube.common.mx_6.10.0.202311202037
2024-03-16 13:39:12,352 [INFO] MainUpdater:2873 - connection check result : 10
2024-03-16 13:39:12,354 [INFO] MainUpdater:290 - Updater Check For Update Now.
2024-03-16 13:39:12,356 [INFO] MicroXplorer:498 - Change Database Version : DB.6.0.100
2024-03-16 13:39:12,364 [INFO] McuFinderGlobals:63 - Set McuFinder mode to 2 (CubeIDE integrated)
2024-03-16 13:39:12,575 [INFO] CheckServerUpdateThread:120 - End of CheckServer Thread
2024-03-16 13:39:12,815 [INFO] UserAuth:404 - Internet connection configuration mode: 1
2024-03-16 13:39:12,833 [INFO] JxBrowserEngine:152 - Initiate JxBrowser Engine with user profile folder
2024-03-16 13:39:13,557 [INFO] WebApp:161 - Instantiating new browser for Auth
2024-03-16 13:39:13,651 [WARN] PackLoader:240 - Cannot read IP mode file for STMicroelectronics.X-CUBE-SMBUS.2.1.0
2024-03-16 13:39:13,666 [WARN] PackLoader:240 - Cannot read IP mode file for STMicroelectronics.X-CUBE-TOUCHGFX.4.23.0
2024-03-16 13:39:13,713 [WARN] PackLoader:240 - Cannot read IP mode file for STMicroelectronics.X-CUBE-AZRTOS-F7.1.1.0
2024-03-16 13:39:13,735 [WARN] PackLoader:240 - Cannot read IP mode file for STMicroelectronics.FP-SNS-MOTENV1.4.3.2
2024-03-16 13:39:13,747 [WARN] PackLoader:240 - Cannot read IP mode file for STMicroelectronics.FP-SNS-FLIGHT1.5.0.2
2024-03-16 13:39:13,766 [WARN] PackLoader:240 - Cannot read IP mode file for STMicroelectronics.X-CUBE-DISPLAY.3.0.0
2024-03-16 13:39:13,788 [WARN] PackLoader:240 - Cannot read IP mode file for STMicroelectronics.X-CUBE-BLE1.7.0.0
2024-03-16 13:39:13,800 [WARN] PackLoader:240 - Cannot read IP mode file for emotas.I-CUBE-CANOPEN.1.3.0
2024-03-16 13:39:13,807 [WARN] PackLoader:240 - Cannot read IP mode file for STMicroelectronics.X-CUBE-TOUCHGFX.4.22.1
2024-03-16 13:39:13,826 [WARN] PackLoader:240 - Cannot read IP mode file for STMicroelectronics.X-CUBE-BLEMGR.3.1.0
2024-03-16 13:39:13,839 [WARN] PackLoader:240 - Cannot read IP mode file for STMicroelectronics.FP-SNS-SMARTAG2.1.2.0
2024-03-16 13:39:13,858 [INFO] LogOutputStream:77 - [STDOUT_REDIRECT] 1 : Invalid condition id : UX_CORESTACK_Condition cause : null
2024-03-16 13:39:13,858 [INFO] LogOutputStream:77 - [STDOUT_REDIRECT] 1 : Invalid condition id : UX_CORESTACK_Condition cause : null
2024-03-16 13:39:13,860 [INFO] LogOutputStream:77 - [STDOUT_REDIRECT] 1 : Invalid condition id : UX_CORESTACK_Condition cause : null
2024-03-16 13:39:13,861 [INFO] LogOutputStream:77 - [STDOUT_REDIRECT] 1 : Invalid condition id : UX_CORESTACK_Condition cause : null
2024-03-16 13:39:13,862 [INFO] LogOutputStream:77 - [STDOUT_REDIRECT] 1 : Invalid condition id : UX_CORESTACK_Condition cause : null
2024-03-16 13:39:13,869 [WARN] PackLoader:240 - Cannot read IP mode file for STMicroelectronics.X-CUBE-AZRTOS-WL.2.0.0
2024-03-16 13:39:13,882 [WARN] PackLoader:240 - Cannot read IP mode file for WES.I-CUBE-Cesium.1.3.0
2024-03-16 13:39:13,889 [WARN] PackLoader:240 - Cannot read IP mode file for STMicroelectronics.X-CUBE-BLE2.3.3.0
2024-03-16 13:39:13,909 [WARN] PackLoader:240 - Cannot read IP mode file for STMicroelectronics.X-CUBE-ALGOBUILD.1.3.0
2024-03-16 13:39:13,935 [WARN] PackLoader:240 - Cannot read IP mode file for STMicroelectronics.X-CUBE-AZRTOS-G0.1.1.0
2024-03-16 13:39:13,946 [WARN] PackLoader:240 - Cannot read IP mode file for STMicroelectronics.X-CUBE-NFC4.3.0.0
2024-03-16 13:39:13,960 [WARN] PackLoader:240 - Cannot read IP mode file for STMicroelectronics.X-CUBE-BLEMGR.3.0.0
2024-03-16 13:39:13,968 [WARN] PackLoader:240 - Cannot read IP mode file for STMicroelectronics.FP-ATR-SIGFOX1.3.2.0
2024-03-16 13:39:13,976 [WARN] PackLoader:240 - Cannot read IP mode file for STMicroelectronics.X-CUBE-EEPRMA1.5.1.0
2024-03-16 13:39:14,019 [WARN] PackLoader:240 - Cannot read IP mode file for SEGGER.I-CUBE-embOS.1.3.1
2024-03-16 13:39:14,069 [WARN] PackLoader:240 - Cannot read IP mode file for STMicroelectronics.X-CUBE-GNSS1.6.0.0
2024-03-16 13:39:14,091 [WARN] PackLoader:240 - Cannot read IP mode file for STMicroelectronics.X-CUBE-AZRTOS-F4.1.1.0
2024-03-16 13:39:14,101 [WARN] PackLoader:240 - Cannot read IP mode file for wolfSSL.I-CUBE-wolfSSL.5.6.3
2024-03-16 13:39:14,122 [WARN] PackLoader:240 - Cannot read IP mode file for STMicroelectronics.X-CUBE-AZRTOS-L5.2.0.0
2024-03-16 13:39:14,178 [WARN] PackLoader:240 - Cannot read IP mode file for STMicroelectronics.X-CUBE-MEMS1.9.6.0
2024-03-16 13:39:14,413 [WARN] PackLoader:240 - Cannot read IP mode file for STMicroelectronics.X-CUBE-EEPRMA1.4.2.0
2024-03-16 13:39:14,426 [WARN] PackLoader:240 - Cannot read IP mode file for ITTIA_DB.I-CUBE-ITTIADB.8.8.0
2024-03-16 13:39:14,434 [WARN] PackLoader:240 - Cannot read IP mode file for STMicroelectronics.X-CUBE-BLEMGR.2.0.0
2024-03-16 13:39:14,458 [WARN] ConditionMgr:438 - getConditionDescription Invalid condition id : UX DEVICE CLASS RTOS Condition cause : null
2024-03-16 13:39:14,459 [WARN] ConditionMgr:438 - getConditionDescription Invalid condition id : UX DEVICE CLASS RTOS Condition cause : null
2024-03-16 13:39:14,481 [WARN] PackLoader:240 - Cannot read IP mode file for STMicroelectronics.X-CUBE-AZRTOS-H7.3.1.0
2024-03-16 13:39:14,484 [WARN] ConditionMgr:1039 - genDependencies : Invalid condition id : UX DEVICE CLASS RTOS Condition cause : null
2024-03-16 13:39:14,485 [WARN] ConditionMgr:1039 - genDependencies : Invalid condition id : UX DEVICE CLASS RTOS Condition cause : null
2024-03-16 13:39:14,486 [WARN] ConditionMgr:1039 - genDependencies : Invalid condition id : UX DEVICE CLASS RTOS Condition cause : null
2024-03-16 13:39:14,487 [WARN] ConditionMgr:1039 - genDependencies : Invalid condition id : UX DEVICE CLASS RTOS Condition cause : null
2024-03-16 13:39:14,487 [WARN] ConditionMgr:1039 - genDependencies : Invalid condition id : UX DEVICE CLASS RTOS Condition cause : null
2024-03-16 13:39:14,501 [WARN] PackLoader:240 - Cannot read IP mode file for STMicroelectronics.X-CUBE-NFC7.1.0.1
2024-03-16 13:39:14,513 [WARN] PackLoader:240 - Cannot read IP mode file for STMicroelectronics.X-CUBE-NFC6.3.0.0
2024-03-16 13:39:14,524 [WARN] PackLoader:240 - Cannot read IP mode file for STMicroelectronics.X-CUBE-EEPRMA1.4.1.0
2024-03-16 13:39:14,533 [WARN] PackLoader:240 - Cannot read IP mode file for STMicroelectronics.X-CUBE-AI.8.1.0
2024-03-16 13:39:14,557 [WARN] ConditionMgr:438 - getConditionDescription Invalid condition id : LAN8742 Phy interface Condition cause : null
2024-03-16 13:39:14,558 [WARN] PackLoader:240 - Cannot read IP mode file for STMicroelectronics.X-CUBE-AZRTOS-L4.2.0.0
2024-03-16 13:39:14,562 [WARN] ConditionMgr:1039 - genDependencies : Invalid condition id : LAN8742 Phy interface Condition cause : null
2024-03-16 13:39:14,563 [WARN] ConditionMgr:1039 - genDependencies : Invalid condition id : LAN8742 Phy interface Condition cause : null
2024-03-16 13:39:14,563 [WARN] ConditionMgr:1039 - genDependencies : Invalid condition id : LAN8742 Phy interface Condition cause : null
2024-03-16 13:39:14,573 [WARN] PackLoader:240 - Cannot read IP mode file for STMicroelectronics.X-CUBE-SFXS2LP1.4.0.0
2024-03-16 13:39:14,581 [WARN] PackLoader:240 - Cannot read IP mode file for STMicroelectronics.X-CUBE-ISPU.1.1.0
2024-03-16 13:39:14,600 [WARN] ConditionMgr:438 - getConditionDescription Invalid condition id : UX DEVICE CLASS RTOS Condition cause : null
2024-03-16 13:39:14,600 [WARN] ConditionMgr:438 - getConditionDescription Invalid condition id : UX DEVICE CLASS RTOS Condition cause : null
2024-03-16 13:39:14,604 [WARN] PackLoader:240 - Cannot read IP mode file for STMicroelectronics.X-CUBE-AZRTOS-WB.2.0.0
2024-03-16 13:39:14,606 [WARN] ConditionMgr:1039 - genDependencies : Invalid condition id : UX DEVICE CLASS RTOS Condition cause : null
2024-03-16 13:39:14,606 [WARN] ConditionMgr:1039 - genDependencies : Invalid condition id : UX DEVICE CLASS RTOS Condition cause : null
2024-03-16 13:39:14,606 [WARN] ConditionMgr:1039 - genDependencies : Invalid condition id : UX DEVICE CLASS RTOS Condition cause : null
2024-03-16 13:39:14,607 [WARN] ConditionMgr:1039 - genDependencies : Invalid condition id : UX DEVICE CLASS RTOS Condition cause : null
2024-03-16 13:39:14,607 [WARN] ConditionMgr:1039 - genDependencies : Invalid condition id : UX DEVICE CLASS RTOS Condition cause : null
2024-03-16 13:39:14,622 [WARN] PackLoader:240 - Cannot read IP mode file for STMicroelectronics.X-CUBE-SUBG2.5.0.0
2024-03-16 13:39:14,643 [WARN] PackLoader:240 - Cannot read IP mode file for STMicroelectronics.X-CUBE-TOF1.3.3.1
2024-03-16 13:39:14,673 [WARN] PackLoader:240 - Cannot read IP mode file for STMicroelectronics.X-CUBE-AZRTOS-G4.2.0.0
2024-03-16 13:39:14,690 [WARN] PackLoader:240 - Cannot read IP mode file for Infineon.AIROC-Wi-Fi-Bluetooth-STM32.1.5.1
2024-03-16 13:39:14,700 [WARN] PackLoader:240 - Cannot read IP mode file for STMicroelectronics.FP-SNS-MOTENVWB1.1.3.0
2024-03-16 13:39:14,707 [WARN] PackLoader:240 - Cannot read IP mode file for STMicroelectronics.FP-SNS-MOTENVWB1.1.3.1
2024-03-16 13:39:14,712 [WARN] PackLoader:240 - Cannot read IP mode file for STMicroelectronics.X-CUBE-ISPU.2.0.0
2024-03-16 13:39:14,791 [WARN] PackLoader:240 - Cannot read IP mode file for STMicroelectronics.X-CUBE-MEMS1.10.0.0
2024-03-16 13:39:14,839 [INFO] WebApp:780 - Register for checkConnection events
2024-03-16 13:39:14,839 [INFO] WebApp:414 - Apply proxy settings
2024-03-16 13:39:14,839 [INFO] WebApp:499 - Chromium requires no authentication
2024-03-16 13:39:14,858 [INFO] WebApp:442 - Direct internet connection detected
2024-03-16 13:39:14,982 [WARN] PackLoader:240 - Cannot read IP mode file for STMicroelectronics.X-CUBE-FREERTOS.1.1.0
2024-03-16 13:39:14,989 [WARN] PackLoader:240 - Cannot read IP mode file for portGmbH.I-Cube-SoM-uGOAL.1.1.0
2024-03-16 13:39:14,995 [WARN] PackLoader:240 - Cannot read IP mode file for STMicroelectronics.X-CUBE-ALS.1.0.1
2024-03-16 13:39:15,001 [WARN] PackLoader:240 - Cannot read IP mode file for STMicroelectronics.FP-ATR-ASTRA1.2.0.0
2024-03-16 13:39:15,013 [WARN] PackLoader:240 - Cannot read IP mode file for STMicroelectronics.X-CUBE-TOF1.3.4.0
2024-03-16 13:39:15,038 [WARN] PackLoader:240 - Cannot read IP mode file for STMicroelectronics.X-CUBE-TOF1.3.4.1
2024-03-16 13:39:15,071 [WARN] PackLoader:240 - Cannot read IP mode file for STMicroelectronics.X-CUBE-AZRTOS-H7.3.2.0
2024-03-16 13:39:15,094 [INFO] ThirdParty:978 - Integrity check success = true
2024-03-16 13:39:15,094 [INFO] IntegrityCheckThread:100 - exiting critical section [integrity check]
2024-03-16 13:39:15,094 [INFO] IntegrityCheckThread:103 - End integrity checks thread
2024-03-16 13:39:15,190 [INFO] WebApp:192 - Starting web application
2024-03-16 13:39:15,190 [INFO] WebApp:544 - Web application path used G:\stm32cubeide\stm32cubeide114\STM32CubeIDE_1.14.0\STM32CubeIDE\plugins\com.st.stm32cube.common.mx_6.10.0.202311202037\db\plugins\mcufinder\reactClient1\index.html
2024-03-16 13:39:36,033 [ERROR] LogOutputStream:75 - [STDERR_REDIRECT] SLF4J: Failed to load class "org.slf4j.impl.StaticLoggerBinder".
2024-03-16 13:39:36,033 [ERROR] LogOutputStream:75 - [STDERR_REDIRECT] SLF4J: Defaulting to no-operation (NOP) logger implementation
2024-03-16 13:39:36,035 [ERROR] LogOutputStream:75 - [STDERR_REDIRECT] SLF4J: See http://www.slf4j.org/codes.html#StaticLoggerBinder for further details.
2024-03-16 13:42:46,935 [ERROR] LogOutputStream:75 - [STDERR_REDIRECT] 
