2024-01-29 17:27:49,492 [INFO] Activator:176 - 


2024-01-29 17:27:49,497 [INFO] Activator:177 - !SESSION log4j initialized
2024-01-29 17:27:54,236 [INFO] LogOutputStream:77 - [STDOUT_REDIRECT] 
2024-01-29 17:27:54,534 [ERROR] ConfigurationRetriever:142 - IOException on connection: sw-center.st.com
2024-01-29 17:27:54,535 [ERROR] ConfigurationRetriever:142 - IOException on connection: sw-center.st.com
2024-01-29 17:27:54,535 [ERROR] ConfigurationRetriever:142 - IOException on connection: sw-center.st.com
2024-01-29 17:27:54,537 [ERROR] ConfigurationRetriever:142 - IOException on connection: sw-center.st.com
2024-01-29 17:27:54,538 [ERROR] ConfigurationRetriever:142 - IOException on connection: sw-center.st.com
2024-01-29 17:27:54,538 [ERROR] ConfigurationRetriever:142 - IOException on connection: sw-center.st.com
2024-01-29 17:27:55,613 [INFO] ApplicationProperties:184 - Using Application install path: G:\stm32cubeide\stm32cubeide114\STM32CubeIDE_1.14.0\STM32CubeIDE\plugins\com.st.stm32cube.common.mx_6.10.0.202311202037
2024-01-29 17:27:55,629 [INFO] DbMcusXml:78 - Set database path to: G:\stm32cubeide\stm32cubeide114\STM32CubeIDE_1.14.0\STM32CubeIDE\plugins\com.st.stm32cube.common.mx_6.10.0.202311202037\\db\/mcu/
2024-01-29 17:27:55,629 [INFO] ApiDb:274 - Set plugin database path to: G:\stm32cubeide\stm32cubeide114\STM32CubeIDE_1.14.0\STM32CubeIDE\plugins\com.st.stm32cube.common.mx_6.10.0.202311202037\\db\/plugins/boardmanager/
2024-01-29 17:27:55,629 [WARN] ApiDb:259 - Overriding images path with different value:  => G:\stm32cubeide\stm32cubeide114\STM32CubeIDE_1.14.0\STM32CubeIDE\plugins\com.st.stm32cube.common.mx_6.10.0.202311202037\\db\/plugins/mcufinder/images/
2024-01-29 17:27:55,641 [INFO] ApiDb:250 - Set database path to: C:\Users\Nghia\.stmcufinder\plugins\mcufinder//mcu/
2024-01-29 17:27:55,642 [INFO] DbMcusAds:125 - Set database path to: C:\Users\Nghia\.stmcufinder\plugins\mcufinder//mcu/
2024-01-29 17:27:55,644 [INFO] CrossReferenceDbSqlite:203 - Set database path to: C:\Users\Nghia\.stmcufinder\plugins\mcufinder//mcu/cs/
2024-01-29 17:27:55,745 [INFO] RulesReader:64 - Compatibility file has been processed (297 Rules)
2024-01-29 17:27:55,820 [INFO] DbMcusXml:78 - Set database path to: G:\stm32cubeide\stm32cubeide114\STM32CubeIDE_1.14.0\STM32CubeIDE\plugins\com.st.stm32cube.common.mx_6.10.0.202311202037\\db\/mcu/
2024-01-29 17:27:55,820 [INFO] ApiDb:274 - Set plugin database path to: G:\stm32cubeide\stm32cubeide114\STM32CubeIDE_1.14.0\STM32CubeIDE\plugins\com.st.stm32cube.common.mx_6.10.0.202311202037\\db\/plugins/boardmanager/
2024-01-29 17:27:55,820 [INFO] ApiDb:261 - Set plugin images path to: G:\stm32cubeide\stm32cubeide114\STM32CubeIDE_1.14.0\STM32CubeIDE\plugins\com.st.stm32cube.common.mx_6.10.0.202311202037\\db\/plugins/mcufinder/images/
2024-01-29 17:27:55,820 [WARN] DbFile:41 - Overriding database path with different value: C:\Users\Nghia\.stmcufinder\plugins\mcufinder/ => C:\Users\Nghia\.stmcufinder\plugins\mcufinder
2024-01-29 17:27:55,820 [INFO] ApiDb:250 - Set database path to: C:\Users\Nghia\.stmcufinder\plugins\mcufinder//mcu/
2024-01-29 17:27:55,821 [WARN] DbFile:41 - Overriding database path with different value: C:\Users\Nghia\.stmcufinder\plugins\mcufinder/ => C:\Users\Nghia\.stmcufinder\plugins\mcufinder
2024-01-29 17:27:55,821 [INFO] DbMcusAds:125 - Set database path to: C:\Users\Nghia\.stmcufinder\plugins\mcufinder//mcu/
2024-01-29 17:27:55,821 [WARN] DbFile:41 - Overriding database path with different value: C:\Users\Nghia\.stmcufinder\plugins\mcufinder/ => C:\Users\Nghia\.stmcufinder\plugins\mcufinder
2024-01-29 17:27:55,821 [WARN] DbFile:41 - Overriding database path with different value: C:\Users\Nghia\.stmcufinder\plugins\mcufinder/ => C:\Users\Nghia\.stmcufinder\plugins\mcufinder
2024-01-29 17:27:55,821 [INFO] CrossReferenceDbSqlite:203 - Set database path to: C:\Users\Nghia\.stmcufinder\plugins\mcufinder//mcu/cs/
2024-01-29 17:27:55,888 [INFO] MainPanel:264 - HeapMemory: 268435456
2024-01-29 17:27:55,967 [INFO] DbMcusXml:78 - Set database path to: G:\stm32cubeide\stm32cubeide114\STM32CubeIDE_1.14.0\STM32CubeIDE\plugins\com.st.stm32cube.common.mx_6.10.0.202311202037\\db\/mcu/
2024-01-29 17:27:55,967 [INFO] ApiDb:274 - Set plugin database path to: G:\stm32cubeide\stm32cubeide114\STM32CubeIDE_1.14.0\STM32CubeIDE\plugins\com.st.stm32cube.common.mx_6.10.0.202311202037\\db\/plugins/boardmanager/
2024-01-29 17:27:55,967 [INFO] ApiDb:261 - Set plugin images path to: G:\stm32cubeide\stm32cubeide114\STM32CubeIDE_1.14.0\STM32CubeIDE\plugins\com.st.stm32cube.common.mx_6.10.0.202311202037\\db\/plugins/mcufinder/images/
2024-01-29 17:27:55,967 [WARN] DbFile:41 - Overriding database path with different value: C:\Users\Nghia\.stmcufinder\plugins\mcufinder/ => C:\Users\Nghia\.stmcufinder\plugins\mcufinder
2024-01-29 17:27:55,967 [INFO] ApiDb:250 - Set database path to: C:\Users\Nghia\.stmcufinder\plugins\mcufinder//mcu/
2024-01-29 17:27:55,967 [WARN] DbFile:41 - Overriding database path with different value: C:\Users\Nghia\.stmcufinder\plugins\mcufinder/ => C:\Users\Nghia\.stmcufinder\plugins\mcufinder
2024-01-29 17:27:55,967 [INFO] DbMcusAds:125 - Set database path to: C:\Users\Nghia\.stmcufinder\plugins\mcufinder//mcu/
2024-01-29 17:27:55,967 [WARN] DbFile:41 - Overriding database path with different value: C:\Users\Nghia\.stmcufinder\plugins\mcufinder/ => C:\Users\Nghia\.stmcufinder\plugins\mcufinder
2024-01-29 17:27:55,968 [WARN] DbFile:41 - Overriding database path with different value: C:\Users\Nghia\.stmcufinder\plugins\mcufinder/ => C:\Users\Nghia\.stmcufinder\plugins\mcufinder
2024-01-29 17:27:55,968 [INFO] CrossReferenceDbSqlite:203 - Set database path to: C:\Users\Nghia\.stmcufinder\plugins\mcufinder//mcu/cs/
2024-01-29 17:27:55,985 [INFO] ApplicationProperties:184 - Using Application install path: G:\stm32cubeide\stm32cubeide114\STM32CubeIDE_1.14.0\STM32CubeIDE\plugins\com.st.stm32cube.common.mx_6.10.0.202311202037
2024-01-29 17:27:55,986 [INFO] PluginManage:196 - Search for loadable plugins [exclusion list=, ]
2024-01-29 17:27:55,988 [INFO] PluginManage:310 - Check plugin analytics
2024-01-29 17:27:56,137 [INFO] AnalyticsPlugin:253 - Accepted Software Licenses: STM32CubeMX.6.8.0,STM32CubeMX.6.1.1
2024-01-29 17:27:56,137 [INFO] AnalyticsPlugin:255 - Accepted CMSIS Pack Licenses: 
2024-01-29 17:27:56,137 [INFO] AnalyticsPlugin:257 - Accepted Firmware Licenses: FW.F4.1.27.0,FW.F4.1.28.0
2024-01-29 17:27:56,140 [INFO] PluginManage:359 - Loaded plugin analytics (category:tool,tabindex:-1)
2024-01-29 17:27:56,141 [INFO] PluginManage:310 - Check plugin cadmodel
2024-01-29 17:27:56,141 [ERROR] ConfigurationRetriever:142 - IOException on connection: sw-center.st.com
2024-01-29 17:27:56,141 [ERROR] ConfigurationRetriever:142 - IOException on connection: sw-center.st.com
2024-01-29 17:27:56,142 [ERROR] ConfigurationRetriever:142 - IOException on connection: sw-center.st.com
2024-01-29 17:27:56,154 [INFO] CADModel:105 - Init CAD model plugin
2024-01-29 17:27:56,155 [INFO] PluginManage:359 - Loaded plugin cadmodel (category:power,tabindex:5)
2024-01-29 17:27:56,155 [INFO] PluginManage:310 - Check plugin clock
2024-01-29 17:27:56,174 [INFO] PluginManage:359 - Loaded plugin clock (category:base,tabindex:2)
2024-01-29 17:27:56,174 [INFO] PluginManage:310 - Check plugin ddr
2024-01-29 17:27:56,175 [INFO] PluginManage:359 - Loaded plugin ddr (category:tool,tabindex:6)
2024-01-29 17:27:56,176 [INFO] PluginManage:310 - Check plugin filemanager
2024-01-29 17:27:56,291 [INFO] PluginManage:359 - Loaded plugin filemanager (category:base,tabindex:10)
2024-01-29 17:27:56,291 [INFO] PluginManage:310 - Check plugin ipmanager
2024-01-29 17:27:56,296 [INFO] PluginManage:359 - Loaded plugin ipmanager (category:base,tabindex:5)
2024-01-29 17:27:56,297 [INFO] PluginManage:310 - Check plugin lpbam
2024-01-29 17:27:56,312 [INFO] PluginManage:359 - Loaded plugin lpbam (category:base,tabindex:0)
2024-01-29 17:27:56,312 [INFO] PluginManage:310 - Check plugin memorymap
2024-01-29 17:27:56,335 [INFO] PluginManage:359 - Loaded plugin memorymap (category:base,tabindex:4)
2024-01-29 17:27:56,336 [INFO] PluginManage:310 - Check plugin pinoutandconfiguration
2024-01-29 17:27:56,351 [INFO] PluginManage:359 - Loaded plugin pinoutandconfiguration (category:base,tabindex:1)
2024-01-29 17:27:56,351 [INFO] PluginManage:310 - Check plugin pinoutconfig
2024-01-29 17:27:56,443 [WARN] SupportedApi:132 - Cannot load RTOS API schema: s4s-elt-must-match.1: The content of 'definitions' must match (annotation?, (simpleType | complexType)?, (unique | key | keyref)*)). A problem was found starting at: attribute.
2024-01-29 17:27:56,563 [INFO] PluginManage:359 - Loaded plugin pinoutconfig (category:base,tabindex:0)
2024-01-29 17:27:56,563 [INFO] PluginManage:310 - Check plugin power
2024-01-29 17:27:56,580 [INFO] PluginManage:359 - Loaded plugin power (category:power,tabindex:4)
2024-01-29 17:27:56,580 [INFO] PluginManage:310 - Check plugin projectmanager
2024-01-29 17:27:56,595 [INFO] PluginManage:359 - Loaded plugin projectmanager (category:projectmanager,tabindex:3)
2024-01-29 17:27:56,595 [INFO] PluginManage:310 - Check plugin thirdparty
2024-01-29 17:27:56,837 [INFO] PluginManage:359 - Loaded plugin thirdparty (category:base,tabindex:-1)
2024-01-29 17:27:56,837 [WARN] IntegrityCheckThread:84 - waiting for thirdparty lock release [integrity check]
2024-01-29 17:27:56,838 [INFO] PluginManage:310 - Check plugin tools
2024-01-29 17:27:56,838 [INFO] IntegrityCheckThread:86 - entering critical section [integrity check]
2024-01-29 17:27:56,838 [INFO] ThirdPartyUpdaterWithRetryManager:70 - Updater plugin not ready yet. [1/15]
2024-01-29 17:27:56,869 [INFO] PluginManage:359 - Loaded plugin tools (category:base,tabindex:7)
2024-01-29 17:27:56,870 [INFO] PluginManage:310 - Check plugin tutovideos
2024-01-29 17:27:57,026 [INFO] PluginManage:359 - Loaded plugin tutovideos (category:base,tabindex:-1)
2024-01-29 17:27:57,027 [INFO] PluginManage:310 - Check plugin updater
2024-01-29 17:27:57,038 [INFO] PluginManage:359 - Loaded plugin updater (category:base,tabindex:12)
2024-01-29 17:27:57,039 [INFO] PluginManage:310 - Check plugin userauth
2024-01-29 17:27:57,044 [INFO] UserAuth:114 - Init User Auth plugin
2024-01-29 17:27:57,044 [INFO] PluginManage:359 - Loaded plugin userauth (category:base,tabindex:14)
2024-01-29 17:27:57,044 [INFO] PluginManage:283 - PluginManage : Loaded plugins [17]
2024-01-29 17:27:57,228 [INFO] PinOutPanel:1499 - setPackage(No Configuration,No Configuration)
2024-01-29 17:27:57,294 [INFO] CADModel:165 - CPN selected for project level
2024-01-29 17:27:57,294 [INFO] CADModel:114 - Register for checkConnection events
2024-01-29 17:27:57,315 [INFO] IPUIPlugin:80 - create IPUIPlugin
2024-01-29 17:27:57,315 [INFO] PluginManager:220 - loadIPPluginJar : add adc
2024-01-29 17:27:57,341 [INFO] IPUIPlugin:80 - create IPUIPlugin
2024-01-29 17:27:57,341 [INFO] PluginManager:220 - loadIPPluginJar : add aes
2024-01-29 17:27:57,370 [INFO] IPUIPlugin:80 - create IPUIPlugin
2024-01-29 17:27:57,370 [INFO] PluginManager:220 - loadIPPluginJar : add can
2024-01-29 17:27:57,388 [INFO] IPUIPlugin:80 - create IPUIPlugin
2024-01-29 17:27:57,388 [INFO] PluginManager:220 - loadIPPluginJar : add comp
2024-01-29 17:27:57,413 [INFO] IPUIPlugin:80 - create IPUIPlugin
2024-01-29 17:27:57,413 [INFO] PluginManager:220 - loadIPPluginJar : add cryp
2024-01-29 17:27:57,437 [INFO] IPUIPlugin:80 - create IPUIPlugin
2024-01-29 17:27:57,437 [INFO] PluginManager:220 - loadIPPluginJar : add dfsdm
2024-01-29 17:27:57,449 [INFO] IPUIPlugin:80 - create IPUIPlugin
2024-01-29 17:27:57,449 [INFO] PluginManager:220 - loadIPPluginJar : add dma
2024-01-29 17:27:57,481 [INFO] IPUIPlugin:80 - create IPUIPlugin
2024-01-29 17:27:57,481 [INFO] PluginManager:220 - loadIPPluginJar : add dma3
2024-01-29 17:27:57,496 [INFO] IPUIPlugin:80 - create IPUIPlugin
2024-01-29 17:27:57,496 [INFO] PluginManager:220 - loadIPPluginJar : add fatfs
2024-01-29 17:27:57,531 [INFO] IPUIPlugin:80 - create IPUIPlugin
2024-01-29 17:27:57,531 [INFO] PluginManager:220 - loadIPPluginJar : add fmc
2024-01-29 17:27:57,543 [INFO] IPUIPlugin:80 - create IPUIPlugin
2024-01-29 17:27:57,543 [INFO] PluginManager:220 - loadIPPluginJar : add freertos
2024-01-29 17:27:57,557 [INFO] IPUIPlugin:80 - create IPUIPlugin
2024-01-29 17:27:57,557 [INFO] PluginManager:220 - loadIPPluginJar : add genericplugin
2024-01-29 17:27:57,628 [INFO] IPUIPlugin:80 - create IPUIPlugin
2024-01-29 17:27:57,628 [INFO] PluginManager:220 - loadIPPluginJar : add gfxmmu
2024-01-29 17:27:57,722 [INFO] IPUIPlugin:80 - create IPUIPlugin
2024-01-29 17:27:57,722 [INFO] PluginManager:220 - loadIPPluginJar : add gic
2024-01-29 17:27:57,732 [INFO] IPUIPlugin:80 - create IPUIPlugin
2024-01-29 17:27:57,733 [INFO] PluginManager:220 - loadIPPluginJar : add gpio
2024-01-29 17:27:57,798 [INFO] IPUIPlugin:80 - create IPUIPlugin
2024-01-29 17:27:57,798 [INFO] PluginManager:220 - loadIPPluginJar : add gtzc
2024-01-29 17:27:57,821 [INFO] IPUIPlugin:80 - create IPUIPlugin
2024-01-29 17:27:57,821 [INFO] PluginManager:220 - loadIPPluginJar : add hash
2024-01-29 17:27:57,859 [INFO] IPUIPlugin:80 - create IPUIPlugin
2024-01-29 17:27:57,859 [INFO] PluginManager:220 - loadIPPluginJar : add i2c
2024-01-29 17:27:57,887 [INFO] IPUIPlugin:80 - create IPUIPlugin
2024-01-29 17:27:57,887 [INFO] PluginManager:220 - loadIPPluginJar : add i2s
2024-01-29 17:27:57,917 [INFO] IPUIPlugin:80 - create IPUIPlugin
2024-01-29 17:27:57,917 [INFO] PluginManager:220 - loadIPPluginJar : add i3c
2024-01-29 17:27:57,997 [INFO] IPUIPlugin:80 - create IPUIPlugin
2024-01-29 17:27:57,997 [INFO] PluginManager:220 - loadIPPluginJar : add ipddr
2024-01-29 17:27:58,063 [INFO] IPUIPlugin:80 - create IPUIPlugin
2024-01-29 17:27:58,063 [INFO] PluginManager:220 - loadIPPluginJar : add linkedlist
2024-01-29 17:27:58,091 [INFO] IPUIPlugin:80 - create IPUIPlugin
2024-01-29 17:27:58,091 [INFO] PluginManager:220 - loadIPPluginJar : add lorawan
2024-01-29 17:27:58,118 [INFO] IPUIPlugin:80 - create IPUIPlugin
2024-01-29 17:27:58,118 [INFO] PluginManager:220 - loadIPPluginJar : add ltdc
2024-01-29 17:27:58,128 [INFO] IPUIPlugin:80 - create IPUIPlugin
2024-01-29 17:27:58,128 [INFO] PluginManager:220 - loadIPPluginJar : add mdma
2024-01-29 17:27:58,138 [INFO] IPUIPlugin:80 - create IPUIPlugin
2024-01-29 17:27:58,138 [INFO] PluginManager:220 - loadIPPluginJar : add nvic
2024-01-29 17:27:58,165 [INFO] IPUIPlugin:80 - create IPUIPlugin
2024-01-29 17:27:58,165 [INFO] PluginManager:220 - loadIPPluginJar : add opamp
2024-01-29 17:27:58,209 [INFO] IPUIPlugin:80 - create IPUIPlugin
2024-01-29 17:27:58,209 [INFO] PluginManager:220 - loadIPPluginJar : add openamp
2024-01-29 17:27:58,239 [INFO] IPUIPlugin:80 - create IPUIPlugin
2024-01-29 17:27:58,239 [INFO] PluginManager:220 - loadIPPluginJar : add pdm2pcm
2024-01-29 17:27:58,250 [INFO] IPUIPlugin:80 - create IPUIPlugin
2024-01-29 17:27:58,252 [INFO] PluginManager:220 - loadIPPluginJar : add plateformsettings
2024-01-29 17:27:58,267 [INFO] IPUIPlugin:80 - create IPUIPlugin
2024-01-29 17:27:58,268 [INFO] PluginManager:220 - loadIPPluginJar : add quadspi
2024-01-29 17:27:58,277 [INFO] IPUIPlugin:80 - create IPUIPlugin
2024-01-29 17:27:58,277 [INFO] PluginManager:220 - loadIPPluginJar : add resmgrutility
2024-01-29 17:27:58,312 [INFO] IPUIPlugin:80 - create IPUIPlugin
2024-01-29 17:27:58,313 [INFO] PluginManager:220 - loadIPPluginJar : add sai
2024-01-29 17:27:58,339 [INFO] IPUIPlugin:80 - create IPUIPlugin
2024-01-29 17:27:58,339 [INFO] PluginManager:220 - loadIPPluginJar : add spi
2024-01-29 17:27:58,388 [INFO] IPUIPlugin:80 - create IPUIPlugin
2024-01-29 17:27:58,388 [INFO] PluginManager:220 - loadIPPluginJar : add stm32_wpan
2024-01-29 17:27:58,405 [INFO] IPUIPlugin:80 - create IPUIPlugin
2024-01-29 17:27:58,405 [INFO] PluginManager:220 - loadIPPluginJar : add tim
2024-01-29 17:27:58,446 [INFO] IPUIPlugin:80 - create IPUIPlugin
2024-01-29 17:27:58,446 [INFO] PluginManager:220 - loadIPPluginJar : add touchsensing
2024-01-29 17:27:58,462 [INFO] IPUIPlugin:80 - create IPUIPlugin
2024-01-29 17:27:58,462 [INFO] PluginManager:220 - loadIPPluginJar : add tracer_emb
2024-01-29 17:27:58,479 [INFO] IPUIPlugin:80 - create IPUIPlugin
2024-01-29 17:27:58,479 [INFO] PluginManager:220 - loadIPPluginJar : add ts
2024-01-29 17:27:58,495 [INFO] IPUIPlugin:80 - create IPUIPlugin
2024-01-29 17:27:58,495 [INFO] PluginManager:220 - loadIPPluginJar : add tsc
2024-01-29 17:27:58,511 [INFO] IPUIPlugin:80 - create IPUIPlugin
2024-01-29 17:27:58,511 [INFO] PluginManager:220 - loadIPPluginJar : add ucpd
2024-01-29 17:27:58,543 [INFO] IPUIPlugin:80 - create IPUIPlugin
2024-01-29 17:27:58,543 [INFO] PluginManager:220 - loadIPPluginJar : add usart
2024-01-29 17:27:58,575 [INFO] IPUIPlugin:80 - create IPUIPlugin
2024-01-29 17:27:58,575 [INFO] PluginManager:220 - loadIPPluginJar : add usbx
2024-01-29 17:27:58,696 [INFO] CADModel:165 - CPN selected for project level
2024-01-29 17:27:58,696 [INFO] CADModel:114 - Register for checkConnection events
2024-01-29 17:27:58,696 [FATAL] Updater:308 - Updater called before beeing initialized
2024-01-29 17:27:58,697 [ERROR] CADModel:125 - Updater not yet initialized, retry later 
2024-01-29 17:27:58,818 [INFO] CADModel:165 - CPN selected for project level
2024-01-29 17:27:58,819 [INFO] CADModel:114 - Register for checkConnection events
2024-01-29 17:27:58,819 [FATAL] Updater:308 - Updater called before beeing initialized
2024-01-29 17:27:58,819 [ERROR] CADModel:125 - Updater not yet initialized, retry later 
2024-01-29 17:27:58,821 [FATAL] Updater:308 - Updater called before beeing initialized
2024-01-29 17:27:58,922 [FATAL] Updater:308 - Updater called before beeing initialized
2024-01-29 17:27:58,931 [INFO] DbMcusAds:53 - JSON generation date=Wed Nov 29 17:52:27 ICT 2023 (1701255147349)
2024-01-29 17:27:58,931 [FATAL] Updater:308 - Updater called before beeing initialized
2024-01-29 17:27:58,997 [WARN] DetailPanel:346 - Failed to get advertising image, set to default
2024-01-29 17:27:59,096 [FATAL] Updater:308 - Updater called before beeing initialized
2024-01-29 17:27:59,098 [FATAL] Updater:308 - Updater called before beeing initialized
2024-01-29 17:27:59,098 [FATAL] Updater:308 - Updater called before beeing initialized
2024-01-29 17:27:59,098 [WARN] DetailPanel:346 - Failed to get advertising image, set to default
2024-01-29 17:27:59,099 [FATAL] Updater:308 - Updater called before beeing initialized
2024-01-29 17:27:59,149 [ERROR] Updater:1120 - MainUpdater not yet initialized. External WinMGr cannot be set.
2024-01-29 17:27:59,158 [INFO] Updater:1056 - Updater Version found : 6.10.0
2024-01-29 17:27:59,176 [INFO] ApplicationProperties:184 - Using Application install path: G:\stm32cubeide\stm32cubeide114\STM32CubeIDE_1.14.0\STM32CubeIDE\plugins\com.st.stm32cube.common.mx_6.10.0.202311202037
2024-01-29 17:27:59,404 [INFO] MainUpdater:2873 - connection check result : 22
2024-01-29 17:27:59,405 [INFO] MainUpdater:290 - Updater Check For Update Now.
2024-01-29 17:27:59,405 [INFO] MicroXplorer:498 - Change Database Version : DB.6.0.100
2024-01-29 17:27:59,421 [INFO] McuFinderGlobals:63 - Set McuFinder mode to 2 (CubeIDE integrated)
2024-01-29 17:27:59,469 [INFO] UserAuth:404 - Internet connection configuration mode: 2
2024-01-29 17:27:59,612 [INFO] CheckServerUpdateThread:120 - End of CheckServer Thread
2024-01-29 17:28:00,007 [WARN] PackLoader:240 - Cannot read IP mode file for STMicroelectronics.X-CUBE-SMBUS.2.1.0
2024-01-29 17:28:00,019 [WARN] PackLoader:240 - Cannot read IP mode file for STMicroelectronics.X-CUBE-TOUCHGFX.4.23.0
2024-01-29 17:28:00,056 [WARN] PackLoader:240 - Cannot read IP mode file for STMicroelectronics.X-CUBE-AZRTOS-F7.1.1.0
2024-01-29 17:28:00,072 [WARN] PackLoader:240 - Cannot read IP mode file for STMicroelectronics.FP-SNS-MOTENV1.4.3.2
2024-01-29 17:28:00,085 [WARN] PackLoader:240 - Cannot read IP mode file for STMicroelectronics.FP-SNS-FLIGHT1.5.0.2
2024-01-29 17:28:00,099 [WARN] PackLoader:240 - Cannot read IP mode file for STMicroelectronics.X-CUBE-DISPLAY.3.0.0
2024-01-29 17:28:00,116 [WARN] PackLoader:240 - Cannot read IP mode file for STMicroelectronics.X-CUBE-BLE1.7.0.0
2024-01-29 17:28:00,129 [WARN] PackLoader:240 - Cannot read IP mode file for emotas.I-CUBE-CANOPEN.1.3.0
2024-01-29 17:28:00,143 [WARN] PackLoader:240 - Cannot read IP mode file for STMicroelectronics.X-CUBE-TOUCHGFX.4.22.1
2024-01-29 17:28:00,154 [WARN] PackLoader:240 - Cannot read IP mode file for STMicroelectronics.FP-SNS-SMARTAG2.1.2.0
2024-01-29 17:28:00,174 [INFO] LogOutputStream:77 - [STDOUT_REDIRECT] 1 : Invalid condition id : UX_CORESTACK_Condition cause : null
2024-01-29 17:28:00,174 [INFO] LogOutputStream:77 - [STDOUT_REDIRECT] 1 : Invalid condition id : UX_CORESTACK_Condition cause : null
2024-01-29 17:28:00,175 [INFO] LogOutputStream:77 - [STDOUT_REDIRECT] 1 : Invalid condition id : UX_CORESTACK_Condition cause : null
2024-01-29 17:28:00,176 [INFO] LogOutputStream:77 - [STDOUT_REDIRECT] 1 : Invalid condition id : UX_CORESTACK_Condition cause : null
2024-01-29 17:28:00,178 [INFO] LogOutputStream:77 - [STDOUT_REDIRECT] 1 : Invalid condition id : UX_CORESTACK_Condition cause : null
2024-01-29 17:28:00,181 [WARN] PackLoader:240 - Cannot read IP mode file for STMicroelectronics.X-CUBE-AZRTOS-WL.2.0.0
2024-01-29 17:28:00,198 [WARN] PackLoader:240 - Cannot read IP mode file for WES.I-CUBE-Cesium.1.3.0
2024-01-29 17:28:00,208 [WARN] PackLoader:240 - Cannot read IP mode file for STMicroelectronics.X-CUBE-BLE2.3.3.0
2024-01-29 17:28:00,221 [WARN] PackLoader:240 - Cannot read IP mode file for STMicroelectronics.X-CUBE-ALGOBUILD.1.3.0
2024-01-29 17:28:00,244 [WARN] PackLoader:240 - Cannot read IP mode file for STMicroelectronics.X-CUBE-AZRTOS-G0.1.1.0
2024-01-29 17:28:00,260 [WARN] PackLoader:240 - Cannot read IP mode file for STMicroelectronics.X-CUBE-NFC4.3.0.0
2024-01-29 17:28:00,278 [WARN] PackLoader:240 - Cannot read IP mode file for STMicroelectronics.X-CUBE-BLEMGR.3.0.0
2024-01-29 17:28:00,290 [WARN] PackLoader:240 - Cannot read IP mode file for STMicroelectronics.FP-ATR-SIGFOX1.3.2.0
2024-01-29 17:28:00,300 [WARN] PackLoader:240 - Cannot read IP mode file for STMicroelectronics.X-CUBE-EEPRMA1.5.1.0
2024-01-29 17:28:00,346 [WARN] PackLoader:240 - Cannot read IP mode file for SEGGER.I-CUBE-embOS.1.3.1
2024-01-29 17:28:00,398 [WARN] PackLoader:240 - Cannot read IP mode file for STMicroelectronics.X-CUBE-GNSS1.6.0.0
2024-01-29 17:28:00,435 [WARN] PackLoader:240 - Cannot read IP mode file for STMicroelectronics.X-CUBE-AZRTOS-F4.1.1.0
2024-01-29 17:28:00,454 [WARN] PackLoader:240 - Cannot read IP mode file for wolfSSL.I-CUBE-wolfSSL.5.6.3
2024-01-29 17:28:00,487 [WARN] PackLoader:240 - Cannot read IP mode file for STMicroelectronics.X-CUBE-AZRTOS-L5.2.0.0
2024-01-29 17:28:00,540 [WARN] PackLoader:240 - Cannot read IP mode file for STMicroelectronics.X-CUBE-MEMS1.9.6.0
2024-01-29 17:28:00,675 [WARN] PackLoader:240 - Cannot read IP mode file for STMicroelectronics.X-CUBE-EEPRMA1.4.2.0
2024-01-29 17:28:00,686 [WARN] PackLoader:240 - Cannot read IP mode file for ITTIA_DB.I-CUBE-ITTIADB.8.8.0
2024-01-29 17:28:00,697 [WARN] PackLoader:240 - Cannot read IP mode file for STMicroelectronics.X-CUBE-BLEMGR.2.0.0
2024-01-29 17:28:00,722 [WARN] ConditionMgr:438 - getConditionDescription Invalid condition id : UX DEVICE CLASS RTOS Condition cause : null
2024-01-29 17:28:00,723 [WARN] ConditionMgr:438 - getConditionDescription Invalid condition id : UX DEVICE CLASS RTOS Condition cause : null
2024-01-29 17:28:00,725 [WARN] PackLoader:240 - Cannot read IP mode file for STMicroelectronics.X-CUBE-AZRTOS-H7.3.1.0
2024-01-29 17:28:00,725 [WARN] ConditionMgr:1039 - genDependencies : Invalid condition id : UX DEVICE CLASS RTOS Condition cause : null
2024-01-29 17:28:00,726 [WARN] ConditionMgr:1039 - genDependencies : Invalid condition id : UX DEVICE CLASS RTOS Condition cause : null
2024-01-29 17:28:00,726 [WARN] ConditionMgr:1039 - genDependencies : Invalid condition id : UX DEVICE CLASS RTOS Condition cause : null
2024-01-29 17:28:00,726 [WARN] ConditionMgr:1039 - genDependencies : Invalid condition id : UX DEVICE CLASS RTOS Condition cause : null
2024-01-29 17:28:00,726 [WARN] ConditionMgr:1039 - genDependencies : Invalid condition id : UX DEVICE CLASS RTOS Condition cause : null
2024-01-29 17:28:00,739 [WARN] PackLoader:240 - Cannot read IP mode file for STMicroelectronics.X-CUBE-NFC7.1.0.1
2024-01-29 17:28:00,752 [WARN] PackLoader:240 - Cannot read IP mode file for STMicroelectronics.X-CUBE-NFC6.3.0.0
2024-01-29 17:28:00,764 [WARN] PackLoader:240 - Cannot read IP mode file for STMicroelectronics.X-CUBE-EEPRMA1.4.1.0
2024-01-29 17:28:00,776 [WARN] PackLoader:240 - Cannot read IP mode file for STMicroelectronics.X-CUBE-AI.8.1.0
2024-01-29 17:28:00,801 [WARN] ConditionMgr:438 - getConditionDescription Invalid condition id : LAN8742 Phy interface Condition cause : null
2024-01-29 17:28:00,801 [WARN] PackLoader:240 - Cannot read IP mode file for STMicroelectronics.X-CUBE-AZRTOS-L4.2.0.0
2024-01-29 17:28:00,802 [WARN] ConditionMgr:1039 - genDependencies : Invalid condition id : LAN8742 Phy interface Condition cause : null
2024-01-29 17:28:00,802 [WARN] ConditionMgr:1039 - genDependencies : Invalid condition id : LAN8742 Phy interface Condition cause : null
2024-01-29 17:28:00,803 [WARN] ConditionMgr:1039 - genDependencies : Invalid condition id : LAN8742 Phy interface Condition cause : null
2024-01-29 17:28:00,815 [WARN] PackLoader:240 - Cannot read IP mode file for STMicroelectronics.X-CUBE-SFXS2LP1.4.0.0
2024-01-29 17:28:00,826 [WARN] PackLoader:240 - Cannot read IP mode file for STMicroelectronics.X-CUBE-ISPU.1.1.0
2024-01-29 17:28:00,846 [WARN] ConditionMgr:438 - getConditionDescription Invalid condition id : UX DEVICE CLASS RTOS Condition cause : null
2024-01-29 17:28:00,846 [WARN] ConditionMgr:438 - getConditionDescription Invalid condition id : UX DEVICE CLASS RTOS Condition cause : null
2024-01-29 17:28:00,848 [WARN] PackLoader:240 - Cannot read IP mode file for STMicroelectronics.X-CUBE-AZRTOS-WB.2.0.0
2024-01-29 17:28:00,848 [WARN] ConditionMgr:1039 - genDependencies : Invalid condition id : UX DEVICE CLASS RTOS Condition cause : null
2024-01-29 17:28:00,848 [WARN] ConditionMgr:1039 - genDependencies : Invalid condition id : UX DEVICE CLASS RTOS Condition cause : null
2024-01-29 17:28:00,848 [WARN] ConditionMgr:1039 - genDependencies : Invalid condition id : UX DEVICE CLASS RTOS Condition cause : null
2024-01-29 17:28:00,849 [WARN] ConditionMgr:1039 - genDependencies : Invalid condition id : UX DEVICE CLASS RTOS Condition cause : null
2024-01-29 17:28:00,849 [WARN] ConditionMgr:1039 - genDependencies : Invalid condition id : UX DEVICE CLASS RTOS Condition cause : null
2024-01-29 17:28:00,870 [WARN] PackLoader:240 - Cannot read IP mode file for STMicroelectronics.X-CUBE-SUBG2.5.0.0
2024-01-29 17:28:00,893 [WARN] PackLoader:240 - Cannot read IP mode file for STMicroelectronics.X-CUBE-TOF1.3.3.1
2024-01-29 17:28:00,926 [WARN] PackLoader:240 - Cannot read IP mode file for STMicroelectronics.X-CUBE-AZRTOS-G4.2.0.0
2024-01-29 17:28:00,958 [WARN] PackLoader:240 - Cannot read IP mode file for Infineon.AIROC-Wi-Fi-Bluetooth-STM32.1.5.1
2024-01-29 17:28:00,970 [WARN] PackLoader:240 - Cannot read IP mode file for STMicroelectronics.FP-SNS-MOTENVWB1.1.3.0
2024-01-29 17:28:00,983 [WARN] PackLoader:240 - Cannot read IP mode file for STMicroelectronics.FP-SNS-MOTENVWB1.1.3.1
2024-01-29 17:28:00,999 [WARN] PackLoader:240 - Cannot read IP mode file for STMicroelectronics.X-CUBE-ISPU.2.0.0
2024-01-29 17:28:01,042 [WARN] PackLoader:240 - Cannot read IP mode file for STMicroelectronics.X-CUBE-MEMS1.10.0.0
2024-01-29 17:28:01,166 [WARN] PackLoader:240 - Cannot read IP mode file for STMicroelectronics.X-CUBE-FREERTOS.1.1.0
2024-01-29 17:28:01,178 [WARN] PackLoader:240 - Cannot read IP mode file for portGmbH.I-Cube-SoM-uGOAL.1.1.0
2024-01-29 17:28:01,189 [WARN] PackLoader:240 - Cannot read IP mode file for STMicroelectronics.X-CUBE-ALS.1.0.1
2024-01-29 17:28:01,200 [WARN] PackLoader:240 - Cannot read IP mode file for STMicroelectronics.FP-ATR-ASTRA1.2.0.0
2024-01-29 17:28:01,221 [WARN] PackLoader:240 - Cannot read IP mode file for STMicroelectronics.X-CUBE-TOF1.3.4.0
2024-01-29 17:28:01,258 [WARN] PackLoader:240 - Cannot read IP mode file for STMicroelectronics.X-CUBE-AZRTOS-H7.3.2.0
2024-01-29 17:28:01,261 [INFO] ThirdParty:978 - Integrity check success = true
2024-01-29 17:28:01,261 [INFO] IntegrityCheckThread:100 - exiting critical section [integrity check]
2024-01-29 17:28:01,261 [INFO] IntegrityCheckThread:103 - End integrity checks thread
2024-01-29 17:28:12,850 [ERROR] ConfigurationRetriever:142 - IOException on connection: sw-center.st.com
2024-01-29 17:28:12,850 [ERROR] ConfigurationRetriever:142 - IOException on connection: sw-center.st.com
2024-01-29 17:28:12,851 [ERROR] ConfigurationRetriever:142 - IOException on connection: sw-center.st.com
2024-01-29 17:28:15,786 [ERROR] ConfigurationRetriever:142 - IOException on connection: sw-center.st.com
2024-01-29 17:28:15,787 [ERROR] ConfigurationRetriever:142 - IOException on connection: sw-center.st.com
2024-01-29 17:28:15,787 [ERROR] ConfigurationRetriever:142 - IOException on connection: sw-center.st.com
2024-01-29 17:28:20,172 [ERROR] LogOutputStream:75 - [STDERR_REDIRECT] SLF4J: Failed to load class "org.slf4j.impl.StaticLoggerBinder".
2024-01-29 17:28:20,172 [ERROR] LogOutputStream:75 - [STDERR_REDIRECT] SLF4J: Defaulting to no-operation (NOP) logger implementation
2024-01-29 17:28:20,173 [ERROR] LogOutputStream:75 - [STDERR_REDIRECT] SLF4J: See http://www.slf4j.org/codes.html#StaticLoggerBinder for further details.
2024-01-29 17:30:46,183 [ERROR] ConfigurationRetriever:142 - IOException on connection: sw-center.st.com
2024-01-29 17:30:46,184 [ERROR] ConfigurationRetriever:142 - IOException on connection: sw-center.st.com
2024-01-29 17:30:46,185 [ERROR] ConfigurationRetriever:142 - IOException on connection: sw-center.st.com
2024-01-29 17:30:48,139 [ERROR] ConfigurationRetriever:142 - IOException on connection: sw-center.st.com
2024-01-29 17:30:48,139 [ERROR] ConfigurationRetriever:142 - IOException on connection: sw-center.st.com
2024-01-29 17:30:48,140 [ERROR] ConfigurationRetriever:142 - IOException on connection: sw-center.st.com
2024-01-29 17:33:56,469 [ERROR] ConfigurationRetriever:142 - IOException on connection: sw-center.st.com
2024-01-29 17:33:56,470 [ERROR] ConfigurationRetriever:142 - IOException on connection: sw-center.st.com
2024-01-29 17:33:56,471 [ERROR] ConfigurationRetriever:142 - IOException on connection: sw-center.st.com
2024-01-29 17:33:57,872 [ERROR] ConfigurationRetriever:142 - IOException on connection: sw-center.st.com
2024-01-29 17:33:57,873 [ERROR] ConfigurationRetriever:142 - IOException on connection: sw-center.st.com
2024-01-29 17:33:57,873 [ERROR] ConfigurationRetriever:142 - IOException on connection: sw-center.st.com
2024-01-29 17:35:41,807 [ERROR] ConfigurationRetriever:142 - IOException on connection: sw-center.st.com
2024-01-29 17:35:41,808 [ERROR] ConfigurationRetriever:142 - IOException on connection: sw-center.st.com
2024-01-29 17:35:41,809 [ERROR] ConfigurationRetriever:142 - IOException on connection: sw-center.st.com
2024-01-29 17:35:43,616 [ERROR] ConfigurationRetriever:142 - IOException on connection: sw-center.st.com
2024-01-29 17:35:43,617 [ERROR] ConfigurationRetriever:142 - IOException on connection: sw-center.st.com
2024-01-29 17:35:43,617 [ERROR] ConfigurationRetriever:142 - IOException on connection: sw-center.st.com
2024-01-29 17:36:58,383 [ERROR] ConfigurationRetriever:142 - IOException on connection: sw-center.st.com
2024-01-29 17:36:58,383 [ERROR] ConfigurationRetriever:142 - IOException on connection: sw-center.st.com
2024-01-29 17:36:58,384 [ERROR] ConfigurationRetriever:142 - IOException on connection: sw-center.st.com
2024-01-29 17:36:58,538 [ERROR] ConfigurationRetriever:142 - IOException on connection: sw-center.st.com
2024-01-29 17:36:58,539 [ERROR] ConfigurationRetriever:142 - IOException on connection: sw-center.st.com
2024-01-29 17:36:58,540 [ERROR] ConfigurationRetriever:142 - IOException on connection: sw-center.st.com
2024-01-29 17:39:28,226 [ERROR] ConfigurationRetriever:142 - IOException on connection: sw-center.st.com
2024-01-29 17:39:28,227 [ERROR] ConfigurationRetriever:142 - IOException on connection: sw-center.st.com
2024-01-29 17:39:28,227 [ERROR] ConfigurationRetriever:142 - IOException on connection: sw-center.st.com
2024-01-29 17:39:31,025 [ERROR] ConfigurationRetriever:142 - IOException on connection: sw-center.st.com
2024-01-29 17:39:31,026 [ERROR] ConfigurationRetriever:142 - IOException on connection: sw-center.st.com
2024-01-29 17:39:31,026 [ERROR] ConfigurationRetriever:142 - IOException on connection: sw-center.st.com
2024-01-29 17:40:20,567 [ERROR] ConfigurationRetriever:142 - IOException on connection: sw-center.st.com
2024-01-29 17:40:20,567 [ERROR] ConfigurationRetriever:142 - IOException on connection: sw-center.st.com
2024-01-29 17:40:20,569 [ERROR] ConfigurationRetriever:142 - IOException on connection: sw-center.st.com
2024-01-29 17:44:50,306 [INFO] Activator:176 - 


2024-01-29 17:44:50,308 [INFO] Activator:177 - !SESSION log4j initialized
2024-01-29 17:44:53,771 [INFO] LogOutputStream:77 - [STDOUT_REDIRECT] 
2024-01-29 17:44:54,129 [ERROR] ConfigurationRetriever:142 - IOException on connection: sw-center.st.com
2024-01-29 17:44:54,131 [ERROR] ConfigurationRetriever:142 - IOException on connection: sw-center.st.com
2024-01-29 17:44:54,131 [ERROR] ConfigurationRetriever:142 - IOException on connection: sw-center.st.com
2024-01-29 17:44:54,595 [INFO] ApplicationProperties:184 - Using Application install path: G:\stm32cubeide\stm32cubeide114\STM32CubeIDE_1.14.0\STM32CubeIDE\plugins\com.st.stm32cube.common.mx_6.10.0.202311202037
2024-01-29 17:44:54,612 [INFO] DbMcusXml:78 - Set database path to: G:\stm32cubeide\stm32cubeide114\STM32CubeIDE_1.14.0\STM32CubeIDE\plugins\com.st.stm32cube.common.mx_6.10.0.202311202037\\db\/mcu/
2024-01-29 17:44:54,612 [INFO] ApiDb:274 - Set plugin database path to: G:\stm32cubeide\stm32cubeide114\STM32CubeIDE_1.14.0\STM32CubeIDE\plugins\com.st.stm32cube.common.mx_6.10.0.202311202037\\db\/plugins/boardmanager/
2024-01-29 17:44:54,612 [WARN] ApiDb:259 - Overriding images path with different value:  => G:\stm32cubeide\stm32cubeide114\STM32CubeIDE_1.14.0\STM32CubeIDE\plugins\com.st.stm32cube.common.mx_6.10.0.202311202037\\db\/plugins/mcufinder/images/
2024-01-29 17:44:54,616 [INFO] ApiDb:250 - Set database path to: C:\Users\Nghia\.stmcufinder\plugins\mcufinder//mcu/
2024-01-29 17:44:54,617 [INFO] DbMcusAds:125 - Set database path to: C:\Users\Nghia\.stmcufinder\plugins\mcufinder//mcu/
2024-01-29 17:44:54,619 [INFO] CrossReferenceDbSqlite:203 - Set database path to: C:\Users\Nghia\.stmcufinder\plugins\mcufinder//mcu/cs/
2024-01-29 17:44:54,718 [INFO] RulesReader:64 - Compatibility file has been processed (297 Rules)
2024-01-29 17:44:54,797 [INFO] DbMcusXml:78 - Set database path to: G:\stm32cubeide\stm32cubeide114\STM32CubeIDE_1.14.0\STM32CubeIDE\plugins\com.st.stm32cube.common.mx_6.10.0.202311202037\\db\/mcu/
2024-01-29 17:44:54,797 [INFO] ApiDb:274 - Set plugin database path to: G:\stm32cubeide\stm32cubeide114\STM32CubeIDE_1.14.0\STM32CubeIDE\plugins\com.st.stm32cube.common.mx_6.10.0.202311202037\\db\/plugins/boardmanager/
2024-01-29 17:44:54,797 [INFO] ApiDb:261 - Set plugin images path to: G:\stm32cubeide\stm32cubeide114\STM32CubeIDE_1.14.0\STM32CubeIDE\plugins\com.st.stm32cube.common.mx_6.10.0.202311202037\\db\/plugins/mcufinder/images/
2024-01-29 17:44:54,797 [WARN] DbFile:41 - Overriding database path with different value: C:\Users\Nghia\.stmcufinder\plugins\mcufinder/ => C:\Users\Nghia\.stmcufinder\plugins\mcufinder
2024-01-29 17:44:54,797 [INFO] ApiDb:250 - Set database path to: C:\Users\Nghia\.stmcufinder\plugins\mcufinder//mcu/
2024-01-29 17:44:54,797 [WARN] DbFile:41 - Overriding database path with different value: C:\Users\Nghia\.stmcufinder\plugins\mcufinder/ => C:\Users\Nghia\.stmcufinder\plugins\mcufinder
2024-01-29 17:44:54,797 [INFO] DbMcusAds:125 - Set database path to: C:\Users\Nghia\.stmcufinder\plugins\mcufinder//mcu/
2024-01-29 17:44:54,798 [WARN] DbFile:41 - Overriding database path with different value: C:\Users\Nghia\.stmcufinder\plugins\mcufinder/ => C:\Users\Nghia\.stmcufinder\plugins\mcufinder
2024-01-29 17:44:54,798 [WARN] DbFile:41 - Overriding database path with different value: C:\Users\Nghia\.stmcufinder\plugins\mcufinder/ => C:\Users\Nghia\.stmcufinder\plugins\mcufinder
2024-01-29 17:44:54,798 [INFO] CrossReferenceDbSqlite:203 - Set database path to: C:\Users\Nghia\.stmcufinder\plugins\mcufinder//mcu/cs/
2024-01-29 17:44:54,871 [INFO] MainPanel:264 - HeapMemory: 268435456
2024-01-29 17:44:54,954 [INFO] DbMcusXml:78 - Set database path to: G:\stm32cubeide\stm32cubeide114\STM32CubeIDE_1.14.0\STM32CubeIDE\plugins\com.st.stm32cube.common.mx_6.10.0.202311202037\\db\/mcu/
2024-01-29 17:44:54,954 [INFO] ApiDb:274 - Set plugin database path to: G:\stm32cubeide\stm32cubeide114\STM32CubeIDE_1.14.0\STM32CubeIDE\plugins\com.st.stm32cube.common.mx_6.10.0.202311202037\\db\/plugins/boardmanager/
2024-01-29 17:44:54,954 [INFO] ApiDb:261 - Set plugin images path to: G:\stm32cubeide\stm32cubeide114\STM32CubeIDE_1.14.0\STM32CubeIDE\plugins\com.st.stm32cube.common.mx_6.10.0.202311202037\\db\/plugins/mcufinder/images/
2024-01-29 17:44:54,955 [WARN] DbFile:41 - Overriding database path with different value: C:\Users\Nghia\.stmcufinder\plugins\mcufinder/ => C:\Users\Nghia\.stmcufinder\plugins\mcufinder
2024-01-29 17:44:54,955 [INFO] ApiDb:250 - Set database path to: C:\Users\Nghia\.stmcufinder\plugins\mcufinder//mcu/
2024-01-29 17:44:54,955 [WARN] DbFile:41 - Overriding database path with different value: C:\Users\Nghia\.stmcufinder\plugins\mcufinder/ => C:\Users\Nghia\.stmcufinder\plugins\mcufinder
2024-01-29 17:44:54,955 [INFO] DbMcusAds:125 - Set database path to: C:\Users\Nghia\.stmcufinder\plugins\mcufinder//mcu/
2024-01-29 17:44:54,955 [WARN] DbFile:41 - Overriding database path with different value: C:\Users\Nghia\.stmcufinder\plugins\mcufinder/ => C:\Users\Nghia\.stmcufinder\plugins\mcufinder
2024-01-29 17:44:54,955 [WARN] DbFile:41 - Overriding database path with different value: C:\Users\Nghia\.stmcufinder\plugins\mcufinder/ => C:\Users\Nghia\.stmcufinder\plugins\mcufinder
2024-01-29 17:44:54,955 [INFO] CrossReferenceDbSqlite:203 - Set database path to: C:\Users\Nghia\.stmcufinder\plugins\mcufinder//mcu/cs/
2024-01-29 17:44:54,973 [INFO] ApplicationProperties:184 - Using Application install path: G:\stm32cubeide\stm32cubeide114\STM32CubeIDE_1.14.0\STM32CubeIDE\plugins\com.st.stm32cube.common.mx_6.10.0.202311202037
2024-01-29 17:44:54,975 [INFO] PluginManage:196 - Search for loadable plugins [exclusion list=, ]
2024-01-29 17:44:54,976 [INFO] PluginManage:310 - Check plugin analytics
2024-01-29 17:44:55,137 [INFO] AnalyticsPlugin:253 - Accepted Software Licenses: STM32CubeMX.6.8.0,STM32CubeMX.6.1.1
2024-01-29 17:44:55,137 [INFO] AnalyticsPlugin:255 - Accepted CMSIS Pack Licenses: 
2024-01-29 17:44:55,137 [INFO] AnalyticsPlugin:257 - Accepted Firmware Licenses: FW.F4.1.27.0,FW.F4.1.28.0
2024-01-29 17:44:55,139 [INFO] PluginManage:359 - Loaded plugin analytics (category:tool,tabindex:-1)
2024-01-29 17:44:55,140 [ERROR] ConfigurationRetriever:142 - IOException on connection: sw-center.st.com
2024-01-29 17:44:55,140 [INFO] PluginManage:310 - Check plugin cadmodel
2024-01-29 17:44:55,140 [ERROR] ConfigurationRetriever:142 - IOException on connection: sw-center.st.com
2024-01-29 17:44:55,141 [ERROR] ConfigurationRetriever:142 - IOException on connection: sw-center.st.com
2024-01-29 17:44:55,144 [INFO] CADModel:105 - Init CAD model plugin
2024-01-29 17:44:55,144 [INFO] PluginManage:359 - Loaded plugin cadmodel (category:power,tabindex:5)
2024-01-29 17:44:55,145 [INFO] PluginManage:310 - Check plugin clock
2024-01-29 17:44:55,153 [INFO] PluginManage:359 - Loaded plugin clock (category:base,tabindex:2)
2024-01-29 17:44:55,153 [INFO] PluginManage:310 - Check plugin ddr
2024-01-29 17:44:55,155 [INFO] PluginManage:359 - Loaded plugin ddr (category:tool,tabindex:6)
2024-01-29 17:44:55,156 [INFO] PluginManage:310 - Check plugin filemanager
2024-01-29 17:44:55,275 [INFO] PluginManage:359 - Loaded plugin filemanager (category:base,tabindex:10)
2024-01-29 17:44:55,275 [INFO] PluginManage:310 - Check plugin ipmanager
2024-01-29 17:44:55,282 [INFO] PluginManage:359 - Loaded plugin ipmanager (category:base,tabindex:5)
2024-01-29 17:44:55,282 [INFO] PluginManage:310 - Check plugin lpbam
2024-01-29 17:44:55,289 [INFO] PluginManage:359 - Loaded plugin lpbam (category:base,tabindex:0)
2024-01-29 17:44:55,289 [INFO] PluginManage:310 - Check plugin memorymap
2024-01-29 17:44:55,300 [INFO] PluginManage:359 - Loaded plugin memorymap (category:base,tabindex:4)
2024-01-29 17:44:55,300 [INFO] PluginManage:310 - Check plugin pinoutandconfiguration
2024-01-29 17:44:55,305 [INFO] PluginManage:359 - Loaded plugin pinoutandconfiguration (category:base,tabindex:1)
2024-01-29 17:44:55,305 [INFO] PluginManage:310 - Check plugin pinoutconfig
2024-01-29 17:44:55,378 [WARN] SupportedApi:132 - Cannot load RTOS API schema: s4s-elt-must-match.1: The content of 'definitions' must match (annotation?, (simpleType | complexType)?, (unique | key | keyref)*)). A problem was found starting at: attribute.
2024-01-29 17:44:55,484 [INFO] PluginManage:359 - Loaded plugin pinoutconfig (category:base,tabindex:0)
2024-01-29 17:44:55,484 [INFO] PluginManage:310 - Check plugin power
2024-01-29 17:44:55,493 [INFO] PluginManage:359 - Loaded plugin power (category:power,tabindex:4)
2024-01-29 17:44:55,494 [INFO] PluginManage:310 - Check plugin projectmanager
2024-01-29 17:44:55,508 [INFO] PluginManage:359 - Loaded plugin projectmanager (category:projectmanager,tabindex:3)
2024-01-29 17:44:55,508 [INFO] PluginManage:310 - Check plugin thirdparty
2024-01-29 17:44:55,605 [INFO] PluginManage:359 - Loaded plugin thirdparty (category:base,tabindex:-1)
2024-01-29 17:44:55,605 [WARN] IntegrityCheckThread:84 - waiting for thirdparty lock release [integrity check]
2024-01-29 17:44:55,605 [INFO] PluginManage:310 - Check plugin tools
2024-01-29 17:44:55,605 [INFO] IntegrityCheckThread:86 - entering critical section [integrity check]
2024-01-29 17:44:55,606 [INFO] ThirdPartyUpdaterWithRetryManager:70 - Updater plugin not ready yet. [1/15]
2024-01-29 17:44:55,607 [INFO] PluginManage:359 - Loaded plugin tools (category:base,tabindex:7)
2024-01-29 17:44:55,607 [INFO] PluginManage:310 - Check plugin tutovideos
2024-01-29 17:44:55,819 [INFO] PluginManage:359 - Loaded plugin tutovideos (category:base,tabindex:-1)
2024-01-29 17:44:55,819 [INFO] PluginManage:310 - Check plugin updater
2024-01-29 17:44:55,829 [INFO] PluginManage:359 - Loaded plugin updater (category:base,tabindex:12)
2024-01-29 17:44:55,829 [INFO] PluginManage:310 - Check plugin userauth
2024-01-29 17:44:55,847 [INFO] UserAuth:114 - Init User Auth plugin
2024-01-29 17:44:55,848 [INFO] PluginManage:359 - Loaded plugin userauth (category:base,tabindex:14)
2024-01-29 17:44:55,848 [INFO] PluginManage:283 - PluginManage : Loaded plugins [17]
2024-01-29 17:44:56,082 [INFO] PinOutPanel:1499 - setPackage(No Configuration,No Configuration)
2024-01-29 17:44:56,198 [INFO] CADModel:165 - CPN selected for project level
2024-01-29 17:44:56,198 [INFO] CADModel:114 - Register for checkConnection events
2024-01-29 17:44:56,220 [INFO] IPUIPlugin:80 - create IPUIPlugin
2024-01-29 17:44:56,220 [INFO] PluginManager:220 - loadIPPluginJar : add adc
2024-01-29 17:44:56,223 [INFO] IPUIPlugin:80 - create IPUIPlugin
2024-01-29 17:44:56,223 [INFO] PluginManager:220 - loadIPPluginJar : add aes
2024-01-29 17:44:56,225 [INFO] IPUIPlugin:80 - create IPUIPlugin
2024-01-29 17:44:56,225 [INFO] PluginManager:220 - loadIPPluginJar : add can
2024-01-29 17:44:56,227 [INFO] IPUIPlugin:80 - create IPUIPlugin
2024-01-29 17:44:56,227 [INFO] PluginManager:220 - loadIPPluginJar : add comp
2024-01-29 17:44:56,230 [INFO] IPUIPlugin:80 - create IPUIPlugin
2024-01-29 17:44:56,230 [INFO] PluginManager:220 - loadIPPluginJar : add cryp
2024-01-29 17:44:56,233 [INFO] IPUIPlugin:80 - create IPUIPlugin
2024-01-29 17:44:56,233 [INFO] PluginManager:220 - loadIPPluginJar : add dfsdm
2024-01-29 17:44:56,241 [INFO] IPUIPlugin:80 - create IPUIPlugin
2024-01-29 17:44:56,241 [INFO] PluginManager:220 - loadIPPluginJar : add dma
2024-01-29 17:44:56,245 [INFO] IPUIPlugin:80 - create IPUIPlugin
2024-01-29 17:44:56,245 [INFO] PluginManager:220 - loadIPPluginJar : add dma3
2024-01-29 17:44:56,246 [INFO] IPUIPlugin:80 - create IPUIPlugin
2024-01-29 17:44:56,247 [INFO] PluginManager:220 - loadIPPluginJar : add fatfs
2024-01-29 17:44:56,250 [INFO] IPUIPlugin:80 - create IPUIPlugin
2024-01-29 17:44:56,250 [INFO] PluginManager:220 - loadIPPluginJar : add fmc
2024-01-29 17:44:56,255 [INFO] IPUIPlugin:80 - create IPUIPlugin
2024-01-29 17:44:56,255 [INFO] PluginManager:220 - loadIPPluginJar : add freertos
2024-01-29 17:44:56,257 [INFO] IPUIPlugin:80 - create IPUIPlugin
2024-01-29 17:44:56,257 [INFO] PluginManager:220 - loadIPPluginJar : add genericplugin
2024-01-29 17:44:56,259 [INFO] IPUIPlugin:80 - create IPUIPlugin
2024-01-29 17:44:56,259 [INFO] PluginManager:220 - loadIPPluginJar : add gfxmmu
2024-01-29 17:44:56,264 [INFO] IPUIPlugin:80 - create IPUIPlugin
2024-01-29 17:44:56,264 [INFO] PluginManager:220 - loadIPPluginJar : add gic
2024-01-29 17:44:56,268 [INFO] IPUIPlugin:80 - create IPUIPlugin
2024-01-29 17:44:56,268 [INFO] PluginManager:220 - loadIPPluginJar : add gpio
2024-01-29 17:44:56,271 [INFO] IPUIPlugin:80 - create IPUIPlugin
2024-01-29 17:44:56,271 [INFO] PluginManager:220 - loadIPPluginJar : add gtzc
2024-01-29 17:44:56,273 [INFO] IPUIPlugin:80 - create IPUIPlugin
2024-01-29 17:44:56,273 [INFO] PluginManager:220 - loadIPPluginJar : add hash
2024-01-29 17:44:56,276 [INFO] IPUIPlugin:80 - create IPUIPlugin
2024-01-29 17:44:56,276 [INFO] PluginManager:220 - loadIPPluginJar : add i2c
2024-01-29 17:44:56,278 [INFO] IPUIPlugin:80 - create IPUIPlugin
2024-01-29 17:44:56,278 [INFO] PluginManager:220 - loadIPPluginJar : add i2s
2024-01-29 17:44:56,281 [INFO] IPUIPlugin:80 - create IPUIPlugin
2024-01-29 17:44:56,282 [INFO] PluginManager:220 - loadIPPluginJar : add i3c
2024-01-29 17:44:56,285 [INFO] IPUIPlugin:80 - create IPUIPlugin
2024-01-29 17:44:56,285 [INFO] PluginManager:220 - loadIPPluginJar : add ipddr
2024-01-29 17:44:56,291 [INFO] IPUIPlugin:80 - create IPUIPlugin
2024-01-29 17:44:56,291 [INFO] PluginManager:220 - loadIPPluginJar : add linkedlist
2024-01-29 17:44:56,293 [INFO] IPUIPlugin:80 - create IPUIPlugin
2024-01-29 17:44:56,293 [INFO] PluginManager:220 - loadIPPluginJar : add lorawan
2024-01-29 17:44:56,295 [INFO] IPUIPlugin:80 - create IPUIPlugin
2024-01-29 17:44:56,295 [INFO] PluginManager:220 - loadIPPluginJar : add ltdc
2024-01-29 17:44:56,301 [INFO] IPUIPlugin:80 - create IPUIPlugin
2024-01-29 17:44:56,301 [INFO] PluginManager:220 - loadIPPluginJar : add mdma
2024-01-29 17:44:56,304 [INFO] IPUIPlugin:80 - create IPUIPlugin
2024-01-29 17:44:56,304 [INFO] PluginManager:220 - loadIPPluginJar : add nvic
2024-01-29 17:44:56,306 [INFO] IPUIPlugin:80 - create IPUIPlugin
2024-01-29 17:44:56,306 [INFO] PluginManager:220 - loadIPPluginJar : add opamp
2024-01-29 17:44:56,308 [INFO] IPUIPlugin:80 - create IPUIPlugin
2024-01-29 17:44:56,308 [INFO] PluginManager:220 - loadIPPluginJar : add openamp
2024-01-29 17:44:56,310 [INFO] IPUIPlugin:80 - create IPUIPlugin
2024-01-29 17:44:56,310 [INFO] PluginManager:220 - loadIPPluginJar : add pdm2pcm
2024-01-29 17:44:56,315 [INFO] IPUIPlugin:80 - create IPUIPlugin
2024-01-29 17:44:56,318 [INFO] PluginManager:220 - loadIPPluginJar : add plateformsettings
2024-01-29 17:44:56,320 [INFO] IPUIPlugin:80 - create IPUIPlugin
2024-01-29 17:44:56,320 [INFO] PluginManager:220 - loadIPPluginJar : add quadspi
2024-01-29 17:44:56,322 [INFO] IPUIPlugin:80 - create IPUIPlugin
2024-01-29 17:44:56,322 [INFO] PluginManager:220 - loadIPPluginJar : add resmgrutility
2024-01-29 17:44:56,324 [INFO] IPUIPlugin:80 - create IPUIPlugin
2024-01-29 17:44:56,324 [INFO] PluginManager:220 - loadIPPluginJar : add sai
2024-01-29 17:44:56,326 [INFO] IPUIPlugin:80 - create IPUIPlugin
2024-01-29 17:44:56,326 [INFO] PluginManager:220 - loadIPPluginJar : add spi
2024-01-29 17:44:56,330 [INFO] IPUIPlugin:80 - create IPUIPlugin
2024-01-29 17:44:56,331 [INFO] PluginManager:220 - loadIPPluginJar : add stm32_wpan
2024-01-29 17:44:56,332 [INFO] IPUIPlugin:80 - create IPUIPlugin
2024-01-29 17:44:56,332 [INFO] PluginManager:220 - loadIPPluginJar : add tim
2024-01-29 17:44:56,335 [INFO] IPUIPlugin:80 - create IPUIPlugin
2024-01-29 17:44:56,335 [INFO] PluginManager:220 - loadIPPluginJar : add touchsensing
2024-01-29 17:44:56,337 [INFO] IPUIPlugin:80 - create IPUIPlugin
2024-01-29 17:44:56,337 [INFO] PluginManager:220 - loadIPPluginJar : add tracer_emb
2024-01-29 17:44:56,339 [INFO] IPUIPlugin:80 - create IPUIPlugin
2024-01-29 17:44:56,339 [INFO] PluginManager:220 - loadIPPluginJar : add ts
2024-01-29 17:44:56,340 [INFO] IPUIPlugin:80 - create IPUIPlugin
2024-01-29 17:44:56,340 [INFO] PluginManager:220 - loadIPPluginJar : add tsc
2024-01-29 17:44:56,342 [INFO] IPUIPlugin:80 - create IPUIPlugin
2024-01-29 17:44:56,342 [INFO] PluginManager:220 - loadIPPluginJar : add ucpd
2024-01-29 17:44:56,344 [INFO] IPUIPlugin:80 - create IPUIPlugin
2024-01-29 17:44:56,344 [INFO] PluginManager:220 - loadIPPluginJar : add usart
2024-01-29 17:44:56,348 [INFO] IPUIPlugin:80 - create IPUIPlugin
2024-01-29 17:44:56,348 [INFO] PluginManager:220 - loadIPPluginJar : add usbx
2024-01-29 17:44:56,471 [INFO] CADModel:165 - CPN selected for project level
2024-01-29 17:44:56,471 [INFO] CADModel:114 - Register for checkConnection events
2024-01-29 17:44:56,471 [FATAL] Updater:308 - Updater called before beeing initialized
2024-01-29 17:44:56,471 [ERROR] CADModel:125 - Updater not yet initialized, retry later 
2024-01-29 17:44:56,583 [INFO] CADModel:165 - CPN selected for project level
2024-01-29 17:44:56,583 [INFO] CADModel:114 - Register for checkConnection events
2024-01-29 17:44:56,583 [FATAL] Updater:308 - Updater called before beeing initialized
2024-01-29 17:44:56,583 [ERROR] CADModel:125 - Updater not yet initialized, retry later 
2024-01-29 17:44:56,586 [FATAL] Updater:308 - Updater called before beeing initialized
2024-01-29 17:44:56,692 [FATAL] Updater:308 - Updater called before beeing initialized
2024-01-29 17:44:56,696 [INFO] DbMcusAds:53 - JSON generation date=Wed Nov 29 17:52:27 ICT 2023 (1701255147349)
2024-01-29 17:44:56,696 [FATAL] Updater:308 - Updater called before beeing initialized
2024-01-29 17:44:56,724 [WARN] DetailPanel:346 - Failed to get advertising image, set to default
2024-01-29 17:44:56,808 [FATAL] Updater:308 - Updater called before beeing initialized
2024-01-29 17:44:56,821 [FATAL] Updater:308 - Updater called before beeing initialized
2024-01-29 17:44:56,821 [FATAL] Updater:308 - Updater called before beeing initialized
2024-01-29 17:44:56,821 [WARN] DetailPanel:346 - Failed to get advertising image, set to default
2024-01-29 17:44:56,822 [FATAL] Updater:308 - Updater called before beeing initialized
2024-01-29 17:44:56,884 [ERROR] Updater:1120 - MainUpdater not yet initialized. External WinMGr cannot be set.
2024-01-29 17:44:56,887 [INFO] Updater:1056 - Updater Version found : 6.10.0
2024-01-29 17:44:56,906 [INFO] ApplicationProperties:184 - Using Application install path: G:\stm32cubeide\stm32cubeide114\STM32CubeIDE_1.14.0\STM32CubeIDE\plugins\com.st.stm32cube.common.mx_6.10.0.202311202037
2024-01-29 17:44:57,088 [INFO] MainUpdater:2873 - connection check result : 22
2024-01-29 17:44:57,089 [INFO] MainUpdater:290 - Updater Check For Update Now.
2024-01-29 17:44:57,089 [INFO] MicroXplorer:498 - Change Database Version : DB.6.0.100
2024-01-29 17:44:57,095 [INFO] McuFinderGlobals:63 - Set McuFinder mode to 2 (CubeIDE integrated)
2024-01-29 17:44:57,137 [INFO] UserAuth:404 - Internet connection configuration mode: 2
2024-01-29 17:44:57,270 [INFO] CheckServerUpdateThread:120 - End of CheckServer Thread
2024-01-29 17:44:58,786 [WARN] PackLoader:240 - Cannot read IP mode file for STMicroelectronics.X-CUBE-SMBUS.2.1.0
2024-01-29 17:44:58,796 [WARN] PackLoader:240 - Cannot read IP mode file for STMicroelectronics.X-CUBE-TOUCHGFX.4.23.0
2024-01-29 17:44:58,829 [WARN] PackLoader:240 - Cannot read IP mode file for STMicroelectronics.X-CUBE-AZRTOS-F7.1.1.0
2024-01-29 17:44:58,859 [WARN] PackLoader:240 - Cannot read IP mode file for STMicroelectronics.FP-SNS-MOTENV1.4.3.2
2024-01-29 17:44:58,869 [WARN] PackLoader:240 - Cannot read IP mode file for STMicroelectronics.FP-SNS-FLIGHT1.5.0.2
2024-01-29 17:44:58,882 [WARN] PackLoader:240 - Cannot read IP mode file for STMicroelectronics.X-CUBE-DISPLAY.3.0.0
2024-01-29 17:44:58,903 [WARN] PackLoader:240 - Cannot read IP mode file for STMicroelectronics.X-CUBE-BLE1.7.0.0
2024-01-29 17:44:58,912 [WARN] PackLoader:240 - Cannot read IP mode file for emotas.I-CUBE-CANOPEN.1.3.0
2024-01-29 17:44:58,917 [WARN] PackLoader:240 - Cannot read IP mode file for STMicroelectronics.X-CUBE-TOUCHGFX.4.22.1
2024-01-29 17:44:58,925 [WARN] PackLoader:240 - Cannot read IP mode file for STMicroelectronics.FP-SNS-SMARTAG2.1.2.0
2024-01-29 17:44:58,939 [INFO] LogOutputStream:77 - [STDOUT_REDIRECT] 1 : Invalid condition id : UX_CORESTACK_Condition cause : null
2024-01-29 17:44:58,940 [INFO] LogOutputStream:77 - [STDOUT_REDIRECT] 1 : Invalid condition id : UX_CORESTACK_Condition cause : null
2024-01-29 17:44:58,941 [INFO] LogOutputStream:77 - [STDOUT_REDIRECT] 1 : Invalid condition id : UX_CORESTACK_Condition cause : null
2024-01-29 17:44:58,943 [INFO] LogOutputStream:77 - [STDOUT_REDIRECT] 1 : Invalid condition id : UX_CORESTACK_Condition cause : null
2024-01-29 17:44:58,944 [INFO] LogOutputStream:77 - [STDOUT_REDIRECT] 1 : Invalid condition id : UX_CORESTACK_Condition cause : null
2024-01-29 17:44:58,949 [WARN] PackLoader:240 - Cannot read IP mode file for STMicroelectronics.X-CUBE-AZRTOS-WL.2.0.0
2024-01-29 17:44:58,964 [WARN] PackLoader:240 - Cannot read IP mode file for WES.I-CUBE-Cesium.1.3.0
2024-01-29 17:44:58,972 [WARN] PackLoader:240 - Cannot read IP mode file for STMicroelectronics.X-CUBE-BLE2.3.3.0
2024-01-29 17:44:58,980 [WARN] PackLoader:240 - Cannot read IP mode file for STMicroelectronics.X-CUBE-ALGOBUILD.1.3.0
2024-01-29 17:44:59,003 [WARN] PackLoader:240 - Cannot read IP mode file for STMicroelectronics.X-CUBE-AZRTOS-G0.1.1.0
2024-01-29 17:44:59,016 [WARN] PackLoader:240 - Cannot read IP mode file for STMicroelectronics.X-CUBE-NFC4.3.0.0
2024-01-29 17:44:59,029 [WARN] PackLoader:240 - Cannot read IP mode file for STMicroelectronics.X-CUBE-BLEMGR.3.0.0
2024-01-29 17:44:59,037 [WARN] PackLoader:240 - Cannot read IP mode file for STMicroelectronics.FP-ATR-SIGFOX1.3.2.0
2024-01-29 17:44:59,044 [WARN] PackLoader:240 - Cannot read IP mode file for STMicroelectronics.X-CUBE-EEPRMA1.5.1.0
2024-01-29 17:44:59,076 [WARN] PackLoader:240 - Cannot read IP mode file for SEGGER.I-CUBE-embOS.1.3.1
2024-01-29 17:44:59,117 [WARN] PackLoader:240 - Cannot read IP mode file for STMicroelectronics.X-CUBE-GNSS1.6.0.0
2024-01-29 17:44:59,140 [WARN] PackLoader:240 - Cannot read IP mode file for STMicroelectronics.X-CUBE-AZRTOS-F4.1.1.0
2024-01-29 17:44:59,161 [WARN] PackLoader:240 - Cannot read IP mode file for wolfSSL.I-CUBE-wolfSSL.5.6.3
2024-01-29 17:44:59,186 [WARN] PackLoader:240 - Cannot read IP mode file for STMicroelectronics.X-CUBE-AZRTOS-L5.2.0.0
2024-01-29 17:44:59,241 [WARN] PackLoader:240 - Cannot read IP mode file for STMicroelectronics.X-CUBE-MEMS1.9.6.0
2024-01-29 17:44:59,430 [WARN] PackLoader:240 - Cannot read IP mode file for STMicroelectronics.X-CUBE-EEPRMA1.4.2.0
2024-01-29 17:44:59,439 [WARN] PackLoader:240 - Cannot read IP mode file for ITTIA_DB.I-CUBE-ITTIADB.8.8.0
2024-01-29 17:44:59,446 [WARN] PackLoader:240 - Cannot read IP mode file for STMicroelectronics.X-CUBE-BLEMGR.2.0.0
2024-01-29 17:44:59,468 [WARN] ConditionMgr:438 - getConditionDescription Invalid condition id : UX DEVICE CLASS RTOS Condition cause : null
2024-01-29 17:44:59,469 [WARN] ConditionMgr:438 - getConditionDescription Invalid condition id : UX DEVICE CLASS RTOS Condition cause : null
2024-01-29 17:44:59,472 [WARN] PackLoader:240 - Cannot read IP mode file for STMicroelectronics.X-CUBE-AZRTOS-H7.3.1.0
2024-01-29 17:44:59,473 [WARN] ConditionMgr:1039 - genDependencies : Invalid condition id : UX DEVICE CLASS RTOS Condition cause : null
2024-01-29 17:44:59,473 [WARN] ConditionMgr:1039 - genDependencies : Invalid condition id : UX DEVICE CLASS RTOS Condition cause : null
2024-01-29 17:44:59,474 [WARN] ConditionMgr:1039 - genDependencies : Invalid condition id : UX DEVICE CLASS RTOS Condition cause : null
2024-01-29 17:44:59,475 [WARN] ConditionMgr:1039 - genDependencies : Invalid condition id : UX DEVICE CLASS RTOS Condition cause : null
2024-01-29 17:44:59,475 [WARN] ConditionMgr:1039 - genDependencies : Invalid condition id : UX DEVICE CLASS RTOS Condition cause : null
2024-01-29 17:44:59,484 [WARN] PackLoader:240 - Cannot read IP mode file for STMicroelectronics.X-CUBE-NFC7.1.0.1
2024-01-29 17:44:59,493 [WARN] PackLoader:240 - Cannot read IP mode file for STMicroelectronics.X-CUBE-NFC6.3.0.0
2024-01-29 17:44:59,500 [WARN] PackLoader:240 - Cannot read IP mode file for STMicroelectronics.X-CUBE-EEPRMA1.4.1.0
2024-01-29 17:44:59,506 [WARN] PackLoader:240 - Cannot read IP mode file for STMicroelectronics.X-CUBE-AI.8.1.0
2024-01-29 17:44:59,548 [WARN] ConditionMgr:438 - getConditionDescription Invalid condition id : LAN8742 Phy interface Condition cause : null
2024-01-29 17:44:59,549 [WARN] PackLoader:240 - Cannot read IP mode file for STMicroelectronics.X-CUBE-AZRTOS-L4.2.0.0
2024-01-29 17:44:59,551 [WARN] ConditionMgr:1039 - genDependencies : Invalid condition id : LAN8742 Phy interface Condition cause : null
2024-01-29 17:44:59,552 [WARN] ConditionMgr:1039 - genDependencies : Invalid condition id : LAN8742 Phy interface Condition cause : null
2024-01-29 17:44:59,552 [WARN] ConditionMgr:1039 - genDependencies : Invalid condition id : LAN8742 Phy interface Condition cause : null
2024-01-29 17:44:59,566 [WARN] PackLoader:240 - Cannot read IP mode file for STMicroelectronics.X-CUBE-SFXS2LP1.4.0.0
2024-01-29 17:44:59,573 [WARN] PackLoader:240 - Cannot read IP mode file for STMicroelectronics.X-CUBE-ISPU.1.1.0
2024-01-29 17:44:59,598 [WARN] ConditionMgr:438 - getConditionDescription Invalid condition id : UX DEVICE CLASS RTOS Condition cause : null
2024-01-29 17:44:59,598 [WARN] ConditionMgr:438 - getConditionDescription Invalid condition id : UX DEVICE CLASS RTOS Condition cause : null
2024-01-29 17:44:59,602 [WARN] PackLoader:240 - Cannot read IP mode file for STMicroelectronics.X-CUBE-AZRTOS-WB.2.0.0
2024-01-29 17:44:59,603 [WARN] ConditionMgr:1039 - genDependencies : Invalid condition id : UX DEVICE CLASS RTOS Condition cause : null
2024-01-29 17:44:59,603 [WARN] ConditionMgr:1039 - genDependencies : Invalid condition id : UX DEVICE CLASS RTOS Condition cause : null
2024-01-29 17:44:59,604 [WARN] ConditionMgr:1039 - genDependencies : Invalid condition id : UX DEVICE CLASS RTOS Condition cause : null
2024-01-29 17:44:59,604 [WARN] ConditionMgr:1039 - genDependencies : Invalid condition id : UX DEVICE CLASS RTOS Condition cause : null
2024-01-29 17:44:59,604 [WARN] ConditionMgr:1039 - genDependencies : Invalid condition id : UX DEVICE CLASS RTOS Condition cause : null
2024-01-29 17:44:59,614 [WARN] PackLoader:240 - Cannot read IP mode file for STMicroelectronics.X-CUBE-SUBG2.5.0.0
2024-01-29 17:44:59,633 [WARN] PackLoader:240 - Cannot read IP mode file for STMicroelectronics.X-CUBE-TOF1.3.3.1
2024-01-29 17:44:59,669 [WARN] PackLoader:240 - Cannot read IP mode file for STMicroelectronics.X-CUBE-AZRTOS-G4.2.0.0
2024-01-29 17:44:59,697 [WARN] PackLoader:240 - Cannot read IP mode file for Infineon.AIROC-Wi-Fi-Bluetooth-STM32.1.5.1
2024-01-29 17:44:59,709 [WARN] PackLoader:240 - Cannot read IP mode file for STMicroelectronics.FP-SNS-MOTENVWB1.1.3.0
2024-01-29 17:44:59,714 [WARN] PackLoader:240 - Cannot read IP mode file for STMicroelectronics.FP-SNS-MOTENVWB1.1.3.1
2024-01-29 17:44:59,718 [WARN] PackLoader:240 - Cannot read IP mode file for STMicroelectronics.X-CUBE-ISPU.2.0.0
2024-01-29 17:44:59,754 [WARN] PackLoader:240 - Cannot read IP mode file for STMicroelectronics.X-CUBE-MEMS1.10.0.0
2024-01-29 17:44:59,926 [WARN] PackLoader:240 - Cannot read IP mode file for STMicroelectronics.X-CUBE-FREERTOS.1.1.0
2024-01-29 17:44:59,933 [WARN] PackLoader:240 - Cannot read IP mode file for portGmbH.I-Cube-SoM-uGOAL.1.1.0
2024-01-29 17:44:59,940 [WARN] PackLoader:240 - Cannot read IP mode file for STMicroelectronics.X-CUBE-ALS.1.0.1
2024-01-29 17:44:59,946 [WARN] PackLoader:240 - Cannot read IP mode file for STMicroelectronics.FP-ATR-ASTRA1.2.0.0
2024-01-29 17:44:59,966 [WARN] PackLoader:240 - Cannot read IP mode file for STMicroelectronics.X-CUBE-TOF1.3.4.0
2024-01-29 17:45:00,008 [WARN] PackLoader:240 - Cannot read IP mode file for STMicroelectronics.X-CUBE-AZRTOS-H7.3.2.0
2024-01-29 17:45:00,013 [INFO] ThirdParty:978 - Integrity check success = true
2024-01-29 17:45:00,013 [INFO] IntegrityCheckThread:100 - exiting critical section [integrity check]
2024-01-29 17:45:00,014 [INFO] IntegrityCheckThread:103 - End integrity checks thread
2024-01-29 17:45:00,977 [ERROR] ConfigurationRetriever:142 - IOException on connection: sw-center.st.com
2024-01-29 17:45:00,978 [ERROR] ConfigurationRetriever:142 - IOException on connection: sw-center.st.com
2024-01-29 17:45:00,978 [ERROR] ConfigurationRetriever:142 - IOException on connection: sw-center.st.com
2024-01-29 17:45:02,176 [ERROR] ConfigurationRetriever:142 - IOException on connection: sw-center.st.com
2024-01-29 17:45:02,177 [ERROR] ConfigurationRetriever:142 - IOException on connection: sw-center.st.com
2024-01-29 17:45:02,177 [ERROR] ConfigurationRetriever:142 - IOException on connection: sw-center.st.com
2024-01-29 17:45:17,624 [ERROR] LogOutputStream:75 - [STDERR_REDIRECT] SLF4J: Failed to load class "org.slf4j.impl.StaticLoggerBinder".
2024-01-29 17:45:17,624 [ERROR] LogOutputStream:75 - [STDERR_REDIRECT] SLF4J: Defaulting to no-operation (NOP) logger implementation
2024-01-29 17:45:17,625 [ERROR] LogOutputStream:75 - [STDERR_REDIRECT] SLF4J: See http://www.slf4j.org/codes.html#StaticLoggerBinder for further details.
2024-01-29 17:45:22,730 [ERROR] ConfigurationRetriever:142 - IOException on connection: sw-center.st.com
2024-01-29 17:45:22,731 [ERROR] ConfigurationRetriever:142 - IOException on connection: sw-center.st.com
2024-01-29 17:45:22,732 [ERROR] ConfigurationRetriever:142 - IOException on connection: sw-center.st.com
2024-01-29 17:45:24,373 [ERROR] ConfigurationRetriever:142 - IOException on connection: sw-center.st.com
2024-01-29 17:45:24,374 [ERROR] ConfigurationRetriever:142 - IOException on connection: sw-center.st.com
2024-01-29 17:45:24,374 [ERROR] ConfigurationRetriever:142 - IOException on connection: sw-center.st.com
