2024-04-04 15:44:19,856 [INFO] Activator:176 - 


2024-04-04 15:44:19,861 [INFO] Activator:177 - !SESSION log4j initialized
2024-04-04 15:44:25,682 [INFO] LogOutputStream:77 - [STDOUT_REDIRECT] 
2024-04-04 15:44:32,130 [INFO] ApplicationProperties:184 - Using Application install path: G:\stm32cubeide\stm32cubeide114\STM32CubeIDE_1.14.0\STM32CubeIDE\plugins\com.st.stm32cube.common.mx_6.10.0.202311202037
2024-04-04 15:44:32,147 [INFO] DbMcusXml:78 - Set database path to: G:\stm32cubeide\stm32cubeide114\STM32CubeIDE_1.14.0\STM32CubeIDE\plugins\com.st.stm32cube.common.mx_6.10.0.202311202037\\db\/mcu/
2024-04-04 15:44:32,147 [INFO] ApiDb:274 - Set plugin database path to: G:\stm32cubeide\stm32cubeide114\STM32CubeIDE_1.14.0\STM32CubeIDE\plugins\com.st.stm32cube.common.mx_6.10.0.202311202037\\db\/plugins/boardmanager/
2024-04-04 15:44:32,148 [WARN] ApiDb:259 - Overriding images path with different value:  => G:\stm32cubeide\stm32cubeide114\STM32CubeIDE_1.14.0\STM32CubeIDE\plugins\com.st.stm32cube.common.mx_6.10.0.202311202037\\db\/plugins/mcufinder/images/
2024-04-04 15:44:32,159 [INFO] ApiDb:250 - Set database path to: C:\Users\Nghia\.stmcufinder\plugins\mcufinder//mcu/
2024-04-04 15:44:32,161 [INFO] DbMcusAds:125 - Set database path to: C:\Users\Nghia\.stmcufinder\plugins\mcufinder//mcu/
2024-04-04 15:44:32,162 [INFO] CrossReferenceDbSqlite:203 - Set database path to: C:\Users\Nghia\.stmcufinder\plugins\mcufinder//mcu/cs/
2024-04-04 15:44:32,267 [INFO] RulesReader:64 - Compatibility file has been processed (297 Rules)
2024-04-04 15:44:32,343 [INFO] DbMcusXml:78 - Set database path to: G:\stm32cubeide\stm32cubeide114\STM32CubeIDE_1.14.0\STM32CubeIDE\plugins\com.st.stm32cube.common.mx_6.10.0.202311202037\\db\/mcu/
2024-04-04 15:44:32,343 [INFO] ApiDb:274 - Set plugin database path to: G:\stm32cubeide\stm32cubeide114\STM32CubeIDE_1.14.0\STM32CubeIDE\plugins\com.st.stm32cube.common.mx_6.10.0.202311202037\\db\/plugins/boardmanager/
2024-04-04 15:44:32,343 [INFO] ApiDb:261 - Set plugin images path to: G:\stm32cubeide\stm32cubeide114\STM32CubeIDE_1.14.0\STM32CubeIDE\plugins\com.st.stm32cube.common.mx_6.10.0.202311202037\\db\/plugins/mcufinder/images/
2024-04-04 15:44:32,343 [WARN] DbFile:41 - Overriding database path with different value: C:\Users\Nghia\.stmcufinder\plugins\mcufinder/ => C:\Users\Nghia\.stmcufinder\plugins\mcufinder
2024-04-04 15:44:32,344 [INFO] ApiDb:250 - Set database path to: C:\Users\Nghia\.stmcufinder\plugins\mcufinder//mcu/
2024-04-04 15:44:32,344 [WARN] DbFile:41 - Overriding database path with different value: C:\Users\Nghia\.stmcufinder\plugins\mcufinder/ => C:\Users\Nghia\.stmcufinder\plugins\mcufinder
2024-04-04 15:44:32,344 [INFO] DbMcusAds:125 - Set database path to: C:\Users\Nghia\.stmcufinder\plugins\mcufinder//mcu/
2024-04-04 15:44:32,344 [WARN] DbFile:41 - Overriding database path with different value: C:\Users\Nghia\.stmcufinder\plugins\mcufinder/ => C:\Users\Nghia\.stmcufinder\plugins\mcufinder
2024-04-04 15:44:32,344 [WARN] DbFile:41 - Overriding database path with different value: C:\Users\Nghia\.stmcufinder\plugins\mcufinder/ => C:\Users\Nghia\.stmcufinder\plugins\mcufinder
2024-04-04 15:44:32,344 [INFO] CrossReferenceDbSqlite:203 - Set database path to: C:\Users\Nghia\.stmcufinder\plugins\mcufinder//mcu/cs/
2024-04-04 15:44:32,420 [INFO] MainPanel:264 - HeapMemory: 268435456
2024-04-04 15:44:32,502 [INFO] DbMcusXml:78 - Set database path to: G:\stm32cubeide\stm32cubeide114\STM32CubeIDE_1.14.0\STM32CubeIDE\plugins\com.st.stm32cube.common.mx_6.10.0.202311202037\\db\/mcu/
2024-04-04 15:44:32,502 [INFO] ApiDb:274 - Set plugin database path to: G:\stm32cubeide\stm32cubeide114\STM32CubeIDE_1.14.0\STM32CubeIDE\plugins\com.st.stm32cube.common.mx_6.10.0.202311202037\\db\/plugins/boardmanager/
2024-04-04 15:44:32,503 [INFO] ApiDb:261 - Set plugin images path to: G:\stm32cubeide\stm32cubeide114\STM32CubeIDE_1.14.0\STM32CubeIDE\plugins\com.st.stm32cube.common.mx_6.10.0.202311202037\\db\/plugins/mcufinder/images/
2024-04-04 15:44:32,503 [WARN] DbFile:41 - Overriding database path with different value: C:\Users\Nghia\.stmcufinder\plugins\mcufinder/ => C:\Users\Nghia\.stmcufinder\plugins\mcufinder
2024-04-04 15:44:32,503 [INFO] ApiDb:250 - Set database path to: C:\Users\Nghia\.stmcufinder\plugins\mcufinder//mcu/
2024-04-04 15:44:32,503 [WARN] DbFile:41 - Overriding database path with different value: C:\Users\Nghia\.stmcufinder\plugins\mcufinder/ => C:\Users\Nghia\.stmcufinder\plugins\mcufinder
2024-04-04 15:44:32,503 [INFO] DbMcusAds:125 - Set database path to: C:\Users\Nghia\.stmcufinder\plugins\mcufinder//mcu/
2024-04-04 15:44:32,503 [WARN] DbFile:41 - Overriding database path with different value: C:\Users\Nghia\.stmcufinder\plugins\mcufinder/ => C:\Users\Nghia\.stmcufinder\plugins\mcufinder
2024-04-04 15:44:32,503 [WARN] DbFile:41 - Overriding database path with different value: C:\Users\Nghia\.stmcufinder\plugins\mcufinder/ => C:\Users\Nghia\.stmcufinder\plugins\mcufinder
2024-04-04 15:44:32,503 [INFO] CrossReferenceDbSqlite:203 - Set database path to: C:\Users\Nghia\.stmcufinder\plugins\mcufinder//mcu/cs/
2024-04-04 15:44:32,522 [INFO] ApplicationProperties:184 - Using Application install path: G:\stm32cubeide\stm32cubeide114\STM32CubeIDE_1.14.0\STM32CubeIDE\plugins\com.st.stm32cube.common.mx_6.10.0.202311202037
2024-04-04 15:44:32,524 [INFO] PluginManage:196 - Search for loadable plugins [exclusion list=, ]
2024-04-04 15:44:32,526 [INFO] PluginManage:310 - Check plugin analytics
2024-04-04 15:44:37,585 [INFO] AnalyticsPlugin:253 - Accepted Software Licenses: STM32CubeMX.6.8.0,STM32CubeMX.6.1.1
2024-04-04 15:44:37,585 [INFO] AnalyticsPlugin:255 - Accepted CMSIS Pack Licenses: 
2024-04-04 15:44:37,585 [INFO] AnalyticsPlugin:257 - Accepted Firmware Licenses: FW.F4.1.27.0,FW.F4.1.28.0
2024-04-04 15:44:37,587 [INFO] PluginManage:359 - Loaded plugin analytics (category:tool,tabindex:-1)
2024-04-04 15:44:37,588 [INFO] PluginManage:310 - Check plugin cadmodel
2024-04-04 15:44:37,600 [INFO] CADModel:105 - Init CAD model plugin
2024-04-04 15:44:37,600 [INFO] PluginManage:359 - Loaded plugin cadmodel (category:power,tabindex:5)
2024-04-04 15:44:37,600 [INFO] PluginManage:310 - Check plugin clock
2024-04-04 15:44:37,619 [INFO] PluginManage:359 - Loaded plugin clock (category:base,tabindex:2)
2024-04-04 15:44:37,619 [INFO] PluginManage:310 - Check plugin ddr
2024-04-04 15:44:37,621 [INFO] PluginManage:359 - Loaded plugin ddr (category:tool,tabindex:6)
2024-04-04 15:44:37,622 [INFO] PluginManage:310 - Check plugin filemanager
2024-04-04 15:44:37,747 [INFO] PluginManage:359 - Loaded plugin filemanager (category:base,tabindex:10)
2024-04-04 15:44:37,747 [INFO] PluginManage:310 - Check plugin ipmanager
2024-04-04 15:44:37,754 [INFO] PluginManage:359 - Loaded plugin ipmanager (category:base,tabindex:5)
2024-04-04 15:44:37,754 [INFO] PluginManage:310 - Check plugin lpbam
2024-04-04 15:44:37,768 [INFO] PluginManage:359 - Loaded plugin lpbam (category:base,tabindex:0)
2024-04-04 15:44:37,768 [INFO] PluginManage:310 - Check plugin memorymap
2024-04-04 15:44:37,788 [INFO] PluginManage:359 - Loaded plugin memorymap (category:base,tabindex:4)
2024-04-04 15:44:37,788 [INFO] PluginManage:310 - Check plugin pinoutandconfiguration
2024-04-04 15:44:37,802 [INFO] PluginManage:359 - Loaded plugin pinoutandconfiguration (category:base,tabindex:1)
2024-04-04 15:44:37,802 [INFO] PluginManage:310 - Check plugin pinoutconfig
2024-04-04 15:44:37,882 [WARN] SupportedApi:132 - Cannot load RTOS API schema: s4s-elt-must-match.1: The content of 'definitions' must match (annotation?, (simpleType | complexType)?, (unique | key | keyref)*)). A problem was found starting at: attribute.
2024-04-04 15:44:37,992 [INFO] PluginManage:359 - Loaded plugin pinoutconfig (category:base,tabindex:0)
2024-04-04 15:44:37,992 [INFO] PluginManage:310 - Check plugin power
2024-04-04 15:44:38,010 [INFO] PluginManage:359 - Loaded plugin power (category:power,tabindex:4)
2024-04-04 15:44:38,011 [INFO] PluginManage:310 - Check plugin projectmanager
2024-04-04 15:44:38,024 [INFO] PluginManage:359 - Loaded plugin projectmanager (category:projectmanager,tabindex:3)
2024-04-04 15:44:38,025 [INFO] PluginManage:310 - Check plugin thirdparty
2024-04-04 15:44:38,258 [INFO] PluginManage:359 - Loaded plugin thirdparty (category:base,tabindex:-1)
2024-04-04 15:44:38,258 [WARN] IntegrityCheckThread:84 - waiting for thirdparty lock release [integrity check]
2024-04-04 15:44:38,258 [INFO] PluginManage:310 - Check plugin tools
2024-04-04 15:44:38,258 [INFO] IntegrityCheckThread:86 - entering critical section [integrity check]
2024-04-04 15:44:38,258 [INFO] ThirdPartyUpdaterWithRetryManager:70 - Updater plugin not ready yet. [1/15]
2024-04-04 15:44:38,285 [INFO] PluginManage:359 - Loaded plugin tools (category:base,tabindex:7)
2024-04-04 15:44:38,285 [INFO] PluginManage:310 - Check plugin tutovideos
2024-04-04 15:44:38,473 [INFO] PluginManage:359 - Loaded plugin tutovideos (category:base,tabindex:-1)
2024-04-04 15:44:38,473 [INFO] PluginManage:310 - Check plugin updater
2024-04-04 15:44:38,484 [INFO] PluginManage:359 - Loaded plugin updater (category:base,tabindex:12)
2024-04-04 15:44:38,484 [INFO] PluginManage:310 - Check plugin userauth
2024-04-04 15:44:38,489 [INFO] UserAuth:114 - Init User Auth plugin
2024-04-04 15:44:38,489 [INFO] PluginManage:359 - Loaded plugin userauth (category:base,tabindex:14)
2024-04-04 15:44:38,489 [INFO] PluginManage:283 - PluginManage : Loaded plugins [17]
2024-04-04 15:44:38,685 [INFO] PinOutPanel:1499 - setPackage(No Configuration,No Configuration)
2024-04-04 15:44:38,758 [INFO] CADModel:165 - CPN selected for project level
2024-04-04 15:44:38,758 [INFO] CADModel:114 - Register for checkConnection events
2024-04-04 15:44:38,782 [INFO] IPUIPlugin:80 - create IPUIPlugin
2024-04-04 15:44:38,782 [INFO] PluginManager:220 - loadIPPluginJar : add adc
2024-04-04 15:44:38,816 [INFO] IPUIPlugin:80 - create IPUIPlugin
2024-04-04 15:44:38,816 [INFO] PluginManager:220 - loadIPPluginJar : add aes
2024-04-04 15:44:38,854 [INFO] IPUIPlugin:80 - create IPUIPlugin
2024-04-04 15:44:38,854 [INFO] PluginManager:220 - loadIPPluginJar : add can
2024-04-04 15:44:38,874 [INFO] IPUIPlugin:80 - create IPUIPlugin
2024-04-04 15:44:38,874 [INFO] PluginManager:220 - loadIPPluginJar : add comp
2024-04-04 15:44:38,904 [INFO] IPUIPlugin:80 - create IPUIPlugin
2024-04-04 15:44:38,904 [INFO] PluginManager:220 - loadIPPluginJar : add cryp
2024-04-04 15:44:38,929 [INFO] IPUIPlugin:80 - create IPUIPlugin
2024-04-04 15:44:38,929 [INFO] PluginManager:220 - loadIPPluginJar : add dfsdm
2024-04-04 15:44:38,941 [INFO] IPUIPlugin:80 - create IPUIPlugin
2024-04-04 15:44:38,942 [INFO] PluginManager:220 - loadIPPluginJar : add dma
2024-04-04 15:44:38,978 [INFO] IPUIPlugin:80 - create IPUIPlugin
2024-04-04 15:44:38,978 [INFO] PluginManager:220 - loadIPPluginJar : add dma3
2024-04-04 15:44:38,996 [INFO] IPUIPlugin:80 - create IPUIPlugin
2024-04-04 15:44:38,996 [INFO] PluginManager:220 - loadIPPluginJar : add fatfs
2024-04-04 15:44:39,037 [INFO] IPUIPlugin:80 - create IPUIPlugin
2024-04-04 15:44:39,037 [INFO] PluginManager:220 - loadIPPluginJar : add fmc
2024-04-04 15:44:39,052 [INFO] IPUIPlugin:80 - create IPUIPlugin
2024-04-04 15:44:39,052 [INFO] PluginManager:220 - loadIPPluginJar : add freertos
2024-04-04 15:44:39,070 [INFO] IPUIPlugin:80 - create IPUIPlugin
2024-04-04 15:44:39,070 [INFO] PluginManager:220 - loadIPPluginJar : add genericplugin
2024-04-04 15:44:39,146 [INFO] IPUIPlugin:80 - create IPUIPlugin
2024-04-04 15:44:39,146 [INFO] PluginManager:220 - loadIPPluginJar : add gfxmmu
2024-04-04 15:44:39,250 [INFO] IPUIPlugin:80 - create IPUIPlugin
2024-04-04 15:44:39,250 [INFO] PluginManager:220 - loadIPPluginJar : add gic
2024-04-04 15:44:39,261 [INFO] IPUIPlugin:80 - create IPUIPlugin
2024-04-04 15:44:39,262 [INFO] PluginManager:220 - loadIPPluginJar : add gpio
2024-04-04 15:44:39,339 [INFO] IPUIPlugin:80 - create IPUIPlugin
2024-04-04 15:44:39,339 [INFO] PluginManager:220 - loadIPPluginJar : add gtzc
2024-04-04 15:44:39,365 [INFO] IPUIPlugin:80 - create IPUIPlugin
2024-04-04 15:44:39,365 [INFO] PluginManager:220 - loadIPPluginJar : add hash
2024-04-04 15:44:39,409 [INFO] IPUIPlugin:80 - create IPUIPlugin
2024-04-04 15:44:39,409 [INFO] PluginManager:220 - loadIPPluginJar : add i2c
2024-04-04 15:44:39,441 [INFO] IPUIPlugin:80 - create IPUIPlugin
2024-04-04 15:44:39,442 [INFO] PluginManager:220 - loadIPPluginJar : add i2s
2024-04-04 15:44:39,474 [INFO] IPUIPlugin:80 - create IPUIPlugin
2024-04-04 15:44:39,474 [INFO] PluginManager:220 - loadIPPluginJar : add i3c
2024-04-04 15:44:39,561 [INFO] IPUIPlugin:80 - create IPUIPlugin
2024-04-04 15:44:39,562 [INFO] PluginManager:220 - loadIPPluginJar : add ipddr
2024-04-04 15:44:39,636 [INFO] IPUIPlugin:80 - create IPUIPlugin
2024-04-04 15:44:39,637 [INFO] PluginManager:220 - loadIPPluginJar : add linkedlist
2024-04-04 15:44:39,665 [INFO] IPUIPlugin:80 - create IPUIPlugin
2024-04-04 15:44:39,665 [INFO] PluginManager:220 - loadIPPluginJar : add lorawan
2024-04-04 15:44:39,694 [INFO] IPUIPlugin:80 - create IPUIPlugin
2024-04-04 15:44:39,695 [INFO] PluginManager:220 - loadIPPluginJar : add ltdc
2024-04-04 15:44:39,707 [INFO] IPUIPlugin:80 - create IPUIPlugin
2024-04-04 15:44:39,707 [INFO] PluginManager:220 - loadIPPluginJar : add mdma
2024-04-04 15:44:39,718 [INFO] IPUIPlugin:80 - create IPUIPlugin
2024-04-04 15:44:39,718 [INFO] PluginManager:220 - loadIPPluginJar : add nvic
2024-04-04 15:44:39,753 [INFO] IPUIPlugin:80 - create IPUIPlugin
2024-04-04 15:44:39,753 [INFO] PluginManager:220 - loadIPPluginJar : add opamp
2024-04-04 15:44:39,803 [INFO] IPUIPlugin:80 - create IPUIPlugin
2024-04-04 15:44:39,803 [INFO] PluginManager:220 - loadIPPluginJar : add openamp
2024-04-04 15:44:39,841 [INFO] IPUIPlugin:80 - create IPUIPlugin
2024-04-04 15:44:39,842 [INFO] PluginManager:220 - loadIPPluginJar : add pdm2pcm
2024-04-04 15:44:39,852 [INFO] IPUIPlugin:80 - create IPUIPlugin
2024-04-04 15:44:39,854 [INFO] PluginManager:220 - loadIPPluginJar : add plateformsettings
2024-04-04 15:44:39,871 [INFO] IPUIPlugin:80 - create IPUIPlugin
2024-04-04 15:44:39,871 [INFO] PluginManager:220 - loadIPPluginJar : add quadspi
2024-04-04 15:44:39,883 [INFO] IPUIPlugin:80 - create IPUIPlugin
2024-04-04 15:44:39,883 [INFO] PluginManager:220 - loadIPPluginJar : add resmgrutility
2024-04-04 15:44:39,922 [INFO] IPUIPlugin:80 - create IPUIPlugin
2024-04-04 15:44:39,922 [INFO] PluginManager:220 - loadIPPluginJar : add sai
2024-04-04 15:44:39,952 [INFO] IPUIPlugin:80 - create IPUIPlugin
2024-04-04 15:44:39,952 [INFO] PluginManager:220 - loadIPPluginJar : add spi
2024-04-04 15:44:40,008 [INFO] IPUIPlugin:80 - create IPUIPlugin
2024-04-04 15:44:40,008 [INFO] PluginManager:220 - loadIPPluginJar : add stm32_wpan
2024-04-04 15:44:40,026 [INFO] IPUIPlugin:80 - create IPUIPlugin
2024-04-04 15:44:40,027 [INFO] PluginManager:220 - loadIPPluginJar : add tim
2024-04-04 15:44:40,079 [INFO] IPUIPlugin:80 - create IPUIPlugin
2024-04-04 15:44:40,079 [INFO] PluginManager:220 - loadIPPluginJar : add touchsensing
2024-04-04 15:44:40,097 [INFO] IPUIPlugin:80 - create IPUIPlugin
2024-04-04 15:44:40,097 [INFO] PluginManager:220 - loadIPPluginJar : add tracer_emb
2024-04-04 15:44:40,116 [INFO] IPUIPlugin:80 - create IPUIPlugin
2024-04-04 15:44:40,116 [INFO] PluginManager:220 - loadIPPluginJar : add ts
2024-04-04 15:44:40,134 [INFO] IPUIPlugin:80 - create IPUIPlugin
2024-04-04 15:44:40,134 [INFO] PluginManager:220 - loadIPPluginJar : add tsc
2024-04-04 15:44:40,152 [INFO] IPUIPlugin:80 - create IPUIPlugin
2024-04-04 15:44:40,152 [INFO] PluginManager:220 - loadIPPluginJar : add ucpd
2024-04-04 15:44:40,190 [INFO] IPUIPlugin:80 - create IPUIPlugin
2024-04-04 15:44:40,190 [INFO] PluginManager:220 - loadIPPluginJar : add usart
2024-04-04 15:44:40,226 [INFO] IPUIPlugin:80 - create IPUIPlugin
2024-04-04 15:44:40,226 [INFO] PluginManager:220 - loadIPPluginJar : add usbx
2024-04-04 15:44:40,368 [INFO] CADModel:165 - CPN selected for project level
2024-04-04 15:44:40,368 [INFO] CADModel:114 - Register for checkConnection events
2024-04-04 15:44:40,368 [FATAL] Updater:308 - Updater called before beeing initialized
2024-04-04 15:44:40,369 [ERROR] CADModel:125 - Updater not yet initialized, retry later 
2024-04-04 15:44:40,498 [INFO] CADModel:165 - CPN selected for project level
2024-04-04 15:44:40,498 [INFO] CADModel:114 - Register for checkConnection events
2024-04-04 15:44:40,498 [FATAL] Updater:308 - Updater called before beeing initialized
2024-04-04 15:44:40,498 [ERROR] CADModel:125 - Updater not yet initialized, retry later 
2024-04-04 15:44:40,501 [FATAL] Updater:308 - Updater called before beeing initialized
2024-04-04 15:44:40,606 [FATAL] Updater:308 - Updater called before beeing initialized
2024-04-04 15:44:40,613 [INFO] DbMcusAds:53 - JSON generation date=Wed Nov 29 17:52:27 ICT 2023 (1701255147349)
2024-04-04 15:44:40,614 [FATAL] Updater:308 - Updater called before beeing initialized
2024-04-04 15:44:40,680 [WARN] DetailPanel:346 - Failed to get advertising image, set to default
2024-04-04 15:44:40,759 [FATAL] Updater:308 - Updater called before beeing initialized
2024-04-04 15:44:40,760 [FATAL] Updater:308 - Updater called before beeing initialized
2024-04-04 15:44:40,760 [FATAL] Updater:308 - Updater called before beeing initialized
2024-04-04 15:44:40,760 [WARN] DetailPanel:346 - Failed to get advertising image, set to default
2024-04-04 15:44:40,761 [FATAL] Updater:308 - Updater called before beeing initialized
2024-04-04 15:44:40,821 [ERROR] Updater:1120 - MainUpdater not yet initialized. External WinMGr cannot be set.
2024-04-04 15:44:40,830 [INFO] Updater:1056 - Updater Version found : 6.10.0
2024-04-04 15:44:40,848 [INFO] ApplicationProperties:184 - Using Application install path: G:\stm32cubeide\stm32cubeide114\STM32CubeIDE_1.14.0\STM32CubeIDE\plugins\com.st.stm32cube.common.mx_6.10.0.202311202037
2024-04-04 15:44:41,261 [INFO] ThirdPartyUpdaterWithRetryManager:70 - Updater plugin not ready yet. [2/15]
2024-04-04 15:44:41,331 [INFO] MainUpdater:2873 - connection check result : 10
2024-04-04 15:44:41,332 [INFO] MainUpdater:290 - Updater Check For Update Now.
2024-04-04 15:44:41,332 [INFO] MicroXplorer:498 - Change Database Version : DB.6.0.100
2024-04-04 15:44:41,351 [INFO] McuFinderGlobals:63 - Set McuFinder mode to 2 (CubeIDE integrated)
2024-04-04 15:44:41,547 [INFO] CheckServerUpdateThread:120 - End of CheckServer Thread
2024-04-04 15:44:41,819 [INFO] UserAuth:404 - Internet connection configuration mode: 1
2024-04-04 15:44:41,844 [INFO] JxBrowserEngine:152 - Initiate JxBrowser Engine with user profile folder
2024-04-04 15:44:44,458 [INFO] WebApp:161 - Instantiating new browser for Auth
2024-04-04 15:44:44,529 [WARN] PackLoader:240 - Cannot read IP mode file for STMicroelectronics.X-CUBE-SMBUS.2.1.0
2024-04-04 15:44:44,551 [WARN] PackLoader:240 - Cannot read IP mode file for STMicroelectronics.X-CUBE-TOUCHGFX.4.23.1
2024-04-04 15:44:44,571 [WARN] PackLoader:240 - Cannot read IP mode file for STMicroelectronics.X-CUBE-TOUCHGFX.4.23.0
2024-04-04 15:44:44,585 [WARN] PackLoader:240 - Cannot read IP mode file for STMicroelectronics.X-CUBE-TOUCHGFX.4.23.2
2024-04-04 15:44:44,651 [WARN] PackLoader:240 - Cannot read IP mode file for STMicroelectronics.X-CUBE-AZRTOS-F7.1.1.0
2024-04-04 15:44:44,685 [WARN] PackLoader:240 - Cannot read IP mode file for STMicroelectronics.FP-SNS-MOTENV1.4.3.2
2024-04-04 15:44:44,705 [WARN] PackLoader:240 - Cannot read IP mode file for STMicroelectronics.FP-SNS-FLIGHT1.5.0.2
2024-04-04 15:44:44,732 [WARN] PackLoader:240 - Cannot read IP mode file for STMicroelectronics.X-CUBE-DISPLAY.3.0.0
2024-04-04 15:44:44,760 [WARN] PackLoader:240 - Cannot read IP mode file for STMicroelectronics.X-CUBE-BLE1.7.0.0
2024-04-04 15:44:44,778 [WARN] PackLoader:240 - Cannot read IP mode file for emotas.I-CUBE-CANOPEN.1.3.0
2024-04-04 15:44:44,794 [WARN] PackLoader:240 - Cannot read IP mode file for STMicroelectronics.X-CUBE-TOUCHGFX.4.22.1
2024-04-04 15:44:44,822 [WARN] PackLoader:240 - Cannot read IP mode file for STMicroelectronics.X-CUBE-BLEMGR.3.1.0
2024-04-04 15:44:44,842 [WARN] PackLoader:240 - Cannot read IP mode file for STMicroelectronics.FP-SNS-SMARTAG2.1.2.0
2024-04-04 15:44:44,868 [INFO] LogOutputStream:77 - [STDOUT_REDIRECT] 1 : Invalid condition id : UX_CORESTACK_Condition cause : null
2024-04-04 15:44:44,868 [INFO] LogOutputStream:77 - [STDOUT_REDIRECT] 1 : Invalid condition id : UX_CORESTACK_Condition cause : null
2024-04-04 15:44:44,869 [INFO] LogOutputStream:77 - [STDOUT_REDIRECT] 1 : Invalid condition id : UX_CORESTACK_Condition cause : null
2024-04-04 15:44:44,871 [INFO] LogOutputStream:77 - [STDOUT_REDIRECT] 1 : Invalid condition id : UX_CORESTACK_Condition cause : null
2024-04-04 15:44:44,872 [INFO] LogOutputStream:77 - [STDOUT_REDIRECT] 1 : Invalid condition id : UX_CORESTACK_Condition cause : null
2024-04-04 15:44:44,877 [WARN] PackLoader:240 - Cannot read IP mode file for STMicroelectronics.X-CUBE-AZRTOS-WL.2.0.0
2024-04-04 15:44:44,893 [WARN] PackLoader:240 - Cannot read IP mode file for STMicroelectronics.FP-SNS-MOTENV1.5.0.0
2024-04-04 15:44:44,927 [WARN] PackLoader:240 - Cannot read IP mode file for WES.I-CUBE-Cesium.1.3.0
2024-04-04 15:44:44,944 [WARN] PackLoader:240 - Cannot read IP mode file for STMicroelectronics.X-CUBE-BLE2.3.3.0
2024-04-04 15:44:44,963 [WARN] PackLoader:240 - Cannot read IP mode file for STMicroelectronics.X-CUBE-ALGOBUILD.1.3.0
2024-04-04 15:44:44,996 [WARN] PackLoader:240 - Cannot read IP mode file for STMicroelectronics.X-CUBE-AZRTOS-G0.1.1.0
2024-04-04 15:44:45,017 [WARN] PackLoader:240 - Cannot read IP mode file for STMicroelectronics.X-CUBE-SAFEA1.1.2.2
2024-04-04 15:44:45,034 [WARN] PackLoader:240 - Cannot read IP mode file for STMicroelectronics.X-CUBE-NFC4.3.0.0
2024-04-04 15:44:45,051 [WARN] PackLoader:240 - Cannot read IP mode file for STMicroelectronics.X-CUBE-BLEMGR.3.0.0
2024-04-04 15:44:45,069 [WARN] PackLoader:240 - Cannot read IP mode file for STMicroelectronics.FP-ATR-SIGFOX1.3.2.0
2024-04-04 15:44:45,085 [WARN] PackLoader:240 - Cannot read IP mode file for STMicroelectronics.X-CUBE-EEPRMA1.5.1.0
2024-04-04 15:44:45,140 [WARN] PackLoader:240 - Cannot read IP mode file for SEGGER.I-CUBE-embOS.1.3.1
2024-04-04 15:44:45,200 [WARN] PackLoader:240 - Cannot read IP mode file for STMicroelectronics.X-CUBE-GNSS1.6.0.0
2024-04-04 15:44:45,240 [WARN] PackLoader:240 - Cannot read IP mode file for STMicroelectronics.X-CUBE-AZRTOS-F4.1.1.0
2024-04-04 15:44:45,258 [WARN] PackLoader:240 - Cannot read IP mode file for wolfSSL.I-CUBE-wolfSSL.5.6.3
2024-04-04 15:44:45,288 [WARN] PackLoader:240 - Cannot read IP mode file for STMicroelectronics.X-CUBE-AZRTOS-L5.2.0.0
2024-04-04 15:44:45,343 [WARN] PackLoader:240 - Cannot read IP mode file for STMicroelectronics.X-CUBE-MEMS1.9.6.0
2024-04-04 15:44:45,372 [INFO] WebApp:780 - Register for checkConnection events
2024-04-04 15:44:45,372 [INFO] WebApp:414 - Apply proxy settings
2024-04-04 15:44:45,373 [INFO] WebApp:499 - Chromium requires no authentication
2024-04-04 15:44:45,384 [INFO] WebApp:442 - Direct internet connection detected
2024-04-04 15:44:45,489 [WARN] PackLoader:240 - Cannot read IP mode file for STMicroelectronics.X-CUBE-EEPRMA1.4.2.0
2024-04-04 15:44:45,509 [WARN] PackLoader:240 - Cannot read IP mode file for STMicroelectronics.X-CUBE-NFC6.3.1.0
2024-04-04 15:44:45,528 [WARN] PackLoader:240 - Cannot read IP mode file for ITTIA_DB.I-CUBE-ITTIADB.8.8.0
2024-04-04 15:44:45,550 [WARN] PackLoader:240 - Cannot read IP mode file for STMicroelectronics.X-CUBE-BLEMGR.2.0.0
2024-04-04 15:44:45,610 [WARN] ConditionMgr:438 - getConditionDescription Invalid condition id : UX DEVICE CLASS RTOS Condition cause : null
2024-04-04 15:44:45,611 [WARN] ConditionMgr:438 - getConditionDescription Invalid condition id : UX DEVICE CLASS RTOS Condition cause : null
2024-04-04 15:44:45,614 [WARN] PackLoader:240 - Cannot read IP mode file for STMicroelectronics.X-CUBE-AZRTOS-H7.3.1.0
2024-04-04 15:44:45,615 [WARN] ConditionMgr:1039 - genDependencies : Invalid condition id : UX DEVICE CLASS RTOS Condition cause : null
2024-04-04 15:44:45,615 [WARN] ConditionMgr:1039 - genDependencies : Invalid condition id : UX DEVICE CLASS RTOS Condition cause : null
2024-04-04 15:44:45,616 [WARN] ConditionMgr:1039 - genDependencies : Invalid condition id : UX DEVICE CLASS RTOS Condition cause : null
2024-04-04 15:44:45,616 [WARN] ConditionMgr:1039 - genDependencies : Invalid condition id : UX DEVICE CLASS RTOS Condition cause : null
2024-04-04 15:44:45,616 [WARN] ConditionMgr:1039 - genDependencies : Invalid condition id : UX DEVICE CLASS RTOS Condition cause : null
2024-04-04 15:44:45,632 [WARN] PackLoader:240 - Cannot read IP mode file for STMicroelectronics.X-CUBE-NFC7.1.0.1
2024-04-04 15:44:45,647 [WARN] PackLoader:240 - Cannot read IP mode file for STMicroelectronics.X-CUBE-NFC6.3.0.0
2024-04-04 15:44:45,659 [WARN] PackLoader:240 - Cannot read IP mode file for STMicroelectronics.X-CUBE-EEPRMA1.4.1.0
2024-04-04 15:44:45,670 [WARN] PackLoader:240 - Cannot read IP mode file for STMicroelectronics.X-CUBE-AI.8.1.0
2024-04-04 15:44:45,692 [WARN] ConditionMgr:438 - getConditionDescription Invalid condition id : LAN8742 Phy interface Condition cause : null
2024-04-04 15:44:45,693 [WARN] PackLoader:240 - Cannot read IP mode file for STMicroelectronics.X-CUBE-AZRTOS-L4.2.0.0
2024-04-04 15:44:45,694 [WARN] ConditionMgr:1039 - genDependencies : Invalid condition id : LAN8742 Phy interface Condition cause : null
2024-04-04 15:44:45,694 [WARN] ConditionMgr:1039 - genDependencies : Invalid condition id : LAN8742 Phy interface Condition cause : null
2024-04-04 15:44:45,695 [WARN] ConditionMgr:1039 - genDependencies : Invalid condition id : LAN8742 Phy interface Condition cause : null
2024-04-04 15:44:45,703 [INFO] WebApp:192 - Starting web application
2024-04-04 15:44:45,703 [INFO] WebApp:544 - Web application path used G:\stm32cubeide\stm32cubeide114\STM32CubeIDE_1.14.0\STM32CubeIDE\plugins\com.st.stm32cube.common.mx_6.10.0.202311202037\db\plugins\mcufinder\reactClient1\index.html
2024-04-04 15:44:45,714 [WARN] PackLoader:240 - Cannot read IP mode file for STMicroelectronics.X-CUBE-SFXS2LP1.4.0.0
2024-04-04 15:44:45,734 [WARN] PackLoader:240 - Cannot read IP mode file for STMicroelectronics.X-CUBE-ISPU.1.1.0
2024-04-04 15:44:45,760 [WARN] ConditionMgr:438 - getConditionDescription Invalid condition id : UX DEVICE CLASS RTOS Condition cause : null
2024-04-04 15:44:45,760 [WARN] ConditionMgr:438 - getConditionDescription Invalid condition id : UX DEVICE CLASS RTOS Condition cause : null
2024-04-04 15:44:45,763 [WARN] PackLoader:240 - Cannot read IP mode file for STMicroelectronics.X-CUBE-AZRTOS-WB.2.0.0
2024-04-04 15:44:45,764 [WARN] ConditionMgr:1039 - genDependencies : Invalid condition id : UX DEVICE CLASS RTOS Condition cause : null
2024-04-04 15:44:45,764 [WARN] ConditionMgr:1039 - genDependencies : Invalid condition id : UX DEVICE CLASS RTOS Condition cause : null
2024-04-04 15:44:45,764 [WARN] ConditionMgr:1039 - genDependencies : Invalid condition id : UX DEVICE CLASS RTOS Condition cause : null
2024-04-04 15:44:45,765 [WARN] ConditionMgr:1039 - genDependencies : Invalid condition id : UX DEVICE CLASS RTOS Condition cause : null
2024-04-04 15:44:45,765 [WARN] ConditionMgr:1039 - genDependencies : Invalid condition id : UX DEVICE CLASS RTOS Condition cause : null
2024-04-04 15:44:45,787 [WARN] PackLoader:240 - Cannot read IP mode file for STMicroelectronics.X-CUBE-SUBG2.5.0.0
2024-04-04 15:44:45,819 [WARN] PackLoader:240 - Cannot read IP mode file for STMicroelectronics.X-CUBE-TOF1.3.3.1
2024-04-04 15:44:45,857 [WARN] PackLoader:240 - Cannot read IP mode file for STMicroelectronics.X-CUBE-AZRTOS-G4.2.0.0
2024-04-04 15:44:45,883 [WARN] PackLoader:240 - Cannot read IP mode file for Infineon.AIROC-Wi-Fi-Bluetooth-STM32.1.5.1
2024-04-04 15:44:45,903 [WARN] PackLoader:240 - Cannot read IP mode file for STMicroelectronics.FP-SNS-MOTENVWB1.1.3.0
2024-04-04 15:44:45,923 [WARN] PackLoader:240 - Cannot read IP mode file for STMicroelectronics.FP-SNS-MOTENVWB1.1.3.1
2024-04-04 15:44:45,940 [WARN] PackLoader:240 - Cannot read IP mode file for STMicroelectronics.X-CUBE-ISPU.2.0.0
2024-04-04 15:44:46,007 [WARN] PackLoader:240 - Cannot read IP mode file for STMicroelectronics.X-CUBE-MEMS1.10.0.0
2024-04-04 15:44:46,164 [WARN] PackLoader:240 - Cannot read IP mode file for STMicroelectronics.X-CUBE-FREERTOS.1.1.0
2024-04-04 15:44:46,183 [WARN] PackLoader:240 - Cannot read IP mode file for portGmbH.I-Cube-SoM-uGOAL.1.1.0
2024-04-04 15:44:46,198 [WARN] PackLoader:240 - Cannot read IP mode file for STMicroelectronics.X-CUBE-ALS.1.0.1
2024-04-04 15:44:46,219 [WARN] PackLoader:240 - Cannot read IP mode file for STMicroelectronics.FP-ATR-ASTRA1.2.0.0
2024-04-04 15:44:46,256 [WARN] PackLoader:240 - Cannot read IP mode file for STMicroelectronics.X-CUBE-TOF1.3.4.0
2024-04-04 15:44:46,294 [WARN] PackLoader:240 - Cannot read IP mode file for STMicroelectronics.X-CUBE-TOF1.3.4.1
2024-04-04 15:44:46,337 [WARN] PackLoader:240 - Cannot read IP mode file for STMicroelectronics.X-CUBE-AZRTOS-H7.3.2.0
2024-04-04 15:44:46,341 [INFO] ThirdParty:978 - Integrity check success = true
2024-04-04 15:44:46,341 [INFO] IntegrityCheckThread:100 - exiting critical section [integrity check]
2024-04-04 15:44:46,341 [INFO] IntegrityCheckThread:103 - End integrity checks thread
2024-04-04 15:45:06,875 [ERROR] LogOutputStream:75 - [STDERR_REDIRECT] SLF4J: Failed to load class "org.slf4j.impl.StaticLoggerBinder".
2024-04-04 15:45:06,876 [ERROR] LogOutputStream:75 - [STDERR_REDIRECT] SLF4J: Defaulting to no-operation (NOP) logger implementation
2024-04-04 15:45:06,877 [ERROR] LogOutputStream:75 - [STDERR_REDIRECT] SLF4J: See http://www.slf4j.org/codes.html#StaticLoggerBinder for further details.
2024-04-04 16:24:35,094 [ERROR] LogOutputStream:75 - [STDERR_REDIRECT] 
