2024-04-12 07:20:35,012 [INFO] Activator:176 - 


2024-04-12 07:20:35,020 [INFO] Activator:177 - !SESSION log4j initialized
2024-04-12 07:20:43,424 [INFO] LogOutputStream:77 - [STDOUT_REDIRECT] 
2024-04-12 07:20:50,500 [INFO] ApplicationProperties:184 - Using Application install path: G:\stm32cubeide\stm32cubeide114\STM32CubeIDE_1.14.0\STM32CubeIDE\plugins\com.st.stm32cube.common.mx_6.10.0.202311202037
2024-04-12 07:20:50,529 [INFO] DbMcusXml:78 - Set database path to: G:\stm32cubeide\stm32cubeide114\STM32CubeIDE_1.14.0\STM32CubeIDE\plugins\com.st.stm32cube.common.mx_6.10.0.202311202037\\db\/mcu/
2024-04-12 07:20:50,529 [INFO] ApiDb:274 - Set plugin database path to: G:\stm32cubeide\stm32cubeide114\STM32CubeIDE_1.14.0\STM32CubeIDE\plugins\com.st.stm32cube.common.mx_6.10.0.202311202037\\db\/plugins/boardmanager/
2024-04-12 07:20:50,530 [WARN] ApiDb:259 - Overriding images path with different value:  => G:\stm32cubeide\stm32cubeide114\STM32CubeIDE_1.14.0\STM32CubeIDE\plugins\com.st.stm32cube.common.mx_6.10.0.202311202037\\db\/plugins/mcufinder/images/
2024-04-12 07:20:50,548 [INFO] ApiDb:250 - Set database path to: C:\Users\Nghia\.stmcufinder\plugins\mcufinder//mcu/
2024-04-12 07:20:50,549 [INFO] DbMcusAds:125 - Set database path to: C:\Users\Nghia\.stmcufinder\plugins\mcufinder//mcu/
2024-04-12 07:20:50,552 [INFO] CrossReferenceDbSqlite:203 - Set database path to: C:\Users\Nghia\.stmcufinder\plugins\mcufinder//mcu/cs/
2024-04-12 07:20:50,729 [INFO] RulesReader:64 - Compatibility file has been processed (297 Rules)
2024-04-12 07:20:50,848 [INFO] DbMcusXml:78 - Set database path to: G:\stm32cubeide\stm32cubeide114\STM32CubeIDE_1.14.0\STM32CubeIDE\plugins\com.st.stm32cube.common.mx_6.10.0.202311202037\\db\/mcu/
2024-04-12 07:20:50,848 [INFO] ApiDb:274 - Set plugin database path to: G:\stm32cubeide\stm32cubeide114\STM32CubeIDE_1.14.0\STM32CubeIDE\plugins\com.st.stm32cube.common.mx_6.10.0.202311202037\\db\/plugins/boardmanager/
2024-04-12 07:20:50,848 [INFO] ApiDb:261 - Set plugin images path to: G:\stm32cubeide\stm32cubeide114\STM32CubeIDE_1.14.0\STM32CubeIDE\plugins\com.st.stm32cube.common.mx_6.10.0.202311202037\\db\/plugins/mcufinder/images/
2024-04-12 07:20:50,848 [WARN] DbFile:41 - Overriding database path with different value: C:\Users\Nghia\.stmcufinder\plugins\mcufinder/ => C:\Users\Nghia\.stmcufinder\plugins\mcufinder
2024-04-12 07:20:50,849 [INFO] ApiDb:250 - Set database path to: C:\Users\Nghia\.stmcufinder\plugins\mcufinder//mcu/
2024-04-12 07:20:50,849 [WARN] DbFile:41 - Overriding database path with different value: C:\Users\Nghia\.stmcufinder\plugins\mcufinder/ => C:\Users\Nghia\.stmcufinder\plugins\mcufinder
2024-04-12 07:20:50,849 [INFO] DbMcusAds:125 - Set database path to: C:\Users\Nghia\.stmcufinder\plugins\mcufinder//mcu/
2024-04-12 07:20:50,849 [WARN] DbFile:41 - Overriding database path with different value: C:\Users\Nghia\.stmcufinder\plugins\mcufinder/ => C:\Users\Nghia\.stmcufinder\plugins\mcufinder
2024-04-12 07:20:50,849 [WARN] DbFile:41 - Overriding database path with different value: C:\Users\Nghia\.stmcufinder\plugins\mcufinder/ => C:\Users\Nghia\.stmcufinder\plugins\mcufinder
2024-04-12 07:20:50,849 [INFO] CrossReferenceDbSqlite:203 - Set database path to: C:\Users\Nghia\.stmcufinder\plugins\mcufinder//mcu/cs/
2024-04-12 07:20:50,952 [INFO] MainPanel:264 - HeapMemory: 268435456
2024-04-12 07:20:51,065 [INFO] DbMcusXml:78 - Set database path to: G:\stm32cubeide\stm32cubeide114\STM32CubeIDE_1.14.0\STM32CubeIDE\plugins\com.st.stm32cube.common.mx_6.10.0.202311202037\\db\/mcu/
2024-04-12 07:20:51,066 [INFO] ApiDb:274 - Set plugin database path to: G:\stm32cubeide\stm32cubeide114\STM32CubeIDE_1.14.0\STM32CubeIDE\plugins\com.st.stm32cube.common.mx_6.10.0.202311202037\\db\/plugins/boardmanager/
2024-04-12 07:20:51,066 [INFO] ApiDb:261 - Set plugin images path to: G:\stm32cubeide\stm32cubeide114\STM32CubeIDE_1.14.0\STM32CubeIDE\plugins\com.st.stm32cube.common.mx_6.10.0.202311202037\\db\/plugins/mcufinder/images/
2024-04-12 07:20:51,066 [WARN] DbFile:41 - Overriding database path with different value: C:\Users\Nghia\.stmcufinder\plugins\mcufinder/ => C:\Users\Nghia\.stmcufinder\plugins\mcufinder
2024-04-12 07:20:51,066 [INFO] ApiDb:250 - Set database path to: C:\Users\Nghia\.stmcufinder\plugins\mcufinder//mcu/
2024-04-12 07:20:51,066 [WARN] DbFile:41 - Overriding database path with different value: C:\Users\Nghia\.stmcufinder\plugins\mcufinder/ => C:\Users\Nghia\.stmcufinder\plugins\mcufinder
2024-04-12 07:20:51,066 [INFO] DbMcusAds:125 - Set database path to: C:\Users\Nghia\.stmcufinder\plugins\mcufinder//mcu/
2024-04-12 07:20:51,067 [WARN] DbFile:41 - Overriding database path with different value: C:\Users\Nghia\.stmcufinder\plugins\mcufinder/ => C:\Users\Nghia\.stmcufinder\plugins\mcufinder
2024-04-12 07:20:51,067 [WARN] DbFile:41 - Overriding database path with different value: C:\Users\Nghia\.stmcufinder\plugins\mcufinder/ => C:\Users\Nghia\.stmcufinder\plugins\mcufinder
2024-04-12 07:20:51,067 [INFO] CrossReferenceDbSqlite:203 - Set database path to: C:\Users\Nghia\.stmcufinder\plugins\mcufinder//mcu/cs/
2024-04-12 07:20:51,090 [INFO] ApplicationProperties:184 - Using Application install path: G:\stm32cubeide\stm32cubeide114\STM32CubeIDE_1.14.0\STM32CubeIDE\plugins\com.st.stm32cube.common.mx_6.10.0.202311202037
2024-04-12 07:20:51,091 [INFO] PluginManage:196 - Search for loadable plugins [exclusion list=, ]
2024-04-12 07:20:51,093 [INFO] PluginManage:310 - Check plugin analytics
2024-04-12 07:20:56,266 [INFO] AnalyticsPlugin:253 - Accepted Software Licenses: STM32CubeMX.6.8.0,STM32CubeMX.6.1.1
2024-04-12 07:20:56,267 [INFO] AnalyticsPlugin:255 - Accepted CMSIS Pack Licenses: 
2024-04-12 07:20:56,267 [INFO] AnalyticsPlugin:257 - Accepted Firmware Licenses: FW.F4.1.27.0,FW.F4.1.28.0
2024-04-12 07:20:56,272 [INFO] PluginManage:359 - Loaded plugin analytics (category:tool,tabindex:-1)
2024-04-12 07:20:56,272 [INFO] PluginManage:310 - Check plugin cadmodel
2024-04-12 07:20:56,297 [INFO] CADModel:105 - Init CAD model plugin
2024-04-12 07:20:56,297 [INFO] PluginManage:359 - Loaded plugin cadmodel (category:power,tabindex:5)
2024-04-12 07:20:56,298 [INFO] PluginManage:310 - Check plugin clock
2024-04-12 07:20:56,336 [INFO] PluginManage:359 - Loaded plugin clock (category:base,tabindex:2)
2024-04-12 07:20:56,336 [INFO] PluginManage:310 - Check plugin ddr
2024-04-12 07:20:56,339 [INFO] PluginManage:359 - Loaded plugin ddr (category:tool,tabindex:6)
2024-04-12 07:20:56,339 [INFO] PluginManage:310 - Check plugin filemanager
2024-04-12 07:20:56,519 [INFO] PluginManage:359 - Loaded plugin filemanager (category:base,tabindex:10)
2024-04-12 07:20:56,519 [INFO] PluginManage:310 - Check plugin ipmanager
2024-04-12 07:20:56,531 [INFO] PluginManage:359 - Loaded plugin ipmanager (category:base,tabindex:5)
2024-04-12 07:20:56,532 [INFO] PluginManage:310 - Check plugin lpbam
2024-04-12 07:20:56,556 [INFO] PluginManage:359 - Loaded plugin lpbam (category:base,tabindex:0)
2024-04-12 07:20:56,556 [INFO] PluginManage:310 - Check plugin memorymap
2024-04-12 07:20:56,602 [INFO] PluginManage:359 - Loaded plugin memorymap (category:base,tabindex:4)
2024-04-12 07:20:56,603 [INFO] PluginManage:310 - Check plugin pinoutandconfiguration
2024-04-12 07:20:56,629 [INFO] PluginManage:359 - Loaded plugin pinoutandconfiguration (category:base,tabindex:1)
2024-04-12 07:20:56,630 [INFO] PluginManage:310 - Check plugin pinoutconfig
2024-04-12 07:20:56,811 [WARN] SupportedApi:132 - Cannot load RTOS API schema: s4s-elt-must-match.1: The content of 'definitions' must match (annotation?, (simpleType | complexType)?, (unique | key | keyref)*)). A problem was found starting at: attribute.
2024-04-12 07:20:57,042 [INFO] PluginManage:359 - Loaded plugin pinoutconfig (category:base,tabindex:0)
2024-04-12 07:20:57,043 [INFO] PluginManage:310 - Check plugin power
2024-04-12 07:20:57,071 [INFO] PluginManage:359 - Loaded plugin power (category:power,tabindex:4)
2024-04-12 07:20:57,071 [INFO] PluginManage:310 - Check plugin projectmanager
2024-04-12 07:20:57,098 [INFO] PluginManage:359 - Loaded plugin projectmanager (category:projectmanager,tabindex:3)
2024-04-12 07:20:57,098 [INFO] PluginManage:310 - Check plugin thirdparty
2024-04-12 07:20:57,472 [INFO] PluginManage:359 - Loaded plugin thirdparty (category:base,tabindex:-1)
2024-04-12 07:20:57,472 [WARN] IntegrityCheckThread:84 - waiting for thirdparty lock release [integrity check]
2024-04-12 07:20:57,473 [INFO] PluginManage:310 - Check plugin tools
2024-04-12 07:20:57,473 [INFO] IntegrityCheckThread:86 - entering critical section [integrity check]
2024-04-12 07:20:57,473 [INFO] ThirdPartyUpdaterWithRetryManager:70 - Updater plugin not ready yet. [1/15]
2024-04-12 07:20:57,529 [INFO] PluginManage:359 - Loaded plugin tools (category:base,tabindex:7)
2024-04-12 07:20:57,529 [INFO] PluginManage:310 - Check plugin tutovideos
2024-04-12 07:20:57,802 [INFO] PluginManage:359 - Loaded plugin tutovideos (category:base,tabindex:-1)
2024-04-12 07:20:57,802 [INFO] PluginManage:310 - Check plugin updater
2024-04-12 07:20:57,818 [INFO] PluginManage:359 - Loaded plugin updater (category:base,tabindex:12)
2024-04-12 07:20:57,818 [INFO] PluginManage:310 - Check plugin userauth
2024-04-12 07:20:57,826 [INFO] UserAuth:114 - Init User Auth plugin
2024-04-12 07:20:57,826 [INFO] PluginManage:359 - Loaded plugin userauth (category:base,tabindex:14)
2024-04-12 07:20:57,826 [INFO] PluginManage:283 - PluginManage : Loaded plugins [17]
2024-04-12 07:20:58,126 [INFO] PinOutPanel:1499 - setPackage(No Configuration,No Configuration)
2024-04-12 07:20:58,220 [INFO] CADModel:165 - CPN selected for project level
2024-04-12 07:20:58,220 [INFO] CADModel:114 - Register for checkConnection events
2024-04-12 07:20:58,246 [INFO] IPUIPlugin:80 - create IPUIPlugin
2024-04-12 07:20:58,246 [INFO] PluginManager:220 - loadIPPluginJar : add adc
2024-04-12 07:20:58,281 [INFO] IPUIPlugin:80 - create IPUIPlugin
2024-04-12 07:20:58,281 [INFO] PluginManager:220 - loadIPPluginJar : add aes
2024-04-12 07:20:58,319 [INFO] IPUIPlugin:80 - create IPUIPlugin
2024-04-12 07:20:58,319 [INFO] PluginManager:220 - loadIPPluginJar : add can
2024-04-12 07:20:58,338 [INFO] IPUIPlugin:80 - create IPUIPlugin
2024-04-12 07:20:58,339 [INFO] PluginManager:220 - loadIPPluginJar : add comp
2024-04-12 07:20:58,367 [INFO] IPUIPlugin:80 - create IPUIPlugin
2024-04-12 07:20:58,367 [INFO] PluginManager:220 - loadIPPluginJar : add cryp
2024-04-12 07:20:58,392 [INFO] IPUIPlugin:80 - create IPUIPlugin
2024-04-12 07:20:58,392 [INFO] PluginManager:220 - loadIPPluginJar : add dfsdm
2024-04-12 07:20:58,406 [INFO] IPUIPlugin:80 - create IPUIPlugin
2024-04-12 07:20:58,407 [INFO] PluginManager:220 - loadIPPluginJar : add dma
2024-04-12 07:20:58,442 [INFO] IPUIPlugin:80 - create IPUIPlugin
2024-04-12 07:20:58,442 [INFO] PluginManager:220 - loadIPPluginJar : add dma3
2024-04-12 07:20:58,461 [INFO] IPUIPlugin:80 - create IPUIPlugin
2024-04-12 07:20:58,461 [INFO] PluginManager:220 - loadIPPluginJar : add fatfs
2024-04-12 07:20:58,500 [INFO] IPUIPlugin:80 - create IPUIPlugin
2024-04-12 07:20:58,501 [INFO] PluginManager:220 - loadIPPluginJar : add fmc
2024-04-12 07:20:58,515 [INFO] IPUIPlugin:80 - create IPUIPlugin
2024-04-12 07:20:58,516 [INFO] PluginManager:220 - loadIPPluginJar : add freertos
2024-04-12 07:20:58,535 [INFO] IPUIPlugin:80 - create IPUIPlugin
2024-04-12 07:20:58,535 [INFO] PluginManager:220 - loadIPPluginJar : add genericplugin
2024-04-12 07:20:58,620 [INFO] IPUIPlugin:80 - create IPUIPlugin
2024-04-12 07:20:58,620 [INFO] PluginManager:220 - loadIPPluginJar : add gfxmmu
2024-04-12 07:20:58,775 [INFO] IPUIPlugin:80 - create IPUIPlugin
2024-04-12 07:20:58,775 [INFO] PluginManager:220 - loadIPPluginJar : add gic
2024-04-12 07:20:58,789 [INFO] IPUIPlugin:80 - create IPUIPlugin
2024-04-12 07:20:58,789 [INFO] PluginManager:220 - loadIPPluginJar : add gpio
2024-04-12 07:20:58,901 [INFO] IPUIPlugin:80 - create IPUIPlugin
2024-04-12 07:20:58,901 [INFO] PluginManager:220 - loadIPPluginJar : add gtzc
2024-04-12 07:20:58,944 [INFO] IPUIPlugin:80 - create IPUIPlugin
2024-04-12 07:20:58,944 [INFO] PluginManager:220 - loadIPPluginJar : add hash
2024-04-12 07:20:59,000 [INFO] IPUIPlugin:80 - create IPUIPlugin
2024-04-12 07:20:59,000 [INFO] PluginManager:220 - loadIPPluginJar : add i2c
2024-04-12 07:20:59,035 [INFO] IPUIPlugin:80 - create IPUIPlugin
2024-04-12 07:20:59,035 [INFO] PluginManager:220 - loadIPPluginJar : add i2s
2024-04-12 07:20:59,071 [INFO] IPUIPlugin:80 - create IPUIPlugin
2024-04-12 07:20:59,071 [INFO] PluginManager:220 - loadIPPluginJar : add i3c
2024-04-12 07:20:59,163 [INFO] IPUIPlugin:80 - create IPUIPlugin
2024-04-12 07:20:59,163 [INFO] PluginManager:220 - loadIPPluginJar : add ipddr
2024-04-12 07:20:59,255 [INFO] IPUIPlugin:80 - create IPUIPlugin
2024-04-12 07:20:59,256 [INFO] PluginManager:220 - loadIPPluginJar : add linkedlist
2024-04-12 07:20:59,301 [INFO] IPUIPlugin:80 - create IPUIPlugin
2024-04-12 07:20:59,301 [INFO] PluginManager:220 - loadIPPluginJar : add lorawan
2024-04-12 07:20:59,343 [INFO] IPUIPlugin:80 - create IPUIPlugin
2024-04-12 07:20:59,343 [INFO] PluginManager:220 - loadIPPluginJar : add ltdc
2024-04-12 07:20:59,358 [INFO] IPUIPlugin:80 - create IPUIPlugin
2024-04-12 07:20:59,358 [INFO] PluginManager:220 - loadIPPluginJar : add mdma
2024-04-12 07:20:59,371 [INFO] IPUIPlugin:80 - create IPUIPlugin
2024-04-12 07:20:59,371 [INFO] PluginManager:220 - loadIPPluginJar : add nvic
2024-04-12 07:20:59,412 [INFO] IPUIPlugin:80 - create IPUIPlugin
2024-04-12 07:20:59,412 [INFO] PluginManager:220 - loadIPPluginJar : add opamp
2024-04-12 07:20:59,478 [INFO] IPUIPlugin:80 - create IPUIPlugin
2024-04-12 07:20:59,479 [INFO] PluginManager:220 - loadIPPluginJar : add openamp
2024-04-12 07:20:59,537 [INFO] IPUIPlugin:80 - create IPUIPlugin
2024-04-12 07:20:59,537 [INFO] PluginManager:220 - loadIPPluginJar : add pdm2pcm
2024-04-12 07:20:59,556 [INFO] IPUIPlugin:80 - create IPUIPlugin
2024-04-12 07:20:59,559 [INFO] PluginManager:220 - loadIPPluginJar : add plateformsettings
2024-04-12 07:20:59,584 [INFO] IPUIPlugin:80 - create IPUIPlugin
2024-04-12 07:20:59,584 [INFO] PluginManager:220 - loadIPPluginJar : add quadspi
2024-04-12 07:20:59,596 [INFO] IPUIPlugin:80 - create IPUIPlugin
2024-04-12 07:20:59,596 [INFO] PluginManager:220 - loadIPPluginJar : add resmgrutility
2024-04-12 07:20:59,653 [INFO] IPUIPlugin:80 - create IPUIPlugin
2024-04-12 07:20:59,653 [INFO] PluginManager:220 - loadIPPluginJar : add sai
2024-04-12 07:20:59,693 [INFO] IPUIPlugin:80 - create IPUIPlugin
2024-04-12 07:20:59,693 [INFO] PluginManager:220 - loadIPPluginJar : add spi
2024-04-12 07:20:59,770 [INFO] IPUIPlugin:80 - create IPUIPlugin
2024-04-12 07:20:59,770 [INFO] PluginManager:220 - loadIPPluginJar : add stm32_wpan
2024-04-12 07:20:59,794 [INFO] IPUIPlugin:80 - create IPUIPlugin
2024-04-12 07:20:59,794 [INFO] PluginManager:220 - loadIPPluginJar : add tim
2024-04-12 07:20:59,851 [INFO] IPUIPlugin:80 - create IPUIPlugin
2024-04-12 07:20:59,851 [INFO] PluginManager:220 - loadIPPluginJar : add touchsensing
2024-04-12 07:20:59,877 [INFO] IPUIPlugin:80 - create IPUIPlugin
2024-04-12 07:20:59,877 [INFO] PluginManager:220 - loadIPPluginJar : add tracer_emb
2024-04-12 07:20:59,900 [INFO] IPUIPlugin:80 - create IPUIPlugin
2024-04-12 07:20:59,901 [INFO] PluginManager:220 - loadIPPluginJar : add ts
2024-04-12 07:20:59,922 [INFO] IPUIPlugin:80 - create IPUIPlugin
2024-04-12 07:20:59,922 [INFO] PluginManager:220 - loadIPPluginJar : add tsc
2024-04-12 07:20:59,945 [INFO] IPUIPlugin:80 - create IPUIPlugin
2024-04-12 07:20:59,945 [INFO] PluginManager:220 - loadIPPluginJar : add ucpd
2024-04-12 07:20:59,990 [INFO] IPUIPlugin:80 - create IPUIPlugin
2024-04-12 07:20:59,990 [INFO] PluginManager:220 - loadIPPluginJar : add usart
2024-04-12 07:21:00,039 [INFO] IPUIPlugin:80 - create IPUIPlugin
2024-04-12 07:21:00,039 [INFO] PluginManager:220 - loadIPPluginJar : add usbx
2024-04-12 07:21:00,187 [INFO] CADModel:165 - CPN selected for project level
2024-04-12 07:21:00,187 [INFO] CADModel:114 - Register for checkConnection events
2024-04-12 07:21:00,187 [FATAL] Updater:308 - Updater called before beeing initialized
2024-04-12 07:21:00,188 [ERROR] CADModel:125 - Updater not yet initialized, retry later 
2024-04-12 07:21:00,358 [INFO] CADModel:165 - CPN selected for project level
2024-04-12 07:21:00,358 [INFO] CADModel:114 - Register for checkConnection events
2024-04-12 07:21:00,358 [FATAL] Updater:308 - Updater called before beeing initialized
2024-04-12 07:21:00,358 [ERROR] CADModel:125 - Updater not yet initialized, retry later 
2024-04-12 07:21:00,362 [FATAL] Updater:308 - Updater called before beeing initialized
2024-04-12 07:21:00,475 [INFO] ThirdPartyUpdaterWithRetryManager:70 - Updater plugin not ready yet. [2/15]
2024-04-12 07:21:00,527 [FATAL] Updater:308 - Updater called before beeing initialized
2024-04-12 07:21:00,538 [INFO] DbMcusAds:53 - JSON generation date=Wed Nov 29 17:52:27 ICT 2023 (1701255147349)
2024-04-12 07:21:00,538 [FATAL] Updater:308 - Updater called before beeing initialized
2024-04-12 07:21:00,632 [WARN] DetailPanel:346 - Failed to get advertising image, set to default
2024-04-12 07:21:00,768 [FATAL] Updater:308 - Updater called before beeing initialized
2024-04-12 07:21:00,770 [FATAL] Updater:308 - Updater called before beeing initialized
2024-04-12 07:21:00,771 [FATAL] Updater:308 - Updater called before beeing initialized
2024-04-12 07:21:00,771 [WARN] DetailPanel:346 - Failed to get advertising image, set to default
2024-04-12 07:21:00,772 [FATAL] Updater:308 - Updater called before beeing initialized
2024-04-12 07:21:00,864 [ERROR] Updater:1120 - MainUpdater not yet initialized. External WinMGr cannot be set.
2024-04-12 07:21:00,878 [INFO] Updater:1056 - Updater Version found : 6.10.0
2024-04-12 07:21:00,900 [INFO] ApplicationProperties:184 - Using Application install path: G:\stm32cubeide\stm32cubeide114\STM32CubeIDE_1.14.0\STM32CubeIDE\plugins\com.st.stm32cube.common.mx_6.10.0.202311202037
2024-04-12 07:21:03,112 [INFO] MainUpdater:2873 - connection check result : 10
2024-04-12 07:21:03,113 [INFO] MainUpdater:290 - Updater Check For Update Now.
2024-04-12 07:21:03,113 [INFO] MicroXplorer:498 - Change Database Version : DB.6.0.100
2024-04-12 07:21:03,134 [INFO] McuFinderGlobals:63 - Set McuFinder mode to 2 (CubeIDE integrated)
2024-04-12 07:21:03,377 [INFO] CheckServerUpdateThread:120 - End of CheckServer Thread
2024-04-12 07:21:03,796 [WARN] PackLoader:240 - Cannot read IP mode file for STMicroelectronics.X-CUBE-SMBUS.2.1.0
2024-04-12 07:21:03,809 [INFO] UserAuth:404 - Internet connection configuration mode: 1
2024-04-12 07:21:03,817 [WARN] PackLoader:240 - Cannot read IP mode file for STMicroelectronics.X-CUBE-TOUCHGFX.4.23.1
2024-04-12 07:21:03,833 [WARN] PackLoader:240 - Cannot read IP mode file for STMicroelectronics.X-CUBE-TOUCHGFX.4.23.0
2024-04-12 07:21:03,843 [INFO] JxBrowserEngine:152 - Initiate JxBrowser Engine with user profile folder
2024-04-12 07:21:03,850 [WARN] PackLoader:240 - Cannot read IP mode file for STMicroelectronics.X-CUBE-TOUCHGFX.4.23.2
2024-04-12 07:21:03,926 [WARN] PackLoader:240 - Cannot read IP mode file for STMicroelectronics.X-CUBE-AZRTOS-F7.1.1.0
2024-04-12 07:21:03,954 [WARN] PackLoader:240 - Cannot read IP mode file for STMicroelectronics.FP-SNS-MOTENV1.4.3.2
2024-04-12 07:21:03,979 [WARN] PackLoader:240 - Cannot read IP mode file for STMicroelectronics.FP-SNS-FLIGHT1.5.0.2
2024-04-12 07:21:04,008 [WARN] PackLoader:240 - Cannot read IP mode file for STMicroelectronics.X-CUBE-DISPLAY.3.0.0
2024-04-12 07:21:04,043 [WARN] PackLoader:240 - Cannot read IP mode file for STMicroelectronics.X-CUBE-BLE1.7.0.0
2024-04-12 07:21:04,066 [WARN] PackLoader:240 - Cannot read IP mode file for emotas.I-CUBE-CANOPEN.1.3.0
2024-04-12 07:21:04,082 [WARN] PackLoader:240 - Cannot read IP mode file for STMicroelectronics.X-CUBE-TOUCHGFX.4.22.1
2024-04-12 07:21:04,114 [WARN] PackLoader:240 - Cannot read IP mode file for STMicroelectronics.X-CUBE-BLEMGR.3.1.0
2024-04-12 07:21:04,153 [WARN] PackLoader:240 - Cannot read IP mode file for STMicroelectronics.FP-SNS-SMARTAG2.1.2.0
2024-04-12 07:21:04,197 [INFO] LogOutputStream:77 - [STDOUT_REDIRECT] 1 : Invalid condition id : UX_CORESTACK_Condition cause : null
2024-04-12 07:21:04,199 [INFO] LogOutputStream:77 - [STDOUT_REDIRECT] 1 : Invalid condition id : UX_CORESTACK_Condition cause : null
2024-04-12 07:21:04,201 [INFO] LogOutputStream:77 - [STDOUT_REDIRECT] 1 : Invalid condition id : UX_CORESTACK_Condition cause : null
2024-04-12 07:21:04,203 [INFO] LogOutputStream:77 - [STDOUT_REDIRECT] 1 : Invalid condition id : UX_CORESTACK_Condition cause : null
2024-04-12 07:21:04,206 [INFO] LogOutputStream:77 - [STDOUT_REDIRECT] 1 : Invalid condition id : UX_CORESTACK_Condition cause : null
2024-04-12 07:21:04,214 [WARN] PackLoader:240 - Cannot read IP mode file for STMicroelectronics.X-CUBE-AZRTOS-WL.2.0.0
2024-04-12 07:21:04,238 [WARN] PackLoader:240 - Cannot read IP mode file for STMicroelectronics.FP-SNS-MOTENV1.5.0.0
2024-04-12 07:21:04,290 [WARN] PackLoader:240 - Cannot read IP mode file for WES.I-CUBE-Cesium.1.3.0
2024-04-12 07:21:04,314 [WARN] PackLoader:240 - Cannot read IP mode file for STMicroelectronics.X-CUBE-BLE2.3.3.0
2024-04-12 07:21:04,346 [WARN] PackLoader:240 - Cannot read IP mode file for STMicroelectronics.X-CUBE-TCPP.4.1.0
2024-04-12 07:21:04,373 [WARN] PackLoader:240 - Cannot read IP mode file for STMicroelectronics.X-CUBE-ALGOBUILD.1.3.0
2024-04-12 07:21:04,416 [WARN] PackLoader:240 - Cannot read IP mode file for STMicroelectronics.X-CUBE-AZRTOS-G0.1.1.0
2024-04-12 07:21:04,437 [WARN] PackLoader:240 - Cannot read IP mode file for STMicroelectronics.X-CUBE-SAFEA1.1.2.2
2024-04-12 07:21:04,459 [WARN] PackLoader:240 - Cannot read IP mode file for STMicroelectronics.X-CUBE-NFC4.3.0.0
2024-04-12 07:21:04,484 [WARN] PackLoader:240 - Cannot read IP mode file for STMicroelectronics.X-CUBE-BLEMGR.3.0.0
2024-04-12 07:21:04,501 [WARN] PackLoader:240 - Cannot read IP mode file for STMicroelectronics.FP-ATR-SIGFOX1.3.2.0
2024-04-12 07:21:04,523 [WARN] PackLoader:240 - Cannot read IP mode file for STMicroelectronics.X-CUBE-EEPRMA1.5.1.0
2024-04-12 07:21:04,580 [WARN] PackLoader:240 - Cannot read IP mode file for SEGGER.I-CUBE-embOS.1.3.1
2024-04-12 07:21:04,647 [WARN] PackLoader:240 - Cannot read IP mode file for STMicroelectronics.X-CUBE-GNSS1.6.0.0
2024-04-12 07:21:04,688 [WARN] PackLoader:240 - Cannot read IP mode file for STMicroelectronics.X-CUBE-AZRTOS-F4.1.1.0
2024-04-12 07:21:04,707 [WARN] PackLoader:240 - Cannot read IP mode file for wolfSSL.I-CUBE-wolfSSL.5.6.3
2024-04-12 07:21:04,753 [WARN] PackLoader:240 - Cannot read IP mode file for STMicroelectronics.X-CUBE-AZRTOS-L5.2.0.0
2024-04-12 07:21:04,835 [WARN] PackLoader:240 - Cannot read IP mode file for STMicroelectronics.X-CUBE-MEMS1.9.6.0
2024-04-12 07:21:05,029 [WARN] PackLoader:240 - Cannot read IP mode file for STMicroelectronics.X-CUBE-EEPRMA1.4.2.0
2024-04-12 07:21:05,048 [WARN] PackLoader:240 - Cannot read IP mode file for STMicroelectronics.X-CUBE-NFC6.3.1.0
2024-04-12 07:21:05,069 [WARN] PackLoader:240 - Cannot read IP mode file for ITTIA_DB.I-CUBE-ITTIADB.8.8.0
2024-04-12 07:21:05,092 [WARN] PackLoader:240 - Cannot read IP mode file for STMicroelectronics.X-CUBE-BLEMGR.2.0.0
2024-04-12 07:21:05,156 [WARN] ConditionMgr:438 - getConditionDescription Invalid condition id : UX DEVICE CLASS RTOS Condition cause : null
2024-04-12 07:21:05,156 [WARN] ConditionMgr:438 - getConditionDescription Invalid condition id : UX DEVICE CLASS RTOS Condition cause : null
2024-04-12 07:21:05,165 [WARN] PackLoader:240 - Cannot read IP mode file for STMicroelectronics.X-CUBE-AZRTOS-H7.3.1.0
2024-04-12 07:21:05,167 [WARN] ConditionMgr:1039 - genDependencies : Invalid condition id : UX DEVICE CLASS RTOS Condition cause : null
2024-04-12 07:21:05,167 [WARN] ConditionMgr:1039 - genDependencies : Invalid condition id : UX DEVICE CLASS RTOS Condition cause : null
2024-04-12 07:21:05,169 [WARN] ConditionMgr:1039 - genDependencies : Invalid condition id : UX DEVICE CLASS RTOS Condition cause : null
2024-04-12 07:21:05,169 [WARN] ConditionMgr:1039 - genDependencies : Invalid condition id : UX DEVICE CLASS RTOS Condition cause : null
2024-04-12 07:21:05,169 [WARN] ConditionMgr:1039 - genDependencies : Invalid condition id : UX DEVICE CLASS RTOS Condition cause : null
2024-04-12 07:21:05,209 [WARN] PackLoader:240 - Cannot read IP mode file for STMicroelectronics.X-CUBE-NFC7.1.0.1
2024-04-12 07:21:05,247 [WARN] PackLoader:240 - Cannot read IP mode file for STMicroelectronics.X-CUBE-NFC6.3.0.0
2024-04-12 07:21:05,303 [WARN] PackLoader:240 - Cannot read IP mode file for STMicroelectronics.X-CUBE-EEPRMA1.4.1.0
2024-04-12 07:21:05,326 [WARN] PackLoader:240 - Cannot read IP mode file for STMicroelectronics.X-CUBE-AI.8.1.0
2024-04-12 07:21:05,381 [WARN] ConditionMgr:438 - getConditionDescription Invalid condition id : LAN8742 Phy interface Condition cause : null
2024-04-12 07:21:05,382 [WARN] PackLoader:240 - Cannot read IP mode file for STMicroelectronics.X-CUBE-AZRTOS-L4.2.0.0
2024-04-12 07:21:05,384 [WARN] ConditionMgr:1039 - genDependencies : Invalid condition id : LAN8742 Phy interface Condition cause : null
2024-04-12 07:21:05,385 [WARN] ConditionMgr:1039 - genDependencies : Invalid condition id : LAN8742 Phy interface Condition cause : null
2024-04-12 07:21:05,386 [WARN] ConditionMgr:1039 - genDependencies : Invalid condition id : LAN8742 Phy interface Condition cause : null
2024-04-12 07:21:05,416 [WARN] PackLoader:240 - Cannot read IP mode file for STMicroelectronics.X-CUBE-SFXS2LP1.4.0.0
2024-04-12 07:21:05,441 [WARN] PackLoader:240 - Cannot read IP mode file for STMicroelectronics.X-CUBE-ISPU.1.1.0
2024-04-12 07:21:05,483 [WARN] ConditionMgr:438 - getConditionDescription Invalid condition id : UX DEVICE CLASS RTOS Condition cause : null
2024-04-12 07:21:05,483 [WARN] ConditionMgr:438 - getConditionDescription Invalid condition id : UX DEVICE CLASS RTOS Condition cause : null
2024-04-12 07:21:05,487 [WARN] PackLoader:240 - Cannot read IP mode file for STMicroelectronics.X-CUBE-AZRTOS-WB.2.0.0
2024-04-12 07:21:05,488 [WARN] ConditionMgr:1039 - genDependencies : Invalid condition id : UX DEVICE CLASS RTOS Condition cause : null
2024-04-12 07:21:05,488 [WARN] ConditionMgr:1039 - genDependencies : Invalid condition id : UX DEVICE CLASS RTOS Condition cause : null
2024-04-12 07:21:05,489 [WARN] ConditionMgr:1039 - genDependencies : Invalid condition id : UX DEVICE CLASS RTOS Condition cause : null
2024-04-12 07:21:05,489 [WARN] ConditionMgr:1039 - genDependencies : Invalid condition id : UX DEVICE CLASS RTOS Condition cause : null
2024-04-12 07:21:05,490 [WARN] ConditionMgr:1039 - genDependencies : Invalid condition id : UX DEVICE CLASS RTOS Condition cause : null
2024-04-12 07:21:05,523 [WARN] PackLoader:240 - Cannot read IP mode file for STMicroelectronics.X-CUBE-SUBG2.5.0.0
2024-04-12 07:21:05,565 [WARN] PackLoader:240 - Cannot read IP mode file for STMicroelectronics.X-CUBE-TOF1.3.3.1
2024-04-12 07:21:05,628 [WARN] PackLoader:240 - Cannot read IP mode file for STMicroelectronics.X-CUBE-AZRTOS-G4.2.0.0
2024-04-12 07:21:05,675 [WARN] PackLoader:240 - Cannot read IP mode file for Infineon.AIROC-Wi-Fi-Bluetooth-STM32.1.5.1
2024-04-12 07:21:05,708 [WARN] PackLoader:240 - Cannot read IP mode file for STMicroelectronics.FP-SNS-MOTENVWB1.1.3.0
2024-04-12 07:21:05,729 [WARN] PackLoader:240 - Cannot read IP mode file for STMicroelectronics.FP-SNS-MOTENVWB1.1.3.1
2024-04-12 07:21:05,752 [WARN] PackLoader:240 - Cannot read IP mode file for STMicroelectronics.X-CUBE-ISPU.2.0.0
2024-04-12 07:21:05,861 [WARN] PackLoader:240 - Cannot read IP mode file for STMicroelectronics.X-CUBE-MEMS1.10.0.0
2024-04-12 07:21:06,105 [WARN] PackLoader:240 - Cannot read IP mode file for STMicroelectronics.X-CUBE-FREERTOS.1.1.0
2024-04-12 07:21:06,131 [WARN] PackLoader:240 - Cannot read IP mode file for portGmbH.I-Cube-SoM-uGOAL.1.1.0
2024-04-12 07:21:06,151 [WARN] PackLoader:240 - Cannot read IP mode file for STMicroelectronics.X-CUBE-ALS.1.0.1
2024-04-12 07:21:06,173 [WARN] PackLoader:240 - Cannot read IP mode file for STMicroelectronics.FP-ATR-ASTRA1.2.0.0
2024-04-12 07:21:06,220 [WARN] PackLoader:240 - Cannot read IP mode file for STMicroelectronics.X-CUBE-TOF1.3.4.0
2024-04-12 07:21:06,269 [WARN] PackLoader:240 - Cannot read IP mode file for STMicroelectronics.X-CUBE-TOF1.3.4.1
2024-04-12 07:21:06,331 [WARN] PackLoader:240 - Cannot read IP mode file for STMicroelectronics.X-CUBE-AZRTOS-H7.3.2.0
2024-04-12 07:21:06,335 [INFO] ThirdParty:978 - Integrity check success = true
2024-04-12 07:21:06,335 [INFO] IntegrityCheckThread:100 - exiting critical section [integrity check]
2024-04-12 07:21:06,335 [INFO] IntegrityCheckThread:103 - End integrity checks thread
2024-04-12 07:21:08,329 [INFO] WebApp:161 - Instantiating new browser for Auth
2024-04-12 07:21:09,088 [INFO] WebApp:780 - Register for checkConnection events
2024-04-12 07:21:09,089 [INFO] WebApp:414 - Apply proxy settings
2024-04-12 07:21:09,089 [INFO] WebApp:499 - Chromium requires no authentication
2024-04-12 07:21:09,098 [INFO] WebApp:442 - Direct internet connection detected
2024-04-12 07:21:09,269 [INFO] WebApp:192 - Starting web application
2024-04-12 07:21:09,269 [INFO] WebApp:544 - Web application path used G:\stm32cubeide\stm32cubeide114\STM32CubeIDE_1.14.0\STM32CubeIDE\plugins\com.st.stm32cube.common.mx_6.10.0.202311202037\db\plugins\mcufinder\reactClient1\index.html
2024-04-12 07:21:30,440 [ERROR] LogOutputStream:75 - [STDERR_REDIRECT] SLF4J: Failed to load class "org.slf4j.impl.StaticLoggerBinder".
2024-04-12 07:21:30,441 [ERROR] LogOutputStream:75 - [STDERR_REDIRECT] SLF4J: Defaulting to no-operation (NOP) logger implementation
2024-04-12 07:21:30,443 [ERROR] LogOutputStream:75 - [STDERR_REDIRECT] SLF4J: See http://www.slf4j.org/codes.html#StaticLoggerBinder for further details.
2024-04-12 07:39:44,514 [ERROR] LogOutputStream:75 - [STDERR_REDIRECT] 
2024-04-12 08:08:17,553 [INFO] Activator:176 - 


2024-04-12 08:08:17,556 [INFO] Activator:177 - !SESSION log4j initialized
2024-04-12 08:08:24,833 [INFO] LogOutputStream:77 - [STDOUT_REDIRECT] 
2024-04-12 08:08:31,604 [INFO] ApplicationProperties:184 - Using Application install path: G:\stm32cubeide\stm32cubeide114\STM32CubeIDE_1.14.0\STM32CubeIDE\plugins\com.st.stm32cube.common.mx_6.10.0.202311202037
2024-04-12 08:08:31,625 [INFO] DbMcusXml:78 - Set database path to: G:\stm32cubeide\stm32cubeide114\STM32CubeIDE_1.14.0\STM32CubeIDE\plugins\com.st.stm32cube.common.mx_6.10.0.202311202037\\db\/mcu/
2024-04-12 08:08:31,626 [INFO] ApiDb:274 - Set plugin database path to: G:\stm32cubeide\stm32cubeide114\STM32CubeIDE_1.14.0\STM32CubeIDE\plugins\com.st.stm32cube.common.mx_6.10.0.202311202037\\db\/plugins/boardmanager/
2024-04-12 08:08:31,626 [WARN] ApiDb:259 - Overriding images path with different value:  => G:\stm32cubeide\stm32cubeide114\STM32CubeIDE_1.14.0\STM32CubeIDE\plugins\com.st.stm32cube.common.mx_6.10.0.202311202037\\db\/plugins/mcufinder/images/
2024-04-12 08:08:31,638 [INFO] ApiDb:250 - Set database path to: C:\Users\Nghia\.stmcufinder\plugins\mcufinder//mcu/
2024-04-12 08:08:31,640 [INFO] DbMcusAds:125 - Set database path to: C:\Users\Nghia\.stmcufinder\plugins\mcufinder//mcu/
2024-04-12 08:08:31,642 [INFO] CrossReferenceDbSqlite:203 - Set database path to: C:\Users\Nghia\.stmcufinder\plugins\mcufinder//mcu/cs/
2024-04-12 08:08:31,785 [INFO] RulesReader:64 - Compatibility file has been processed (297 Rules)
2024-04-12 08:08:31,891 [INFO] DbMcusXml:78 - Set database path to: G:\stm32cubeide\stm32cubeide114\STM32CubeIDE_1.14.0\STM32CubeIDE\plugins\com.st.stm32cube.common.mx_6.10.0.202311202037\\db\/mcu/
2024-04-12 08:08:31,892 [INFO] ApiDb:274 - Set plugin database path to: G:\stm32cubeide\stm32cubeide114\STM32CubeIDE_1.14.0\STM32CubeIDE\plugins\com.st.stm32cube.common.mx_6.10.0.202311202037\\db\/plugins/boardmanager/
2024-04-12 08:08:31,892 [INFO] ApiDb:261 - Set plugin images path to: G:\stm32cubeide\stm32cubeide114\STM32CubeIDE_1.14.0\STM32CubeIDE\plugins\com.st.stm32cube.common.mx_6.10.0.202311202037\\db\/plugins/mcufinder/images/
2024-04-12 08:08:31,892 [WARN] DbFile:41 - Overriding database path with different value: C:\Users\Nghia\.stmcufinder\plugins\mcufinder/ => C:\Users\Nghia\.stmcufinder\plugins\mcufinder
2024-04-12 08:08:31,892 [INFO] ApiDb:250 - Set database path to: C:\Users\Nghia\.stmcufinder\plugins\mcufinder//mcu/
2024-04-12 08:08:31,893 [WARN] DbFile:41 - Overriding database path with different value: C:\Users\Nghia\.stmcufinder\plugins\mcufinder/ => C:\Users\Nghia\.stmcufinder\plugins\mcufinder
2024-04-12 08:08:31,893 [INFO] DbMcusAds:125 - Set database path to: C:\Users\Nghia\.stmcufinder\plugins\mcufinder//mcu/
2024-04-12 08:08:31,893 [WARN] DbFile:41 - Overriding database path with different value: C:\Users\Nghia\.stmcufinder\plugins\mcufinder/ => C:\Users\Nghia\.stmcufinder\plugins\mcufinder
2024-04-12 08:08:31,893 [WARN] DbFile:41 - Overriding database path with different value: C:\Users\Nghia\.stmcufinder\plugins\mcufinder/ => C:\Users\Nghia\.stmcufinder\plugins\mcufinder
2024-04-12 08:08:31,893 [INFO] CrossReferenceDbSqlite:203 - Set database path to: C:\Users\Nghia\.stmcufinder\plugins\mcufinder//mcu/cs/
2024-04-12 08:08:31,993 [INFO] MainPanel:264 - HeapMemory: 268435456
2024-04-12 08:08:32,106 [INFO] DbMcusXml:78 - Set database path to: G:\stm32cubeide\stm32cubeide114\STM32CubeIDE_1.14.0\STM32CubeIDE\plugins\com.st.stm32cube.common.mx_6.10.0.202311202037\\db\/mcu/
2024-04-12 08:08:32,106 [INFO] ApiDb:274 - Set plugin database path to: G:\stm32cubeide\stm32cubeide114\STM32CubeIDE_1.14.0\STM32CubeIDE\plugins\com.st.stm32cube.common.mx_6.10.0.202311202037\\db\/plugins/boardmanager/
2024-04-12 08:08:32,106 [INFO] ApiDb:261 - Set plugin images path to: G:\stm32cubeide\stm32cubeide114\STM32CubeIDE_1.14.0\STM32CubeIDE\plugins\com.st.stm32cube.common.mx_6.10.0.202311202037\\db\/plugins/mcufinder/images/
2024-04-12 08:08:32,107 [WARN] DbFile:41 - Overriding database path with different value: C:\Users\Nghia\.stmcufinder\plugins\mcufinder/ => C:\Users\Nghia\.stmcufinder\plugins\mcufinder
2024-04-12 08:08:32,107 [INFO] ApiDb:250 - Set database path to: C:\Users\Nghia\.stmcufinder\plugins\mcufinder//mcu/
2024-04-12 08:08:32,107 [WARN] DbFile:41 - Overriding database path with different value: C:\Users\Nghia\.stmcufinder\plugins\mcufinder/ => C:\Users\Nghia\.stmcufinder\plugins\mcufinder
2024-04-12 08:08:32,107 [INFO] DbMcusAds:125 - Set database path to: C:\Users\Nghia\.stmcufinder\plugins\mcufinder//mcu/
2024-04-12 08:08:32,107 [WARN] DbFile:41 - Overriding database path with different value: C:\Users\Nghia\.stmcufinder\plugins\mcufinder/ => C:\Users\Nghia\.stmcufinder\plugins\mcufinder
2024-04-12 08:08:32,107 [WARN] DbFile:41 - Overriding database path with different value: C:\Users\Nghia\.stmcufinder\plugins\mcufinder/ => C:\Users\Nghia\.stmcufinder\plugins\mcufinder
2024-04-12 08:08:32,108 [INFO] CrossReferenceDbSqlite:203 - Set database path to: C:\Users\Nghia\.stmcufinder\plugins\mcufinder//mcu/cs/
2024-04-12 08:08:32,130 [INFO] ApplicationProperties:184 - Using Application install path: G:\stm32cubeide\stm32cubeide114\STM32CubeIDE_1.14.0\STM32CubeIDE\plugins\com.st.stm32cube.common.mx_6.10.0.202311202037
2024-04-12 08:08:32,132 [INFO] PluginManage:196 - Search for loadable plugins [exclusion list=, ]
2024-04-12 08:08:32,134 [INFO] PluginManage:310 - Check plugin analytics
2024-04-12 08:08:37,248 [INFO] AnalyticsPlugin:253 - Accepted Software Licenses: STM32CubeMX.6.8.0,STM32CubeMX.6.1.1
2024-04-12 08:08:37,248 [INFO] AnalyticsPlugin:255 - Accepted CMSIS Pack Licenses: 
2024-04-12 08:08:37,248 [INFO] AnalyticsPlugin:257 - Accepted Firmware Licenses: FW.F4.1.27.0,FW.F4.1.28.0
2024-04-12 08:08:37,254 [INFO] PluginManage:359 - Loaded plugin analytics (category:tool,tabindex:-1)
2024-04-12 08:08:37,255 [INFO] PluginManage:310 - Check plugin cadmodel
2024-04-12 08:08:37,269 [INFO] CADModel:105 - Init CAD model plugin
2024-04-12 08:08:37,270 [INFO] PluginManage:359 - Loaded plugin cadmodel (category:power,tabindex:5)
2024-04-12 08:08:37,270 [INFO] PluginManage:310 - Check plugin clock
2024-04-12 08:08:37,292 [INFO] PluginManage:359 - Loaded plugin clock (category:base,tabindex:2)
2024-04-12 08:08:37,292 [INFO] PluginManage:310 - Check plugin ddr
2024-04-12 08:08:37,294 [INFO] PluginManage:359 - Loaded plugin ddr (category:tool,tabindex:6)
2024-04-12 08:08:37,295 [INFO] PluginManage:310 - Check plugin filemanager
2024-04-12 08:08:37,432 [INFO] PluginManage:359 - Loaded plugin filemanager (category:base,tabindex:10)
2024-04-12 08:08:37,432 [INFO] PluginManage:310 - Check plugin ipmanager
2024-04-12 08:08:37,442 [INFO] PluginManage:359 - Loaded plugin ipmanager (category:base,tabindex:5)
2024-04-12 08:08:37,442 [INFO] PluginManage:310 - Check plugin lpbam
2024-04-12 08:08:37,460 [INFO] PluginManage:359 - Loaded plugin lpbam (category:base,tabindex:0)
2024-04-12 08:08:37,460 [INFO] PluginManage:310 - Check plugin memorymap
2024-04-12 08:08:37,483 [INFO] PluginManage:359 - Loaded plugin memorymap (category:base,tabindex:4)
2024-04-12 08:08:37,483 [INFO] PluginManage:310 - Check plugin pinoutandconfiguration
2024-04-12 08:08:37,502 [INFO] PluginManage:359 - Loaded plugin pinoutandconfiguration (category:base,tabindex:1)
2024-04-12 08:08:37,502 [INFO] PluginManage:310 - Check plugin pinoutconfig
2024-04-12 08:08:37,612 [WARN] SupportedApi:132 - Cannot load RTOS API schema: s4s-elt-must-match.1: The content of 'definitions' must match (annotation?, (simpleType | complexType)?, (unique | key | keyref)*)). A problem was found starting at: attribute.
2024-04-12 08:08:37,761 [INFO] PluginManage:359 - Loaded plugin pinoutconfig (category:base,tabindex:0)
2024-04-12 08:08:37,761 [INFO] PluginManage:310 - Check plugin power
2024-04-12 08:08:37,787 [INFO] PluginManage:359 - Loaded plugin power (category:power,tabindex:4)
2024-04-12 08:08:37,787 [INFO] PluginManage:310 - Check plugin projectmanager
2024-04-12 08:08:37,810 [INFO] PluginManage:359 - Loaded plugin projectmanager (category:projectmanager,tabindex:3)
2024-04-12 08:08:37,810 [INFO] PluginManage:310 - Check plugin thirdparty
2024-04-12 08:08:38,119 [INFO] PluginManage:359 - Loaded plugin thirdparty (category:base,tabindex:-1)
2024-04-12 08:08:38,119 [WARN] IntegrityCheckThread:84 - waiting for thirdparty lock release [integrity check]
2024-04-12 08:08:38,120 [INFO] IntegrityCheckThread:86 - entering critical section [integrity check]
2024-04-12 08:08:38,120 [INFO] PluginManage:310 - Check plugin tools
2024-04-12 08:08:38,120 [INFO] ThirdPartyUpdaterWithRetryManager:70 - Updater plugin not ready yet. [1/15]
2024-04-12 08:08:38,159 [INFO] PluginManage:359 - Loaded plugin tools (category:base,tabindex:7)
2024-04-12 08:08:38,159 [INFO] PluginManage:310 - Check plugin tutovideos
2024-04-12 08:08:38,377 [INFO] PluginManage:359 - Loaded plugin tutovideos (category:base,tabindex:-1)
2024-04-12 08:08:38,377 [INFO] PluginManage:310 - Check plugin updater
2024-04-12 08:08:38,390 [INFO] PluginManage:359 - Loaded plugin updater (category:base,tabindex:12)
2024-04-12 08:08:38,390 [INFO] PluginManage:310 - Check plugin userauth
2024-04-12 08:08:38,395 [INFO] UserAuth:114 - Init User Auth plugin
2024-04-12 08:08:38,395 [INFO] PluginManage:359 - Loaded plugin userauth (category:base,tabindex:14)
2024-04-12 08:08:38,396 [INFO] PluginManage:283 - PluginManage : Loaded plugins [17]
2024-04-12 08:08:38,662 [INFO] PinOutPanel:1499 - setPackage(No Configuration,No Configuration)
2024-04-12 08:08:38,759 [INFO] CADModel:165 - CPN selected for project level
2024-04-12 08:08:38,759 [INFO] CADModel:114 - Register for checkConnection events
2024-04-12 08:08:38,782 [INFO] IPUIPlugin:80 - create IPUIPlugin
2024-04-12 08:08:38,782 [INFO] PluginManager:220 - loadIPPluginJar : add adc
2024-04-12 08:08:38,817 [INFO] IPUIPlugin:80 - create IPUIPlugin
2024-04-12 08:08:38,817 [INFO] PluginManager:220 - loadIPPluginJar : add aes
2024-04-12 08:08:38,854 [INFO] IPUIPlugin:80 - create IPUIPlugin
2024-04-12 08:08:38,855 [INFO] PluginManager:220 - loadIPPluginJar : add can
2024-04-12 08:08:38,876 [INFO] IPUIPlugin:80 - create IPUIPlugin
2024-04-12 08:08:38,876 [INFO] PluginManager:220 - loadIPPluginJar : add comp
2024-04-12 08:08:38,910 [INFO] IPUIPlugin:80 - create IPUIPlugin
2024-04-12 08:08:38,910 [INFO] PluginManager:220 - loadIPPluginJar : add cryp
2024-04-12 08:08:38,936 [INFO] IPUIPlugin:80 - create IPUIPlugin
2024-04-12 08:08:38,936 [INFO] PluginManager:220 - loadIPPluginJar : add dfsdm
2024-04-12 08:08:38,949 [INFO] IPUIPlugin:80 - create IPUIPlugin
2024-04-12 08:08:38,950 [INFO] PluginManager:220 - loadIPPluginJar : add dma
2024-04-12 08:08:38,990 [INFO] IPUIPlugin:80 - create IPUIPlugin
2024-04-12 08:08:38,990 [INFO] PluginManager:220 - loadIPPluginJar : add dma3
2024-04-12 08:08:39,009 [INFO] IPUIPlugin:80 - create IPUIPlugin
2024-04-12 08:08:39,009 [INFO] PluginManager:220 - loadIPPluginJar : add fatfs
2024-04-12 08:08:39,052 [INFO] IPUIPlugin:80 - create IPUIPlugin
2024-04-12 08:08:39,052 [INFO] PluginManager:220 - loadIPPluginJar : add fmc
2024-04-12 08:08:39,064 [INFO] IPUIPlugin:80 - create IPUIPlugin
2024-04-12 08:08:39,064 [INFO] PluginManager:220 - loadIPPluginJar : add freertos
2024-04-12 08:08:39,083 [INFO] IPUIPlugin:80 - create IPUIPlugin
2024-04-12 08:08:39,083 [INFO] PluginManager:220 - loadIPPluginJar : add genericplugin
2024-04-12 08:08:39,168 [INFO] IPUIPlugin:80 - create IPUIPlugin
2024-04-12 08:08:39,168 [INFO] PluginManager:220 - loadIPPluginJar : add gfxmmu
2024-04-12 08:08:39,285 [INFO] IPUIPlugin:80 - create IPUIPlugin
2024-04-12 08:08:39,285 [INFO] PluginManager:220 - loadIPPluginJar : add gic
2024-04-12 08:08:39,296 [INFO] IPUIPlugin:80 - create IPUIPlugin
2024-04-12 08:08:39,296 [INFO] PluginManager:220 - loadIPPluginJar : add gpio
2024-04-12 08:08:39,387 [INFO] IPUIPlugin:80 - create IPUIPlugin
2024-04-12 08:08:39,387 [INFO] PluginManager:220 - loadIPPluginJar : add gtzc
2024-04-12 08:08:39,414 [INFO] IPUIPlugin:80 - create IPUIPlugin
2024-04-12 08:08:39,414 [INFO] PluginManager:220 - loadIPPluginJar : add hash
2024-04-12 08:08:39,468 [INFO] IPUIPlugin:80 - create IPUIPlugin
2024-04-12 08:08:39,468 [INFO] PluginManager:220 - loadIPPluginJar : add i2c
2024-04-12 08:08:39,503 [INFO] IPUIPlugin:80 - create IPUIPlugin
2024-04-12 08:08:39,503 [INFO] PluginManager:220 - loadIPPluginJar : add i2s
2024-04-12 08:08:39,541 [INFO] IPUIPlugin:80 - create IPUIPlugin
2024-04-12 08:08:39,541 [INFO] PluginManager:220 - loadIPPluginJar : add i3c
2024-04-12 08:08:39,641 [INFO] IPUIPlugin:80 - create IPUIPlugin
2024-04-12 08:08:39,641 [INFO] PluginManager:220 - loadIPPluginJar : add ipddr
2024-04-12 08:08:39,727 [INFO] IPUIPlugin:80 - create IPUIPlugin
2024-04-12 08:08:39,727 [INFO] PluginManager:220 - loadIPPluginJar : add linkedlist
2024-04-12 08:08:39,763 [INFO] IPUIPlugin:80 - create IPUIPlugin
2024-04-12 08:08:39,763 [INFO] PluginManager:220 - loadIPPluginJar : add lorawan
2024-04-12 08:08:39,797 [INFO] IPUIPlugin:80 - create IPUIPlugin
2024-04-12 08:08:39,797 [INFO] PluginManager:220 - loadIPPluginJar : add ltdc
2024-04-12 08:08:39,811 [INFO] IPUIPlugin:80 - create IPUIPlugin
2024-04-12 08:08:39,811 [INFO] PluginManager:220 - loadIPPluginJar : add mdma
2024-04-12 08:08:39,824 [INFO] IPUIPlugin:80 - create IPUIPlugin
2024-04-12 08:08:39,825 [INFO] PluginManager:220 - loadIPPluginJar : add nvic
2024-04-12 08:08:39,865 [INFO] IPUIPlugin:80 - create IPUIPlugin
2024-04-12 08:08:39,865 [INFO] PluginManager:220 - loadIPPluginJar : add opamp
2024-04-12 08:08:39,929 [INFO] IPUIPlugin:80 - create IPUIPlugin
2024-04-12 08:08:39,929 [INFO] PluginManager:220 - loadIPPluginJar : add openamp
2024-04-12 08:08:39,974 [INFO] IPUIPlugin:80 - create IPUIPlugin
2024-04-12 08:08:39,974 [INFO] PluginManager:220 - loadIPPluginJar : add pdm2pcm
2024-04-12 08:08:39,987 [INFO] IPUIPlugin:80 - create IPUIPlugin
2024-04-12 08:08:39,989 [INFO] PluginManager:220 - loadIPPluginJar : add plateformsettings
2024-04-12 08:08:40,009 [INFO] IPUIPlugin:80 - create IPUIPlugin
2024-04-12 08:08:40,010 [INFO] PluginManager:220 - loadIPPluginJar : add quadspi
2024-04-12 08:08:40,020 [INFO] IPUIPlugin:80 - create IPUIPlugin
2024-04-12 08:08:40,021 [INFO] PluginManager:220 - loadIPPluginJar : add resmgrutility
2024-04-12 08:08:40,067 [INFO] IPUIPlugin:80 - create IPUIPlugin
2024-04-12 08:08:40,067 [INFO] PluginManager:220 - loadIPPluginJar : add sai
2024-04-12 08:08:40,100 [INFO] IPUIPlugin:80 - create IPUIPlugin
2024-04-12 08:08:40,100 [INFO] PluginManager:220 - loadIPPluginJar : add spi
2024-04-12 08:08:40,162 [INFO] IPUIPlugin:80 - create IPUIPlugin
2024-04-12 08:08:40,162 [INFO] PluginManager:220 - loadIPPluginJar : add stm32_wpan
2024-04-12 08:08:40,182 [INFO] IPUIPlugin:80 - create IPUIPlugin
2024-04-12 08:08:40,182 [INFO] PluginManager:220 - loadIPPluginJar : add tim
2024-04-12 08:08:40,238 [INFO] IPUIPlugin:80 - create IPUIPlugin
2024-04-12 08:08:40,238 [INFO] PluginManager:220 - loadIPPluginJar : add touchsensing
2024-04-12 08:08:40,258 [INFO] IPUIPlugin:80 - create IPUIPlugin
2024-04-12 08:08:40,258 [INFO] PluginManager:220 - loadIPPluginJar : add tracer_emb
2024-04-12 08:08:40,281 [INFO] IPUIPlugin:80 - create IPUIPlugin
2024-04-12 08:08:40,281 [INFO] PluginManager:220 - loadIPPluginJar : add ts
2024-04-12 08:08:40,300 [INFO] IPUIPlugin:80 - create IPUIPlugin
2024-04-12 08:08:40,300 [INFO] PluginManager:220 - loadIPPluginJar : add tsc
2024-04-12 08:08:40,325 [INFO] IPUIPlugin:80 - create IPUIPlugin
2024-04-12 08:08:40,325 [INFO] PluginManager:220 - loadIPPluginJar : add ucpd
2024-04-12 08:08:40,370 [INFO] IPUIPlugin:80 - create IPUIPlugin
2024-04-12 08:08:40,370 [INFO] PluginManager:220 - loadIPPluginJar : add usart
2024-04-12 08:08:40,410 [INFO] IPUIPlugin:80 - create IPUIPlugin
2024-04-12 08:08:40,410 [INFO] PluginManager:220 - loadIPPluginJar : add usbx
2024-04-12 08:08:40,554 [INFO] CADModel:165 - CPN selected for project level
2024-04-12 08:08:40,554 [INFO] CADModel:114 - Register for checkConnection events
2024-04-12 08:08:40,554 [FATAL] Updater:308 - Updater called before beeing initialized
2024-04-12 08:08:40,554 [ERROR] CADModel:125 - Updater not yet initialized, retry later 
2024-04-12 08:08:40,747 [INFO] CADModel:165 - CPN selected for project level
2024-04-12 08:08:40,748 [INFO] CADModel:114 - Register for checkConnection events
2024-04-12 08:08:40,748 [FATAL] Updater:308 - Updater called before beeing initialized
2024-04-12 08:08:40,748 [ERROR] CADModel:125 - Updater not yet initialized, retry later 
2024-04-12 08:08:40,752 [FATAL] Updater:308 - Updater called before beeing initialized
2024-04-12 08:08:40,901 [FATAL] Updater:308 - Updater called before beeing initialized
2024-04-12 08:08:40,914 [INFO] DbMcusAds:53 - JSON generation date=Wed Nov 29 17:52:27 ICT 2023 (1701255147349)
2024-04-12 08:08:40,914 [FATAL] Updater:308 - Updater called before beeing initialized
2024-04-12 08:08:41,010 [WARN] DetailPanel:346 - Failed to get advertising image, set to default
2024-04-12 08:08:41,111 [FATAL] Updater:308 - Updater called before beeing initialized
2024-04-12 08:08:41,113 [FATAL] Updater:308 - Updater called before beeing initialized
2024-04-12 08:08:41,113 [FATAL] Updater:308 - Updater called before beeing initialized
2024-04-12 08:08:41,113 [WARN] DetailPanel:346 - Failed to get advertising image, set to default
2024-04-12 08:08:41,115 [FATAL] Updater:308 - Updater called before beeing initialized
2024-04-12 08:08:41,121 [INFO] ThirdPartyUpdaterWithRetryManager:70 - Updater plugin not ready yet. [2/15]
2024-04-12 08:08:41,205 [ERROR] Updater:1120 - MainUpdater not yet initialized. External WinMGr cannot be set.
2024-04-12 08:08:41,218 [INFO] Updater:1056 - Updater Version found : 6.10.0
2024-04-12 08:08:41,242 [INFO] ApplicationProperties:184 - Using Application install path: G:\stm32cubeide\stm32cubeide114\STM32CubeIDE_1.14.0\STM32CubeIDE\plugins\com.st.stm32cube.common.mx_6.10.0.202311202037
2024-04-12 08:08:41,859 [INFO] MainUpdater:2873 - connection check result : 10
2024-04-12 08:08:41,861 [INFO] MainUpdater:290 - Updater Check For Update Now.
2024-04-12 08:08:41,861 [INFO] MicroXplorer:498 - Change Database Version : DB.6.0.100
2024-04-12 08:08:41,888 [INFO] McuFinderGlobals:63 - Set McuFinder mode to 2 (CubeIDE integrated)
2024-04-12 08:08:42,121 [INFO] CheckServerUpdateThread:120 - End of CheckServer Thread
2024-04-12 08:08:42,250 [INFO] UserAuth:404 - Internet connection configuration mode: 1
2024-04-12 08:08:42,274 [INFO] JxBrowserEngine:152 - Initiate JxBrowser Engine with user profile folder
2024-04-12 08:08:44,355 [WARN] PackLoader:240 - Cannot read IP mode file for STMicroelectronics.X-CUBE-SMBUS.2.1.0
2024-04-12 08:08:44,376 [WARN] PackLoader:240 - Cannot read IP mode file for STMicroelectronics.X-CUBE-TOUCHGFX.4.23.1
2024-04-12 08:08:44,391 [WARN] PackLoader:240 - Cannot read IP mode file for STMicroelectronics.X-CUBE-TOUCHGFX.4.23.0
2024-04-12 08:08:44,405 [WARN] PackLoader:240 - Cannot read IP mode file for STMicroelectronics.X-CUBE-TOUCHGFX.4.23.2
2024-04-12 08:08:44,470 [WARN] PackLoader:240 - Cannot read IP mode file for STMicroelectronics.X-CUBE-AZRTOS-F7.1.1.0
2024-04-12 08:08:44,500 [WARN] PackLoader:240 - Cannot read IP mode file for STMicroelectronics.FP-SNS-MOTENV1.4.3.2
2024-04-12 08:08:44,524 [WARN] PackLoader:240 - Cannot read IP mode file for STMicroelectronics.FP-SNS-FLIGHT1.5.0.2
2024-04-12 08:08:44,553 [WARN] PackLoader:240 - Cannot read IP mode file for STMicroelectronics.X-CUBE-DISPLAY.3.0.0
2024-04-12 08:08:44,609 [WARN] PackLoader:240 - Cannot read IP mode file for STMicroelectronics.X-CUBE-BLE1.7.0.0
2024-04-12 08:08:44,639 [WARN] PackLoader:240 - Cannot read IP mode file for emotas.I-CUBE-CANOPEN.1.3.0
2024-04-12 08:08:44,699 [WARN] PackLoader:240 - Cannot read IP mode file for STMicroelectronics.X-CUBE-TOUCHGFX.4.22.1
2024-04-12 08:08:44,731 [WARN] PackLoader:240 - Cannot read IP mode file for STMicroelectronics.X-CUBE-BLEMGR.3.1.0
2024-04-12 08:08:44,757 [WARN] PackLoader:240 - Cannot read IP mode file for STMicroelectronics.FP-SNS-SMARTAG2.1.2.0
2024-04-12 08:08:44,792 [INFO] LogOutputStream:77 - [STDOUT_REDIRECT] 1 : Invalid condition id : UX_CORESTACK_Condition cause : null
2024-04-12 08:08:44,793 [INFO] LogOutputStream:77 - [STDOUT_REDIRECT] 1 : Invalid condition id : UX_CORESTACK_Condition cause : null
2024-04-12 08:08:44,795 [INFO] LogOutputStream:77 - [STDOUT_REDIRECT] 1 : Invalid condition id : UX_CORESTACK_Condition cause : null
2024-04-12 08:08:44,797 [INFO] LogOutputStream:77 - [STDOUT_REDIRECT] 1 : Invalid condition id : UX_CORESTACK_Condition cause : null
2024-04-12 08:08:44,798 [INFO] LogOutputStream:77 - [STDOUT_REDIRECT] 1 : Invalid condition id : UX_CORESTACK_Condition cause : null
2024-04-12 08:08:44,805 [WARN] PackLoader:240 - Cannot read IP mode file for STMicroelectronics.X-CUBE-AZRTOS-WL.2.0.0
2024-04-12 08:08:44,827 [WARN] PackLoader:240 - Cannot read IP mode file for STMicroelectronics.FP-SNS-MOTENV1.5.0.0
2024-04-12 08:08:44,856 [WARN] PackLoader:240 - Cannot read IP mode file for WES.I-CUBE-Cesium.1.3.0
2024-04-12 08:08:44,879 [WARN] PackLoader:240 - Cannot read IP mode file for STMicroelectronics.X-CUBE-BLE2.3.3.0
2024-04-12 08:08:44,931 [WARN] PackLoader:240 - Cannot read IP mode file for STMicroelectronics.X-CUBE-TCPP.4.1.0
2024-04-12 08:08:44,972 [WARN] PackLoader:240 - Cannot read IP mode file for STMicroelectronics.X-CUBE-ALGOBUILD.1.3.0
2024-04-12 08:08:45,024 [WARN] PackLoader:240 - Cannot read IP mode file for STMicroelectronics.X-CUBE-AZRTOS-G0.1.1.0
2024-04-12 08:08:45,071 [WARN] PackLoader:240 - Cannot read IP mode file for STMicroelectronics.X-CUBE-SAFEA1.1.2.2
2024-04-12 08:08:45,104 [WARN] PackLoader:240 - Cannot read IP mode file for STMicroelectronics.X-CUBE-NFC4.3.0.0
2024-04-12 08:08:45,137 [WARN] PackLoader:240 - Cannot read IP mode file for STMicroelectronics.X-CUBE-BLEMGR.3.0.0
2024-04-12 08:08:45,196 [WARN] PackLoader:240 - Cannot read IP mode file for STMicroelectronics.FP-ATR-SIGFOX1.3.2.0
2024-04-12 08:08:45,219 [INFO] WebApp:161 - Instantiating new browser for Auth
2024-04-12 08:08:45,220 [WARN] PackLoader:240 - Cannot read IP mode file for STMicroelectronics.X-CUBE-EEPRMA1.5.1.0
2024-04-12 08:08:45,446 [WARN] PackLoader:240 - Cannot read IP mode file for SEGGER.I-CUBE-embOS.1.3.1
2024-04-12 08:08:45,627 [WARN] PackLoader:240 - Cannot read IP mode file for STMicroelectronics.X-CUBE-GNSS1.6.0.0
2024-04-12 08:08:45,681 [WARN] PackLoader:240 - Cannot read IP mode file for STMicroelectronics.X-CUBE-AZRTOS-F4.1.1.0
2024-04-12 08:08:45,705 [WARN] PackLoader:240 - Cannot read IP mode file for wolfSSL.I-CUBE-wolfSSL.5.6.3
2024-04-12 08:08:45,743 [WARN] PackLoader:240 - Cannot read IP mode file for STMicroelectronics.X-CUBE-AZRTOS-L5.2.0.0
2024-04-12 08:08:45,816 [WARN] PackLoader:240 - Cannot read IP mode file for STMicroelectronics.X-CUBE-MEMS1.9.6.0
2024-04-12 08:08:46,065 [WARN] PackLoader:240 - Cannot read IP mode file for STMicroelectronics.X-CUBE-EEPRMA1.4.2.0
2024-04-12 08:08:46,093 [WARN] PackLoader:240 - Cannot read IP mode file for STMicroelectronics.X-CUBE-NFC6.3.1.0
2024-04-12 08:08:46,121 [WARN] PackLoader:240 - Cannot read IP mode file for ITTIA_DB.I-CUBE-ITTIADB.8.8.0
2024-04-12 08:08:46,148 [WARN] PackLoader:240 - Cannot read IP mode file for STMicroelectronics.X-CUBE-BLEMGR.2.0.0
2024-04-12 08:08:46,203 [WARN] ConditionMgr:438 - getConditionDescription Invalid condition id : UX DEVICE CLASS RTOS Condition cause : null
2024-04-12 08:08:46,204 [WARN] ConditionMgr:438 - getConditionDescription Invalid condition id : UX DEVICE CLASS RTOS Condition cause : null
2024-04-12 08:08:46,210 [WARN] PackLoader:240 - Cannot read IP mode file for STMicroelectronics.X-CUBE-AZRTOS-H7.3.1.0
2024-04-12 08:08:46,211 [WARN] ConditionMgr:1039 - genDependencies : Invalid condition id : UX DEVICE CLASS RTOS Condition cause : null
2024-04-12 08:08:46,212 [WARN] ConditionMgr:1039 - genDependencies : Invalid condition id : UX DEVICE CLASS RTOS Condition cause : null
2024-04-12 08:08:46,213 [WARN] ConditionMgr:1039 - genDependencies : Invalid condition id : UX DEVICE CLASS RTOS Condition cause : null
2024-04-12 08:08:46,213 [WARN] ConditionMgr:1039 - genDependencies : Invalid condition id : UX DEVICE CLASS RTOS Condition cause : null
2024-04-12 08:08:46,214 [WARN] ConditionMgr:1039 - genDependencies : Invalid condition id : UX DEVICE CLASS RTOS Condition cause : null
2024-04-12 08:08:46,238 [WARN] PackLoader:240 - Cannot read IP mode file for STMicroelectronics.X-CUBE-NFC7.1.0.1
2024-04-12 08:08:46,262 [WARN] PackLoader:240 - Cannot read IP mode file for STMicroelectronics.X-CUBE-NFC6.3.0.0
2024-04-12 08:08:46,286 [WARN] PackLoader:240 - Cannot read IP mode file for STMicroelectronics.X-CUBE-EEPRMA1.4.1.0
2024-04-12 08:08:46,307 [WARN] PackLoader:240 - Cannot read IP mode file for STMicroelectronics.X-CUBE-AI.8.1.0
2024-04-12 08:08:46,345 [WARN] ConditionMgr:438 - getConditionDescription Invalid condition id : LAN8742 Phy interface Condition cause : null
2024-04-12 08:08:46,353 [WARN] PackLoader:240 - Cannot read IP mode file for STMicroelectronics.X-CUBE-AZRTOS-L4.2.0.0
2024-04-12 08:08:46,355 [WARN] ConditionMgr:1039 - genDependencies : Invalid condition id : LAN8742 Phy interface Condition cause : null
2024-04-12 08:08:46,355 [WARN] ConditionMgr:1039 - genDependencies : Invalid condition id : LAN8742 Phy interface Condition cause : null
2024-04-12 08:08:46,356 [WARN] ConditionMgr:1039 - genDependencies : Invalid condition id : LAN8742 Phy interface Condition cause : null
2024-04-12 08:08:46,381 [WARN] PackLoader:240 - Cannot read IP mode file for STMicroelectronics.X-CUBE-SFXS2LP1.4.0.0
2024-04-12 08:08:46,412 [WARN] PackLoader:240 - Cannot read IP mode file for STMicroelectronics.X-CUBE-ISPU.1.1.0
2024-04-12 08:08:46,463 [WARN] ConditionMgr:438 - getConditionDescription Invalid condition id : UX DEVICE CLASS RTOS Condition cause : null
2024-04-12 08:08:46,463 [WARN] ConditionMgr:438 - getConditionDescription Invalid condition id : UX DEVICE CLASS RTOS Condition cause : null
2024-04-12 08:08:46,468 [WARN] PackLoader:240 - Cannot read IP mode file for STMicroelectronics.X-CUBE-AZRTOS-WB.2.0.0
2024-04-12 08:08:46,470 [WARN] ConditionMgr:1039 - genDependencies : Invalid condition id : UX DEVICE CLASS RTOS Condition cause : null
2024-04-12 08:08:46,470 [WARN] ConditionMgr:1039 - genDependencies : Invalid condition id : UX DEVICE CLASS RTOS Condition cause : null
2024-04-12 08:08:46,471 [WARN] ConditionMgr:1039 - genDependencies : Invalid condition id : UX DEVICE CLASS RTOS Condition cause : null
2024-04-12 08:08:46,471 [WARN] ConditionMgr:1039 - genDependencies : Invalid condition id : UX DEVICE CLASS RTOS Condition cause : null
2024-04-12 08:08:46,471 [WARN] ConditionMgr:1039 - genDependencies : Invalid condition id : UX DEVICE CLASS RTOS Condition cause : null
2024-04-12 08:08:46,508 [INFO] WebApp:780 - Register for checkConnection events
2024-04-12 08:08:46,509 [INFO] WebApp:414 - Apply proxy settings
2024-04-12 08:08:46,509 [WARN] PackLoader:240 - Cannot read IP mode file for STMicroelectronics.X-CUBE-SUBG2.5.0.0
2024-04-12 08:08:46,509 [INFO] WebApp:499 - Chromium requires no authentication
2024-04-12 08:08:46,522 [INFO] WebApp:442 - Direct internet connection detected
2024-04-12 08:08:46,545 [WARN] PackLoader:240 - Cannot read IP mode file for STMicroelectronics.X-CUBE-TOF1.3.3.1
2024-04-12 08:08:46,590 [WARN] PackLoader:240 - Cannot read IP mode file for STMicroelectronics.X-CUBE-AZRTOS-G4.2.0.0
2024-04-12 08:08:46,623 [WARN] PackLoader:240 - Cannot read IP mode file for Infineon.AIROC-Wi-Fi-Bluetooth-STM32.1.5.1
2024-04-12 08:08:46,641 [WARN] PackLoader:240 - Cannot read IP mode file for STMicroelectronics.FP-SNS-MOTENVWB1.1.3.0
2024-04-12 08:08:46,655 [WARN] PackLoader:240 - Cannot read IP mode file for STMicroelectronics.FP-SNS-MOTENVWB1.1.3.1
2024-04-12 08:08:46,669 [WARN] PackLoader:240 - Cannot read IP mode file for STMicroelectronics.X-CUBE-ISPU.2.0.0
2024-04-12 08:08:46,748 [WARN] PackLoader:240 - Cannot read IP mode file for STMicroelectronics.X-CUBE-MEMS1.10.0.0
2024-04-12 08:08:46,927 [INFO] WebApp:192 - Starting web application
2024-04-12 08:08:46,927 [INFO] WebApp:544 - Web application path used G:\stm32cubeide\stm32cubeide114\STM32CubeIDE_1.14.0\STM32CubeIDE\plugins\com.st.stm32cube.common.mx_6.10.0.202311202037\db\plugins\mcufinder\reactClient1\index.html
2024-04-12 08:08:46,949 [WARN] PackLoader:240 - Cannot read IP mode file for STMicroelectronics.X-CUBE-FREERTOS.1.1.0
2024-04-12 08:08:46,971 [WARN] PackLoader:240 - Cannot read IP mode file for portGmbH.I-Cube-SoM-uGOAL.1.1.0
2024-04-12 08:08:46,992 [WARN] PackLoader:240 - Cannot read IP mode file for STMicroelectronics.X-CUBE-ALS.1.0.1
2024-04-12 08:08:47,010 [WARN] PackLoader:240 - Cannot read IP mode file for STMicroelectronics.FP-ATR-ASTRA1.2.0.0
2024-04-12 08:08:47,041 [WARN] PackLoader:240 - Cannot read IP mode file for STMicroelectronics.X-CUBE-TOF1.3.4.0
2024-04-12 08:08:47,095 [WARN] PackLoader:240 - Cannot read IP mode file for STMicroelectronics.X-CUBE-TOF1.3.4.1
2024-04-12 08:08:47,163 [WARN] PackLoader:240 - Cannot read IP mode file for STMicroelectronics.X-CUBE-AZRTOS-H7.3.2.0
2024-04-12 08:08:47,174 [INFO] ThirdParty:978 - Integrity check success = true
2024-04-12 08:08:47,175 [INFO] IntegrityCheckThread:100 - exiting critical section [integrity check]
2024-04-12 08:08:47,175 [INFO] IntegrityCheckThread:103 - End integrity checks thread
2024-04-12 08:09:08,191 [ERROR] LogOutputStream:75 - [STDERR_REDIRECT] SLF4J: Failed to load class "org.slf4j.impl.StaticLoggerBinder".
2024-04-12 08:09:08,191 [ERROR] LogOutputStream:75 - [STDERR_REDIRECT] SLF4J: Defaulting to no-operation (NOP) logger implementation
2024-04-12 08:09:08,193 [ERROR] LogOutputStream:75 - [STDERR_REDIRECT] SLF4J: See http://www.slf4j.org/codes.html#StaticLoggerBinder for further details.
2024-04-12 08:29:31,972 [ERROR] LogOutputStream:75 - [STDERR_REDIRECT] 
