2024-04-03 21:06:09,194 [INFO] Activator:176 - 


2024-04-03 21:06:09,202 [INFO] Activator:177 - !SESSION log4j initialized
2024-04-03 21:06:15,571 [INFO] LogOutputStream:77 - [STDOUT_REDIRECT] 
2024-04-03 21:06:22,092 [INFO] ApplicationProperties:184 - Using Application install path: G:\stm32cubeide\stm32cubeide114\STM32CubeIDE_1.14.0\STM32CubeIDE\plugins\com.st.stm32cube.common.mx_6.10.0.202311202037
2024-04-03 21:06:22,109 [INFO] DbMcusXml:78 - Set database path to: G:\stm32cubeide\stm32cubeide114\STM32CubeIDE_1.14.0\STM32CubeIDE\plugins\com.st.stm32cube.common.mx_6.10.0.202311202037\\db\/mcu/
2024-04-03 21:06:22,109 [INFO] ApiDb:274 - Set plugin database path to: G:\stm32cubeide\stm32cubeide114\STM32CubeIDE_1.14.0\STM32CubeIDE\plugins\com.st.stm32cube.common.mx_6.10.0.202311202037\\db\/plugins/boardmanager/
2024-04-03 21:06:22,110 [WARN] ApiDb:259 - Overriding images path with different value:  => G:\stm32cubeide\stm32cubeide114\STM32CubeIDE_1.14.0\STM32CubeIDE\plugins\com.st.stm32cube.common.mx_6.10.0.202311202037\\db\/plugins/mcufinder/images/
2024-04-03 21:06:22,124 [INFO] ApiDb:250 - Set database path to: C:\Users\Nghia\.stmcufinder\plugins\mcufinder//mcu/
2024-04-03 21:06:22,125 [INFO] DbMcusAds:125 - Set database path to: C:\Users\Nghia\.stmcufinder\plugins\mcufinder//mcu/
2024-04-03 21:06:22,126 [INFO] CrossReferenceDbSqlite:203 - Set database path to: C:\Users\Nghia\.stmcufinder\plugins\mcufinder//mcu/cs/
2024-04-03 21:06:22,232 [INFO] RulesReader:64 - Compatibility file has been processed (297 Rules)
2024-04-03 21:06:22,308 [INFO] DbMcusXml:78 - Set database path to: G:\stm32cubeide\stm32cubeide114\STM32CubeIDE_1.14.0\STM32CubeIDE\plugins\com.st.stm32cube.common.mx_6.10.0.202311202037\\db\/mcu/
2024-04-03 21:06:22,309 [INFO] ApiDb:274 - Set plugin database path to: G:\stm32cubeide\stm32cubeide114\STM32CubeIDE_1.14.0\STM32CubeIDE\plugins\com.st.stm32cube.common.mx_6.10.0.202311202037\\db\/plugins/boardmanager/
2024-04-03 21:06:22,309 [INFO] ApiDb:261 - Set plugin images path to: G:\stm32cubeide\stm32cubeide114\STM32CubeIDE_1.14.0\STM32CubeIDE\plugins\com.st.stm32cube.common.mx_6.10.0.202311202037\\db\/plugins/mcufinder/images/
2024-04-03 21:06:22,309 [WARN] DbFile:41 - Overriding database path with different value: C:\Users\Nghia\.stmcufinder\plugins\mcufinder/ => C:\Users\Nghia\.stmcufinder\plugins\mcufinder
2024-04-03 21:06:22,309 [INFO] ApiDb:250 - Set database path to: C:\Users\Nghia\.stmcufinder\plugins\mcufinder//mcu/
2024-04-03 21:06:22,309 [WARN] DbFile:41 - Overriding database path with different value: C:\Users\Nghia\.stmcufinder\plugins\mcufinder/ => C:\Users\Nghia\.stmcufinder\plugins\mcufinder
2024-04-03 21:06:22,310 [INFO] DbMcusAds:125 - Set database path to: C:\Users\Nghia\.stmcufinder\plugins\mcufinder//mcu/
2024-04-03 21:06:22,310 [WARN] DbFile:41 - Overriding database path with different value: C:\Users\Nghia\.stmcufinder\plugins\mcufinder/ => C:\Users\Nghia\.stmcufinder\plugins\mcufinder
2024-04-03 21:06:22,310 [WARN] DbFile:41 - Overriding database path with different value: C:\Users\Nghia\.stmcufinder\plugins\mcufinder/ => C:\Users\Nghia\.stmcufinder\plugins\mcufinder
2024-04-03 21:06:22,310 [INFO] CrossReferenceDbSqlite:203 - Set database path to: C:\Users\Nghia\.stmcufinder\plugins\mcufinder//mcu/cs/
2024-04-03 21:06:22,379 [INFO] MainPanel:264 - HeapMemory: 268435456
2024-04-03 21:06:22,461 [INFO] DbMcusXml:78 - Set database path to: G:\stm32cubeide\stm32cubeide114\STM32CubeIDE_1.14.0\STM32CubeIDE\plugins\com.st.stm32cube.common.mx_6.10.0.202311202037\\db\/mcu/
2024-04-03 21:06:22,461 [INFO] ApiDb:274 - Set plugin database path to: G:\stm32cubeide\stm32cubeide114\STM32CubeIDE_1.14.0\STM32CubeIDE\plugins\com.st.stm32cube.common.mx_6.10.0.202311202037\\db\/plugins/boardmanager/
2024-04-03 21:06:22,461 [INFO] ApiDb:261 - Set plugin images path to: G:\stm32cubeide\stm32cubeide114\STM32CubeIDE_1.14.0\STM32CubeIDE\plugins\com.st.stm32cube.common.mx_6.10.0.202311202037\\db\/plugins/mcufinder/images/
2024-04-03 21:06:22,461 [WARN] DbFile:41 - Overriding database path with different value: C:\Users\Nghia\.stmcufinder\plugins\mcufinder/ => C:\Users\Nghia\.stmcufinder\plugins\mcufinder
2024-04-03 21:06:22,462 [INFO] ApiDb:250 - Set database path to: C:\Users\Nghia\.stmcufinder\plugins\mcufinder//mcu/
2024-04-03 21:06:22,462 [WARN] DbFile:41 - Overriding database path with different value: C:\Users\Nghia\.stmcufinder\plugins\mcufinder/ => C:\Users\Nghia\.stmcufinder\plugins\mcufinder
2024-04-03 21:06:22,462 [INFO] DbMcusAds:125 - Set database path to: C:\Users\Nghia\.stmcufinder\plugins\mcufinder//mcu/
2024-04-03 21:06:22,462 [WARN] DbFile:41 - Overriding database path with different value: C:\Users\Nghia\.stmcufinder\plugins\mcufinder/ => C:\Users\Nghia\.stmcufinder\plugins\mcufinder
2024-04-03 21:06:22,462 [WARN] DbFile:41 - Overriding database path with different value: C:\Users\Nghia\.stmcufinder\plugins\mcufinder/ => C:\Users\Nghia\.stmcufinder\plugins\mcufinder
2024-04-03 21:06:22,462 [INFO] CrossReferenceDbSqlite:203 - Set database path to: C:\Users\Nghia\.stmcufinder\plugins\mcufinder//mcu/cs/
2024-04-03 21:06:22,479 [INFO] ApplicationProperties:184 - Using Application install path: G:\stm32cubeide\stm32cubeide114\STM32CubeIDE_1.14.0\STM32CubeIDE\plugins\com.st.stm32cube.common.mx_6.10.0.202311202037
2024-04-03 21:06:22,481 [INFO] PluginManage:196 - Search for loadable plugins [exclusion list=, ]
2024-04-03 21:06:22,483 [INFO] PluginManage:310 - Check plugin analytics
2024-04-03 21:06:27,557 [INFO] AnalyticsPlugin:253 - Accepted Software Licenses: STM32CubeMX.6.8.0,STM32CubeMX.6.1.1
2024-04-03 21:06:27,557 [INFO] AnalyticsPlugin:255 - Accepted CMSIS Pack Licenses: 
2024-04-03 21:06:27,558 [INFO] AnalyticsPlugin:257 - Accepted Firmware Licenses: FW.F4.1.27.0,FW.F4.1.28.0
2024-04-03 21:06:27,560 [INFO] PluginManage:359 - Loaded plugin analytics (category:tool,tabindex:-1)
2024-04-03 21:06:27,560 [INFO] PluginManage:310 - Check plugin cadmodel
2024-04-03 21:06:27,572 [INFO] CADModel:105 - Init CAD model plugin
2024-04-03 21:06:27,572 [INFO] PluginManage:359 - Loaded plugin cadmodel (category:power,tabindex:5)
2024-04-03 21:06:27,572 [INFO] PluginManage:310 - Check plugin clock
2024-04-03 21:06:27,591 [INFO] PluginManage:359 - Loaded plugin clock (category:base,tabindex:2)
2024-04-03 21:06:27,591 [INFO] PluginManage:310 - Check plugin ddr
2024-04-03 21:06:27,593 [INFO] PluginManage:359 - Loaded plugin ddr (category:tool,tabindex:6)
2024-04-03 21:06:27,593 [INFO] PluginManage:310 - Check plugin filemanager
2024-04-03 21:06:27,710 [INFO] PluginManage:359 - Loaded plugin filemanager (category:base,tabindex:10)
2024-04-03 21:06:27,711 [INFO] PluginManage:310 - Check plugin ipmanager
2024-04-03 21:06:27,718 [INFO] PluginManage:359 - Loaded plugin ipmanager (category:base,tabindex:5)
2024-04-03 21:06:27,718 [INFO] PluginManage:310 - Check plugin lpbam
2024-04-03 21:06:27,732 [INFO] PluginManage:359 - Loaded plugin lpbam (category:base,tabindex:0)
2024-04-03 21:06:27,733 [INFO] PluginManage:310 - Check plugin memorymap
2024-04-03 21:06:27,752 [INFO] PluginManage:359 - Loaded plugin memorymap (category:base,tabindex:4)
2024-04-03 21:06:27,752 [INFO] PluginManage:310 - Check plugin pinoutandconfiguration
2024-04-03 21:06:27,766 [INFO] PluginManage:359 - Loaded plugin pinoutandconfiguration (category:base,tabindex:1)
2024-04-03 21:06:27,766 [INFO] PluginManage:310 - Check plugin pinoutconfig
2024-04-03 21:06:27,845 [WARN] SupportedApi:132 - Cannot load RTOS API schema: s4s-elt-must-match.1: The content of 'definitions' must match (annotation?, (simpleType | complexType)?, (unique | key | keyref)*)). A problem was found starting at: attribute.
2024-04-03 21:06:27,958 [INFO] PluginManage:359 - Loaded plugin pinoutconfig (category:base,tabindex:0)
2024-04-03 21:06:27,958 [INFO] PluginManage:310 - Check plugin power
2024-04-03 21:06:27,974 [INFO] PluginManage:359 - Loaded plugin power (category:power,tabindex:4)
2024-04-03 21:06:27,974 [INFO] PluginManage:310 - Check plugin projectmanager
2024-04-03 21:06:27,988 [INFO] PluginManage:359 - Loaded plugin projectmanager (category:projectmanager,tabindex:3)
2024-04-03 21:06:27,988 [INFO] PluginManage:310 - Check plugin thirdparty
2024-04-03 21:06:28,239 [INFO] PluginManage:359 - Loaded plugin thirdparty (category:base,tabindex:-1)
2024-04-03 21:06:28,239 [WARN] IntegrityCheckThread:84 - waiting for thirdparty lock release [integrity check]
2024-04-03 21:06:28,239 [INFO] PluginManage:310 - Check plugin tools
2024-04-03 21:06:28,239 [INFO] IntegrityCheckThread:86 - entering critical section [integrity check]
2024-04-03 21:06:28,240 [INFO] ThirdPartyUpdaterWithRetryManager:70 - Updater plugin not ready yet. [1/15]
2024-04-03 21:06:28,272 [INFO] PluginManage:359 - Loaded plugin tools (category:base,tabindex:7)
2024-04-03 21:06:28,272 [INFO] PluginManage:310 - Check plugin tutovideos
2024-04-03 21:06:28,445 [INFO] PluginManage:359 - Loaded plugin tutovideos (category:base,tabindex:-1)
2024-04-03 21:06:28,446 [INFO] PluginManage:310 - Check plugin updater
2024-04-03 21:06:28,456 [INFO] PluginManage:359 - Loaded plugin updater (category:base,tabindex:12)
2024-04-03 21:06:28,456 [INFO] PluginManage:310 - Check plugin userauth
2024-04-03 21:06:28,461 [INFO] UserAuth:114 - Init User Auth plugin
2024-04-03 21:06:28,461 [INFO] PluginManage:359 - Loaded plugin userauth (category:base,tabindex:14)
2024-04-03 21:06:28,462 [INFO] PluginManage:283 - PluginManage : Loaded plugins [17]
2024-04-03 21:06:28,653 [INFO] PinOutPanel:1499 - setPackage(No Configuration,No Configuration)
2024-04-03 21:06:28,721 [INFO] CADModel:165 - CPN selected for project level
2024-04-03 21:06:28,721 [INFO] CADModel:114 - Register for checkConnection events
2024-04-03 21:06:28,742 [INFO] IPUIPlugin:80 - create IPUIPlugin
2024-04-03 21:06:28,743 [INFO] PluginManager:220 - loadIPPluginJar : add adc
2024-04-03 21:06:28,771 [INFO] IPUIPlugin:80 - create IPUIPlugin
2024-04-03 21:06:28,771 [INFO] PluginManager:220 - loadIPPluginJar : add aes
2024-04-03 21:06:28,804 [INFO] IPUIPlugin:80 - create IPUIPlugin
2024-04-03 21:06:28,804 [INFO] PluginManager:220 - loadIPPluginJar : add can
2024-04-03 21:06:28,824 [INFO] IPUIPlugin:80 - create IPUIPlugin
2024-04-03 21:06:28,825 [INFO] PluginManager:220 - loadIPPluginJar : add comp
2024-04-03 21:06:28,853 [INFO] IPUIPlugin:80 - create IPUIPlugin
2024-04-03 21:06:28,853 [INFO] PluginManager:220 - loadIPPluginJar : add cryp
2024-04-03 21:06:28,877 [INFO] IPUIPlugin:80 - create IPUIPlugin
2024-04-03 21:06:28,877 [INFO] PluginManager:220 - loadIPPluginJar : add dfsdm
2024-04-03 21:06:28,889 [INFO] IPUIPlugin:80 - create IPUIPlugin
2024-04-03 21:06:28,889 [INFO] PluginManager:220 - loadIPPluginJar : add dma
2024-04-03 21:06:28,923 [INFO] IPUIPlugin:80 - create IPUIPlugin
2024-04-03 21:06:28,924 [INFO] PluginManager:220 - loadIPPluginJar : add dma3
2024-04-03 21:06:28,941 [INFO] IPUIPlugin:80 - create IPUIPlugin
2024-04-03 21:06:28,941 [INFO] PluginManager:220 - loadIPPluginJar : add fatfs
2024-04-03 21:06:28,980 [INFO] IPUIPlugin:80 - create IPUIPlugin
2024-04-03 21:06:28,980 [INFO] PluginManager:220 - loadIPPluginJar : add fmc
2024-04-03 21:06:28,993 [INFO] IPUIPlugin:80 - create IPUIPlugin
2024-04-03 21:06:28,993 [INFO] PluginManager:220 - loadIPPluginJar : add freertos
2024-04-03 21:06:29,010 [INFO] IPUIPlugin:80 - create IPUIPlugin
2024-04-03 21:06:29,010 [INFO] PluginManager:220 - loadIPPluginJar : add genericplugin
2024-04-03 21:06:29,085 [INFO] IPUIPlugin:80 - create IPUIPlugin
2024-04-03 21:06:29,086 [INFO] PluginManager:220 - loadIPPluginJar : add gfxmmu
2024-04-03 21:06:29,190 [INFO] IPUIPlugin:80 - create IPUIPlugin
2024-04-03 21:06:29,191 [INFO] PluginManager:220 - loadIPPluginJar : add gic
2024-04-03 21:06:29,202 [INFO] IPUIPlugin:80 - create IPUIPlugin
2024-04-03 21:06:29,203 [INFO] PluginManager:220 - loadIPPluginJar : add gpio
2024-04-03 21:06:29,280 [INFO] IPUIPlugin:80 - create IPUIPlugin
2024-04-03 21:06:29,280 [INFO] PluginManager:220 - loadIPPluginJar : add gtzc
2024-04-03 21:06:29,308 [INFO] IPUIPlugin:80 - create IPUIPlugin
2024-04-03 21:06:29,308 [INFO] PluginManager:220 - loadIPPluginJar : add hash
2024-04-03 21:06:29,351 [INFO] IPUIPlugin:80 - create IPUIPlugin
2024-04-03 21:06:29,351 [INFO] PluginManager:220 - loadIPPluginJar : add i2c
2024-04-03 21:06:29,384 [INFO] IPUIPlugin:80 - create IPUIPlugin
2024-04-03 21:06:29,384 [INFO] PluginManager:220 - loadIPPluginJar : add i2s
2024-04-03 21:06:29,417 [INFO] IPUIPlugin:80 - create IPUIPlugin
2024-04-03 21:06:29,417 [INFO] PluginManager:220 - loadIPPluginJar : add i3c
2024-04-03 21:06:29,504 [INFO] IPUIPlugin:80 - create IPUIPlugin
2024-04-03 21:06:29,504 [INFO] PluginManager:220 - loadIPPluginJar : add ipddr
2024-04-03 21:06:29,595 [INFO] IPUIPlugin:80 - create IPUIPlugin
2024-04-03 21:06:29,596 [INFO] PluginManager:220 - loadIPPluginJar : add linkedlist
2024-04-03 21:06:29,628 [INFO] IPUIPlugin:80 - create IPUIPlugin
2024-04-03 21:06:29,628 [INFO] PluginManager:220 - loadIPPluginJar : add lorawan
2024-04-03 21:06:29,681 [INFO] IPUIPlugin:80 - create IPUIPlugin
2024-04-03 21:06:29,682 [INFO] PluginManager:220 - loadIPPluginJar : add ltdc
2024-04-03 21:06:29,694 [INFO] IPUIPlugin:80 - create IPUIPlugin
2024-04-03 21:06:29,694 [INFO] PluginManager:220 - loadIPPluginJar : add mdma
2024-04-03 21:06:29,704 [INFO] IPUIPlugin:80 - create IPUIPlugin
2024-04-03 21:06:29,704 [INFO] PluginManager:220 - loadIPPluginJar : add nvic
2024-04-03 21:06:29,740 [INFO] IPUIPlugin:80 - create IPUIPlugin
2024-04-03 21:06:29,740 [INFO] PluginManager:220 - loadIPPluginJar : add opamp
2024-04-03 21:06:29,787 [INFO] IPUIPlugin:80 - create IPUIPlugin
2024-04-03 21:06:29,788 [INFO] PluginManager:220 - loadIPPluginJar : add openamp
2024-04-03 21:06:29,825 [INFO] IPUIPlugin:80 - create IPUIPlugin
2024-04-03 21:06:29,825 [INFO] PluginManager:220 - loadIPPluginJar : add pdm2pcm
2024-04-03 21:06:29,838 [INFO] IPUIPlugin:80 - create IPUIPlugin
2024-04-03 21:06:29,840 [INFO] PluginManager:220 - loadIPPluginJar : add plateformsettings
2024-04-03 21:06:29,858 [INFO] IPUIPlugin:80 - create IPUIPlugin
2024-04-03 21:06:29,858 [INFO] PluginManager:220 - loadIPPluginJar : add quadspi
2024-04-03 21:06:29,868 [INFO] IPUIPlugin:80 - create IPUIPlugin
2024-04-03 21:06:29,868 [INFO] PluginManager:220 - loadIPPluginJar : add resmgrutility
2024-04-03 21:06:29,908 [INFO] IPUIPlugin:80 - create IPUIPlugin
2024-04-03 21:06:29,908 [INFO] PluginManager:220 - loadIPPluginJar : add sai
2024-04-03 21:06:29,936 [INFO] IPUIPlugin:80 - create IPUIPlugin
2024-04-03 21:06:29,937 [INFO] PluginManager:220 - loadIPPluginJar : add spi
2024-04-03 21:06:29,993 [INFO] IPUIPlugin:80 - create IPUIPlugin
2024-04-03 21:06:29,993 [INFO] PluginManager:220 - loadIPPluginJar : add stm32_wpan
2024-04-03 21:06:30,011 [INFO] IPUIPlugin:80 - create IPUIPlugin
2024-04-03 21:06:30,011 [INFO] PluginManager:220 - loadIPPluginJar : add tim
2024-04-03 21:06:30,056 [INFO] IPUIPlugin:80 - create IPUIPlugin
2024-04-03 21:06:30,056 [INFO] PluginManager:220 - loadIPPluginJar : add touchsensing
2024-04-03 21:06:30,074 [INFO] IPUIPlugin:80 - create IPUIPlugin
2024-04-03 21:06:30,075 [INFO] PluginManager:220 - loadIPPluginJar : add tracer_emb
2024-04-03 21:06:30,092 [INFO] IPUIPlugin:80 - create IPUIPlugin
2024-04-03 21:06:30,093 [INFO] PluginManager:220 - loadIPPluginJar : add ts
2024-04-03 21:06:30,109 [INFO] IPUIPlugin:80 - create IPUIPlugin
2024-04-03 21:06:30,110 [INFO] PluginManager:220 - loadIPPluginJar : add tsc
2024-04-03 21:06:30,128 [INFO] IPUIPlugin:80 - create IPUIPlugin
2024-04-03 21:06:30,128 [INFO] PluginManager:220 - loadIPPluginJar : add ucpd
2024-04-03 21:06:30,164 [INFO] IPUIPlugin:80 - create IPUIPlugin
2024-04-03 21:06:30,164 [INFO] PluginManager:220 - loadIPPluginJar : add usart
2024-04-03 21:06:30,200 [INFO] IPUIPlugin:80 - create IPUIPlugin
2024-04-03 21:06:30,200 [INFO] PluginManager:220 - loadIPPluginJar : add usbx
2024-04-03 21:06:30,321 [INFO] CADModel:165 - CPN selected for project level
2024-04-03 21:06:30,321 [INFO] CADModel:114 - Register for checkConnection events
2024-04-03 21:06:30,321 [FATAL] Updater:308 - Updater called before beeing initialized
2024-04-03 21:06:30,321 [ERROR] CADModel:125 - Updater not yet initialized, retry later 
2024-04-03 21:06:30,438 [INFO] CADModel:165 - CPN selected for project level
2024-04-03 21:06:30,439 [INFO] CADModel:114 - Register for checkConnection events
2024-04-03 21:06:30,439 [FATAL] Updater:308 - Updater called before beeing initialized
2024-04-03 21:06:30,439 [ERROR] CADModel:125 - Updater not yet initialized, retry later 
2024-04-03 21:06:30,442 [FATAL] Updater:308 - Updater called before beeing initialized
2024-04-03 21:06:30,542 [FATAL] Updater:308 - Updater called before beeing initialized
2024-04-03 21:06:30,550 [INFO] DbMcusAds:53 - JSON generation date=Wed Nov 29 17:52:27 ICT 2023 (1701255147349)
2024-04-03 21:06:30,551 [FATAL] Updater:308 - Updater called before beeing initialized
2024-04-03 21:06:30,615 [WARN] DetailPanel:346 - Failed to get advertising image, set to default
2024-04-03 21:06:30,692 [FATAL] Updater:308 - Updater called before beeing initialized
2024-04-03 21:06:30,693 [FATAL] Updater:308 - Updater called before beeing initialized
2024-04-03 21:06:30,693 [FATAL] Updater:308 - Updater called before beeing initialized
2024-04-03 21:06:30,694 [WARN] DetailPanel:346 - Failed to get advertising image, set to default
2024-04-03 21:06:30,694 [FATAL] Updater:308 - Updater called before beeing initialized
2024-04-03 21:06:30,753 [ERROR] Updater:1120 - MainUpdater not yet initialized. External WinMGr cannot be set.
2024-04-03 21:06:30,762 [INFO] Updater:1056 - Updater Version found : 6.10.0
2024-04-03 21:06:30,784 [INFO] ApplicationProperties:184 - Using Application install path: G:\stm32cubeide\stm32cubeide114\STM32CubeIDE_1.14.0\STM32CubeIDE\plugins\com.st.stm32cube.common.mx_6.10.0.202311202037
2024-04-03 21:06:31,241 [INFO] ThirdPartyUpdaterWithRetryManager:70 - Updater plugin not ready yet. [2/15]
2024-04-03 21:06:31,681 [INFO] MainUpdater:2873 - connection check result : 10
2024-04-03 21:06:31,681 [INFO] MainUpdater:3567 - Updater definition file requires update
2024-04-03 21:06:31,682 [INFO] MainUpdater:290 - Updater Check For Update Now.
2024-04-03 21:06:31,682 [INFO] MicroXplorer:498 - Change Database Version : DB.6.0.100
2024-04-03 21:06:31,696 [INFO] McuFinderGlobals:63 - Set McuFinder mode to 2 (CubeIDE integrated)
2024-04-03 21:06:31,819 [INFO] ServerAccessManage:473 - Download File updaters.zip
2024-04-03 21:06:32,045 [INFO] UserAuth:404 - Internet connection configuration mode: 1
2024-04-03 21:06:32,063 [INFO] JxBrowserEngine:152 - Initiate JxBrowser Engine with user profile folder
2024-04-03 21:06:32,990 [INFO] FileExtend:240 - Unzip File : updaters.zip
2024-04-03 21:06:32,990 [INFO] FileExtend:255 - Standard Zip Deflate
2024-04-03 21:06:33,949 [INFO] ServerAccessManage:473 - Download File PacksControlFlags.xml
2024-04-03 21:06:34,243 [WARN] MainUpdater:1194 - Updater busy. Cannot search thirdparties
2024-04-03 21:06:34,243 [INFO] ThirdPartyUpdaterWithRetryManager:96 - Updater plugin is busy. [1/15]
2024-04-03 21:06:34,989 [INFO] ServerAccessManage:473 - Download File cubemx.pidx
2024-04-03 21:06:35,197 [INFO] WebApp:161 - Instantiating new browser for Auth
2024-04-03 21:06:36,199 [INFO] WebApp:780 - Register for checkConnection events
2024-04-03 21:06:36,200 [INFO] WebApp:414 - Apply proxy settings
2024-04-03 21:06:36,200 [INFO] WebApp:499 - Chromium requires no authentication
2024-04-03 21:06:36,209 [INFO] WebApp:442 - Direct internet connection detected
2024-04-03 21:06:36,373 [INFO] WebApp:192 - Starting web application
2024-04-03 21:06:36,373 [INFO] WebApp:544 - Web application path used G:\stm32cubeide\stm32cubeide114\STM32CubeIDE_1.14.0\STM32CubeIDE\plugins\com.st.stm32cube.common.mx_6.10.0.202311202037\db\plugins\mcufinder\reactClient1\index.html
2024-04-03 21:06:36,692 [INFO] ServerAccessManage:473 - Download File STMicroelectronics.X-CUBE-TOUCHGFX.pdsc
2024-04-03 21:06:37,245 [WARN] MainUpdater:1194 - Updater busy. Cannot search thirdparties
2024-04-03 21:06:37,245 [INFO] ThirdPartyUpdaterWithRetryManager:96 - Updater plugin is busy. [2/15]
2024-04-03 21:06:40,246 [WARN] MainUpdater:1194 - Updater busy. Cannot search thirdparties
2024-04-03 21:06:40,246 [INFO] ThirdPartyUpdaterWithRetryManager:96 - Updater plugin is busy. [3/15]
2024-04-03 21:06:43,248 [WARN] MainUpdater:1194 - Updater busy. Cannot search thirdparties
2024-04-03 21:06:43,248 [INFO] ThirdPartyUpdaterWithRetryManager:96 - Updater plugin is busy. [4/15]
2024-04-03 21:06:46,250 [WARN] MainUpdater:1194 - Updater busy. Cannot search thirdparties
2024-04-03 21:06:46,250 [INFO] ThirdPartyUpdaterWithRetryManager:96 - Updater plugin is busy. [5/15]
2024-04-03 21:06:49,252 [WARN] MainUpdater:1194 - Updater busy. Cannot search thirdparties
2024-04-03 21:06:49,252 [INFO] ThirdPartyUpdaterWithRetryManager:96 - Updater plugin is busy. [6/15]
2024-04-03 21:06:52,253 [WARN] MainUpdater:1194 - Updater busy. Cannot search thirdparties
2024-04-03 21:06:52,253 [INFO] ThirdPartyUpdaterWithRetryManager:96 - Updater plugin is busy. [7/15]
2024-04-03 21:06:53,066 [WARN] PackLoader:240 - Cannot read IP mode file for STMicroelectronics.X-CUBE-TOUCHGFX.4.23.2
2024-04-03 21:06:53,068 [INFO] PopulateThirdPartyThread:66 - Ending populate Thread
2024-04-03 21:06:53,069 [INFO] ThirdParty:1030 - CMSIS Pack Vendor :STMicroelectronics X-CUBE-TOUCHGFX 4.23.2
2024-04-03 21:06:53,069 [INFO] LoadServerUpdatesThread:375 - End of LoadServerUpdate Thread
2024-04-03 21:06:53,199 [INFO] CheckServerUpdateThread:120 - End of CheckServer Thread
2024-04-03 21:06:55,443 [WARN] PackLoader:240 - Cannot read IP mode file for STMicroelectronics.X-CUBE-SMBUS.2.1.0
2024-04-03 21:06:55,456 [WARN] PackLoader:240 - Cannot read IP mode file for STMicroelectronics.X-CUBE-TOUCHGFX.4.23.1
2024-04-03 21:06:55,465 [WARN] PackLoader:240 - Cannot read IP mode file for STMicroelectronics.X-CUBE-TOUCHGFX.4.23.0
2024-04-03 21:06:55,469 [WARN] PackLoader:240 - Cannot read IP mode file for STMicroelectronics.X-CUBE-TOUCHGFX.4.23.2
2024-04-03 21:06:55,506 [WARN] PackLoader:240 - Cannot read IP mode file for STMicroelectronics.X-CUBE-AZRTOS-F7.1.1.0
2024-04-03 21:06:55,525 [WARN] PackLoader:240 - Cannot read IP mode file for STMicroelectronics.FP-SNS-MOTENV1.4.3.2
2024-04-03 21:06:55,535 [WARN] PackLoader:240 - Cannot read IP mode file for STMicroelectronics.FP-SNS-FLIGHT1.5.0.2
2024-04-03 21:06:55,551 [WARN] PackLoader:240 - Cannot read IP mode file for STMicroelectronics.X-CUBE-DISPLAY.3.0.0
2024-04-03 21:06:55,571 [WARN] PackLoader:240 - Cannot read IP mode file for STMicroelectronics.X-CUBE-BLE1.7.0.0
2024-04-03 21:06:55,587 [WARN] PackLoader:240 - Cannot read IP mode file for emotas.I-CUBE-CANOPEN.1.3.0
2024-04-03 21:06:55,597 [WARN] PackLoader:240 - Cannot read IP mode file for STMicroelectronics.X-CUBE-TOUCHGFX.4.22.1
2024-04-03 21:06:55,616 [WARN] PackLoader:240 - Cannot read IP mode file for STMicroelectronics.X-CUBE-BLEMGR.3.1.0
2024-04-03 21:06:55,630 [WARN] PackLoader:240 - Cannot read IP mode file for STMicroelectronics.FP-SNS-SMARTAG2.1.2.0
2024-04-03 21:06:55,654 [INFO] LogOutputStream:77 - [STDOUT_REDIRECT] 1 : Invalid condition id : UX_CORESTACK_Condition cause : null
2024-04-03 21:06:55,656 [INFO] LogOutputStream:77 - [STDOUT_REDIRECT] 1 : Invalid condition id : UX_CORESTACK_Condition cause : null
2024-04-03 21:06:55,657 [INFO] LogOutputStream:77 - [STDOUT_REDIRECT] 1 : Invalid condition id : UX_CORESTACK_Condition cause : null
2024-04-03 21:06:55,659 [INFO] LogOutputStream:77 - [STDOUT_REDIRECT] 1 : Invalid condition id : UX_CORESTACK_Condition cause : null
2024-04-03 21:06:55,660 [INFO] LogOutputStream:77 - [STDOUT_REDIRECT] 1 : Invalid condition id : UX_CORESTACK_Condition cause : null
2024-04-03 21:06:55,664 [WARN] PackLoader:240 - Cannot read IP mode file for STMicroelectronics.X-CUBE-AZRTOS-WL.2.0.0
2024-04-03 21:06:55,674 [WARN] PackLoader:240 - Cannot read IP mode file for STMicroelectronics.FP-SNS-MOTENV1.5.0.0
2024-04-03 21:06:55,687 [WARN] PackLoader:240 - Cannot read IP mode file for WES.I-CUBE-Cesium.1.3.0
2024-04-03 21:06:55,699 [WARN] PackLoader:240 - Cannot read IP mode file for STMicroelectronics.X-CUBE-BLE2.3.3.0
2024-04-03 21:06:55,711 [WARN] PackLoader:240 - Cannot read IP mode file for STMicroelectronics.X-CUBE-ALGOBUILD.1.3.0
2024-04-03 21:06:55,736 [WARN] PackLoader:240 - Cannot read IP mode file for STMicroelectronics.X-CUBE-AZRTOS-G0.1.1.0
2024-04-03 21:06:55,751 [WARN] PackLoader:240 - Cannot read IP mode file for STMicroelectronics.X-CUBE-SAFEA1.1.2.2
2024-04-03 21:06:55,766 [WARN] PackLoader:240 - Cannot read IP mode file for STMicroelectronics.X-CUBE-NFC4.3.0.0
2024-04-03 21:06:55,785 [WARN] PackLoader:240 - Cannot read IP mode file for STMicroelectronics.X-CUBE-BLEMGR.3.0.0
2024-04-03 21:06:55,793 [WARN] PackLoader:240 - Cannot read IP mode file for STMicroelectronics.FP-ATR-SIGFOX1.3.2.0
2024-04-03 21:06:55,807 [WARN] PackLoader:240 - Cannot read IP mode file for STMicroelectronics.X-CUBE-EEPRMA1.5.1.0
2024-04-03 21:06:55,854 [WARN] PackLoader:240 - Cannot read IP mode file for SEGGER.I-CUBE-embOS.1.3.1
2024-04-03 21:06:55,905 [WARN] PackLoader:240 - Cannot read IP mode file for STMicroelectronics.X-CUBE-GNSS1.6.0.0
2024-04-03 21:06:55,942 [WARN] PackLoader:240 - Cannot read IP mode file for STMicroelectronics.X-CUBE-AZRTOS-F4.1.1.0
2024-04-03 21:06:55,959 [WARN] PackLoader:240 - Cannot read IP mode file for wolfSSL.I-CUBE-wolfSSL.5.6.3
2024-04-03 21:06:55,992 [WARN] PackLoader:240 - Cannot read IP mode file for STMicroelectronics.X-CUBE-AZRTOS-L5.2.0.0
2024-04-03 21:06:56,048 [WARN] PackLoader:240 - Cannot read IP mode file for STMicroelectronics.X-CUBE-MEMS1.9.6.0
2024-04-03 21:06:56,211 [WARN] PackLoader:240 - Cannot read IP mode file for STMicroelectronics.X-CUBE-EEPRMA1.4.2.0
2024-04-03 21:06:56,229 [WARN] PackLoader:240 - Cannot read IP mode file for STMicroelectronics.X-CUBE-NFC6.3.1.0
2024-04-03 21:06:56,251 [WARN] PackLoader:240 - Cannot read IP mode file for ITTIA_DB.I-CUBE-ITTIADB.8.8.0
2024-04-03 21:06:56,264 [WARN] PackLoader:240 - Cannot read IP mode file for STMicroelectronics.X-CUBE-BLEMGR.2.0.0
2024-04-03 21:06:56,291 [WARN] ConditionMgr:438 - getConditionDescription Invalid condition id : UX DEVICE CLASS RTOS Condition cause : null
2024-04-03 21:06:56,292 [WARN] ConditionMgr:438 - getConditionDescription Invalid condition id : UX DEVICE CLASS RTOS Condition cause : null
2024-04-03 21:06:56,294 [WARN] PackLoader:240 - Cannot read IP mode file for STMicroelectronics.X-CUBE-AZRTOS-H7.3.1.0
2024-04-03 21:06:56,295 [WARN] ConditionMgr:1039 - genDependencies : Invalid condition id : UX DEVICE CLASS RTOS Condition cause : null
2024-04-03 21:06:56,295 [WARN] ConditionMgr:1039 - genDependencies : Invalid condition id : UX DEVICE CLASS RTOS Condition cause : null
2024-04-03 21:06:56,295 [WARN] ConditionMgr:1039 - genDependencies : Invalid condition id : UX DEVICE CLASS RTOS Condition cause : null
2024-04-03 21:06:56,296 [WARN] ConditionMgr:1039 - genDependencies : Invalid condition id : UX DEVICE CLASS RTOS Condition cause : null
2024-04-03 21:06:56,296 [WARN] ConditionMgr:1039 - genDependencies : Invalid condition id : UX DEVICE CLASS RTOS Condition cause : null
2024-04-03 21:06:56,307 [WARN] PackLoader:240 - Cannot read IP mode file for STMicroelectronics.X-CUBE-NFC7.1.0.1
2024-04-03 21:06:56,325 [WARN] PackLoader:240 - Cannot read IP mode file for STMicroelectronics.X-CUBE-NFC6.3.0.0
2024-04-03 21:06:56,338 [WARN] PackLoader:240 - Cannot read IP mode file for STMicroelectronics.X-CUBE-EEPRMA1.4.1.0
2024-04-03 21:06:56,350 [WARN] PackLoader:240 - Cannot read IP mode file for STMicroelectronics.X-CUBE-AI.8.1.0
2024-04-03 21:06:56,379 [WARN] ConditionMgr:438 - getConditionDescription Invalid condition id : LAN8742 Phy interface Condition cause : null
2024-04-03 21:06:56,379 [WARN] PackLoader:240 - Cannot read IP mode file for STMicroelectronics.X-CUBE-AZRTOS-L4.2.0.0
2024-04-03 21:06:56,380 [WARN] ConditionMgr:1039 - genDependencies : Invalid condition id : LAN8742 Phy interface Condition cause : null
2024-04-03 21:06:56,381 [WARN] ConditionMgr:1039 - genDependencies : Invalid condition id : LAN8742 Phy interface Condition cause : null
2024-04-03 21:06:56,381 [WARN] ConditionMgr:1039 - genDependencies : Invalid condition id : LAN8742 Phy interface Condition cause : null
2024-04-03 21:06:56,394 [WARN] PackLoader:240 - Cannot read IP mode file for STMicroelectronics.X-CUBE-SFXS2LP1.4.0.0
2024-04-03 21:06:56,406 [WARN] PackLoader:240 - Cannot read IP mode file for STMicroelectronics.X-CUBE-ISPU.1.1.0
2024-04-03 21:06:56,429 [WARN] ConditionMgr:438 - getConditionDescription Invalid condition id : UX DEVICE CLASS RTOS Condition cause : null
2024-04-03 21:06:56,429 [WARN] ConditionMgr:438 - getConditionDescription Invalid condition id : UX DEVICE CLASS RTOS Condition cause : null
2024-04-03 21:06:56,431 [WARN] PackLoader:240 - Cannot read IP mode file for STMicroelectronics.X-CUBE-AZRTOS-WB.2.0.0
2024-04-03 21:06:56,431 [WARN] ConditionMgr:1039 - genDependencies : Invalid condition id : UX DEVICE CLASS RTOS Condition cause : null
2024-04-03 21:06:56,431 [WARN] ConditionMgr:1039 - genDependencies : Invalid condition id : UX DEVICE CLASS RTOS Condition cause : null
2024-04-03 21:06:56,431 [WARN] ConditionMgr:1039 - genDependencies : Invalid condition id : UX DEVICE CLASS RTOS Condition cause : null
2024-04-03 21:06:56,432 [WARN] ConditionMgr:1039 - genDependencies : Invalid condition id : UX DEVICE CLASS RTOS Condition cause : null
2024-04-03 21:06:56,432 [WARN] ConditionMgr:1039 - genDependencies : Invalid condition id : UX DEVICE CLASS RTOS Condition cause : null
2024-04-03 21:06:56,448 [WARN] PackLoader:240 - Cannot read IP mode file for STMicroelectronics.X-CUBE-SUBG2.5.0.0
2024-04-03 21:06:56,466 [WARN] PackLoader:240 - Cannot read IP mode file for STMicroelectronics.X-CUBE-TOF1.3.3.1
2024-04-03 21:06:56,497 [WARN] PackLoader:240 - Cannot read IP mode file for STMicroelectronics.X-CUBE-AZRTOS-G4.2.0.0
2024-04-03 21:06:56,518 [WARN] PackLoader:240 - Cannot read IP mode file for Infineon.AIROC-Wi-Fi-Bluetooth-STM32.1.5.1
2024-04-03 21:06:56,532 [WARN] PackLoader:240 - Cannot read IP mode file for STMicroelectronics.FP-SNS-MOTENVWB1.1.3.0
2024-04-03 21:06:56,536 [WARN] PackLoader:240 - Cannot read IP mode file for STMicroelectronics.FP-SNS-MOTENVWB1.1.3.1
2024-04-03 21:06:56,547 [WARN] PackLoader:240 - Cannot read IP mode file for STMicroelectronics.X-CUBE-ISPU.2.0.0
2024-04-03 21:06:56,596 [WARN] PackLoader:240 - Cannot read IP mode file for STMicroelectronics.X-CUBE-MEMS1.10.0.0
2024-04-03 21:06:56,714 [WARN] PackLoader:240 - Cannot read IP mode file for STMicroelectronics.X-CUBE-FREERTOS.1.1.0
2024-04-03 21:06:56,734 [WARN] PackLoader:240 - Cannot read IP mode file for portGmbH.I-Cube-SoM-uGOAL.1.1.0
2024-04-03 21:06:56,747 [WARN] PackLoader:240 - Cannot read IP mode file for STMicroelectronics.X-CUBE-ALS.1.0.1
2024-04-03 21:06:56,752 [WARN] PackLoader:240 - Cannot read IP mode file for STMicroelectronics.FP-ATR-ASTRA1.2.0.0
2024-04-03 21:06:56,770 [WARN] PackLoader:240 - Cannot read IP mode file for STMicroelectronics.X-CUBE-TOF1.3.4.0
2024-04-03 21:06:56,812 [WARN] PackLoader:240 - Cannot read IP mode file for STMicroelectronics.X-CUBE-TOF1.3.4.1
2024-04-03 21:06:56,847 [WARN] PackLoader:240 - Cannot read IP mode file for STMicroelectronics.X-CUBE-AZRTOS-H7.3.2.0
2024-04-03 21:06:56,850 [INFO] ThirdParty:978 - Integrity check success = true
2024-04-03 21:06:56,850 [INFO] IntegrityCheckThread:100 - exiting critical section [integrity check]
2024-04-03 21:06:56,850 [INFO] IntegrityCheckThread:103 - End integrity checks thread
2024-04-03 21:06:57,421 [ERROR] LogOutputStream:75 - [STDERR_REDIRECT] SLF4J: Failed to load class "org.slf4j.impl.StaticLoggerBinder".
2024-04-03 21:06:57,421 [ERROR] LogOutputStream:75 - [STDERR_REDIRECT] SLF4J: Defaulting to no-operation (NOP) logger implementation
2024-04-03 21:06:57,422 [ERROR] LogOutputStream:75 - [STDERR_REDIRECT] SLF4J: See http://www.slf4j.org/codes.html#StaticLoggerBinder for further details.
2024-04-03 21:49:04,287 [INFO] Activator:176 - 


2024-04-03 21:49:04,291 [INFO] Activator:177 - !SESSION log4j initialized
2024-04-03 21:49:14,349 [INFO] LogOutputStream:77 - [STDOUT_REDIRECT] 
2024-04-03 21:49:21,548 [INFO] ApplicationProperties:184 - Using Application install path: G:\stm32cubeide\stm32cubeide114\STM32CubeIDE_1.14.0\STM32CubeIDE\plugins\com.st.stm32cube.common.mx_6.10.0.202311202037
2024-04-03 21:49:21,571 [INFO] DbMcusXml:78 - Set database path to: G:\stm32cubeide\stm32cubeide114\STM32CubeIDE_1.14.0\STM32CubeIDE\plugins\com.st.stm32cube.common.mx_6.10.0.202311202037\\db\/mcu/
2024-04-03 21:49:21,571 [INFO] ApiDb:274 - Set plugin database path to: G:\stm32cubeide\stm32cubeide114\STM32CubeIDE_1.14.0\STM32CubeIDE\plugins\com.st.stm32cube.common.mx_6.10.0.202311202037\\db\/plugins/boardmanager/
2024-04-03 21:49:21,571 [WARN] ApiDb:259 - Overriding images path with different value:  => G:\stm32cubeide\stm32cubeide114\STM32CubeIDE_1.14.0\STM32CubeIDE\plugins\com.st.stm32cube.common.mx_6.10.0.202311202037\\db\/plugins/mcufinder/images/
2024-04-03 21:49:21,585 [INFO] ApiDb:250 - Set database path to: C:\Users\Nghia\.stmcufinder\plugins\mcufinder//mcu/
2024-04-03 21:49:21,586 [INFO] DbMcusAds:125 - Set database path to: C:\Users\Nghia\.stmcufinder\plugins\mcufinder//mcu/
2024-04-03 21:49:21,587 [INFO] CrossReferenceDbSqlite:203 - Set database path to: C:\Users\Nghia\.stmcufinder\plugins\mcufinder//mcu/cs/
2024-04-03 21:49:21,706 [INFO] RulesReader:64 - Compatibility file has been processed (297 Rules)
2024-04-03 21:49:21,844 [INFO] DbMcusXml:78 - Set database path to: G:\stm32cubeide\stm32cubeide114\STM32CubeIDE_1.14.0\STM32CubeIDE\plugins\com.st.stm32cube.common.mx_6.10.0.202311202037\\db\/mcu/
2024-04-03 21:49:21,845 [INFO] ApiDb:274 - Set plugin database path to: G:\stm32cubeide\stm32cubeide114\STM32CubeIDE_1.14.0\STM32CubeIDE\plugins\com.st.stm32cube.common.mx_6.10.0.202311202037\\db\/plugins/boardmanager/
2024-04-03 21:49:21,845 [INFO] ApiDb:261 - Set plugin images path to: G:\stm32cubeide\stm32cubeide114\STM32CubeIDE_1.14.0\STM32CubeIDE\plugins\com.st.stm32cube.common.mx_6.10.0.202311202037\\db\/plugins/mcufinder/images/
2024-04-03 21:49:21,845 [WARN] DbFile:41 - Overriding database path with different value: C:\Users\Nghia\.stmcufinder\plugins\mcufinder/ => C:\Users\Nghia\.stmcufinder\plugins\mcufinder
2024-04-03 21:49:21,845 [INFO] ApiDb:250 - Set database path to: C:\Users\Nghia\.stmcufinder\plugins\mcufinder//mcu/
2024-04-03 21:49:21,845 [WARN] DbFile:41 - Overriding database path with different value: C:\Users\Nghia\.stmcufinder\plugins\mcufinder/ => C:\Users\Nghia\.stmcufinder\plugins\mcufinder
2024-04-03 21:49:21,845 [INFO] DbMcusAds:125 - Set database path to: C:\Users\Nghia\.stmcufinder\plugins\mcufinder//mcu/
2024-04-03 21:49:21,845 [WARN] DbFile:41 - Overriding database path with different value: C:\Users\Nghia\.stmcufinder\plugins\mcufinder/ => C:\Users\Nghia\.stmcufinder\plugins\mcufinder
2024-04-03 21:49:21,845 [WARN] DbFile:41 - Overriding database path with different value: C:\Users\Nghia\.stmcufinder\plugins\mcufinder/ => C:\Users\Nghia\.stmcufinder\plugins\mcufinder
2024-04-03 21:49:21,845 [INFO] CrossReferenceDbSqlite:203 - Set database path to: C:\Users\Nghia\.stmcufinder\plugins\mcufinder//mcu/cs/
2024-04-03 21:49:21,929 [INFO] MainPanel:264 - HeapMemory: 268435456
2024-04-03 21:49:22,031 [INFO] DbMcusXml:78 - Set database path to: G:\stm32cubeide\stm32cubeide114\STM32CubeIDE_1.14.0\STM32CubeIDE\plugins\com.st.stm32cube.common.mx_6.10.0.202311202037\\db\/mcu/
2024-04-03 21:49:22,032 [INFO] ApiDb:274 - Set plugin database path to: G:\stm32cubeide\stm32cubeide114\STM32CubeIDE_1.14.0\STM32CubeIDE\plugins\com.st.stm32cube.common.mx_6.10.0.202311202037\\db\/plugins/boardmanager/
2024-04-03 21:49:22,032 [INFO] ApiDb:261 - Set plugin images path to: G:\stm32cubeide\stm32cubeide114\STM32CubeIDE_1.14.0\STM32CubeIDE\plugins\com.st.stm32cube.common.mx_6.10.0.202311202037\\db\/plugins/mcufinder/images/
2024-04-03 21:49:22,032 [WARN] DbFile:41 - Overriding database path with different value: C:\Users\Nghia\.stmcufinder\plugins\mcufinder/ => C:\Users\Nghia\.stmcufinder\plugins\mcufinder
2024-04-03 21:49:22,032 [INFO] ApiDb:250 - Set database path to: C:\Users\Nghia\.stmcufinder\plugins\mcufinder//mcu/
2024-04-03 21:49:22,032 [WARN] DbFile:41 - Overriding database path with different value: C:\Users\Nghia\.stmcufinder\plugins\mcufinder/ => C:\Users\Nghia\.stmcufinder\plugins\mcufinder
2024-04-03 21:49:22,032 [INFO] DbMcusAds:125 - Set database path to: C:\Users\Nghia\.stmcufinder\plugins\mcufinder//mcu/
2024-04-03 21:49:22,032 [WARN] DbFile:41 - Overriding database path with different value: C:\Users\Nghia\.stmcufinder\plugins\mcufinder/ => C:\Users\Nghia\.stmcufinder\plugins\mcufinder
2024-04-03 21:49:22,033 [WARN] DbFile:41 - Overriding database path with different value: C:\Users\Nghia\.stmcufinder\plugins\mcufinder/ => C:\Users\Nghia\.stmcufinder\plugins\mcufinder
2024-04-03 21:49:22,033 [INFO] CrossReferenceDbSqlite:203 - Set database path to: C:\Users\Nghia\.stmcufinder\plugins\mcufinder//mcu/cs/
2024-04-03 21:49:22,053 [INFO] ApplicationProperties:184 - Using Application install path: G:\stm32cubeide\stm32cubeide114\STM32CubeIDE_1.14.0\STM32CubeIDE\plugins\com.st.stm32cube.common.mx_6.10.0.202311202037
2024-04-03 21:49:22,054 [INFO] PluginManage:196 - Search for loadable plugins [exclusion list=, ]
2024-04-03 21:49:22,057 [INFO] PluginManage:310 - Check plugin analytics
2024-04-03 21:49:27,155 [INFO] AnalyticsPlugin:253 - Accepted Software Licenses: STM32CubeMX.6.8.0,STM32CubeMX.6.1.1
2024-04-03 21:49:27,156 [INFO] AnalyticsPlugin:255 - Accepted CMSIS Pack Licenses: 
2024-04-03 21:49:27,156 [INFO] AnalyticsPlugin:257 - Accepted Firmware Licenses: FW.F4.1.27.0,FW.F4.1.28.0
2024-04-03 21:49:27,159 [INFO] PluginManage:359 - Loaded plugin analytics (category:tool,tabindex:-1)
2024-04-03 21:49:27,160 [INFO] PluginManage:310 - Check plugin cadmodel
2024-04-03 21:49:27,177 [INFO] CADModel:105 - Init CAD model plugin
2024-04-03 21:49:27,178 [INFO] PluginManage:359 - Loaded plugin cadmodel (category:power,tabindex:5)
2024-04-03 21:49:27,178 [INFO] PluginManage:310 - Check plugin clock
2024-04-03 21:49:27,205 [INFO] PluginManage:359 - Loaded plugin clock (category:base,tabindex:2)
2024-04-03 21:49:27,206 [INFO] PluginManage:310 - Check plugin ddr
2024-04-03 21:49:27,209 [INFO] PluginManage:359 - Loaded plugin ddr (category:tool,tabindex:6)
2024-04-03 21:49:27,209 [INFO] PluginManage:310 - Check plugin filemanager
2024-04-03 21:49:27,375 [INFO] PluginManage:359 - Loaded plugin filemanager (category:base,tabindex:10)
2024-04-03 21:49:27,375 [INFO] PluginManage:310 - Check plugin ipmanager
2024-04-03 21:49:27,390 [INFO] PluginManage:359 - Loaded plugin ipmanager (category:base,tabindex:5)
2024-04-03 21:49:27,391 [INFO] PluginManage:310 - Check plugin lpbam
2024-04-03 21:49:27,411 [INFO] PluginManage:359 - Loaded plugin lpbam (category:base,tabindex:0)
2024-04-03 21:49:27,411 [INFO] PluginManage:310 - Check plugin memorymap
2024-04-03 21:49:27,443 [INFO] PluginManage:359 - Loaded plugin memorymap (category:base,tabindex:4)
2024-04-03 21:49:27,443 [INFO] PluginManage:310 - Check plugin pinoutandconfiguration
2024-04-03 21:49:27,469 [INFO] PluginManage:359 - Loaded plugin pinoutandconfiguration (category:base,tabindex:1)
2024-04-03 21:49:27,471 [INFO] PluginManage:310 - Check plugin pinoutconfig
2024-04-03 21:49:27,738 [WARN] SupportedApi:132 - Cannot load RTOS API schema: s4s-elt-must-match.1: The content of 'definitions' must match (annotation?, (simpleType | complexType)?, (unique | key | keyref)*)). A problem was found starting at: attribute.
2024-04-03 21:49:27,992 [INFO] PluginManage:359 - Loaded plugin pinoutconfig (category:base,tabindex:0)
2024-04-03 21:49:27,993 [INFO] PluginManage:310 - Check plugin power
2024-04-03 21:49:28,032 [INFO] PluginManage:359 - Loaded plugin power (category:power,tabindex:4)
2024-04-03 21:49:28,033 [INFO] PluginManage:310 - Check plugin projectmanager
2024-04-03 21:49:28,065 [INFO] PluginManage:359 - Loaded plugin projectmanager (category:projectmanager,tabindex:3)
2024-04-03 21:49:28,066 [INFO] PluginManage:310 - Check plugin thirdparty
2024-04-03 21:49:28,604 [INFO] PluginManage:359 - Loaded plugin thirdparty (category:base,tabindex:-1)
2024-04-03 21:49:28,604 [WARN] IntegrityCheckThread:84 - waiting for thirdparty lock release [integrity check]
2024-04-03 21:49:28,604 [INFO] PluginManage:310 - Check plugin tools
2024-04-03 21:49:28,604 [INFO] IntegrityCheckThread:86 - entering critical section [integrity check]
2024-04-03 21:49:28,605 [INFO] ThirdPartyUpdaterWithRetryManager:70 - Updater plugin not ready yet. [1/15]
2024-04-03 21:49:28,665 [INFO] PluginManage:359 - Loaded plugin tools (category:base,tabindex:7)
2024-04-03 21:49:28,665 [INFO] PluginManage:310 - Check plugin tutovideos
2024-04-03 21:49:29,043 [INFO] PluginManage:359 - Loaded plugin tutovideos (category:base,tabindex:-1)
2024-04-03 21:49:29,044 [INFO] PluginManage:310 - Check plugin updater
2024-04-03 21:49:29,065 [INFO] PluginManage:359 - Loaded plugin updater (category:base,tabindex:12)
2024-04-03 21:49:29,065 [INFO] PluginManage:310 - Check plugin userauth
2024-04-03 21:49:29,075 [INFO] UserAuth:114 - Init User Auth plugin
2024-04-03 21:49:29,075 [INFO] PluginManage:359 - Loaded plugin userauth (category:base,tabindex:14)
2024-04-03 21:49:29,077 [INFO] PluginManage:283 - PluginManage : Loaded plugins [17]
2024-04-03 21:49:29,589 [INFO] PinOutPanel:1499 - setPackage(No Configuration,No Configuration)
2024-04-03 21:49:29,902 [INFO] CADModel:165 - CPN selected for project level
2024-04-03 21:49:29,902 [INFO] CADModel:114 - Register for checkConnection events
2024-04-03 21:49:29,948 [INFO] IPUIPlugin:80 - create IPUIPlugin
2024-04-03 21:49:29,948 [INFO] PluginManager:220 - loadIPPluginJar : add adc
2024-04-03 21:49:30,007 [INFO] IPUIPlugin:80 - create IPUIPlugin
2024-04-03 21:49:30,008 [INFO] PluginManager:220 - loadIPPluginJar : add aes
2024-04-03 21:49:30,102 [INFO] IPUIPlugin:80 - create IPUIPlugin
2024-04-03 21:49:30,103 [INFO] PluginManager:220 - loadIPPluginJar : add can
2024-04-03 21:49:30,143 [INFO] IPUIPlugin:80 - create IPUIPlugin
2024-04-03 21:49:30,144 [INFO] PluginManager:220 - loadIPPluginJar : add comp
2024-04-03 21:49:30,201 [INFO] IPUIPlugin:80 - create IPUIPlugin
2024-04-03 21:49:30,201 [INFO] PluginManager:220 - loadIPPluginJar : add cryp
2024-04-03 21:49:30,257 [INFO] IPUIPlugin:80 - create IPUIPlugin
2024-04-03 21:49:30,258 [INFO] PluginManager:220 - loadIPPluginJar : add dfsdm
2024-04-03 21:49:30,279 [INFO] IPUIPlugin:80 - create IPUIPlugin
2024-04-03 21:49:30,280 [INFO] PluginManager:220 - loadIPPluginJar : add dma
2024-04-03 21:49:30,349 [INFO] IPUIPlugin:80 - create IPUIPlugin
2024-04-03 21:49:30,350 [INFO] PluginManager:220 - loadIPPluginJar : add dma3
2024-04-03 21:49:30,395 [INFO] IPUIPlugin:80 - create IPUIPlugin
2024-04-03 21:49:30,395 [INFO] PluginManager:220 - loadIPPluginJar : add fatfs
2024-04-03 21:49:30,518 [INFO] IPUIPlugin:80 - create IPUIPlugin
2024-04-03 21:49:30,519 [INFO] PluginManager:220 - loadIPPluginJar : add fmc
2024-04-03 21:49:30,553 [INFO] IPUIPlugin:80 - create IPUIPlugin
2024-04-03 21:49:30,553 [INFO] PluginManager:220 - loadIPPluginJar : add freertos
2024-04-03 21:49:30,584 [INFO] IPUIPlugin:80 - create IPUIPlugin
2024-04-03 21:49:30,585 [INFO] PluginManager:220 - loadIPPluginJar : add genericplugin
2024-04-03 21:49:30,740 [INFO] IPUIPlugin:80 - create IPUIPlugin
2024-04-03 21:49:30,741 [INFO] PluginManager:220 - loadIPPluginJar : add gfxmmu
2024-04-03 21:49:31,078 [INFO] IPUIPlugin:80 - create IPUIPlugin
2024-04-03 21:49:31,078 [INFO] PluginManager:220 - loadIPPluginJar : add gic
2024-04-03 21:49:31,133 [INFO] IPUIPlugin:80 - create IPUIPlugin
2024-04-03 21:49:31,133 [INFO] PluginManager:220 - loadIPPluginJar : add gpio
2024-04-03 21:49:31,291 [INFO] IPUIPlugin:80 - create IPUIPlugin
2024-04-03 21:49:31,292 [INFO] PluginManager:220 - loadIPPluginJar : add gtzc
2024-04-03 21:49:31,351 [INFO] IPUIPlugin:80 - create IPUIPlugin
2024-04-03 21:49:31,351 [INFO] PluginManager:220 - loadIPPluginJar : add hash
2024-04-03 21:49:31,444 [INFO] IPUIPlugin:80 - create IPUIPlugin
2024-04-03 21:49:31,444 [INFO] PluginManager:220 - loadIPPluginJar : add i2c
2024-04-03 21:49:31,547 [INFO] IPUIPlugin:80 - create IPUIPlugin
2024-04-03 21:49:31,547 [INFO] PluginManager:220 - loadIPPluginJar : add i2s
2024-04-03 21:49:31,606 [INFO] ThirdPartyUpdaterWithRetryManager:70 - Updater plugin not ready yet. [2/15]
2024-04-03 21:49:31,631 [INFO] IPUIPlugin:80 - create IPUIPlugin
2024-04-03 21:49:31,632 [INFO] PluginManager:220 - loadIPPluginJar : add i3c
2024-04-03 21:49:31,834 [INFO] IPUIPlugin:80 - create IPUIPlugin
2024-04-03 21:49:31,834 [INFO] PluginManager:220 - loadIPPluginJar : add ipddr
2024-04-03 21:49:32,008 [INFO] IPUIPlugin:80 - create IPUIPlugin
2024-04-03 21:49:32,009 [INFO] PluginManager:220 - loadIPPluginJar : add linkedlist
2024-04-03 21:49:32,078 [INFO] IPUIPlugin:80 - create IPUIPlugin
2024-04-03 21:49:32,079 [INFO] PluginManager:220 - loadIPPluginJar : add lorawan
2024-04-03 21:49:32,155 [INFO] IPUIPlugin:80 - create IPUIPlugin
2024-04-03 21:49:32,155 [INFO] PluginManager:220 - loadIPPluginJar : add ltdc
2024-04-03 21:49:32,182 [INFO] IPUIPlugin:80 - create IPUIPlugin
2024-04-03 21:49:32,182 [INFO] PluginManager:220 - loadIPPluginJar : add mdma
2024-04-03 21:49:32,202 [INFO] IPUIPlugin:80 - create IPUIPlugin
2024-04-03 21:49:32,202 [INFO] PluginManager:220 - loadIPPluginJar : add nvic
2024-04-03 21:49:32,269 [INFO] IPUIPlugin:80 - create IPUIPlugin
2024-04-03 21:49:32,270 [INFO] PluginManager:220 - loadIPPluginJar : add opamp
2024-04-03 21:49:32,390 [INFO] IPUIPlugin:80 - create IPUIPlugin
2024-04-03 21:49:32,390 [INFO] PluginManager:220 - loadIPPluginJar : add openamp
2024-04-03 21:49:32,471 [INFO] IPUIPlugin:80 - create IPUIPlugin
2024-04-03 21:49:32,471 [INFO] PluginManager:220 - loadIPPluginJar : add pdm2pcm
2024-04-03 21:49:32,498 [INFO] IPUIPlugin:80 - create IPUIPlugin
2024-04-03 21:49:32,503 [INFO] PluginManager:220 - loadIPPluginJar : add plateformsettings
2024-04-03 21:49:32,546 [INFO] IPUIPlugin:80 - create IPUIPlugin
2024-04-03 21:49:32,546 [INFO] PluginManager:220 - loadIPPluginJar : add quadspi
2024-04-03 21:49:32,577 [INFO] IPUIPlugin:80 - create IPUIPlugin
2024-04-03 21:49:32,578 [INFO] PluginManager:220 - loadIPPluginJar : add resmgrutility
2024-04-03 21:49:32,663 [INFO] IPUIPlugin:80 - create IPUIPlugin
2024-04-03 21:49:32,664 [INFO] PluginManager:220 - loadIPPluginJar : add sai
2024-04-03 21:49:32,737 [INFO] IPUIPlugin:80 - create IPUIPlugin
2024-04-03 21:49:32,737 [INFO] PluginManager:220 - loadIPPluginJar : add spi
2024-04-03 21:49:32,873 [INFO] IPUIPlugin:80 - create IPUIPlugin
2024-04-03 21:49:32,874 [INFO] PluginManager:220 - loadIPPluginJar : add stm32_wpan
2024-04-03 21:49:32,915 [INFO] IPUIPlugin:80 - create IPUIPlugin
2024-04-03 21:49:32,915 [INFO] PluginManager:220 - loadIPPluginJar : add tim
2024-04-03 21:49:33,016 [INFO] IPUIPlugin:80 - create IPUIPlugin
2024-04-03 21:49:33,017 [INFO] PluginManager:220 - loadIPPluginJar : add touchsensing
2024-04-03 21:49:33,057 [INFO] IPUIPlugin:80 - create IPUIPlugin
2024-04-03 21:49:33,058 [INFO] PluginManager:220 - loadIPPluginJar : add tracer_emb
2024-04-03 21:49:33,106 [INFO] IPUIPlugin:80 - create IPUIPlugin
2024-04-03 21:49:33,106 [INFO] PluginManager:220 - loadIPPluginJar : add ts
2024-04-03 21:49:33,143 [INFO] IPUIPlugin:80 - create IPUIPlugin
2024-04-03 21:49:33,144 [INFO] PluginManager:220 - loadIPPluginJar : add tsc
2024-04-03 21:49:33,182 [INFO] IPUIPlugin:80 - create IPUIPlugin
2024-04-03 21:49:33,183 [INFO] PluginManager:220 - loadIPPluginJar : add ucpd
2024-04-03 21:49:33,261 [INFO] IPUIPlugin:80 - create IPUIPlugin
2024-04-03 21:49:33,261 [INFO] PluginManager:220 - loadIPPluginJar : add usart
2024-04-03 21:49:33,339 [INFO] IPUIPlugin:80 - create IPUIPlugin
2024-04-03 21:49:33,339 [INFO] PluginManager:220 - loadIPPluginJar : add usbx
2024-04-03 21:49:33,516 [INFO] CADModel:165 - CPN selected for project level
2024-04-03 21:49:33,517 [INFO] CADModel:114 - Register for checkConnection events
2024-04-03 21:49:33,517 [FATAL] Updater:308 - Updater called before beeing initialized
2024-04-03 21:49:33,517 [ERROR] CADModel:125 - Updater not yet initialized, retry later 
2024-04-03 21:49:33,757 [INFO] CADModel:165 - CPN selected for project level
2024-04-03 21:49:33,757 [INFO] CADModel:114 - Register for checkConnection events
2024-04-03 21:49:33,757 [FATAL] Updater:308 - Updater called before beeing initialized
2024-04-03 21:49:33,757 [ERROR] CADModel:125 - Updater not yet initialized, retry later 
2024-04-03 21:49:33,762 [FATAL] Updater:308 - Updater called before beeing initialized
2024-04-03 21:49:33,925 [FATAL] Updater:308 - Updater called before beeing initialized
2024-04-03 21:49:33,940 [INFO] DbMcusAds:53 - JSON generation date=Wed Nov 29 17:52:27 ICT 2023 (1701255147349)
2024-04-03 21:49:33,941 [FATAL] Updater:308 - Updater called before beeing initialized
2024-04-03 21:49:34,068 [WARN] DetailPanel:346 - Failed to get advertising image, set to default
2024-04-03 21:49:34,188 [FATAL] Updater:308 - Updater called before beeing initialized
2024-04-03 21:49:34,192 [FATAL] Updater:308 - Updater called before beeing initialized
2024-04-03 21:49:34,192 [FATAL] Updater:308 - Updater called before beeing initialized
2024-04-03 21:49:34,192 [WARN] DetailPanel:346 - Failed to get advertising image, set to default
2024-04-03 21:49:34,194 [FATAL] Updater:308 - Updater called before beeing initialized
2024-04-03 21:49:34,294 [ERROR] Updater:1120 - MainUpdater not yet initialized. External WinMGr cannot be set.
2024-04-03 21:49:34,310 [INFO] Updater:1056 - Updater Version found : 6.10.0
2024-04-03 21:49:34,339 [INFO] ApplicationProperties:184 - Using Application install path: G:\stm32cubeide\stm32cubeide114\STM32CubeIDE_1.14.0\STM32CubeIDE\plugins\com.st.stm32cube.common.mx_6.10.0.202311202037
2024-04-03 21:49:34,608 [INFO] ThirdPartyUpdaterWithRetryManager:70 - Updater plugin not ready yet. [3/15]
2024-04-03 21:49:34,905 [INFO] MainUpdater:2873 - connection check result : 10
2024-04-03 21:49:34,906 [INFO] MainUpdater:290 - Updater Check For Update Now.
2024-04-03 21:49:34,907 [INFO] MicroXplorer:498 - Change Database Version : DB.6.0.100
2024-04-03 21:49:34,936 [INFO] McuFinderGlobals:63 - Set McuFinder mode to 2 (CubeIDE integrated)
2024-04-03 21:49:35,148 [INFO] CheckServerUpdateThread:120 - End of CheckServer Thread
2024-04-03 21:49:35,290 [INFO] UserAuth:404 - Internet connection configuration mode: 1
2024-04-03 21:49:35,317 [INFO] JxBrowserEngine:152 - Initiate JxBrowser Engine with user profile folder
2024-04-03 21:49:37,879 [WARN] PackLoader:240 - Cannot read IP mode file for STMicroelectronics.X-CUBE-SMBUS.2.1.0
2024-04-03 21:49:37,903 [WARN] PackLoader:240 - Cannot read IP mode file for STMicroelectronics.X-CUBE-TOUCHGFX.4.23.1
2024-04-03 21:49:37,916 [WARN] PackLoader:240 - Cannot read IP mode file for STMicroelectronics.X-CUBE-TOUCHGFX.4.23.0
2024-04-03 21:49:37,929 [WARN] PackLoader:240 - Cannot read IP mode file for STMicroelectronics.X-CUBE-TOUCHGFX.4.23.2
2024-04-03 21:49:37,980 [WARN] PackLoader:240 - Cannot read IP mode file for STMicroelectronics.X-CUBE-AZRTOS-F7.1.1.0
2024-04-03 21:49:38,003 [WARN] PackLoader:240 - Cannot read IP mode file for STMicroelectronics.FP-SNS-MOTENV1.4.3.2
2024-04-03 21:49:38,024 [WARN] PackLoader:240 - Cannot read IP mode file for STMicroelectronics.FP-SNS-FLIGHT1.5.0.2
2024-04-03 21:49:38,048 [WARN] PackLoader:240 - Cannot read IP mode file for STMicroelectronics.X-CUBE-DISPLAY.3.0.0
2024-04-03 21:49:38,089 [WARN] PackLoader:240 - Cannot read IP mode file for STMicroelectronics.X-CUBE-BLE1.7.0.0
2024-04-03 21:49:38,124 [WARN] PackLoader:240 - Cannot read IP mode file for emotas.I-CUBE-CANOPEN.1.3.0
2024-04-03 21:49:38,153 [WARN] PackLoader:240 - Cannot read IP mode file for STMicroelectronics.X-CUBE-TOUCHGFX.4.22.1
2024-04-03 21:49:38,190 [WARN] PackLoader:240 - Cannot read IP mode file for STMicroelectronics.X-CUBE-BLEMGR.3.1.0
2024-04-03 21:49:38,214 [WARN] PackLoader:240 - Cannot read IP mode file for STMicroelectronics.FP-SNS-SMARTAG2.1.2.0
2024-04-03 21:49:38,244 [INFO] LogOutputStream:77 - [STDOUT_REDIRECT] 1 : Invalid condition id : UX_CORESTACK_Condition cause : null
2024-04-03 21:49:38,245 [INFO] LogOutputStream:77 - [STDOUT_REDIRECT] 1 : Invalid condition id : UX_CORESTACK_Condition cause : null
2024-04-03 21:49:38,247 [INFO] LogOutputStream:77 - [STDOUT_REDIRECT] 1 : Invalid condition id : UX_CORESTACK_Condition cause : null
2024-04-03 21:49:38,249 [INFO] LogOutputStream:77 - [STDOUT_REDIRECT] 1 : Invalid condition id : UX_CORESTACK_Condition cause : null
2024-04-03 21:49:38,250 [INFO] LogOutputStream:77 - [STDOUT_REDIRECT] 1 : Invalid condition id : UX_CORESTACK_Condition cause : null
2024-04-03 21:49:38,255 [WARN] PackLoader:240 - Cannot read IP mode file for STMicroelectronics.X-CUBE-AZRTOS-WL.2.0.0
2024-04-03 21:49:38,269 [WARN] PackLoader:240 - Cannot read IP mode file for STMicroelectronics.FP-SNS-MOTENV1.5.0.0
2024-04-03 21:49:38,291 [WARN] PackLoader:240 - Cannot read IP mode file for WES.I-CUBE-Cesium.1.3.0
2024-04-03 21:49:38,309 [WARN] PackLoader:240 - Cannot read IP mode file for STMicroelectronics.X-CUBE-BLE2.3.3.0
2024-04-03 21:49:38,326 [WARN] PackLoader:240 - Cannot read IP mode file for STMicroelectronics.X-CUBE-ALGOBUILD.1.3.0
2024-04-03 21:49:38,379 [WARN] PackLoader:240 - Cannot read IP mode file for STMicroelectronics.X-CUBE-AZRTOS-G0.1.1.0
2024-04-03 21:49:38,413 [WARN] PackLoader:240 - Cannot read IP mode file for STMicroelectronics.X-CUBE-SAFEA1.1.2.2
2024-04-03 21:49:38,441 [WARN] PackLoader:240 - Cannot read IP mode file for STMicroelectronics.X-CUBE-NFC4.3.0.0
2024-04-03 21:49:38,466 [WARN] PackLoader:240 - Cannot read IP mode file for STMicroelectronics.X-CUBE-BLEMGR.3.0.0
2024-04-03 21:49:38,490 [WARN] PackLoader:240 - Cannot read IP mode file for STMicroelectronics.FP-ATR-SIGFOX1.3.2.0
2024-04-03 21:49:38,511 [WARN] PackLoader:240 - Cannot read IP mode file for STMicroelectronics.X-CUBE-EEPRMA1.5.1.0
2024-04-03 21:49:38,584 [WARN] PackLoader:240 - Cannot read IP mode file for SEGGER.I-CUBE-embOS.1.3.1
2024-04-03 21:49:38,668 [WARN] PackLoader:240 - Cannot read IP mode file for STMicroelectronics.X-CUBE-GNSS1.6.0.0
2024-04-03 21:49:38,720 [WARN] PackLoader:240 - Cannot read IP mode file for STMicroelectronics.X-CUBE-AZRTOS-F4.1.1.0
2024-04-03 21:49:38,748 [WARN] PackLoader:240 - Cannot read IP mode file for wolfSSL.I-CUBE-wolfSSL.5.6.3
2024-04-03 21:49:38,865 [WARN] PackLoader:240 - Cannot read IP mode file for STMicroelectronics.X-CUBE-AZRTOS-L5.2.0.0
2024-04-03 21:49:38,948 [WARN] PackLoader:240 - Cannot read IP mode file for STMicroelectronics.X-CUBE-MEMS1.9.6.0
2024-04-03 21:49:39,389 [WARN] PackLoader:240 - Cannot read IP mode file for STMicroelectronics.X-CUBE-EEPRMA1.4.2.0
2024-04-03 21:49:39,447 [WARN] PackLoader:240 - Cannot read IP mode file for STMicroelectronics.X-CUBE-NFC6.3.1.0
2024-04-03 21:49:39,582 [WARN] PackLoader:240 - Cannot read IP mode file for ITTIA_DB.I-CUBE-ITTIADB.8.8.0
2024-04-03 21:49:39,644 [WARN] PackLoader:240 - Cannot read IP mode file for STMicroelectronics.X-CUBE-BLEMGR.2.0.0
2024-04-03 21:49:39,693 [WARN] ConditionMgr:438 - getConditionDescription Invalid condition id : UX DEVICE CLASS RTOS Condition cause : null
2024-04-03 21:49:39,694 [WARN] ConditionMgr:438 - getConditionDescription Invalid condition id : UX DEVICE CLASS RTOS Condition cause : null
2024-04-03 21:49:39,712 [WARN] PackLoader:240 - Cannot read IP mode file for STMicroelectronics.X-CUBE-AZRTOS-H7.3.1.0
2024-04-03 21:49:39,714 [WARN] ConditionMgr:1039 - genDependencies : Invalid condition id : UX DEVICE CLASS RTOS Condition cause : null
2024-04-03 21:49:39,714 [WARN] ConditionMgr:1039 - genDependencies : Invalid condition id : UX DEVICE CLASS RTOS Condition cause : null
2024-04-03 21:49:39,719 [WARN] ConditionMgr:1039 - genDependencies : Invalid condition id : UX DEVICE CLASS RTOS Condition cause : null
2024-04-03 21:49:39,720 [WARN] ConditionMgr:1039 - genDependencies : Invalid condition id : UX DEVICE CLASS RTOS Condition cause : null
2024-04-03 21:49:39,720 [WARN] ConditionMgr:1039 - genDependencies : Invalid condition id : UX DEVICE CLASS RTOS Condition cause : null
2024-04-03 21:49:39,854 [WARN] PackLoader:240 - Cannot read IP mode file for STMicroelectronics.X-CUBE-NFC7.1.0.1
2024-04-03 21:49:39,983 [WARN] PackLoader:240 - Cannot read IP mode file for STMicroelectronics.X-CUBE-NFC6.3.0.0
2024-04-03 21:49:40,045 [WARN] PackLoader:240 - Cannot read IP mode file for STMicroelectronics.X-CUBE-EEPRMA1.4.1.0
2024-04-03 21:49:40,068 [WARN] PackLoader:240 - Cannot read IP mode file for STMicroelectronics.X-CUBE-AI.8.1.0
2024-04-03 21:49:40,243 [WARN] ConditionMgr:438 - getConditionDescription Invalid condition id : LAN8742 Phy interface Condition cause : null
2024-04-03 21:49:40,247 [WARN] PackLoader:240 - Cannot read IP mode file for STMicroelectronics.X-CUBE-AZRTOS-L4.2.0.0
2024-04-03 21:49:40,249 [WARN] ConditionMgr:1039 - genDependencies : Invalid condition id : LAN8742 Phy interface Condition cause : null
2024-04-03 21:49:40,252 [WARN] ConditionMgr:1039 - genDependencies : Invalid condition id : LAN8742 Phy interface Condition cause : null
2024-04-03 21:49:40,289 [WARN] ConditionMgr:1039 - genDependencies : Invalid condition id : LAN8742 Phy interface Condition cause : null
2024-04-03 21:49:40,387 [WARN] PackLoader:240 - Cannot read IP mode file for STMicroelectronics.X-CUBE-SFXS2LP1.4.0.0
2024-04-03 21:49:40,495 [WARN] PackLoader:240 - Cannot read IP mode file for STMicroelectronics.X-CUBE-ISPU.1.1.0
2024-04-03 21:49:40,653 [WARN] ConditionMgr:438 - getConditionDescription Invalid condition id : UX DEVICE CLASS RTOS Condition cause : null
2024-04-03 21:49:40,654 [WARN] ConditionMgr:438 - getConditionDescription Invalid condition id : UX DEVICE CLASS RTOS Condition cause : null
2024-04-03 21:49:40,656 [WARN] PackLoader:240 - Cannot read IP mode file for STMicroelectronics.X-CUBE-AZRTOS-WB.2.0.0
2024-04-03 21:49:40,657 [WARN] ConditionMgr:1039 - genDependencies : Invalid condition id : UX DEVICE CLASS RTOS Condition cause : null
2024-04-03 21:49:40,657 [WARN] ConditionMgr:1039 - genDependencies : Invalid condition id : UX DEVICE CLASS RTOS Condition cause : null
2024-04-03 21:49:40,658 [WARN] ConditionMgr:1039 - genDependencies : Invalid condition id : UX DEVICE CLASS RTOS Condition cause : null
2024-04-03 21:49:40,658 [WARN] ConditionMgr:1039 - genDependencies : Invalid condition id : UX DEVICE CLASS RTOS Condition cause : null
2024-04-03 21:49:40,659 [WARN] ConditionMgr:1039 - genDependencies : Invalid condition id : UX DEVICE CLASS RTOS Condition cause : null
2024-04-03 21:49:40,692 [WARN] PackLoader:240 - Cannot read IP mode file for STMicroelectronics.X-CUBE-SUBG2.5.0.0
2024-04-03 21:49:40,862 [WARN] PackLoader:240 - Cannot read IP mode file for STMicroelectronics.X-CUBE-TOF1.3.3.1
2024-04-03 21:49:40,958 [INFO] WebApp:161 - Instantiating new browser for Auth
2024-04-03 21:49:40,990 [WARN] PackLoader:240 - Cannot read IP mode file for STMicroelectronics.X-CUBE-AZRTOS-G4.2.0.0
2024-04-03 21:49:41,086 [WARN] PackLoader:240 - Cannot read IP mode file for Infineon.AIROC-Wi-Fi-Bluetooth-STM32.1.5.1
2024-04-03 21:49:41,125 [WARN] PackLoader:240 - Cannot read IP mode file for STMicroelectronics.FP-SNS-MOTENVWB1.1.3.0
2024-04-03 21:49:41,147 [WARN] PackLoader:240 - Cannot read IP mode file for STMicroelectronics.FP-SNS-MOTENVWB1.1.3.1
2024-04-03 21:49:41,166 [WARN] PackLoader:240 - Cannot read IP mode file for STMicroelectronics.X-CUBE-ISPU.2.0.0
2024-04-03 21:49:41,274 [WARN] PackLoader:240 - Cannot read IP mode file for STMicroelectronics.X-CUBE-MEMS1.10.0.0
2024-04-03 21:49:41,561 [WARN] PackLoader:240 - Cannot read IP mode file for STMicroelectronics.X-CUBE-FREERTOS.1.1.0
2024-04-03 21:49:41,600 [WARN] PackLoader:240 - Cannot read IP mode file for portGmbH.I-Cube-SoM-uGOAL.1.1.0
2024-04-03 21:49:41,615 [WARN] PackLoader:240 - Cannot read IP mode file for STMicroelectronics.X-CUBE-ALS.1.0.1
2024-04-03 21:49:41,636 [WARN] PackLoader:240 - Cannot read IP mode file for STMicroelectronics.FP-ATR-ASTRA1.2.0.0
2024-04-03 21:49:41,672 [WARN] PackLoader:240 - Cannot read IP mode file for STMicroelectronics.X-CUBE-TOF1.3.4.0
2024-04-03 21:49:41,710 [WARN] PackLoader:240 - Cannot read IP mode file for STMicroelectronics.X-CUBE-TOF1.3.4.1
2024-04-03 21:49:41,771 [WARN] PackLoader:240 - Cannot read IP mode file for STMicroelectronics.X-CUBE-AZRTOS-H7.3.2.0
2024-04-03 21:49:41,774 [INFO] ThirdParty:978 - Integrity check success = true
2024-04-03 21:49:41,775 [INFO] IntegrityCheckThread:100 - exiting critical section [integrity check]
2024-04-03 21:49:41,775 [INFO] IntegrityCheckThread:103 - End integrity checks thread
2024-04-03 21:49:42,368 [INFO] WebApp:780 - Register for checkConnection events
2024-04-03 21:49:42,368 [INFO] WebApp:414 - Apply proxy settings
2024-04-03 21:49:42,369 [INFO] WebApp:499 - Chromium requires no authentication
2024-04-03 21:49:42,384 [INFO] WebApp:442 - Direct internet connection detected
2024-04-03 21:49:42,592 [INFO] WebApp:192 - Starting web application
2024-04-03 21:49:42,592 [INFO] WebApp:544 - Web application path used G:\stm32cubeide\stm32cubeide114\STM32CubeIDE_1.14.0\STM32CubeIDE\plugins\com.st.stm32cube.common.mx_6.10.0.202311202037\db\plugins\mcufinder\reactClient1\index.html
2024-04-03 21:50:04,413 [ERROR] LogOutputStream:75 - [STDERR_REDIRECT] SLF4J: Failed to load class "org.slf4j.impl.StaticLoggerBinder".
2024-04-03 21:50:04,414 [ERROR] LogOutputStream:75 - [STDERR_REDIRECT] SLF4J: Defaulting to no-operation (NOP) logger implementation
2024-04-03 21:50:04,415 [ERROR] LogOutputStream:75 - [STDERR_REDIRECT] SLF4J: See http://www.slf4j.org/codes.html#StaticLoggerBinder for further details.
2024-04-03 21:54:17,853 [ERROR] LogOutputStream:75 - [STDERR_REDIRECT] 
