2024-03-03 21:32:12,157 [INFO] Activator:176 - 


2024-03-03 21:32:12,163 [INFO] Activator:177 - !SESSION log4j initialized
2024-03-03 21:32:18,384 [INFO] LogOutputStream:77 - [STDOUT_REDIRECT] 
2024-03-03 21:32:25,037 [INFO] ApplicationProperties:184 - Using Application install path: G:\stm32cubeide\stm32cubeide114\STM32CubeIDE_1.14.0\STM32CubeIDE\plugins\com.st.stm32cube.common.mx_6.10.0.202311202037
2024-03-03 21:32:25,053 [INFO] DbMcusXml:78 - Set database path to: G:\stm32cubeide\stm32cubeide114\STM32CubeIDE_1.14.0\STM32CubeIDE\plugins\com.st.stm32cube.common.mx_6.10.0.202311202037\\db\/mcu/
2024-03-03 21:32:25,054 [INFO] ApiDb:274 - Set plugin database path to: G:\stm32cubeide\stm32cubeide114\STM32CubeIDE_1.14.0\STM32CubeIDE\plugins\com.st.stm32cube.common.mx_6.10.0.202311202037\\db\/plugins/boardmanager/
2024-03-03 21:32:25,054 [WARN] ApiDb:259 - Overriding images path with different value:  => G:\stm32cubeide\stm32cubeide114\STM32CubeIDE_1.14.0\STM32CubeIDE\plugins\com.st.stm32cube.common.mx_6.10.0.202311202037\\db\/plugins/mcufinder/images/
2024-03-03 21:32:25,065 [INFO] ApiDb:250 - Set database path to: C:\Users\Nghia\.stmcufinder\plugins\mcufinder//mcu/
2024-03-03 21:32:25,066 [INFO] DbMcusAds:125 - Set database path to: C:\Users\Nghia\.stmcufinder\plugins\mcufinder//mcu/
2024-03-03 21:32:25,068 [INFO] CrossReferenceDbSqlite:203 - Set database path to: C:\Users\Nghia\.stmcufinder\plugins\mcufinder//mcu/cs/
2024-03-03 21:32:25,174 [INFO] RulesReader:64 - Compatibility file has been processed (297 Rules)
2024-03-03 21:32:25,249 [INFO] DbMcusXml:78 - Set database path to: G:\stm32cubeide\stm32cubeide114\STM32CubeIDE_1.14.0\STM32CubeIDE\plugins\com.st.stm32cube.common.mx_6.10.0.202311202037\\db\/mcu/
2024-03-03 21:32:25,249 [INFO] ApiDb:274 - Set plugin database path to: G:\stm32cubeide\stm32cubeide114\STM32CubeIDE_1.14.0\STM32CubeIDE\plugins\com.st.stm32cube.common.mx_6.10.0.202311202037\\db\/plugins/boardmanager/
2024-03-03 21:32:25,249 [INFO] ApiDb:261 - Set plugin images path to: G:\stm32cubeide\stm32cubeide114\STM32CubeIDE_1.14.0\STM32CubeIDE\plugins\com.st.stm32cube.common.mx_6.10.0.202311202037\\db\/plugins/mcufinder/images/
2024-03-03 21:32:25,249 [WARN] DbFile:41 - Overriding database path with different value: C:\Users\Nghia\.stmcufinder\plugins\mcufinder/ => C:\Users\Nghia\.stmcufinder\plugins\mcufinder
2024-03-03 21:32:25,249 [INFO] ApiDb:250 - Set database path to: C:\Users\Nghia\.stmcufinder\plugins\mcufinder//mcu/
2024-03-03 21:32:25,250 [WARN] DbFile:41 - Overriding database path with different value: C:\Users\Nghia\.stmcufinder\plugins\mcufinder/ => C:\Users\Nghia\.stmcufinder\plugins\mcufinder
2024-03-03 21:32:25,250 [INFO] DbMcusAds:125 - Set database path to: C:\Users\Nghia\.stmcufinder\plugins\mcufinder//mcu/
2024-03-03 21:32:25,250 [WARN] DbFile:41 - Overriding database path with different value: C:\Users\Nghia\.stmcufinder\plugins\mcufinder/ => C:\Users\Nghia\.stmcufinder\plugins\mcufinder
2024-03-03 21:32:25,250 [WARN] DbFile:41 - Overriding database path with different value: C:\Users\Nghia\.stmcufinder\plugins\mcufinder/ => C:\Users\Nghia\.stmcufinder\plugins\mcufinder
2024-03-03 21:32:25,250 [INFO] CrossReferenceDbSqlite:203 - Set database path to: C:\Users\Nghia\.stmcufinder\plugins\mcufinder//mcu/cs/
2024-03-03 21:32:25,321 [INFO] MainPanel:264 - HeapMemory: 268435456
2024-03-03 21:32:25,407 [INFO] DbMcusXml:78 - Set database path to: G:\stm32cubeide\stm32cubeide114\STM32CubeIDE_1.14.0\STM32CubeIDE\plugins\com.st.stm32cube.common.mx_6.10.0.202311202037\\db\/mcu/
2024-03-03 21:32:25,408 [INFO] ApiDb:274 - Set plugin database path to: G:\stm32cubeide\stm32cubeide114\STM32CubeIDE_1.14.0\STM32CubeIDE\plugins\com.st.stm32cube.common.mx_6.10.0.202311202037\\db\/plugins/boardmanager/
2024-03-03 21:32:25,408 [INFO] ApiDb:261 - Set plugin images path to: G:\stm32cubeide\stm32cubeide114\STM32CubeIDE_1.14.0\STM32CubeIDE\plugins\com.st.stm32cube.common.mx_6.10.0.202311202037\\db\/plugins/mcufinder/images/
2024-03-03 21:32:25,408 [WARN] DbFile:41 - Overriding database path with different value: C:\Users\Nghia\.stmcufinder\plugins\mcufinder/ => C:\Users\Nghia\.stmcufinder\plugins\mcufinder
2024-03-03 21:32:25,408 [INFO] ApiDb:250 - Set database path to: C:\Users\Nghia\.stmcufinder\plugins\mcufinder//mcu/
2024-03-03 21:32:25,409 [WARN] DbFile:41 - Overriding database path with different value: C:\Users\Nghia\.stmcufinder\plugins\mcufinder/ => C:\Users\Nghia\.stmcufinder\plugins\mcufinder
2024-03-03 21:32:25,409 [INFO] DbMcusAds:125 - Set database path to: C:\Users\Nghia\.stmcufinder\plugins\mcufinder//mcu/
2024-03-03 21:32:25,409 [WARN] DbFile:41 - Overriding database path with different value: C:\Users\Nghia\.stmcufinder\plugins\mcufinder/ => C:\Users\Nghia\.stmcufinder\plugins\mcufinder
2024-03-03 21:32:25,409 [WARN] DbFile:41 - Overriding database path with different value: C:\Users\Nghia\.stmcufinder\plugins\mcufinder/ => C:\Users\Nghia\.stmcufinder\plugins\mcufinder
2024-03-03 21:32:25,409 [INFO] CrossReferenceDbSqlite:203 - Set database path to: C:\Users\Nghia\.stmcufinder\plugins\mcufinder//mcu/cs/
2024-03-03 21:32:25,427 [INFO] ApplicationProperties:184 - Using Application install path: G:\stm32cubeide\stm32cubeide114\STM32CubeIDE_1.14.0\STM32CubeIDE\plugins\com.st.stm32cube.common.mx_6.10.0.202311202037
2024-03-03 21:32:25,428 [INFO] PluginManage:196 - Search for loadable plugins [exclusion list=, ]
2024-03-03 21:32:25,430 [INFO] PluginManage:310 - Check plugin analytics
2024-03-03 21:32:30,545 [INFO] AnalyticsPlugin:253 - Accepted Software Licenses: STM32CubeMX.6.8.0,STM32CubeMX.6.1.1
2024-03-03 21:32:30,545 [INFO] AnalyticsPlugin:255 - Accepted CMSIS Pack Licenses: 
2024-03-03 21:32:30,545 [INFO] AnalyticsPlugin:257 - Accepted Firmware Licenses: FW.F4.1.27.0,FW.F4.1.28.0
2024-03-03 21:32:30,547 [INFO] PluginManage:359 - Loaded plugin analytics (category:tool,tabindex:-1)
2024-03-03 21:32:30,548 [INFO] PluginManage:310 - Check plugin cadmodel
2024-03-03 21:32:30,561 [INFO] CADModel:105 - Init CAD model plugin
2024-03-03 21:32:30,561 [INFO] PluginManage:359 - Loaded plugin cadmodel (category:power,tabindex:5)
2024-03-03 21:32:30,562 [INFO] PluginManage:310 - Check plugin clock
2024-03-03 21:32:30,579 [INFO] PluginManage:359 - Loaded plugin clock (category:base,tabindex:2)
2024-03-03 21:32:30,579 [INFO] PluginManage:310 - Check plugin ddr
2024-03-03 21:32:30,581 [INFO] PluginManage:359 - Loaded plugin ddr (category:tool,tabindex:6)
2024-03-03 21:32:30,581 [INFO] PluginManage:310 - Check plugin filemanager
2024-03-03 21:32:30,700 [INFO] PluginManage:359 - Loaded plugin filemanager (category:base,tabindex:10)
2024-03-03 21:32:30,700 [INFO] PluginManage:310 - Check plugin ipmanager
2024-03-03 21:32:30,706 [INFO] PluginManage:359 - Loaded plugin ipmanager (category:base,tabindex:5)
2024-03-03 21:32:30,706 [INFO] PluginManage:310 - Check plugin lpbam
2024-03-03 21:32:30,720 [INFO] PluginManage:359 - Loaded plugin lpbam (category:base,tabindex:0)
2024-03-03 21:32:30,720 [INFO] PluginManage:310 - Check plugin memorymap
2024-03-03 21:32:30,745 [INFO] PluginManage:359 - Loaded plugin memorymap (category:base,tabindex:4)
2024-03-03 21:32:30,746 [INFO] PluginManage:310 - Check plugin pinoutandconfiguration
2024-03-03 21:32:30,762 [INFO] PluginManage:359 - Loaded plugin pinoutandconfiguration (category:base,tabindex:1)
2024-03-03 21:32:30,762 [INFO] PluginManage:310 - Check plugin pinoutconfig
2024-03-03 21:32:30,843 [WARN] SupportedApi:132 - Cannot load RTOS API schema: s4s-elt-must-match.1: The content of 'definitions' must match (annotation?, (simpleType | complexType)?, (unique | key | keyref)*)). A problem was found starting at: attribute.
2024-03-03 21:32:30,954 [INFO] PluginManage:359 - Loaded plugin pinoutconfig (category:base,tabindex:0)
2024-03-03 21:32:30,954 [INFO] PluginManage:310 - Check plugin power
2024-03-03 21:32:30,972 [INFO] PluginManage:359 - Loaded plugin power (category:power,tabindex:4)
2024-03-03 21:32:30,973 [INFO] PluginManage:310 - Check plugin projectmanager
2024-03-03 21:32:30,987 [INFO] PluginManage:359 - Loaded plugin projectmanager (category:projectmanager,tabindex:3)
2024-03-03 21:32:30,987 [INFO] PluginManage:310 - Check plugin thirdparty
2024-03-03 21:32:31,212 [INFO] PluginManage:359 - Loaded plugin thirdparty (category:base,tabindex:-1)
2024-03-03 21:32:31,212 [WARN] IntegrityCheckThread:84 - waiting for thirdparty lock release [integrity check]
2024-03-03 21:32:31,212 [INFO] PluginManage:310 - Check plugin tools
2024-03-03 21:32:31,212 [INFO] IntegrityCheckThread:86 - entering critical section [integrity check]
2024-03-03 21:32:31,212 [INFO] ThirdPartyUpdaterWithRetryManager:70 - Updater plugin not ready yet. [1/15]
2024-03-03 21:32:31,239 [INFO] PluginManage:359 - Loaded plugin tools (category:base,tabindex:7)
2024-03-03 21:32:31,239 [INFO] PluginManage:310 - Check plugin tutovideos
2024-03-03 21:32:31,407 [INFO] PluginManage:359 - Loaded plugin tutovideos (category:base,tabindex:-1)
2024-03-03 21:32:31,407 [INFO] PluginManage:310 - Check plugin updater
2024-03-03 21:32:31,417 [INFO] PluginManage:359 - Loaded plugin updater (category:base,tabindex:12)
2024-03-03 21:32:31,417 [INFO] PluginManage:310 - Check plugin userauth
2024-03-03 21:32:31,422 [INFO] UserAuth:114 - Init User Auth plugin
2024-03-03 21:32:31,422 [INFO] PluginManage:359 - Loaded plugin userauth (category:base,tabindex:14)
2024-03-03 21:32:31,423 [INFO] PluginManage:283 - PluginManage : Loaded plugins [17]
2024-03-03 21:32:31,613 [INFO] PinOutPanel:1499 - setPackage(No Configuration,No Configuration)
2024-03-03 21:32:31,682 [INFO] CADModel:165 - CPN selected for project level
2024-03-03 21:32:31,682 [INFO] CADModel:114 - Register for checkConnection events
2024-03-03 21:32:31,704 [INFO] IPUIPlugin:80 - create IPUIPlugin
2024-03-03 21:32:31,704 [INFO] PluginManager:220 - loadIPPluginJar : add adc
2024-03-03 21:32:31,731 [INFO] IPUIPlugin:80 - create IPUIPlugin
2024-03-03 21:32:31,731 [INFO] PluginManager:220 - loadIPPluginJar : add aes
2024-03-03 21:32:31,764 [INFO] IPUIPlugin:80 - create IPUIPlugin
2024-03-03 21:32:31,764 [INFO] PluginManager:220 - loadIPPluginJar : add can
2024-03-03 21:32:31,782 [INFO] IPUIPlugin:80 - create IPUIPlugin
2024-03-03 21:32:31,782 [INFO] PluginManager:220 - loadIPPluginJar : add comp
2024-03-03 21:32:31,808 [INFO] IPUIPlugin:80 - create IPUIPlugin
2024-03-03 21:32:31,808 [INFO] PluginManager:220 - loadIPPluginJar : add cryp
2024-03-03 21:32:31,831 [INFO] IPUIPlugin:80 - create IPUIPlugin
2024-03-03 21:32:31,832 [INFO] PluginManager:220 - loadIPPluginJar : add dfsdm
2024-03-03 21:32:31,844 [INFO] IPUIPlugin:80 - create IPUIPlugin
2024-03-03 21:32:31,844 [INFO] PluginManager:220 - loadIPPluginJar : add dma
2024-03-03 21:32:31,877 [INFO] IPUIPlugin:80 - create IPUIPlugin
2024-03-03 21:32:31,877 [INFO] PluginManager:220 - loadIPPluginJar : add dma3
2024-03-03 21:32:31,894 [INFO] IPUIPlugin:80 - create IPUIPlugin
2024-03-03 21:32:31,894 [INFO] PluginManager:220 - loadIPPluginJar : add fatfs
2024-03-03 21:32:31,932 [INFO] IPUIPlugin:80 - create IPUIPlugin
2024-03-03 21:32:31,933 [INFO] PluginManager:220 - loadIPPluginJar : add fmc
2024-03-03 21:32:31,944 [INFO] IPUIPlugin:80 - create IPUIPlugin
2024-03-03 21:32:31,945 [INFO] PluginManager:220 - loadIPPluginJar : add freertos
2024-03-03 21:32:31,960 [INFO] IPUIPlugin:80 - create IPUIPlugin
2024-03-03 21:32:31,960 [INFO] PluginManager:220 - loadIPPluginJar : add genericplugin
2024-03-03 21:32:32,036 [INFO] IPUIPlugin:80 - create IPUIPlugin
2024-03-03 21:32:32,036 [INFO] PluginManager:220 - loadIPPluginJar : add gfxmmu
2024-03-03 21:32:32,140 [INFO] IPUIPlugin:80 - create IPUIPlugin
2024-03-03 21:32:32,140 [INFO] PluginManager:220 - loadIPPluginJar : add gic
2024-03-03 21:32:32,150 [INFO] IPUIPlugin:80 - create IPUIPlugin
2024-03-03 21:32:32,150 [INFO] PluginManager:220 - loadIPPluginJar : add gpio
2024-03-03 21:32:32,222 [INFO] IPUIPlugin:80 - create IPUIPlugin
2024-03-03 21:32:32,222 [INFO] PluginManager:220 - loadIPPluginJar : add gtzc
2024-03-03 21:32:32,249 [INFO] IPUIPlugin:80 - create IPUIPlugin
2024-03-03 21:32:32,250 [INFO] PluginManager:220 - loadIPPluginJar : add hash
2024-03-03 21:32:32,290 [INFO] IPUIPlugin:80 - create IPUIPlugin
2024-03-03 21:32:32,290 [INFO] PluginManager:220 - loadIPPluginJar : add i2c
2024-03-03 21:32:32,320 [INFO] IPUIPlugin:80 - create IPUIPlugin
2024-03-03 21:32:32,320 [INFO] PluginManager:220 - loadIPPluginJar : add i2s
2024-03-03 21:32:32,352 [INFO] IPUIPlugin:80 - create IPUIPlugin
2024-03-03 21:32:32,353 [INFO] PluginManager:220 - loadIPPluginJar : add i3c
2024-03-03 21:32:32,437 [INFO] IPUIPlugin:80 - create IPUIPlugin
2024-03-03 21:32:32,438 [INFO] PluginManager:220 - loadIPPluginJar : add ipddr
2024-03-03 21:32:32,511 [INFO] IPUIPlugin:80 - create IPUIPlugin
2024-03-03 21:32:32,511 [INFO] PluginManager:220 - loadIPPluginJar : add linkedlist
2024-03-03 21:32:32,540 [INFO] IPUIPlugin:80 - create IPUIPlugin
2024-03-03 21:32:32,541 [INFO] PluginManager:220 - loadIPPluginJar : add lorawan
2024-03-03 21:32:32,568 [INFO] IPUIPlugin:80 - create IPUIPlugin
2024-03-03 21:32:32,569 [INFO] PluginManager:220 - loadIPPluginJar : add ltdc
2024-03-03 21:32:32,580 [INFO] IPUIPlugin:80 - create IPUIPlugin
2024-03-03 21:32:32,580 [INFO] PluginManager:220 - loadIPPluginJar : add mdma
2024-03-03 21:32:32,589 [INFO] IPUIPlugin:80 - create IPUIPlugin
2024-03-03 21:32:32,590 [INFO] PluginManager:220 - loadIPPluginJar : add nvic
2024-03-03 21:32:32,618 [INFO] IPUIPlugin:80 - create IPUIPlugin
2024-03-03 21:32:32,618 [INFO] PluginManager:220 - loadIPPluginJar : add opamp
2024-03-03 21:32:32,666 [INFO] IPUIPlugin:80 - create IPUIPlugin
2024-03-03 21:32:32,666 [INFO] PluginManager:220 - loadIPPluginJar : add openamp
2024-03-03 21:32:32,702 [INFO] IPUIPlugin:80 - create IPUIPlugin
2024-03-03 21:32:32,702 [INFO] PluginManager:220 - loadIPPluginJar : add pdm2pcm
2024-03-03 21:32:32,714 [INFO] IPUIPlugin:80 - create IPUIPlugin
2024-03-03 21:32:32,716 [INFO] PluginManager:220 - loadIPPluginJar : add plateformsettings
2024-03-03 21:32:32,733 [INFO] IPUIPlugin:80 - create IPUIPlugin
2024-03-03 21:32:32,733 [INFO] PluginManager:220 - loadIPPluginJar : add quadspi
2024-03-03 21:32:32,743 [INFO] IPUIPlugin:80 - create IPUIPlugin
2024-03-03 21:32:32,743 [INFO] PluginManager:220 - loadIPPluginJar : add resmgrutility
2024-03-03 21:32:32,781 [INFO] IPUIPlugin:80 - create IPUIPlugin
2024-03-03 21:32:32,781 [INFO] PluginManager:220 - loadIPPluginJar : add sai
2024-03-03 21:32:32,814 [INFO] IPUIPlugin:80 - create IPUIPlugin
2024-03-03 21:32:32,814 [INFO] PluginManager:220 - loadIPPluginJar : add spi
2024-03-03 21:32:32,868 [INFO] IPUIPlugin:80 - create IPUIPlugin
2024-03-03 21:32:32,868 [INFO] PluginManager:220 - loadIPPluginJar : add stm32_wpan
2024-03-03 21:32:32,885 [INFO] IPUIPlugin:80 - create IPUIPlugin
2024-03-03 21:32:32,886 [INFO] PluginManager:220 - loadIPPluginJar : add tim
2024-03-03 21:32:32,930 [INFO] IPUIPlugin:80 - create IPUIPlugin
2024-03-03 21:32:32,930 [INFO] PluginManager:220 - loadIPPluginJar : add touchsensing
2024-03-03 21:32:32,947 [INFO] IPUIPlugin:80 - create IPUIPlugin
2024-03-03 21:32:32,947 [INFO] PluginManager:220 - loadIPPluginJar : add tracer_emb
2024-03-03 21:32:32,965 [INFO] IPUIPlugin:80 - create IPUIPlugin
2024-03-03 21:32:32,965 [INFO] PluginManager:220 - loadIPPluginJar : add ts
2024-03-03 21:32:32,981 [INFO] IPUIPlugin:80 - create IPUIPlugin
2024-03-03 21:32:32,981 [INFO] PluginManager:220 - loadIPPluginJar : add tsc
2024-03-03 21:32:32,998 [INFO] IPUIPlugin:80 - create IPUIPlugin
2024-03-03 21:32:32,998 [INFO] PluginManager:220 - loadIPPluginJar : add ucpd
2024-03-03 21:32:33,032 [INFO] IPUIPlugin:80 - create IPUIPlugin
2024-03-03 21:32:33,032 [INFO] PluginManager:220 - loadIPPluginJar : add usart
2024-03-03 21:32:33,065 [INFO] IPUIPlugin:80 - create IPUIPlugin
2024-03-03 21:32:33,066 [INFO] PluginManager:220 - loadIPPluginJar : add usbx
2024-03-03 21:32:33,190 [INFO] CADModel:165 - CPN selected for project level
2024-03-03 21:32:33,191 [INFO] CADModel:114 - Register for checkConnection events
2024-03-03 21:32:33,191 [FATAL] Updater:308 - Updater called before beeing initialized
2024-03-03 21:32:33,191 [ERROR] CADModel:125 - Updater not yet initialized, retry later 
2024-03-03 21:32:33,337 [INFO] CADModel:165 - CPN selected for project level
2024-03-03 21:32:33,337 [INFO] CADModel:114 - Register for checkConnection events
2024-03-03 21:32:33,337 [FATAL] Updater:308 - Updater called before beeing initialized
2024-03-03 21:32:33,337 [ERROR] CADModel:125 - Updater not yet initialized, retry later 
2024-03-03 21:32:33,340 [FATAL] Updater:308 - Updater called before beeing initialized
2024-03-03 21:32:33,463 [FATAL] Updater:308 - Updater called before beeing initialized
2024-03-03 21:32:33,471 [INFO] DbMcusAds:53 - JSON generation date=Wed Nov 29 17:52:27 ICT 2023 (1701255147349)
2024-03-03 21:32:33,471 [FATAL] Updater:308 - Updater called before beeing initialized
2024-03-03 21:32:33,535 [WARN] DetailPanel:346 - Failed to get advertising image, set to default
2024-03-03 21:32:33,613 [FATAL] Updater:308 - Updater called before beeing initialized
2024-03-03 21:32:33,614 [FATAL] Updater:308 - Updater called before beeing initialized
2024-03-03 21:32:33,615 [FATAL] Updater:308 - Updater called before beeing initialized
2024-03-03 21:32:33,615 [WARN] DetailPanel:346 - Failed to get advertising image, set to default
2024-03-03 21:32:33,615 [FATAL] Updater:308 - Updater called before beeing initialized
2024-03-03 21:32:33,675 [ERROR] Updater:1120 - MainUpdater not yet initialized. External WinMGr cannot be set.
2024-03-03 21:32:33,685 [INFO] Updater:1056 - Updater Version found : 6.10.0
2024-03-03 21:32:33,706 [INFO] ApplicationProperties:184 - Using Application install path: G:\stm32cubeide\stm32cubeide114\STM32CubeIDE_1.14.0\STM32CubeIDE\plugins\com.st.stm32cube.common.mx_6.10.0.202311202037
2024-03-03 21:32:34,158 [INFO] MainUpdater:2873 - connection check result : 10
2024-03-03 21:32:34,158 [INFO] MainUpdater:290 - Updater Check For Update Now.
2024-03-03 21:32:34,159 [INFO] MicroXplorer:498 - Change Database Version : DB.6.0.100
2024-03-03 21:32:34,174 [INFO] McuFinderGlobals:63 - Set McuFinder mode to 2 (CubeIDE integrated)
2024-03-03 21:32:34,214 [WARN] MainUpdater:1194 - Updater busy. Cannot search thirdparties
2024-03-03 21:32:34,215 [INFO] ThirdPartyUpdaterWithRetryManager:96 - Updater plugin is busy. [1/15]
2024-03-03 21:32:34,371 [INFO] CheckServerUpdateThread:120 - End of CheckServer Thread
2024-03-03 21:32:34,646 [INFO] UserAuth:404 - Internet connection configuration mode: 1
2024-03-03 21:32:34,666 [INFO] JxBrowserEngine:152 - Initiate JxBrowser Engine with user profile folder
2024-03-03 21:32:37,216 [INFO] WebApp:161 - Instantiating new browser for Auth
2024-03-03 21:32:37,473 [WARN] PackLoader:240 - Cannot read IP mode file for STMicroelectronics.X-CUBE-SMBUS.2.1.0
2024-03-03 21:32:37,489 [WARN] PackLoader:240 - Cannot read IP mode file for STMicroelectronics.X-CUBE-TOUCHGFX.4.23.0
2024-03-03 21:32:37,535 [WARN] PackLoader:240 - Cannot read IP mode file for STMicroelectronics.X-CUBE-AZRTOS-F7.1.1.0
2024-03-03 21:32:37,556 [WARN] PackLoader:240 - Cannot read IP mode file for STMicroelectronics.FP-SNS-MOTENV1.4.3.2
2024-03-03 21:32:37,573 [WARN] PackLoader:240 - Cannot read IP mode file for STMicroelectronics.FP-SNS-FLIGHT1.5.0.2
2024-03-03 21:32:37,593 [WARN] PackLoader:240 - Cannot read IP mode file for STMicroelectronics.X-CUBE-DISPLAY.3.0.0
2024-03-03 21:32:37,613 [WARN] PackLoader:240 - Cannot read IP mode file for STMicroelectronics.X-CUBE-BLE1.7.0.0
2024-03-03 21:32:37,625 [WARN] PackLoader:240 - Cannot read IP mode file for emotas.I-CUBE-CANOPEN.1.3.0
2024-03-03 21:32:37,636 [WARN] PackLoader:240 - Cannot read IP mode file for STMicroelectronics.X-CUBE-TOUCHGFX.4.22.1
2024-03-03 21:32:37,665 [WARN] PackLoader:240 - Cannot read IP mode file for STMicroelectronics.X-CUBE-BLEMGR.3.1.0
2024-03-03 21:32:37,686 [WARN] PackLoader:240 - Cannot read IP mode file for STMicroelectronics.FP-SNS-SMARTAG2.1.2.0
2024-03-03 21:32:37,724 [INFO] LogOutputStream:77 - [STDOUT_REDIRECT] 1 : Invalid condition id : UX_CORESTACK_Condition cause : null
2024-03-03 21:32:37,725 [INFO] LogOutputStream:77 - [STDOUT_REDIRECT] 1 : Invalid condition id : UX_CORESTACK_Condition cause : null
2024-03-03 21:32:37,727 [INFO] LogOutputStream:77 - [STDOUT_REDIRECT] 1 : Invalid condition id : UX_CORESTACK_Condition cause : null
2024-03-03 21:32:37,730 [INFO] LogOutputStream:77 - [STDOUT_REDIRECT] 1 : Invalid condition id : UX_CORESTACK_Condition cause : null
2024-03-03 21:32:37,732 [INFO] LogOutputStream:77 - [STDOUT_REDIRECT] 1 : Invalid condition id : UX_CORESTACK_Condition cause : null
2024-03-03 21:32:37,740 [WARN] PackLoader:240 - Cannot read IP mode file for STMicroelectronics.X-CUBE-AZRTOS-WL.2.0.0
2024-03-03 21:32:37,798 [WARN] PackLoader:240 - Cannot read IP mode file for WES.I-CUBE-Cesium.1.3.0
2024-03-03 21:32:37,832 [WARN] PackLoader:240 - Cannot read IP mode file for STMicroelectronics.X-CUBE-BLE2.3.3.0
2024-03-03 21:32:37,847 [WARN] PackLoader:240 - Cannot read IP mode file for STMicroelectronics.X-CUBE-ALGOBUILD.1.3.0
2024-03-03 21:32:37,878 [WARN] PackLoader:240 - Cannot read IP mode file for STMicroelectronics.X-CUBE-AZRTOS-G0.1.1.0
2024-03-03 21:32:37,899 [WARN] PackLoader:240 - Cannot read IP mode file for STMicroelectronics.X-CUBE-NFC4.3.0.0
2024-03-03 21:32:37,915 [WARN] PackLoader:240 - Cannot read IP mode file for STMicroelectronics.X-CUBE-BLEMGR.3.0.0
2024-03-03 21:32:37,930 [WARN] PackLoader:240 - Cannot read IP mode file for STMicroelectronics.FP-ATR-SIGFOX1.3.2.0
2024-03-03 21:32:37,944 [WARN] PackLoader:240 - Cannot read IP mode file for STMicroelectronics.X-CUBE-EEPRMA1.5.1.0
2024-03-03 21:32:37,989 [WARN] PackLoader:240 - Cannot read IP mode file for SEGGER.I-CUBE-embOS.1.3.1
2024-03-03 21:32:38,029 [INFO] WebApp:780 - Register for checkConnection events
2024-03-03 21:32:38,030 [INFO] WebApp:414 - Apply proxy settings
2024-03-03 21:32:38,030 [INFO] WebApp:499 - Chromium requires no authentication
2024-03-03 21:32:38,040 [INFO] WebApp:442 - Direct internet connection detected
2024-03-03 21:32:38,043 [WARN] PackLoader:240 - Cannot read IP mode file for STMicroelectronics.X-CUBE-GNSS1.6.0.0
2024-03-03 21:32:38,071 [WARN] PackLoader:240 - Cannot read IP mode file for STMicroelectronics.X-CUBE-AZRTOS-F4.1.1.0
2024-03-03 21:32:38,091 [WARN] PackLoader:240 - Cannot read IP mode file for wolfSSL.I-CUBE-wolfSSL.5.6.3
2024-03-03 21:32:38,120 [WARN] PackLoader:240 - Cannot read IP mode file for STMicroelectronics.X-CUBE-AZRTOS-L5.2.0.0
2024-03-03 21:32:38,181 [WARN] PackLoader:240 - Cannot read IP mode file for STMicroelectronics.X-CUBE-MEMS1.9.6.0
2024-03-03 21:32:38,309 [INFO] WebApp:192 - Starting web application
2024-03-03 21:32:38,309 [INFO] WebApp:544 - Web application path used G:\stm32cubeide\stm32cubeide114\STM32CubeIDE_1.14.0\STM32CubeIDE\plugins\com.st.stm32cube.common.mx_6.10.0.202311202037\db\plugins\mcufinder\reactClient1\index.html
2024-03-03 21:32:38,311 [WARN] PackLoader:240 - Cannot read IP mode file for STMicroelectronics.X-CUBE-EEPRMA1.4.2.0
2024-03-03 21:32:38,331 [WARN] PackLoader:240 - Cannot read IP mode file for ITTIA_DB.I-CUBE-ITTIADB.8.8.0
2024-03-03 21:32:38,358 [WARN] PackLoader:240 - Cannot read IP mode file for STMicroelectronics.X-CUBE-BLEMGR.2.0.0
2024-03-03 21:32:38,410 [WARN] ConditionMgr:438 - getConditionDescription Invalid condition id : UX DEVICE CLASS RTOS Condition cause : null
2024-03-03 21:32:38,411 [WARN] ConditionMgr:438 - getConditionDescription Invalid condition id : UX DEVICE CLASS RTOS Condition cause : null
2024-03-03 21:32:38,414 [WARN] PackLoader:240 - Cannot read IP mode file for STMicroelectronics.X-CUBE-AZRTOS-H7.3.1.0
2024-03-03 21:32:38,416 [WARN] ConditionMgr:1039 - genDependencies : Invalid condition id : UX DEVICE CLASS RTOS Condition cause : null
2024-03-03 21:32:38,416 [WARN] ConditionMgr:1039 - genDependencies : Invalid condition id : UX DEVICE CLASS RTOS Condition cause : null
2024-03-03 21:32:38,417 [WARN] ConditionMgr:1039 - genDependencies : Invalid condition id : UX DEVICE CLASS RTOS Condition cause : null
2024-03-03 21:32:38,417 [WARN] ConditionMgr:1039 - genDependencies : Invalid condition id : UX DEVICE CLASS RTOS Condition cause : null
2024-03-03 21:32:38,417 [WARN] ConditionMgr:1039 - genDependencies : Invalid condition id : UX DEVICE CLASS RTOS Condition cause : null
2024-03-03 21:32:38,440 [WARN] PackLoader:240 - Cannot read IP mode file for STMicroelectronics.X-CUBE-NFC7.1.0.1
2024-03-03 21:32:38,468 [WARN] PackLoader:240 - Cannot read IP mode file for STMicroelectronics.X-CUBE-NFC6.3.0.0
2024-03-03 21:32:38,486 [WARN] PackLoader:240 - Cannot read IP mode file for STMicroelectronics.X-CUBE-EEPRMA1.4.1.0
2024-03-03 21:32:38,502 [WARN] PackLoader:240 - Cannot read IP mode file for STMicroelectronics.X-CUBE-AI.8.1.0
2024-03-03 21:32:38,534 [WARN] ConditionMgr:438 - getConditionDescription Invalid condition id : LAN8742 Phy interface Condition cause : null
2024-03-03 21:32:38,534 [WARN] PackLoader:240 - Cannot read IP mode file for STMicroelectronics.X-CUBE-AZRTOS-L4.2.0.0
2024-03-03 21:32:38,537 [WARN] ConditionMgr:1039 - genDependencies : Invalid condition id : LAN8742 Phy interface Condition cause : null
2024-03-03 21:32:38,538 [WARN] ConditionMgr:1039 - genDependencies : Invalid condition id : LAN8742 Phy interface Condition cause : null
2024-03-03 21:32:38,539 [WARN] ConditionMgr:1039 - genDependencies : Invalid condition id : LAN8742 Phy interface Condition cause : null
2024-03-03 21:32:38,559 [WARN] PackLoader:240 - Cannot read IP mode file for STMicroelectronics.X-CUBE-SFXS2LP1.4.0.0
2024-03-03 21:32:38,580 [WARN] PackLoader:240 - Cannot read IP mode file for STMicroelectronics.X-CUBE-ISPU.1.1.0
2024-03-03 21:32:38,615 [WARN] ConditionMgr:438 - getConditionDescription Invalid condition id : UX DEVICE CLASS RTOS Condition cause : null
2024-03-03 21:32:38,615 [WARN] ConditionMgr:438 - getConditionDescription Invalid condition id : UX DEVICE CLASS RTOS Condition cause : null
2024-03-03 21:32:38,617 [WARN] PackLoader:240 - Cannot read IP mode file for STMicroelectronics.X-CUBE-AZRTOS-WB.2.0.0
2024-03-03 21:32:38,618 [WARN] ConditionMgr:1039 - genDependencies : Invalid condition id : UX DEVICE CLASS RTOS Condition cause : null
2024-03-03 21:32:38,618 [WARN] ConditionMgr:1039 - genDependencies : Invalid condition id : UX DEVICE CLASS RTOS Condition cause : null
2024-03-03 21:32:38,619 [WARN] ConditionMgr:1039 - genDependencies : Invalid condition id : UX DEVICE CLASS RTOS Condition cause : null
2024-03-03 21:32:38,619 [WARN] ConditionMgr:1039 - genDependencies : Invalid condition id : UX DEVICE CLASS RTOS Condition cause : null
2024-03-03 21:32:38,620 [WARN] ConditionMgr:1039 - genDependencies : Invalid condition id : UX DEVICE CLASS RTOS Condition cause : null
2024-03-03 21:32:38,648 [WARN] PackLoader:240 - Cannot read IP mode file for STMicroelectronics.X-CUBE-SUBG2.5.0.0
2024-03-03 21:32:38,688 [WARN] PackLoader:240 - Cannot read IP mode file for STMicroelectronics.X-CUBE-TOF1.3.3.1
2024-03-03 21:32:38,736 [WARN] PackLoader:240 - Cannot read IP mode file for STMicroelectronics.X-CUBE-AZRTOS-G4.2.0.0
2024-03-03 21:32:38,763 [WARN] PackLoader:240 - Cannot read IP mode file for Infineon.AIROC-Wi-Fi-Bluetooth-STM32.1.5.1
2024-03-03 21:32:38,779 [WARN] PackLoader:240 - Cannot read IP mode file for STMicroelectronics.FP-SNS-MOTENVWB1.1.3.0
2024-03-03 21:32:38,794 [WARN] PackLoader:240 - Cannot read IP mode file for STMicroelectronics.FP-SNS-MOTENVWB1.1.3.1
2024-03-03 21:32:38,808 [WARN] PackLoader:240 - Cannot read IP mode file for STMicroelectronics.X-CUBE-ISPU.2.0.0
2024-03-03 21:32:38,875 [WARN] PackLoader:240 - Cannot read IP mode file for STMicroelectronics.X-CUBE-MEMS1.10.0.0
2024-03-03 21:32:38,996 [WARN] PackLoader:240 - Cannot read IP mode file for STMicroelectronics.X-CUBE-FREERTOS.1.1.0
2024-03-03 21:32:39,012 [WARN] PackLoader:240 - Cannot read IP mode file for portGmbH.I-Cube-SoM-uGOAL.1.1.0
2024-03-03 21:32:39,027 [WARN] PackLoader:240 - Cannot read IP mode file for STMicroelectronics.X-CUBE-ALS.1.0.1
2024-03-03 21:32:39,041 [WARN] PackLoader:240 - Cannot read IP mode file for STMicroelectronics.FP-ATR-ASTRA1.2.0.0
2024-03-03 21:32:39,061 [WARN] PackLoader:240 - Cannot read IP mode file for STMicroelectronics.X-CUBE-TOF1.3.4.0
2024-03-03 21:32:39,104 [WARN] PackLoader:240 - Cannot read IP mode file for STMicroelectronics.X-CUBE-AZRTOS-H7.3.2.0
2024-03-03 21:32:39,108 [INFO] ThirdParty:978 - Integrity check success = true
2024-03-03 21:32:39,108 [INFO] IntegrityCheckThread:100 - exiting critical section [integrity check]
2024-03-03 21:32:39,108 [INFO] IntegrityCheckThread:103 - End integrity checks thread
2024-03-03 21:32:59,344 [ERROR] LogOutputStream:75 - [STDERR_REDIRECT] SLF4J: Failed to load class "org.slf4j.impl.StaticLoggerBinder".
2024-03-03 21:32:59,344 [ERROR] LogOutputStream:75 - [STDERR_REDIRECT] SLF4J: Defaulting to no-operation (NOP) logger implementation
2024-03-03 21:32:59,345 [ERROR] LogOutputStream:75 - [STDERR_REDIRECT] SLF4J: See http://www.slf4j.org/codes.html#StaticLoggerBinder for further details.
2024-03-03 21:34:50,706 [ERROR] LogOutputStream:75 - [STDERR_REDIRECT] 
